2013-08-12 22:01:47 lv3:RoleID:[20] MoneyChanged:[100000] MoneyTotal:[10293659] StorageMoney:[0] Reason:[Script] Attach:[Script\Item\ITEM-59323.s]
2013-08-12 22:02:14 lv3:RoleID:[20] MoneyChanged:[100000] MoneyTotal:[10393659] StorageMoney:[0] Reason:[Script] Attach:[Script\Item\ITEM-59323.s]
2013-08-12 22:02:14 lv3:RoleID:[20] MoneyChanged:[100000] MoneyTotal:[10493659] StorageMoney:[0] Reason:[Script] Attach:[Script\Item\ITEM-59323.s]
2013-08-12 22:02:15 lv3:RoleID:[20] MoneyChanged:[100000] MoneyTotal:[10593659] StorageMoney:[0] Reason:[Script] Attach:[Script\Item\ITEM-59323.s]
2013-08-12 22:02:15 lv3:RoleID:[20] MoneyChanged:[100000] MoneyTotal:[10693659] StorageMoney:[0] Reason:[Script] Attach:[Script\Item\ITEM-59323.s]
2013-08-12 22:02:15 lv3:RoleID:[20] MoneyChanged:[100000] MoneyTotal:[10793659] StorageMoney:[0] Reason:[Script] Attach:[Script\Item\ITEM-59323.s]
2013-08-12 22:02:15 lv3:RoleID:[20] MoneyChanged:[100000] MoneyTotal:[10893659] StorageMoney:[0] Reason:[Script] Attach:[Script\Item\ITEM-59323.s]
2013-08-12 22:02:16 lv3:RoleID:[20] MoneyChanged:[100000] MoneyTotal:[10993659] StorageMoney:[0] Reason:[Script] Attach:[Script\Item\ITEM-59323.s]
2013-08-12 22:02:16 lv3:RoleID:[20] MoneyChanged:[100000] MoneyTotal:[11093659] StorageMoney:[0] Reason:[Script] Attach:[Script\Item\ITEM-59323.s]
2013-08-12 22:02:16 lv3:RoleID:[20] MoneyChanged:[100000] MoneyTotal:[11193659] StorageMoney:[0] Reason:[Script] Attach:[Script\Item\ITEM-59323.s]
2013-08-12 22:02:16 lv3:RoleID:[20] MoneyChanged:[100000] MoneyTotal:[11293659] StorageMoney:[0] Reason:[Script] Attach:[Script\Item\ITEM-59323.s]
2013-08-12 22:02:17 lv3:RoleID:[20] MoneyChanged:[100000] MoneyTotal:[11393659] StorageMoney:[0] Reason:[Script] Attach:[Script\Item\ITEM-59323.s]
2013-08-12 22:02:17 lv3:RoleID:[20] MoneyChanged:[100000] MoneyTotal:[11493659] StorageMoney:[0] Reason:[Script] Attach:[Script\Item\ITEM-59323.s]
2013-08-12 22:02:17 lv3:RoleID:[20] MoneyChanged:[100000] MoneyTotal:[11593659] StorageMoney:[0] Reason:[Script] Attach:[Script\Item\ITEM-59323.s]
2013-08-12 22:02:17 lv3:RoleID:[20] MoneyChanged:[100000] MoneyTotal:[11693659] StorageMoney:[0] Reason:[Script] Attach:[Script\Item\ITEM-59323.s]
2013-08-12 22:02:17 lv3:RoleID:[20] MoneyChanged:[100000] MoneyTotal:[11793659] StorageMoney:[0] Reason:[Script] Attach:[Script\Item\ITEM-59323.s]
2013-08-12 22:02:17 lv3:RoleID:[20] MoneyChanged:[100000] MoneyTotal:[11893659] StorageMoney:[0] Reason:[Script] Attach:[Script\Item\ITEM-59323.s]
2013-08-12 22:02:18 lv3:RoleID:[20] MoneyChanged:[100000] MoneyTotal:[11993659] StorageMoney:[0] Reason:[Script] Attach:[Script\Item\ITEM-59323.s]
2013-08-12 22:02:18 lv3:RoleID:[20] MoneyChanged:[100000] MoneyTotal:[12093659] StorageMoney:[0] Reason:[Script] Attach:[Script\Item\ITEM-59323.s]
2013-08-12 22:02:18 lv3:RoleID:[20] MoneyChanged:[100000] MoneyTotal:[12193659] StorageMoney:[0] Reason:[Script] Attach:[Script\Item\ITEM-59323.s]
2013-08-12 22:02:18 lv3:RoleID:[20] MoneyChanged:[100000] MoneyTotal:[12293659] StorageMoney:[0] Reason:[Script] Attach:[Script\Item\ITEM-59323.s]
2013-08-12 22:02:18 lv3:RoleID:[20] MoneyChanged:[100000] MoneyTotal:[12393659] StorageMoney:[0] Reason:[Script] Attach:[Script\Item\ITEM-59323.s]
2013-08-12 22:02:19 lv3:RoleID:[20] MoneyChanged:[100000] MoneyTotal:[12493659] StorageMoney:[0] Reason:[Script] Attach:[Script\Item\ITEM-59323.s]
2013-08-12 22:02:19 lv3:RoleID:[20] MoneyChanged:[100000] MoneyTotal:[12593659] StorageMoney:[0] Reason:[Script] Attach:[Script\Item\ITEM-59323.s]
2013-08-12 22:02:19 lv3:RoleID:[20] MoneyChanged:[100000] MoneyTotal:[12693659] StorageMoney:[0] Reason:[Script] Attach:[Script\Item\ITEM-59323.s]
2013-08-12 22:02:19 lv3:RoleID:[20] MoneyChanged:[100000] MoneyTotal:[12793659] StorageMoney:[0] Reason:[Script] Attach:[Script\Item\ITEM-59323.s]
2013-08-12 22:02:19 lv3:RoleID:[20] MoneyChanged:[100000] MoneyTotal:[12893659] StorageMoney:[0] Reason:[Script] Attach:[Script\Item\ITEM-59323.s]
2013-08-12 22:02:19 lv3:RoleID:[20] MoneyChanged:[100000] MoneyTotal:[12993659] StorageMoney:[0] Reason:[Script] Attach:[Script\Item\ITEM-59323.s]
2013-08-12 22:02:19 lv3:RoleID:[20] MoneyChanged:[100000] MoneyTotal:[13093659] StorageMoney:[0] Reason:[Script] Attach:[Script\Item\ITEM-59323.s]
2013-08-12 22:02:20 lv3:RoleID:[20] MoneyChanged:[100000] MoneyTotal:[13193659] StorageMoney:[0] Reason:[Script] Attach:[Script\Item\ITEM-59323.s]
2013-08-12 22:02:20 lv3:RoleID:[20] MoneyChanged:[100000] MoneyTotal:[13293659] StorageMoney:[0] Reason:[Script] Attach:[Script\Item\ITEM-59323.s]
2013-08-12 22:02:20 lv3:RoleID:[20] MoneyChanged:[100000] MoneyTotal:[13393659] StorageMoney:[0] Reason:[Script] Attach:[Script\Item\ITEM-59323.s]
2013-08-12 22:02:20 lv3:RoleID:[20] MoneyChanged:[100000] MoneyTotal:[13493659] StorageMoney:[0] Reason:[Script] Attach:[Script\Item\ITEM-59323.s]
2013-08-12 22:02:20 lv3:RoleID:[20] MoneyChanged:[100000] MoneyTotal:[13593659] StorageMoney:[0] Reason:[Script] Attach:[Script\Item\ITEM-59323.s]
2013-08-12 22:02:20 lv3:RoleID:[20] MoneyChanged:[100000] MoneyTotal:[13693659] StorageMoney:[0] Reason:[Script] Attach:[Script\Item\ITEM-59323.s]
2013-08-12 22:02:20 lv3:RoleID:[20] MoneyChanged:[100000] MoneyTotal:[13793659] StorageMoney:[0] Reason:[Script] Attach:[Script\Item\ITEM-59323.s]
2013-08-12 22:02:21 lv3:RoleID:[20] MoneyChanged:[100000] MoneyTotal:[13893659] StorageMoney:[0] Reason:[Script] Attach:[Script\Item\ITEM-59323.s]
2013-08-12 22:02:21 lv3:RoleID:[20] MoneyChanged:[100000] MoneyTotal:[13993659] StorageMoney:[0] Reason:[Script] Attach:[Script\Item\ITEM-59323.s]
2013-08-12 22:02:21 lv3:RoleID:[20] MoneyChanged:[100000] MoneyTotal:[14093659] StorageMoney:[0] Reason:[Script] Attach:[Script\Item\ITEM-59323.s]
2013-08-12 22:02:21 lv3:RoleID:[20] MoneyChanged:[100000] MoneyTotal:[14193659] StorageMoney:[0] Reason:[Script] Attach:[Script\Item\ITEM-59323.s]
2013-08-12 22:02:21 lv3:RoleID:[20] MoneyChanged:[100000] MoneyTotal:[14293659] StorageMoney:[0] Reason:[Script] Attach:[Script\Item\ITEM-59323.s]
2013-08-12 22:02:21 lv3:RoleID:[20] MoneyChanged:[100000] MoneyTotal:[14393659] StorageMoney:[0] Reason:[Script] Attach:[Script\Item\ITEM-59323.s]
2013-08-12 22:02:22 lv3:RoleID:[20] MoneyChanged:[100000] MoneyTotal:[14493659] StorageMoney:[0] Reason:[Script] Attach:[Script\Item\ITEM-59323.s]
2013-08-12 22:02:22 lv3:RoleID:[20] MoneyChanged:[100000] MoneyTotal:[14593659] StorageMoney:[0] Reason:[Script] Attach:[Script\Item\ITEM-59323.s]
2013-08-12 22:02:22 lv3:RoleID:[20] MoneyChanged:[100000] MoneyTotal:[14693659] StorageMoney:[0] Reason:[Script] Attach:[Script\Item\ITEM-59323.s]
2013-08-12 22:02:22 lv3:RoleID:[20] MoneyChanged:[100000] MoneyTotal:[14793659] StorageMoney:[0] Reason:[Script] Attach:[Script\Item\ITEM-59323.s]
2013-08-12 22:02:22 lv3:RoleID:[20] MoneyChanged:[100000] MoneyTotal:[14893659] StorageMoney:[0] Reason:[Script] Attach:[Script\Item\ITEM-59323.s]
2013-08-12 22:02:22 lv3:RoleID:[20] MoneyChanged:[100000] MoneyTotal:[14993659] StorageMoney:[0] Reason:[Script] Attach:[Script\Item\ITEM-59323.s]
2013-08-12 22:02:23 lv3:RoleID:[20] MoneyChanged:[100000] MoneyTotal:[15093659] StorageMoney:[0] Reason:[Script] Attach:[Script\Item\ITEM-59323.s]
2013-08-12 22:02:23 lv3:RoleID:[20] MoneyChanged:[100000] MoneyTotal:[15193659] StorageMoney:[0] Reason:[Script] Attach:[Script\Item\ITEM-59323.s]
2013-08-12 22:02:23 lv3:RoleID:[20] MoneyChanged:[100000] MoneyTotal:[15293659] StorageMoney:[0] Reason:[Script] Attach:[Script\Item\ITEM-59323.s]
2013-08-12 22:02:23 lv3:RoleID:[20] MoneyChanged:[100000] MoneyTotal:[15393659] StorageMoney:[0] Reason:[Script] Attach:[Script\Item\ITEM-59323.s]
2013-08-12 22:02:23 lv3:RoleID:[20] MoneyChanged:[100000] MoneyTotal:[15493659] StorageMoney:[0] Reason:[Script] Attach:[Script\Item\ITEM-59323.s]
2013-08-12 22:02:23 lv3:RoleID:[20] MoneyChanged:[100000] MoneyTotal:[15593659] StorageMoney:[0] Reason:[Script] Attach:[Script\Item\ITEM-59323.s]
2013-08-12 22:02:24 lv3:RoleID:[20] MoneyChanged:[100000] MoneyTotal:[15693659] StorageMoney:[0] Reason:[Script] Attach:[Script\Item\ITEM-59323.s]
2013-08-12 22:02:24 lv3:RoleID:[20] MoneyChanged:[100000] MoneyTotal:[15793659] StorageMoney:[0] Reason:[Script] Attach:[Script\Item\ITEM-59323.s]
2013-08-12 22:02:24 lv3:RoleID:[20] MoneyChanged:[100000] MoneyTotal:[15893659] StorageMoney:[0] Reason:[Script] Attach:[Script\Item\ITEM-59323.s]
2013-08-12 22:02:24 lv3:RoleID:[20] MoneyChanged:[100000] MoneyTotal:[15993659] StorageMoney:[0] Reason:[Script] Attach:[Script\Item\ITEM-59323.s]
2013-08-12 22:02:24 lv3:RoleID:[20] MoneyChanged:[100000] MoneyTotal:[16093659] StorageMoney:[0] Reason:[Script] Attach:[Script\Item\ITEM-59323.s]
2013-08-12 22:02:24 lv3:RoleID:[20] MoneyChanged:[100000] MoneyTotal:[16193659] StorageMoney:[0] Reason:[Script] Attach:[Script\Item\ITEM-59323.s]
2013-08-12 22:02:24 lv3:RoleID:[20] MoneyChanged:[100000] MoneyTotal:[16293659] StorageMoney:[0] Reason:[Script] Attach:[Script\Item\ITEM-59323.s]
2013-08-12 22:02:25 lv3:RoleID:[20] MoneyChanged:[100000] MoneyTotal:[16393659] StorageMoney:[0] Reason:[Script] Attach:[Script\Item\ITEM-59323.s]
2013-08-12 22:02:25 lv3:RoleID:[20] MoneyChanged:[100000] MoneyTotal:[16493659] StorageMoney:[0] Reason:[Script] Attach:[Script\Item\ITEM-59323.s]
2013-08-12 22:02:25 lv3:RoleID:[20] MoneyChanged:[100000] MoneyTotal:[16593659] StorageMoney:[0] Reason:[Script] Attach:[Script\Item\ITEM-59323.s]
2013-08-12 22:02:25 lv3:RoleID:[20] MoneyChanged:[100000] MoneyTotal:[16693659] StorageMoney:[0] Reason:[Script] Attach:[Script\Item\ITEM-59323.s]
2013-08-12 22:02:25 lv3:RoleID:[20] MoneyChanged:[100000] MoneyTotal:[16793659] StorageMoney:[0] Reason:[Script] Attach:[Script\Item\ITEM-59323.s]
2013-08-12 22:02:25 lv3:RoleID:[20] MoneyChanged:[100000] MoneyTotal:[16893659] StorageMoney:[0] Reason:[Script] Attach:[Script\Item\ITEM-59323.s]
2013-08-12 22:02:26 lv3:RoleID:[20] MoneyChanged:[100000] MoneyTotal:[16993659] StorageMoney:[0] Reason:[Script] Attach:[Script\Item\ITEM-59323.s]
2013-08-12 22:02:26 lv3:RoleID:[20] MoneyChanged:[100000] MoneyTotal:[17093659] StorageMoney:[0] Reason:[Script] Attach:[Script\Item\ITEM-59323.s]
2013-08-12 22:02:26 lv3:RoleID:[20] MoneyChanged:[100000] MoneyTotal:[17193659] StorageMoney:[0] Reason:[Script] Attach:[Script\Item\ITEM-59323.s]
2013-08-12 22:02:26 lv3:RoleID:[20] MoneyChanged:[100000] MoneyTotal:[17293659] StorageMoney:[0] Reason:[Script] Attach:[Script\Item\ITEM-59323.s]
2013-08-12 22:02:26 lv3:RoleID:[20] MoneyChanged:[100000] MoneyTotal:[17393659] StorageMoney:[0] Reason:[Script] Attach:[Script\Item\ITEM-59323.s]
2013-08-12 22:02:26 lv3:RoleID:[20] MoneyChanged:[100000] MoneyTotal:[17493659] StorageMoney:[0] Reason:[Script] Attach:[Script\Item\ITEM-59323.s]
2013-08-12 22:02:27 lv3:RoleID:[20] MoneyChanged:[100000] MoneyTotal:[17593659] StorageMoney:[0] Reason:[Script] Attach:[Script\Item\ITEM-59323.s]
2013-08-12 22:02:27 lv3:RoleID:[20] MoneyChanged:[100000] MoneyTotal:[17693659] StorageMoney:[0] Reason:[Script] Attach:[Script\Item\ITEM-59323.s]
2013-08-12 22:02:27 lv3:RoleID:[20] MoneyChanged:[100000] MoneyTotal:[17793659] StorageMoney:[0] Reason:[Script] Attach:[Script\Item\ITEM-59323.s]
2013-08-12 22:02:27 lv3:RoleID:[20] MoneyChanged:[100000] MoneyTotal:[17893659] StorageMoney:[0] Reason:[Script] Attach:[Script\Item\ITEM-59323.s]
2013-08-12 22:02:27 lv3:RoleID:[20] MoneyChanged:[100000] MoneyTotal:[17993659] StorageMoney:[0] Reason:[Script] Attach:[Script\Item\ITEM-59323.s]
2013-08-12 22:02:27 lv3:RoleID:[20] MoneyChanged:[100000] MoneyTotal:[18093659] StorageMoney:[0] Reason:[Script] Attach:[Script\Item\ITEM-59323.s]
2013-08-12 22:02:28 lv3:RoleID:[20] MoneyChanged:[100000] MoneyTotal:[18193659] StorageMoney:[0] Reason:[Script] Attach:[Script\Item\ITEM-59323.s]
2013-08-12 22:02:28 lv3:RoleID:[20] MoneyChanged:[100000] MoneyTotal:[18293659] StorageMoney:[0] Reason:[Script] Attach:[Script\Item\ITEM-59323.s]
2013-08-12 22:02:28 lv3:RoleID:[20] MoneyChanged:[100000] MoneyTotal:[18393659] StorageMoney:[0] Reason:[Script] Attach:[Script\Item\ITEM-59323.s]
2013-08-12 22:02:28 lv3:RoleID:[20] MoneyChanged:[100000] MoneyTotal:[18493659] StorageMoney:[0] Reason:[Script] Attach:[Script\Item\ITEM-59323.s]
2013-08-12 22:02:28 lv3:RoleID:[20] MoneyChanged:[100000] MoneyTotal:[18593659] StorageMoney:[0] Reason:[Script] Attach:[Script\Item\ITEM-59323.s]
2013-08-12 22:02:28 lv3:RoleID:[20] MoneyChanged:[100000] MoneyTotal:[18693659] StorageMoney:[0] Reason:[Script] Attach:[Script\Item\ITEM-59323.s]
2013-08-12 22:02:28 lv3:RoleID:[20] MoneyChanged:[100000] MoneyTotal:[18793659] StorageMoney:[0] Reason:[Script] Attach:[Script\Item\ITEM-59323.s]
2013-08-12 22:02:29 lv3:RoleID:[20] MoneyChanged:[100000] MoneyTotal:[18893659] StorageMoney:[0] Reason:[Script] Attach:[Script\Item\ITEM-59323.s]
2013-08-12 22:02:29 lv3:RoleID:[20] MoneyChanged:[100000] MoneyTotal:[18993659] StorageMoney:[0] Reason:[Script] Attach:[Script\Item\ITEM-59323.s]
2013-08-12 22:02:29 lv3:RoleID:[20] MoneyChanged:[100000] MoneyTotal:[19093659] StorageMoney:[0] Reason:[Script] Attach:[Script\Item\ITEM-59323.s]
2013-08-12 22:02:29 lv3:RoleID:[20] MoneyChanged:[100000] MoneyTotal:[19193659] StorageMoney:[0] Reason:[Script] Attach:[Script\Item\ITEM-59323.s]
2013-08-12 22:02:29 lv3:RoleID:[20] MoneyChanged:[100000] MoneyTotal:[19293659] StorageMoney:[0] Reason:[Script] Attach:[Script\Item\ITEM-59323.s]
2013-08-12 22:02:29 lv3:RoleID:[20] MoneyChanged:[100000] MoneyTotal:[19393659] StorageMoney:[0] Reason:[Script] Attach:[Script\Item\ITEM-59323.s]
2013-08-12 22:02:30 lv3:RoleID:[20] MoneyChanged:[100000] MoneyTotal:[19493659] StorageMoney:[0] Reason:[Script] Attach:[Script\Item\ITEM-59323.s]
2013-08-12 22:02:30 lv3:RoleID:[20] MoneyChanged:[100000] MoneyTotal:[19593659] StorageMoney:[0] Reason:[Script] Attach:[Script\Item\ITEM-59323.s]
2013-08-12 22:02:30 lv3:RoleID:[20] MoneyChanged:[100000] MoneyTotal:[19693659] StorageMoney:[0] Reason:[Script] Attach:[Script\Item\ITEM-59323.s]
2013-08-12 22:02:30 lv3:RoleID:[20] MoneyChanged:[100000] MoneyTotal:[19793659] StorageMoney:[0] Reason:[Script] Attach:[Script\Item\ITEM-59323.s]
2013-08-12 22:02:30 lv3:RoleID:[20] MoneyChanged:[100000] MoneyTotal:[19893659] StorageMoney:[0] Reason:[Script] Attach:[Script\Item\ITEM-59323.s]
2013-08-12 22:02:30 lv3:RoleID:[20] MoneyChanged:[100000] MoneyTotal:[19993659] StorageMoney:[0] Reason:[Script] Attach:[Script\Item\ITEM-59323.s]
2013-08-12 22:02:31 lv3:RoleID:[20] MoneyChanged:[100000] MoneyTotal:[20093659] StorageMoney:[0] Reason:[Script] Attach:[Script\Item\ITEM-59323.s]
2013-08-12 22:02:31 lv3:RoleID:[20] MoneyChanged:[100000] MoneyTotal:[20193659] StorageMoney:[0] Reason:[Script] Attach:[Script\Item\ITEM-59323.s]
2013-08-12 22:02:31 lv3:RoleID:[20] MoneyChanged:[100000] MoneyTotal:[20293659] StorageMoney:[0] Reason:[Script] Attach:[Script\Item\ITEM-59323.s]
2013-08-12 22:02:31 lv3:RoleID:[20] MoneyChanged:[100000] MoneyTotal:[20393659] StorageMoney:[0] Reason:[Script] Attach:[Script\Item\ITEM-59323.s]
2013-08-12 22:02:31 lv3:RoleID:[20] MoneyChanged:[100000] MoneyTotal:[20493659] StorageMoney:[0] Reason:[Script] Attach:[Script\Item\ITEM-59323.s]
2013-08-12 22:02:31 lv3:RoleID:[20] MoneyChanged:[100000] MoneyTotal:[20593659] StorageMoney:[0] Reason:[Script] Attach:[Script\Item\ITEM-59323.s]
2013-08-12 22:02:32 lv3:RoleID:[20] MoneyChanged:[100000] MoneyTotal:[20693659] StorageMoney:[0] Reason:[Script] Attach:[Script\Item\ITEM-59323.s]
2013-08-12 22:02:32 lv3:RoleID:[20] MoneyChanged:[100000] MoneyTotal:[20793659] StorageMoney:[0] Reason:[Script] Attach:[Script\Item\ITEM-59323.s]
2013-08-12 22:02:32 lv3:RoleID:[20] MoneyChanged:[100000] MoneyTotal:[20893659] StorageMoney:[0] Reason:[Script] Attach:[Script\Item\ITEM-59323.s]
2013-08-12 22:02:32 lv3:RoleID:[20] MoneyChanged:[100000] MoneyTotal:[20993659] StorageMoney:[0] Reason:[Script] Attach:[Script\Item\ITEM-59323.s]
2013-08-12 22:02:32 lv3:RoleID:[20] MoneyChanged:[100000] MoneyTotal:[21093659] StorageMoney:[0] Reason:[Script] Attach:[Script\Item\ITEM-59323.s]
2013-08-12 22:02:32 lv3:RoleID:[20] MoneyChanged:[100000] MoneyTotal:[21193659] StorageMoney:[0] Reason:[Script] Attach:[Script\Item\ITEM-59323.s]
2013-08-12 22:02:32 lv3:RoleID:[20] MoneyChanged:[100000] MoneyTotal:[21293659] StorageMoney:[0] Reason:[Script] Attach:[Script\Item\ITEM-59323.s]
2013-08-12 22:02:47 lv3:RoleID:[20] MoneyChanged:[100000] MoneyTotal:[21393659] StorageMoney:[0] Reason:[Script] Attach:[Script\Item\ITEM-59323.s]
2013-08-12 22:02:47 lv3:RoleID:[20] MoneyChanged:[100000] MoneyTotal:[21493659] StorageMoney:[0] Reason:[Script] Attach:[Script\Item\ITEM-59323.s]
2013-08-12 22:04:51 lv3:RoleID:[20] MoneyChanged:[-671] MoneyTotal:[21492988] StorageMoney:[0] Reason:[Script] Attach:[Script\Npc\NPC-jianghuyouyi.s]
2013-08-12 22:05:05 lv3:RoleID:[20] MoneyChanged:[-220] MoneyTotal:[21492768] StorageMoney:[0] Reason:[Script] Attach:[Script\Npc\NPC-jianghuyouyi-2.s]
2013-08-12 22:05:10 lv3:RoleID:[20] MoneyChanged:[-700] MoneyTotal:[21492068] StorageMoney:[0] Reason:[Carry] Attach:[]
2013-08-12 22:05:21 lv3:RoleID:[20] MoneyChanged:[-426] MoneyTotal:[21491642] StorageMoney:[0] Reason:[EquipRepair] Attach:[]
2013-08-12 22:05:21 lv3:RoleID:[20] MoneyChanged:[-211] MoneyTotal:[21491431] StorageMoney:[0] Reason:[EquipRepair] Attach:[]
2013-08-12 22:05:21 lv3:RoleID:[20] MoneyChanged:[-427] MoneyTotal:[21491004] StorageMoney:[0] Reason:[EquipRepair] Attach:[]
2013-08-12 22:05:21 lv3:RoleID:[20] MoneyChanged:[-184] MoneyTotal:[21490820] StorageMoney:[0] Reason:[EquipRepair] Attach:[]
2013-08-12 22:05:21 lv3:RoleID:[20] MoneyChanged:[-550] MoneyTotal:[21490270] StorageMoney:[0] Reason:[EquipRepair] Attach:[]
2013-08-12 22:05:21 lv3:RoleID:[20] MoneyChanged:[-488] MoneyTotal:[21489782] StorageMoney:[0] Reason:[EquipRepair] Attach:[]
2013-08-12 22:05:21 lv3:RoleID:[20] MoneyChanged:[-58] MoneyTotal:[21489724] StorageMoney:[0] Reason:[EquipRepair] Attach:[]
2013-08-12 22:05:21 lv3:RoleID:[20] MoneyChanged:[-184] MoneyTotal:[21489540] StorageMoney:[0] Reason:[EquipRepair] Attach:[]
2013-08-12 22:06:54 lv3:RoleID:[20] MoneyChanged:[100000] MoneyTotal:[21589540] StorageMoney:[0] Reason:[Script] Attach:[Script\Item\ITEM-59323.s]
2013-08-12 22:06:54 lv3:RoleID:[20] MoneyChanged:[100000] MoneyTotal:[21689540] StorageMoney:[0] Reason:[Script] Attach:[Script\Item\ITEM-59323.s]
2013-08-12 22:08:06 lv3:RoleID:[20] MoneyChanged:[100000] MoneyTotal:[21789540] StorageMoney:[0] Reason:[Script] Attach:[Script\Item\ITEM-59323.s]
2013-08-12 22:08:06 lv3:RoleID:[20] MoneyChanged:[100000] MoneyTotal:[21889540] StorageMoney:[0] Reason:[Script] Attach:[Script\Item\ITEM-59323.s]
2013-08-12 22:08:06 lv3:RoleID:[20] MoneyChanged:[100000] MoneyTotal:[21989540] StorageMoney:[0] Reason:[Script] Attach:[Script\Item\ITEM-59323.s]
2013-08-12 22:08:07 lv3:RoleID:[20] MoneyChanged:[100000] MoneyTotal:[22089540] StorageMoney:[0] Reason:[Script] Attach:[Script\Item\ITEM-59323.s]
2013-08-12 22:09:01 lv3:RoleID:[20] MoneyChanged:[-700] MoneyTotal:[22088840] StorageMoney:[0] Reason:[Carry] Attach:[]
2013-08-12 22:09:09 lv3:RoleID:[20] MoneyChanged:[100000] MoneyTotal:[22188840] StorageMoney:[0] Reason:[Script] Attach:[Script\Item\ITEM-59323.s]
2013-08-12 22:09:10 lv3:RoleID:[20] MoneyChanged:[100000] MoneyTotal:[22288840] StorageMoney:[0] Reason:[Script] Attach:[Script\Item\ITEM-59323.s]
2013-08-12 22:09:16 lv3:RoleID:[20] MoneyChanged:[7] MoneyTotal:[22288847] StorageMoney:[0] Reason:[NpcSell] Attach:[]
2013-08-12 22:09:16 lv3:RoleID:[20] MoneyChanged:[3] MoneyTotal:[22288850] StorageMoney:[0] Reason:[NpcSell] Attach:[]
2013-08-12 22:09:17 lv3:RoleID:[20] MoneyChanged:[1] MoneyTotal:[22288851] StorageMoney:[0] Reason:[NpcSell] Attach:[]
2013-08-12 22:09:17 lv3:RoleID:[20] MoneyChanged:[13500] MoneyTotal:[22302351] StorageMoney:[0] Reason:[NpcSell] Attach:[]
2013-08-12 22:09:17 lv3:RoleID:[20] MoneyChanged:[21] MoneyTotal:[22302372] StorageMoney:[0] Reason:[NpcSell] Attach:[]
2013-08-12 22:09:22 lv3:RoleID:[20] MoneyChanged:[52] MoneyTotal:[22302424] StorageMoney:[0] Reason:[NpcSell] Attach:[]
2013-08-12 22:09:24 lv3:RoleID:[20] MoneyChanged:[73] MoneyTotal:[22302497] StorageMoney:[0] Reason:[NpcSell] Attach:[]
2013-08-12 22:09:25 lv3:RoleID:[20] MoneyChanged:[44] MoneyTotal:[22302541] StorageMoney:[0] Reason:[NpcSell] Attach:[]
2013-08-12 22:09:30 lv3:RoleID:[20] MoneyChanged:[872] MoneyTotal:[22303413] StorageMoney:[0] Reason:[NpcSell] Attach:[]
2013-08-12 22:09:30 lv3:RoleID:[20] MoneyChanged:[7590] MoneyTotal:[22311003] StorageMoney:[0] Reason:[NpcSell] Attach:[]
2013-08-12 22:09:31 lv3:RoleID:[20] MoneyChanged:[190] MoneyTotal:[22311193] StorageMoney:[0] Reason:[NpcSell] Attach:[]
2013-08-12 22:09:35 lv3:RoleID:[20] MoneyChanged:[1] MoneyTotal:[22311194] StorageMoney:[0] Reason:[NpcSell] Attach:[]
2013-08-12 22:09:36 lv3:RoleID:[20] MoneyChanged:[17] MoneyTotal:[22311211] StorageMoney:[0] Reason:[NpcSell] Attach:[]
2013-08-12 22:09:36 lv3:RoleID:[20] MoneyChanged:[20] MoneyTotal:[22311231] StorageMoney:[0] Reason:[NpcSell] Attach:[]
2013-08-12 22:09:41 lv3:RoleID:[20] MoneyChanged:[-20] MoneyTotal:[22311211] StorageMoney:[0] Reason:[CancelConsignBuy] Attach:[]
2013-08-12 22:09:41 lv3:RoleID:[20] MoneyChanged:[9] MoneyTotal:[22311220] StorageMoney:[0] Reason:[NpcSell] Attach:[]
2013-08-12 22:09:42 lv3:RoleID:[20] MoneyChanged:[2] MoneyTotal:[22311222] StorageMoney:[0] Reason:[NpcSell] Attach:[]
2013-08-12 22:09:42 lv3:RoleID:[20] MoneyChanged:[10] MoneyTotal:[22311232] StorageMoney:[0] Reason:[NpcSell] Attach:[]
2013-08-12 22:09:45 lv3:RoleID:[20] MoneyChanged:[63] MoneyTotal:[22311295] StorageMoney:[0] Reason:[NpcSell] Attach:[]
2013-08-12 22:14:37 lv3:RoleID:[20] MoneyChanged:[-7500] MoneyTotal:[22303795] StorageMoney:[0] Reason:[Equip] Attach:[]
2013-08-12 22:15:50 lv3:RoleID:[20] MoneyChanged:[-140] MoneyTotal:[22303655] StorageMoney:[0] Reason:[EquipBoost] Attach:[]
2013-08-12 22:15:51 lv3:RoleID:[20] MoneyChanged:[-181] MoneyTotal:[22303474] StorageMoney:[0] Reason:[EquipBoost] Attach:[]
2013-08-12 22:15:51 lv3:RoleID:[20] MoneyChanged:[-236] MoneyTotal:[22303238] StorageMoney:[0] Reason:[EquipBoost] Attach:[]
2013-08-12 22:15:51 lv3:RoleID:[20] MoneyChanged:[-307] MoneyTotal:[22302931] StorageMoney:[0] Reason:[EquipBoost] Attach:[]
2013-08-12 22:17:30 lv3:RoleID:[20] MoneyChanged:[-6000] MoneyTotal:[22296931] StorageMoney:[0] Reason:[Equip] Attach:[]
2013-08-12 22:17:53 lv3:RoleID:[20] MoneyChanged:[-6000] MoneyTotal:[22290931] StorageMoney:[0] Reason:[Equip] Attach:[]
2013-08-12 22:17:54 lv3:RoleID:[20] MoneyChanged:[-6000] MoneyTotal:[22284931] StorageMoney:[0] Reason:[Equip] Attach:[]
2013-08-12 22:17:54 lv3:RoleID:[20] MoneyChanged:[-6000] MoneyTotal:[22278931] StorageMoney:[0] Reason:[Equip] Attach:[]
2013-08-12 22:17:54 lv3:RoleID:[20] MoneyChanged:[-6000] MoneyTotal:[22272931] StorageMoney:[0] Reason:[Equip] Attach:[]
2013-08-12 22:17:54 lv3:RoleID:[20] MoneyChanged:[-6000] MoneyTotal:[22266931] StorageMoney:[0] Reason:[Equip] Attach:[]
2013-08-12 22:20:38 lv3:RoleID:[20] MoneyChanged:[-10000] MoneyTotal:[22256931] StorageMoney:[0] Reason:[Equip] Attach:[]
2013-08-12 22:21:14 lv3:RoleID:[20] MoneyChanged:[-800] MoneyTotal:[22256131] StorageMoney:[0] Reason:[Carry] Attach:[]
2013-08-12 22:21:39 lv3:RoleID:[20] MoneyChanged:[-800] MoneyTotal:[22255331] StorageMoney:[0] Reason:[Carry] Attach:[]
2013-08-12 22:21:47 lv3:RoleID:[20] MoneyChanged:[-700] MoneyTotal:[22254631] StorageMoney:[0] Reason:[Carry] Attach:[]
2013-08-12 22:23:54 lv3:RoleID:[20] MoneyChanged:[100000] MoneyTotal:[22354631] StorageMoney:[0] Reason:[Script] Attach:[Script\Item\ITEM-59323.s]
2013-08-12 22:23:54 lv3:RoleID:[20] MoneyChanged:[100000] MoneyTotal:[22454631] StorageMoney:[0] Reason:[Script] Attach:[Script\Item\ITEM-59323.s]
2013-08-12 22:31:29 lv3:RoleID:[20] MoneyChanged:[4928] MoneyTotal:[22459559] StorageMoney:[0] Reason:[Script] Attach:[script\item\CreatItem\ITEM-huanwupin64242.s]
2013-08-12 22:34:24 lv3:RoleID:[20] MoneyChanged:[100000] MoneyTotal:[22559559] StorageMoney:[0] Reason:[Script] Attach:[Script\Item\ITEM-59323.s]
2013-08-12 22:34:24 lv3:RoleID:[20] MoneyChanged:[100000] MoneyTotal:[22659559] StorageMoney:[0] Reason:[Script] Attach:[Script\Item\ITEM-59323.s]
2013-08-12 22:34:24 lv3:RoleID:[20] MoneyChanged:[100000] MoneyTotal:[22759559] StorageMoney:[0] Reason:[Script] Attach:[Script\Item\ITEM-59323.s]
2013-08-12 22:34:24 lv3:RoleID:[20] MoneyChanged:[100000] MoneyTotal:[22859559] StorageMoney:[0] Reason:[Script] Attach:[Script\Item\ITEM-59323.s]
2013-08-12 22:34:25 lv3:RoleID:[20] MoneyChanged:[100000] MoneyTotal:[22959559] StorageMoney:[0] Reason:[Script] Attach:[Script\Item\ITEM-59323.s]
2013-08-12 22:34:25 lv3:RoleID:[20] MoneyChanged:[100000] MoneyTotal:[23059559] StorageMoney:[0] Reason:[Script] Attach:[Script\Item\ITEM-59323.s]
2013-08-12 22:34:25 lv3:RoleID:[20] MoneyChanged:[100000] MoneyTotal:[23159559] StorageMoney:[0] Reason:[Script] Attach:[Script\Item\ITEM-59323.s]
2013-08-12 22:34:25 lv3:RoleID:[20] MoneyChanged:[100000] MoneyTotal:[23259559] StorageMoney:[0] Reason:[Script] Attach:[Script\Item\ITEM-59323.s]
2013-08-12 22:34:25 lv3:RoleID:[20] MoneyChanged:[100000] MoneyTotal:[23359559] StorageMoney:[0] Reason:[Script] Attach:[Script\Item\ITEM-59323.s]
2013-08-12 22:34:25 lv3:RoleID:[20] MoneyChanged:[100000] MoneyTotal:[23459559] StorageMoney:[0] Reason:[Script] Attach:[Script\Item\ITEM-59323.s]
