2013-08-12 20:46:27 lv3:RoleID:[20] MoneyChanged:[-400] MoneyTotal:[14543] StorageMoney:[0] Reason:[Carry] Attach:[]
2013-08-12 20:47:12 lv3:RoleID:[20] MoneyChanged:[100000] MoneyTotal:[114543] StorageMoney:[0] Reason:[Script] Attach:[Script\Item\ITEM-59323.s]
2013-08-12 20:47:12 lv3:RoleID:[20] MoneyChanged:[100000] MoneyTotal:[214543] StorageMoney:[0] Reason:[Script] Attach:[Script\Item\ITEM-59323.s]
2013-08-12 20:47:12 lv3:RoleID:[20] MoneyChanged:[100000] MoneyTotal:[314543] StorageMoney:[0] Reason:[Script] Attach:[Script\Item\ITEM-59323.s]
2013-08-12 20:47:13 lv3:RoleID:[20] MoneyChanged:[100000] MoneyTotal:[414543] StorageMoney:[0] Reason:[Script] Attach:[Script\Item\ITEM-59323.s]
2013-08-12 20:47:13 lv3:RoleID:[20] MoneyChanged:[100000] MoneyTotal:[514543] StorageMoney:[0] Reason:[Script] Attach:[Script\Item\ITEM-59323.s]
2013-08-12 20:47:13 lv3:RoleID:[20] MoneyChanged:[100000] MoneyTotal:[614543] StorageMoney:[0] Reason:[Script] Attach:[Script\Item\ITEM-59323.s]
2013-08-12 20:49:05 lv3:RoleID:[20] MoneyChanged:[552] MoneyTotal:[615095] StorageMoney:[0] Reason:[Task] Attach:[1760]
2013-08-12 20:51:52 lv3:RoleID:[20] MoneyChanged:[6000] MoneyTotal:[621095] StorageMoney:[0] Reason:[NpcSell] Attach:[]
2013-08-12 20:51:53 lv3:RoleID:[20] MoneyChanged:[1680] MoneyTotal:[622775] StorageMoney:[0] Reason:[NpcSell] Attach:[]
2013-08-12 20:51:53 lv3:RoleID:[20] MoneyChanged:[5000] MoneyTotal:[627775] StorageMoney:[0] Reason:[NpcSell] Attach:[]
2013-08-12 20:51:55 lv3:RoleID:[20] MoneyChanged:[6500] MoneyTotal:[634275] StorageMoney:[0] Reason:[NpcSell] Attach:[]
2013-08-12 20:51:55 lv3:RoleID:[20] MoneyChanged:[1] MoneyTotal:[634276] StorageMoney:[0] Reason:[NpcSell] Attach:[]
2013-08-12 20:51:56 lv3:RoleID:[20] MoneyChanged:[1] MoneyTotal:[634277] StorageMoney:[0] Reason:[NpcSell] Attach:[]
2013-08-12 20:51:57 lv3:RoleID:[20] MoneyChanged:[1] MoneyTotal:[634278] StorageMoney:[0] Reason:[NpcSell] Attach:[]
2013-08-12 20:51:57 lv3:RoleID:[20] MoneyChanged:[4] MoneyTotal:[634282] StorageMoney:[0] Reason:[NpcSell] Attach:[]
2013-08-12 20:51:58 lv3:RoleID:[20] MoneyChanged:[1] MoneyTotal:[634283] StorageMoney:[0] Reason:[NpcSell] Attach:[]
2013-08-12 20:52:00 lv3:RoleID:[20] MoneyChanged:[1] MoneyTotal:[634284] StorageMoney:[0] Reason:[NpcSell] Attach:[]
2013-08-12 20:52:01 lv3:RoleID:[20] MoneyChanged:[3] MoneyTotal:[634287] StorageMoney:[0] Reason:[NpcSell] Attach:[]
2013-08-12 20:52:01 lv3:RoleID:[20] MoneyChanged:[2] MoneyTotal:[634289] StorageMoney:[0] Reason:[NpcSell] Attach:[]
2013-08-12 20:52:02 lv3:RoleID:[20] MoneyChanged:[14] MoneyTotal:[634303] StorageMoney:[0] Reason:[NpcSell] Attach:[]
2013-08-12 20:52:03 lv3:RoleID:[20] MoneyChanged:[12] MoneyTotal:[634315] StorageMoney:[0] Reason:[NpcSell] Attach:[]
2013-08-12 20:52:06 lv3:RoleID:[20] MoneyChanged:[7] MoneyTotal:[634322] StorageMoney:[0] Reason:[NpcSell] Attach:[]
2013-08-12 20:52:06 lv3:RoleID:[20] MoneyChanged:[10] MoneyTotal:[634332] StorageMoney:[0] Reason:[NpcSell] Attach:[]
2013-08-12 20:52:12 lv3:RoleID:[20] MoneyChanged:[1] MoneyTotal:[634333] StorageMoney:[0] Reason:[NpcSell] Attach:[]
2013-08-12 20:52:12 lv3:RoleID:[20] MoneyChanged:[1] MoneyTotal:[634334] StorageMoney:[0] Reason:[NpcSell] Attach:[]
2013-08-12 20:52:13 lv3:RoleID:[20] MoneyChanged:[1] MoneyTotal:[634335] StorageMoney:[0] Reason:[NpcSell] Attach:[]
2013-08-12 20:52:13 lv3:RoleID:[20] MoneyChanged:[1] MoneyTotal:[634336] StorageMoney:[0] Reason:[NpcSell] Attach:[]
2013-08-12 20:52:14 lv3:RoleID:[20] MoneyChanged:[4] MoneyTotal:[634340] StorageMoney:[0] Reason:[NpcSell] Attach:[]
2013-08-12 20:54:00 lv3:RoleID:[20] MoneyChanged:[100000] MoneyTotal:[734340] StorageMoney:[0] Reason:[Script] Attach:[Script\Item\ITEM-59323.s]
2013-08-12 20:54:00 lv3:RoleID:[20] MoneyChanged:[100000] MoneyTotal:[834340] StorageMoney:[0] Reason:[Script] Attach:[Script\Item\ITEM-59323.s]
2013-08-12 20:54:00 lv3:RoleID:[20] MoneyChanged:[100000] MoneyTotal:[934340] StorageMoney:[0] Reason:[Script] Attach:[Script\Item\ITEM-59323.s]
2013-08-12 20:54:00 lv3:RoleID:[20] MoneyChanged:[100000] MoneyTotal:[1034340] StorageMoney:[0] Reason:[Script] Attach:[Script\Item\ITEM-59323.s]
2013-08-12 20:54:00 lv3:RoleID:[20] MoneyChanged:[100000] MoneyTotal:[1134340] StorageMoney:[0] Reason:[Script] Attach:[Script\Item\ITEM-59323.s]
2013-08-12 20:54:01 lv3:RoleID:[20] MoneyChanged:[100000] MoneyTotal:[1234340] StorageMoney:[0] Reason:[Script] Attach:[Script\Item\ITEM-59323.s]
2013-08-12 20:54:01 lv3:RoleID:[20] MoneyChanged:[100000] MoneyTotal:[1334340] StorageMoney:[0] Reason:[Script] Attach:[Script\Item\ITEM-59323.s]
2013-08-12 20:54:01 lv3:RoleID:[20] MoneyChanged:[100000] MoneyTotal:[1434340] StorageMoney:[0] Reason:[Script] Attach:[Script\Item\ITEM-59323.s]
2013-08-12 20:54:01 lv3:RoleID:[20] MoneyChanged:[100000] MoneyTotal:[1534340] StorageMoney:[0] Reason:[Script] Attach:[Script\Item\ITEM-59323.s]
2013-08-12 20:54:01 lv3:RoleID:[20] MoneyChanged:[100000] MoneyTotal:[1634340] StorageMoney:[0] Reason:[Script] Attach:[Script\Item\ITEM-59323.s]
2013-08-12 20:54:01 lv3:RoleID:[20] MoneyChanged:[100000] MoneyTotal:[1734340] StorageMoney:[0] Reason:[Script] Attach:[Script\Item\ITEM-59323.s]
2013-08-12 20:54:01 lv3:RoleID:[20] MoneyChanged:[100000] MoneyTotal:[1834340] StorageMoney:[0] Reason:[Script] Attach:[Script\Item\ITEM-59323.s]
2013-08-12 20:54:02 lv3:RoleID:[20] MoneyChanged:[100000] MoneyTotal:[1934340] StorageMoney:[0] Reason:[Script] Attach:[Script\Item\ITEM-59323.s]
2013-08-12 20:54:02 lv3:RoleID:[20] MoneyChanged:[100000] MoneyTotal:[2034340] StorageMoney:[0] Reason:[Script] Attach:[Script\Item\ITEM-59323.s]
2013-08-12 20:54:02 lv3:RoleID:[20] MoneyChanged:[100000] MoneyTotal:[2134340] StorageMoney:[0] Reason:[Script] Attach:[Script\Item\ITEM-59323.s]
2013-08-12 20:54:02 lv3:RoleID:[20] MoneyChanged:[100000] MoneyTotal:[2234340] StorageMoney:[0] Reason:[Script] Attach:[Script\Item\ITEM-59323.s]
2013-08-12 20:54:03 lv3:RoleID:[20] MoneyChanged:[100000] MoneyTotal:[2334340] StorageMoney:[0] Reason:[Script] Attach:[Script\Item\ITEM-59323.s]
2013-08-12 20:54:03 lv3:RoleID:[20] MoneyChanged:[100000] MoneyTotal:[2434340] StorageMoney:[0] Reason:[Script] Attach:[Script\Item\ITEM-59323.s]
2013-08-12 20:54:03 lv3:RoleID:[20] MoneyChanged:[100000] MoneyTotal:[2534340] StorageMoney:[0] Reason:[Script] Attach:[Script\Item\ITEM-59323.s]
2013-08-12 20:54:03 lv3:RoleID:[20] MoneyChanged:[100000] MoneyTotal:[2634340] StorageMoney:[0] Reason:[Script] Attach:[Script\Item\ITEM-59323.s]
2013-08-12 20:54:04 lv3:RoleID:[20] MoneyChanged:[100000] MoneyTotal:[2734340] StorageMoney:[0] Reason:[Script] Attach:[Script\Item\ITEM-59323.s]
2013-08-12 20:54:04 lv3:RoleID:[20] MoneyChanged:[100000] MoneyTotal:[2834340] StorageMoney:[0] Reason:[Script] Attach:[Script\Item\ITEM-59323.s]
2013-08-12 20:54:04 lv3:RoleID:[20] MoneyChanged:[100000] MoneyTotal:[2934340] StorageMoney:[0] Reason:[Script] Attach:[Script\Item\ITEM-59323.s]
2013-08-12 20:54:04 lv3:RoleID:[20] MoneyChanged:[100000] MoneyTotal:[3034340] StorageMoney:[0] Reason:[Script] Attach:[Script\Item\ITEM-59323.s]
2013-08-12 20:54:04 lv3:RoleID:[20] MoneyChanged:[100000] MoneyTotal:[3134340] StorageMoney:[0] Reason:[Script] Attach:[Script\Item\ITEM-59323.s]
2013-08-12 20:55:11 lv3:RoleID:[20] MoneyChanged:[100000] MoneyTotal:[3234340] StorageMoney:[0] Reason:[Script] Attach:[Script\Item\ITEM-59323.s]
2013-08-12 20:55:11 lv3:RoleID:[20] MoneyChanged:[100000] MoneyTotal:[3334340] StorageMoney:[0] Reason:[Script] Attach:[Script\Item\ITEM-59323.s]
2013-08-12 20:55:11 lv3:RoleID:[20] MoneyChanged:[100000] MoneyTotal:[3434340] StorageMoney:[0] Reason:[Script] Attach:[Script\Item\ITEM-59323.s]
2013-08-12 20:55:13 lv3:RoleID:[20] MoneyChanged:[100000] MoneyTotal:[3534340] StorageMoney:[0] Reason:[Script] Attach:[Script\Item\ITEM-59323.s]
2013-08-12 20:55:13 lv3:RoleID:[20] MoneyChanged:[100000] MoneyTotal:[3634340] StorageMoney:[0] Reason:[Script] Attach:[Script\Item\ITEM-59323.s]
2013-08-12 20:55:13 lv3:RoleID:[20] MoneyChanged:[100000] MoneyTotal:[3734340] StorageMoney:[0] Reason:[Script] Attach:[Script\Item\ITEM-59323.s]
2013-08-12 20:55:13 lv3:RoleID:[20] MoneyChanged:[100000] MoneyTotal:[3834340] StorageMoney:[0] Reason:[Script] Attach:[Script\Item\ITEM-59323.s]
2013-08-12 20:55:13 lv3:RoleID:[20] MoneyChanged:[100000] MoneyTotal:[3934340] StorageMoney:[0] Reason:[Script] Attach:[Script\Item\ITEM-59323.s]
2013-08-12 20:55:14 lv3:RoleID:[20] MoneyChanged:[100000] MoneyTotal:[4034340] StorageMoney:[0] Reason:[Script] Attach:[Script\Item\ITEM-59323.s]
2013-08-12 20:55:14 lv3:RoleID:[20] MoneyChanged:[100000] MoneyTotal:[4134340] StorageMoney:[0] Reason:[Script] Attach:[Script\Item\ITEM-59323.s]
2013-08-12 20:55:14 lv3:RoleID:[20] MoneyChanged:[100000] MoneyTotal:[4234340] StorageMoney:[0] Reason:[Script] Attach:[Script\Item\ITEM-59323.s]
2013-08-12 20:55:14 lv3:RoleID:[20] MoneyChanged:[100000] MoneyTotal:[4334340] StorageMoney:[0] Reason:[Script] Attach:[Script\Item\ITEM-59323.s]
2013-08-12 20:55:14 lv3:RoleID:[20] MoneyChanged:[100000] MoneyTotal:[4434340] StorageMoney:[0] Reason:[Script] Attach:[Script\Item\ITEM-59323.s]
2013-08-12 20:55:14 lv3:RoleID:[20] MoneyChanged:[100000] MoneyTotal:[4534340] StorageMoney:[0] Reason:[Script] Attach:[Script\Item\ITEM-59323.s]
2013-08-12 20:55:15 lv3:RoleID:[20] MoneyChanged:[100000] MoneyTotal:[4634340] StorageMoney:[0] Reason:[Script] Attach:[Script\Item\ITEM-59323.s]
2013-08-12 20:55:15 lv3:RoleID:[20] MoneyChanged:[100000] MoneyTotal:[4734340] StorageMoney:[0] Reason:[Script] Attach:[Script\Item\ITEM-59323.s]
2013-08-12 20:55:15 lv3:RoleID:[20] MoneyChanged:[100000] MoneyTotal:[4834340] StorageMoney:[0] Reason:[Script] Attach:[Script\Item\ITEM-59323.s]
2013-08-12 20:55:15 lv3:RoleID:[20] MoneyChanged:[100000] MoneyTotal:[4934340] StorageMoney:[0] Reason:[Script] Attach:[Script\Item\ITEM-59323.s]
2013-08-12 20:55:15 lv3:RoleID:[20] MoneyChanged:[100000] MoneyTotal:[5034340] StorageMoney:[0] Reason:[Script] Attach:[Script\Item\ITEM-59323.s]
2013-08-12 20:55:15 lv3:RoleID:[20] MoneyChanged:[100000] MoneyTotal:[5134340] StorageMoney:[0] Reason:[Script] Attach:[Script\Item\ITEM-59323.s]
2013-08-12 20:55:16 lv3:RoleID:[20] MoneyChanged:[100000] MoneyTotal:[5234340] StorageMoney:[0] Reason:[Script] Attach:[Script\Item\ITEM-59323.s]
2013-08-12 20:55:16 lv3:RoleID:[20] MoneyChanged:[100000] MoneyTotal:[5334340] StorageMoney:[0] Reason:[Script] Attach:[Script\Item\ITEM-59323.s]
2013-08-12 20:55:16 lv3:RoleID:[20] MoneyChanged:[100000] MoneyTotal:[5434340] StorageMoney:[0] Reason:[Script] Attach:[Script\Item\ITEM-59323.s]
2013-08-12 20:55:16 lv3:RoleID:[20] MoneyChanged:[100000] MoneyTotal:[5534340] StorageMoney:[0] Reason:[Script] Attach:[Script\Item\ITEM-59323.s]
2013-08-12 20:55:16 lv3:RoleID:[20] MoneyChanged:[100000] MoneyTotal:[5634340] StorageMoney:[0] Reason:[Script] Attach:[Script\Item\ITEM-59323.s]
2013-08-12 20:55:16 lv3:RoleID:[20] MoneyChanged:[100000] MoneyTotal:[5734340] StorageMoney:[0] Reason:[Script] Attach:[Script\Item\ITEM-59323.s]
2013-08-12 20:55:17 lv3:RoleID:[20] MoneyChanged:[100000] MoneyTotal:[5834340] StorageMoney:[0] Reason:[Script] Attach:[Script\Item\ITEM-59323.s]
2013-08-12 20:55:17 lv3:RoleID:[20] MoneyChanged:[100000] MoneyTotal:[5934340] StorageMoney:[0] Reason:[Script] Attach:[Script\Item\ITEM-59323.s]
2013-08-12 20:55:17 lv3:RoleID:[20] MoneyChanged:[100000] MoneyTotal:[6034340] StorageMoney:[0] Reason:[Script] Attach:[Script\Item\ITEM-59323.s]
2013-08-12 20:55:17 lv3:RoleID:[20] MoneyChanged:[100000] MoneyTotal:[6134340] StorageMoney:[0] Reason:[Script] Attach:[Script\Item\ITEM-59323.s]
2013-08-12 20:55:17 lv3:RoleID:[20] MoneyChanged:[100000] MoneyTotal:[6234340] StorageMoney:[0] Reason:[Script] Attach:[Script\Item\ITEM-59323.s]
2013-08-12 20:55:17 lv3:RoleID:[20] MoneyChanged:[100000] MoneyTotal:[6334340] StorageMoney:[0] Reason:[Script] Attach:[Script\Item\ITEM-59323.s]
2013-08-12 20:55:18 lv3:RoleID:[20] MoneyChanged:[100000] MoneyTotal:[6434340] StorageMoney:[0] Reason:[Script] Attach:[Script\Item\ITEM-59323.s]
2013-08-12 20:55:18 lv3:RoleID:[20] MoneyChanged:[100000] MoneyTotal:[6534340] StorageMoney:[0] Reason:[Script] Attach:[Script\Item\ITEM-59323.s]
2013-08-12 20:55:18 lv3:RoleID:[20] MoneyChanged:[100000] MoneyTotal:[6634340] StorageMoney:[0] Reason:[Script] Attach:[Script\Item\ITEM-59323.s]
2013-08-12 20:55:18 lv3:RoleID:[20] MoneyChanged:[100000] MoneyTotal:[6734340] StorageMoney:[0] Reason:[Script] Attach:[Script\Item\ITEM-59323.s]
2013-08-12 20:55:18 lv3:RoleID:[20] MoneyChanged:[100000] MoneyTotal:[6834340] StorageMoney:[0] Reason:[Script] Attach:[Script\Item\ITEM-59323.s]
2013-08-12 20:55:18 lv3:RoleID:[20] MoneyChanged:[100000] MoneyTotal:[6934340] StorageMoney:[0] Reason:[Script] Attach:[Script\Item\ITEM-59323.s]
2013-08-12 20:55:18 lv3:RoleID:[20] MoneyChanged:[100000] MoneyTotal:[7034340] StorageMoney:[0] Reason:[Script] Attach:[Script\Item\ITEM-59323.s]
2013-08-12 20:55:19 lv3:RoleID:[20] MoneyChanged:[100000] MoneyTotal:[7134340] StorageMoney:[0] Reason:[Script] Attach:[Script\Item\ITEM-59323.s]
2013-08-12 20:55:19 lv3:RoleID:[20] MoneyChanged:[100000] MoneyTotal:[7234340] StorageMoney:[0] Reason:[Script] Attach:[Script\Item\ITEM-59323.s]
2013-08-12 20:55:19 lv3:RoleID:[20] MoneyChanged:[100000] MoneyTotal:[7334340] StorageMoney:[0] Reason:[Script] Attach:[Script\Item\ITEM-59323.s]
2013-08-12 20:55:19 lv3:RoleID:[20] MoneyChanged:[100000] MoneyTotal:[7434340] StorageMoney:[0] Reason:[Script] Attach:[Script\Item\ITEM-59323.s]
2013-08-12 20:55:19 lv3:RoleID:[20] MoneyChanged:[100000] MoneyTotal:[7534340] StorageMoney:[0] Reason:[Script] Attach:[Script\Item\ITEM-59323.s]
2013-08-12 20:55:19 lv3:RoleID:[20] MoneyChanged:[100000] MoneyTotal:[7634340] StorageMoney:[0] Reason:[Script] Attach:[Script\Item\ITEM-59323.s]
2013-08-12 20:55:20 lv3:RoleID:[20] MoneyChanged:[100000] MoneyTotal:[7734340] StorageMoney:[0] Reason:[Script] Attach:[Script\Item\ITEM-59323.s]
2013-08-12 20:55:20 lv3:RoleID:[20] MoneyChanged:[100000] MoneyTotal:[7834340] StorageMoney:[0] Reason:[Script] Attach:[Script\Item\ITEM-59323.s]
2013-08-12 20:55:20 lv3:RoleID:[20] MoneyChanged:[100000] MoneyTotal:[7934340] StorageMoney:[0] Reason:[Script] Attach:[Script\Item\ITEM-59323.s]
2013-08-12 20:55:20 lv3:RoleID:[20] MoneyChanged:[100000] MoneyTotal:[8034340] StorageMoney:[0] Reason:[Script] Attach:[Script\Item\ITEM-59323.s]
2013-08-12 20:55:20 lv3:RoleID:[20] MoneyChanged:[100000] MoneyTotal:[8134340] StorageMoney:[0] Reason:[Script] Attach:[Script\Item\ITEM-59323.s]
2013-08-12 20:55:20 lv3:RoleID:[20] MoneyChanged:[100000] MoneyTotal:[8234340] StorageMoney:[0] Reason:[Script] Attach:[Script\Item\ITEM-59323.s]
2013-08-12 20:55:21 lv3:RoleID:[20] MoneyChanged:[100000] MoneyTotal:[8334340] StorageMoney:[0] Reason:[Script] Attach:[Script\Item\ITEM-59323.s]
2013-08-12 20:55:21 lv3:RoleID:[20] MoneyChanged:[100000] MoneyTotal:[8434340] StorageMoney:[0] Reason:[Script] Attach:[Script\Item\ITEM-59323.s]
2013-08-12 20:55:21 lv3:RoleID:[20] MoneyChanged:[100000] MoneyTotal:[8534340] StorageMoney:[0] Reason:[Script] Attach:[Script\Item\ITEM-59323.s]
2013-08-12 20:55:21 lv3:RoleID:[20] MoneyChanged:[100000] MoneyTotal:[8634340] StorageMoney:[0] Reason:[Script] Attach:[Script\Item\ITEM-59323.s]
2013-08-12 20:55:21 lv3:RoleID:[20] MoneyChanged:[100000] MoneyTotal:[8734340] StorageMoney:[0] Reason:[Script] Attach:[Script\Item\ITEM-59323.s]
2013-08-12 20:55:21 lv3:RoleID:[20] MoneyChanged:[100000] MoneyTotal:[8834340] StorageMoney:[0] Reason:[Script] Attach:[Script\Item\ITEM-59323.s]
2013-08-12 20:55:22 lv3:RoleID:[20] MoneyChanged:[100000] MoneyTotal:[8934340] StorageMoney:[0] Reason:[Script] Attach:[Script\Item\ITEM-59323.s]
2013-08-12 20:55:22 lv3:RoleID:[20] MoneyChanged:[100000] MoneyTotal:[9034340] StorageMoney:[0] Reason:[Script] Attach:[Script\Item\ITEM-59323.s]
2013-08-12 20:55:22 lv3:RoleID:[20] MoneyChanged:[100000] MoneyTotal:[9134340] StorageMoney:[0] Reason:[Script] Attach:[Script\Item\ITEM-59323.s]
2013-08-12 20:55:22 lv3:RoleID:[20] MoneyChanged:[100000] MoneyTotal:[9234340] StorageMoney:[0] Reason:[Script] Attach:[Script\Item\ITEM-59323.s]
2013-08-12 20:55:22 lv3:RoleID:[20] MoneyChanged:[100000] MoneyTotal:[9334340] StorageMoney:[0] Reason:[Script] Attach:[Script\Item\ITEM-59323.s]
2013-08-12 20:55:22 lv3:RoleID:[20] MoneyChanged:[100000] MoneyTotal:[9434340] StorageMoney:[0] Reason:[Script] Attach:[Script\Item\ITEM-59323.s]
2013-08-12 20:55:22 lv3:RoleID:[20] MoneyChanged:[100000] MoneyTotal:[9534340] StorageMoney:[0] Reason:[Script] Attach:[Script\Item\ITEM-59323.s]
2013-08-12 20:55:23 lv3:RoleID:[20] MoneyChanged:[100000] MoneyTotal:[9634340] StorageMoney:[0] Reason:[Script] Attach:[Script\Item\ITEM-59323.s]
2013-08-12 20:55:23 lv3:RoleID:[20] MoneyChanged:[100000] MoneyTotal:[9734340] StorageMoney:[0] Reason:[Script] Attach:[Script\Item\ITEM-59323.s]
2013-08-12 20:55:23 lv3:RoleID:[20] MoneyChanged:[100000] MoneyTotal:[9834340] StorageMoney:[0] Reason:[Script] Attach:[Script\Item\ITEM-59323.s]
2013-08-12 20:55:23 lv3:RoleID:[20] MoneyChanged:[100000] MoneyTotal:[9934340] StorageMoney:[0] Reason:[Script] Attach:[Script\Item\ITEM-59323.s]
2013-08-12 20:55:23 lv3:RoleID:[20] MoneyChanged:[100000] MoneyTotal:[10034340] StorageMoney:[0] Reason:[Script] Attach:[Script\Item\ITEM-59323.s]
2013-08-12 20:55:23 lv3:RoleID:[20] MoneyChanged:[100000] MoneyTotal:[10134340] StorageMoney:[0] Reason:[Script] Attach:[Script\Item\ITEM-59323.s]
2013-08-12 20:55:24 lv3:RoleID:[20] MoneyChanged:[100000] MoneyTotal:[10234340] StorageMoney:[0] Reason:[Script] Attach:[Script\Item\ITEM-59323.s]
2013-08-12 20:55:24 lv3:RoleID:[20] MoneyChanged:[100000] MoneyTotal:[10334340] StorageMoney:[0] Reason:[Script] Attach:[Script\Item\ITEM-59323.s]
2013-08-12 20:55:24 lv3:RoleID:[20] MoneyChanged:[100000] MoneyTotal:[10434340] StorageMoney:[0] Reason:[Script] Attach:[Script\Item\ITEM-59323.s]
2013-08-12 20:55:24 lv3:RoleID:[20] MoneyChanged:[100000] MoneyTotal:[10534340] StorageMoney:[0] Reason:[Script] Attach:[Script\Item\ITEM-59323.s]
2013-08-12 20:55:24 lv3:RoleID:[20] MoneyChanged:[100000] MoneyTotal:[10634340] StorageMoney:[0] Reason:[Script] Attach:[Script\Item\ITEM-59323.s]
2013-08-12 20:55:24 lv3:RoleID:[20] MoneyChanged:[100000] MoneyTotal:[10734340] StorageMoney:[0] Reason:[Script] Attach:[Script\Item\ITEM-59323.s]
2013-08-12 20:55:25 lv3:RoleID:[20] MoneyChanged:[100000] MoneyTotal:[10834340] StorageMoney:[0] Reason:[Script] Attach:[Script\Item\ITEM-59323.s]
2013-08-12 20:55:25 lv3:RoleID:[20] MoneyChanged:[100000] MoneyTotal:[10934340] StorageMoney:[0] Reason:[Script] Attach:[Script\Item\ITEM-59323.s]
2013-08-12 20:55:25 lv3:RoleID:[20] MoneyChanged:[100000] MoneyTotal:[11034340] StorageMoney:[0] Reason:[Script] Attach:[Script\Item\ITEM-59323.s]
2013-08-12 20:55:25 lv3:RoleID:[20] MoneyChanged:[100000] MoneyTotal:[11134340] StorageMoney:[0] Reason:[Script] Attach:[Script\Item\ITEM-59323.s]
2013-08-12 20:55:25 lv3:RoleID:[20] MoneyChanged:[100000] MoneyTotal:[11234340] StorageMoney:[0] Reason:[Script] Attach:[Script\Item\ITEM-59323.s]
2013-08-12 20:55:25 lv3:RoleID:[20] MoneyChanged:[100000] MoneyTotal:[11334340] StorageMoney:[0] Reason:[Script] Attach:[Script\Item\ITEM-59323.s]
2013-08-12 20:55:26 lv3:RoleID:[20] MoneyChanged:[100000] MoneyTotal:[11434340] StorageMoney:[0] Reason:[Script] Attach:[Script\Item\ITEM-59323.s]
2013-08-12 20:55:26 lv3:RoleID:[20] MoneyChanged:[100000] MoneyTotal:[11534340] StorageMoney:[0] Reason:[Script] Attach:[Script\Item\ITEM-59323.s]
2013-08-12 20:55:26 lv3:RoleID:[20] MoneyChanged:[100000] MoneyTotal:[11634340] StorageMoney:[0] Reason:[Script] Attach:[Script\Item\ITEM-59323.s]
2013-08-12 20:55:26 lv3:RoleID:[20] MoneyChanged:[100000] MoneyTotal:[11734340] StorageMoney:[0] Reason:[Script] Attach:[Script\Item\ITEM-59323.s]
2013-08-12 20:55:26 lv3:RoleID:[20] MoneyChanged:[100000] MoneyTotal:[11834340] StorageMoney:[0] Reason:[Script] Attach:[Script\Item\ITEM-59323.s]
2013-08-12 20:55:26 lv3:RoleID:[20] MoneyChanged:[100000] MoneyTotal:[11934340] StorageMoney:[0] Reason:[Script] Attach:[Script\Item\ITEM-59323.s]
2013-08-12 20:55:26 lv3:RoleID:[20] MoneyChanged:[100000] MoneyTotal:[12034340] StorageMoney:[0] Reason:[Script] Attach:[Script\Item\ITEM-59323.s]
2013-08-12 20:55:27 lv3:RoleID:[20] MoneyChanged:[100000] MoneyTotal:[12134340] StorageMoney:[0] Reason:[Script] Attach:[Script\Item\ITEM-59323.s]
2013-08-12 20:55:27 lv3:RoleID:[20] MoneyChanged:[100000] MoneyTotal:[12234340] StorageMoney:[0] Reason:[Script] Attach:[Script\Item\ITEM-59323.s]
2013-08-12 20:55:27 lv3:RoleID:[20] MoneyChanged:[100000] MoneyTotal:[12334340] StorageMoney:[0] Reason:[Script] Attach:[Script\Item\ITEM-59323.s]
2013-08-12 20:55:27 lv3:RoleID:[20] MoneyChanged:[100000] MoneyTotal:[12434340] StorageMoney:[0] Reason:[Script] Attach:[Script\Item\ITEM-59323.s]
2013-08-12 20:55:27 lv3:RoleID:[20] MoneyChanged:[100000] MoneyTotal:[12534340] StorageMoney:[0] Reason:[Script] Attach:[Script\Item\ITEM-59323.s]
2013-08-12 20:55:27 lv3:RoleID:[20] MoneyChanged:[100000] MoneyTotal:[12634340] StorageMoney:[0] Reason:[Script] Attach:[Script\Item\ITEM-59323.s]
2013-08-12 20:55:28 lv3:RoleID:[20] MoneyChanged:[100000] MoneyTotal:[12734340] StorageMoney:[0] Reason:[Script] Attach:[Script\Item\ITEM-59323.s]
2013-08-12 20:55:28 lv3:RoleID:[20] MoneyChanged:[100000] MoneyTotal:[12834340] StorageMoney:[0] Reason:[Script] Attach:[Script\Item\ITEM-59323.s]
2013-08-12 20:55:28 lv3:RoleID:[20] MoneyChanged:[100000] MoneyTotal:[12934340] StorageMoney:[0] Reason:[Script] Attach:[Script\Item\ITEM-59323.s]
2013-08-12 20:55:28 lv3:RoleID:[20] MoneyChanged:[100000] MoneyTotal:[13034340] StorageMoney:[0] Reason:[Script] Attach:[Script\Item\ITEM-59323.s]
2013-08-12 20:55:28 lv3:RoleID:[20] MoneyChanged:[100000] MoneyTotal:[13134340] StorageMoney:[0] Reason:[Script] Attach:[Script\Item\ITEM-59323.s]
2013-08-12 20:55:28 lv3:RoleID:[20] MoneyChanged:[100000] MoneyTotal:[13234340] StorageMoney:[0] Reason:[Script] Attach:[Script\Item\ITEM-59323.s]
2013-08-12 20:55:29 lv3:RoleID:[20] MoneyChanged:[100000] MoneyTotal:[13334340] StorageMoney:[0] Reason:[Script] Attach:[Script\Item\ITEM-59323.s]
2013-08-12 20:55:29 lv3:RoleID:[20] MoneyChanged:[100000] MoneyTotal:[13434340] StorageMoney:[0] Reason:[Script] Attach:[Script\Item\ITEM-59323.s]
2013-08-12 20:55:29 lv3:RoleID:[20] MoneyChanged:[100000] MoneyTotal:[13534340] StorageMoney:[0] Reason:[Script] Attach:[Script\Item\ITEM-59323.s]
2013-08-12 20:55:29 lv3:RoleID:[20] MoneyChanged:[100000] MoneyTotal:[13634340] StorageMoney:[0] Reason:[Script] Attach:[Script\Item\ITEM-59323.s]
2013-08-12 20:55:29 lv3:RoleID:[20] MoneyChanged:[100000] MoneyTotal:[13734340] StorageMoney:[0] Reason:[Script] Attach:[Script\Item\ITEM-59323.s]
2013-08-12 20:55:29 lv3:RoleID:[20] MoneyChanged:[100000] MoneyTotal:[13834340] StorageMoney:[0] Reason:[Script] Attach:[Script\Item\ITEM-59323.s]
2013-08-12 20:55:30 lv3:RoleID:[20] MoneyChanged:[100000] MoneyTotal:[13934340] StorageMoney:[0] Reason:[Script] Attach:[Script\Item\ITEM-59323.s]
2013-08-12 20:55:30 lv3:RoleID:[20] MoneyChanged:[100000] MoneyTotal:[14034340] StorageMoney:[0] Reason:[Script] Attach:[Script\Item\ITEM-59323.s]
2013-08-12 20:55:30 lv3:RoleID:[20] MoneyChanged:[100000] MoneyTotal:[14134340] StorageMoney:[0] Reason:[Script] Attach:[Script\Item\ITEM-59323.s]
2013-08-12 20:55:30 lv3:RoleID:[20] MoneyChanged:[100000] MoneyTotal:[14234340] StorageMoney:[0] Reason:[Script] Attach:[Script\Item\ITEM-59323.s]
2013-08-12 20:55:30 lv3:RoleID:[20] MoneyChanged:[100000] MoneyTotal:[14334340] StorageMoney:[0] Reason:[Script] Attach:[Script\Item\ITEM-59323.s]
2013-08-12 20:55:30 lv3:RoleID:[20] MoneyChanged:[100000] MoneyTotal:[14434340] StorageMoney:[0] Reason:[Script] Attach:[Script\Item\ITEM-59323.s]
2013-08-12 20:55:30 lv3:RoleID:[20] MoneyChanged:[100000] MoneyTotal:[14534340] StorageMoney:[0] Reason:[Script] Attach:[Script\Item\ITEM-59323.s]
2013-08-12 20:55:31 lv3:RoleID:[20] MoneyChanged:[100000] MoneyTotal:[14634340] StorageMoney:[0] Reason:[Script] Attach:[Script\Item\ITEM-59323.s]
2013-08-12 20:55:31 lv3:RoleID:[20] MoneyChanged:[100000] MoneyTotal:[14734340] StorageMoney:[0] Reason:[Script] Attach:[Script\Item\ITEM-59323.s]
2013-08-12 20:55:31 lv3:RoleID:[20] MoneyChanged:[100000] MoneyTotal:[14834340] StorageMoney:[0] Reason:[Script] Attach:[Script\Item\ITEM-59323.s]
2013-08-12 20:55:31 lv3:RoleID:[20] MoneyChanged:[100000] MoneyTotal:[14934340] StorageMoney:[0] Reason:[Script] Attach:[Script\Item\ITEM-59323.s]
2013-08-12 20:55:31 lv3:RoleID:[20] MoneyChanged:[100000] MoneyTotal:[15034340] StorageMoney:[0] Reason:[Script] Attach:[Script\Item\ITEM-59323.s]
2013-08-12 20:55:31 lv3:RoleID:[20] MoneyChanged:[100000] MoneyTotal:[15134340] StorageMoney:[0] Reason:[Script] Attach:[Script\Item\ITEM-59323.s]
2013-08-12 20:55:32 lv3:RoleID:[20] MoneyChanged:[100000] MoneyTotal:[15234340] StorageMoney:[0] Reason:[Script] Attach:[Script\Item\ITEM-59323.s]
2013-08-12 20:55:32 lv3:RoleID:[20] MoneyChanged:[100000] MoneyTotal:[15334340] StorageMoney:[0] Reason:[Script] Attach:[Script\Item\ITEM-59323.s]
2013-08-12 20:55:32 lv3:RoleID:[20] MoneyChanged:[100000] MoneyTotal:[15434340] StorageMoney:[0] Reason:[Script] Attach:[Script\Item\ITEM-59323.s]
2013-08-12 20:55:32 lv3:RoleID:[20] MoneyChanged:[100000] MoneyTotal:[15534340] StorageMoney:[0] Reason:[Script] Attach:[Script\Item\ITEM-59323.s]
2013-08-12 20:55:32 lv3:RoleID:[20] MoneyChanged:[100000] MoneyTotal:[15634340] StorageMoney:[0] Reason:[Script] Attach:[Script\Item\ITEM-59323.s]
2013-08-12 20:55:32 lv3:RoleID:[20] MoneyChanged:[100000] MoneyTotal:[15734340] StorageMoney:[0] Reason:[Script] Attach:[Script\Item\ITEM-59323.s]
2013-08-12 20:55:33 lv3:RoleID:[20] MoneyChanged:[100000] MoneyTotal:[15834340] StorageMoney:[0] Reason:[Script] Attach:[Script\Item\ITEM-59323.s]
2013-08-12 20:55:33 lv3:RoleID:[20] MoneyChanged:[100000] MoneyTotal:[15934340] StorageMoney:[0] Reason:[Script] Attach:[Script\Item\ITEM-59323.s]
2013-08-12 20:55:33 lv3:RoleID:[20] MoneyChanged:[100000] MoneyTotal:[16034340] StorageMoney:[0] Reason:[Script] Attach:[Script\Item\ITEM-59323.s]
2013-08-12 20:55:33 lv3:RoleID:[20] MoneyChanged:[100000] MoneyTotal:[16134340] StorageMoney:[0] Reason:[Script] Attach:[Script\Item\ITEM-59323.s]
2013-08-12 20:55:33 lv3:RoleID:[20] MoneyChanged:[100000] MoneyTotal:[16234340] StorageMoney:[0] Reason:[Script] Attach:[Script\Item\ITEM-59323.s]
2013-08-12 20:55:33 lv3:RoleID:[20] MoneyChanged:[100000] MoneyTotal:[16334340] StorageMoney:[0] Reason:[Script] Attach:[Script\Item\ITEM-59323.s]
2013-08-12 20:55:34 lv3:RoleID:[20] MoneyChanged:[100000] MoneyTotal:[16434340] StorageMoney:[0] Reason:[Script] Attach:[Script\Item\ITEM-59323.s]
2013-08-12 20:55:34 lv3:RoleID:[20] MoneyChanged:[100000] MoneyTotal:[16534340] StorageMoney:[0] Reason:[Script] Attach:[Script\Item\ITEM-59323.s]
2013-08-12 20:55:34 lv3:RoleID:[20] MoneyChanged:[100000] MoneyTotal:[16634340] StorageMoney:[0] Reason:[Script] Attach:[Script\Item\ITEM-59323.s]
2013-08-12 20:55:34 lv3:RoleID:[20] MoneyChanged:[100000] MoneyTotal:[16734340] StorageMoney:[0] Reason:[Script] Attach:[Script\Item\ITEM-59323.s]
2013-08-12 20:55:34 lv3:RoleID:[20] MoneyChanged:[100000] MoneyTotal:[16834340] StorageMoney:[0] Reason:[Script] Attach:[Script\Item\ITEM-59323.s]
2013-08-12 20:55:34 lv3:RoleID:[20] MoneyChanged:[100000] MoneyTotal:[16934340] StorageMoney:[0] Reason:[Script] Attach:[Script\Item\ITEM-59323.s]
2013-08-12 20:55:34 lv3:RoleID:[20] MoneyChanged:[100000] MoneyTotal:[17034340] StorageMoney:[0] Reason:[Script] Attach:[Script\Item\ITEM-59323.s]
2013-08-12 20:55:35 lv3:RoleID:[20] MoneyChanged:[100000] MoneyTotal:[17134340] StorageMoney:[0] Reason:[Script] Attach:[Script\Item\ITEM-59323.s]
2013-08-12 20:55:35 lv3:RoleID:[20] MoneyChanged:[100000] MoneyTotal:[17234340] StorageMoney:[0] Reason:[Script] Attach:[Script\Item\ITEM-59323.s]
2013-08-12 20:55:35 lv3:RoleID:[20] MoneyChanged:[100000] MoneyTotal:[17334340] StorageMoney:[0] Reason:[Script] Attach:[Script\Item\ITEM-59323.s]
2013-08-12 20:55:35 lv3:RoleID:[20] MoneyChanged:[100000] MoneyTotal:[17434340] StorageMoney:[0] Reason:[Script] Attach:[Script\Item\ITEM-59323.s]
2013-08-12 20:55:35 lv3:RoleID:[20] MoneyChanged:[100000] MoneyTotal:[17534340] StorageMoney:[0] Reason:[Script] Attach:[Script\Item\ITEM-59323.s]
2013-08-12 20:55:35 lv3:RoleID:[20] MoneyChanged:[100000] MoneyTotal:[17634340] StorageMoney:[0] Reason:[Script] Attach:[Script\Item\ITEM-59323.s]
2013-08-12 20:55:36 lv3:RoleID:[20] MoneyChanged:[100000] MoneyTotal:[17734340] StorageMoney:[0] Reason:[Script] Attach:[Script\Item\ITEM-59323.s]
2013-08-12 20:55:36 lv3:RoleID:[20] MoneyChanged:[100000] MoneyTotal:[17834340] StorageMoney:[0] Reason:[Script] Attach:[Script\Item\ITEM-59323.s]
2013-08-12 20:55:36 lv3:RoleID:[20] MoneyChanged:[100000] MoneyTotal:[17934340] StorageMoney:[0] Reason:[Script] Attach:[Script\Item\ITEM-59323.s]
2013-08-12 20:55:36 lv3:RoleID:[20] MoneyChanged:[100000] MoneyTotal:[18034340] StorageMoney:[0] Reason:[Script] Attach:[Script\Item\ITEM-59323.s]
2013-08-12 20:55:36 lv3:RoleID:[20] MoneyChanged:[100000] MoneyTotal:[18134340] StorageMoney:[0] Reason:[Script] Attach:[Script\Item\ITEM-59323.s]
2013-08-12 20:55:36 lv3:RoleID:[20] MoneyChanged:[100000] MoneyTotal:[18234340] StorageMoney:[0] Reason:[Script] Attach:[Script\Item\ITEM-59323.s]
2013-08-12 20:55:37 lv3:RoleID:[20] MoneyChanged:[100000] MoneyTotal:[18334340] StorageMoney:[0] Reason:[Script] Attach:[Script\Item\ITEM-59323.s]
2013-08-12 20:55:37 lv3:RoleID:[20] MoneyChanged:[100000] MoneyTotal:[18434340] StorageMoney:[0] Reason:[Script] Attach:[Script\Item\ITEM-59323.s]
2013-08-12 20:55:37 lv3:RoleID:[20] MoneyChanged:[100000] MoneyTotal:[18534340] StorageMoney:[0] Reason:[Script] Attach:[Script\Item\ITEM-59323.s]
2013-08-12 20:55:37 lv3:RoleID:[20] MoneyChanged:[100000] MoneyTotal:[18634340] StorageMoney:[0] Reason:[Script] Attach:[Script\Item\ITEM-59323.s]
2013-08-12 20:55:37 lv3:RoleID:[20] MoneyChanged:[100000] MoneyTotal:[18734340] StorageMoney:[0] Reason:[Script] Attach:[Script\Item\ITEM-59323.s]
2013-08-12 20:55:37 lv3:RoleID:[20] MoneyChanged:[100000] MoneyTotal:[18834340] StorageMoney:[0] Reason:[Script] Attach:[Script\Item\ITEM-59323.s]
2013-08-12 20:55:38 lv3:RoleID:[20] MoneyChanged:[100000] MoneyTotal:[18934340] StorageMoney:[0] Reason:[Script] Attach:[Script\Item\ITEM-59323.s]
2013-08-12 20:55:38 lv3:RoleID:[20] MoneyChanged:[100000] MoneyTotal:[19034340] StorageMoney:[0] Reason:[Script] Attach:[Script\Item\ITEM-59323.s]
2013-08-12 20:55:38 lv3:RoleID:[20] MoneyChanged:[100000] MoneyTotal:[19134340] StorageMoney:[0] Reason:[Script] Attach:[Script\Item\ITEM-59323.s]
2013-08-12 20:55:38 lv3:RoleID:[20] MoneyChanged:[100000] MoneyTotal:[19234340] StorageMoney:[0] Reason:[Script] Attach:[Script\Item\ITEM-59323.s]
2013-08-12 20:55:38 lv3:RoleID:[20] MoneyChanged:[100000] MoneyTotal:[19334340] StorageMoney:[0] Reason:[Script] Attach:[Script\Item\ITEM-59323.s]
2013-08-12 20:55:38 lv3:RoleID:[20] MoneyChanged:[100000] MoneyTotal:[19434340] StorageMoney:[0] Reason:[Script] Attach:[Script\Item\ITEM-59323.s]
2013-08-12 20:55:38 lv3:RoleID:[20] MoneyChanged:[100000] MoneyTotal:[19534340] StorageMoney:[0] Reason:[Script] Attach:[Script\Item\ITEM-59323.s]
2013-08-12 20:55:39 lv3:RoleID:[20] MoneyChanged:[100000] MoneyTotal:[19634340] StorageMoney:[0] Reason:[Script] Attach:[Script\Item\ITEM-59323.s]
2013-08-12 20:55:39 lv3:RoleID:[20] MoneyChanged:[100000] MoneyTotal:[19734340] StorageMoney:[0] Reason:[Script] Attach:[Script\Item\ITEM-59323.s]
2013-08-12 20:55:39 lv3:RoleID:[20] MoneyChanged:[100000] MoneyTotal:[19834340] StorageMoney:[0] Reason:[Script] Attach:[Script\Item\ITEM-59323.s]
2013-08-12 20:55:39 lv3:RoleID:[20] MoneyChanged:[100000] MoneyTotal:[19934340] StorageMoney:[0] Reason:[Script] Attach:[Script\Item\ITEM-59323.s]
2013-08-12 20:55:39 lv3:RoleID:[20] MoneyChanged:[100000] MoneyTotal:[20034340] StorageMoney:[0] Reason:[Script] Attach:[Script\Item\ITEM-59323.s]
2013-08-12 20:55:39 lv3:RoleID:[20] MoneyChanged:[100000] MoneyTotal:[20134340] StorageMoney:[0] Reason:[Script] Attach:[Script\Item\ITEM-59323.s]
2013-08-12 20:55:40 lv3:RoleID:[20] MoneyChanged:[100000] MoneyTotal:[20234340] StorageMoney:[0] Reason:[Script] Attach:[Script\Item\ITEM-59323.s]
2013-08-12 20:55:40 lv3:RoleID:[20] MoneyChanged:[100000] MoneyTotal:[20334340] StorageMoney:[0] Reason:[Script] Attach:[Script\Item\ITEM-59323.s]
2013-08-12 20:55:40 lv3:RoleID:[20] MoneyChanged:[100000] MoneyTotal:[20434340] StorageMoney:[0] Reason:[Script] Attach:[Script\Item\ITEM-59323.s]
2013-08-12 20:55:40 lv3:RoleID:[20] MoneyChanged:[100000] MoneyTotal:[20534340] StorageMoney:[0] Reason:[Script] Attach:[Script\Item\ITEM-59323.s]
2013-08-12 20:55:40 lv3:RoleID:[20] MoneyChanged:[100000] MoneyTotal:[20634340] StorageMoney:[0] Reason:[Script] Attach:[Script\Item\ITEM-59323.s]
2013-08-12 20:55:40 lv3:RoleID:[20] MoneyChanged:[100000] MoneyTotal:[20734340] StorageMoney:[0] Reason:[Script] Attach:[Script\Item\ITEM-59323.s]
2013-08-12 20:55:41 lv3:RoleID:[20] MoneyChanged:[100000] MoneyTotal:[20834340] StorageMoney:[0] Reason:[Script] Attach:[Script\Item\ITEM-59323.s]
2013-08-12 20:55:41 lv3:RoleID:[20] MoneyChanged:[100000] MoneyTotal:[20934340] StorageMoney:[0] Reason:[Script] Attach:[Script\Item\ITEM-59323.s]
2013-08-12 20:55:41 lv3:RoleID:[20] MoneyChanged:[100000] MoneyTotal:[21034340] StorageMoney:[0] Reason:[Script] Attach:[Script\Item\ITEM-59323.s]
2013-08-12 20:55:41 lv3:RoleID:[20] MoneyChanged:[100000] MoneyTotal:[21134340] StorageMoney:[0] Reason:[Script] Attach:[Script\Item\ITEM-59323.s]
2013-08-12 20:55:41 lv3:RoleID:[20] MoneyChanged:[100000] MoneyTotal:[21234340] StorageMoney:[0] Reason:[Script] Attach:[Script\Item\ITEM-59323.s]
2013-08-12 20:55:41 lv3:RoleID:[20] MoneyChanged:[100000] MoneyTotal:[21334340] StorageMoney:[0] Reason:[Script] Attach:[Script\Item\ITEM-59323.s]
2013-08-12 20:55:42 lv3:RoleID:[20] MoneyChanged:[100000] MoneyTotal:[21434340] StorageMoney:[0] Reason:[Script] Attach:[Script\Item\ITEM-59323.s]
2013-08-12 20:55:42 lv3:RoleID:[20] MoneyChanged:[100000] MoneyTotal:[21534340] StorageMoney:[0] Reason:[Script] Attach:[Script\Item\ITEM-59323.s]
2013-08-12 20:55:42 lv3:RoleID:[20] MoneyChanged:[100000] MoneyTotal:[21634340] StorageMoney:[0] Reason:[Script] Attach:[Script\Item\ITEM-59323.s]
2013-08-12 20:55:42 lv3:RoleID:[20] MoneyChanged:[100000] MoneyTotal:[21734340] StorageMoney:[0] Reason:[Script] Attach:[Script\Item\ITEM-59323.s]
2013-08-12 20:55:42 lv3:RoleID:[20] MoneyChanged:[100000] MoneyTotal:[21834340] StorageMoney:[0] Reason:[Script] Attach:[Script\Item\ITEM-59323.s]
2013-08-12 20:55:42 lv3:RoleID:[20] MoneyChanged:[100000] MoneyTotal:[21934340] StorageMoney:[0] Reason:[Script] Attach:[Script\Item\ITEM-59323.s]
2013-08-12 20:55:42 lv3:RoleID:[20] MoneyChanged:[100000] MoneyTotal:[22034340] StorageMoney:[0] Reason:[Script] Attach:[Script\Item\ITEM-59323.s]
2013-08-12 20:55:43 lv3:RoleID:[20] MoneyChanged:[100000] MoneyTotal:[22134340] StorageMoney:[0] Reason:[Script] Attach:[Script\Item\ITEM-59323.s]
2013-08-12 20:55:43 lv3:RoleID:[20] MoneyChanged:[100000] MoneyTotal:[22234340] StorageMoney:[0] Reason:[Script] Attach:[Script\Item\ITEM-59323.s]
2013-08-12 20:55:43 lv3:RoleID:[20] MoneyChanged:[100000] MoneyTotal:[22334340] StorageMoney:[0] Reason:[Script] Attach:[Script\Item\ITEM-59323.s]
2013-08-12 20:55:43 lv3:RoleID:[20] MoneyChanged:[100000] MoneyTotal:[22434340] StorageMoney:[0] Reason:[Script] Attach:[Script\Item\ITEM-59323.s]
2013-08-12 20:55:43 lv3:RoleID:[20] MoneyChanged:[100000] MoneyTotal:[22534340] StorageMoney:[0] Reason:[Script] Attach:[Script\Item\ITEM-59323.s]
2013-08-12 20:55:43 lv3:RoleID:[20] MoneyChanged:[100000] MoneyTotal:[22634340] StorageMoney:[0] Reason:[Script] Attach:[Script\Item\ITEM-59323.s]
2013-08-12 20:55:44 lv3:RoleID:[20] MoneyChanged:[100000] MoneyTotal:[22734340] StorageMoney:[0] Reason:[Script] Attach:[Script\Item\ITEM-59323.s]
2013-08-12 20:55:44 lv3:RoleID:[20] MoneyChanged:[100000] MoneyTotal:[22834340] StorageMoney:[0] Reason:[Script] Attach:[Script\Item\ITEM-59323.s]
2013-08-12 20:55:44 lv3:RoleID:[20] MoneyChanged:[100000] MoneyTotal:[22934340] StorageMoney:[0] Reason:[Script] Attach:[Script\Item\ITEM-59323.s]
2013-08-12 20:55:44 lv3:RoleID:[20] MoneyChanged:[100000] MoneyTotal:[23034340] StorageMoney:[0] Reason:[Script] Attach:[Script\Item\ITEM-59323.s]
2013-08-12 20:55:44 lv3:RoleID:[20] MoneyChanged:[100000] MoneyTotal:[23134340] StorageMoney:[0] Reason:[Script] Attach:[Script\Item\ITEM-59323.s]
2013-08-12 20:55:44 lv3:RoleID:[20] MoneyChanged:[100000] MoneyTotal:[23234340] StorageMoney:[0] Reason:[Script] Attach:[Script\Item\ITEM-59323.s]
2013-08-12 20:55:45 lv3:RoleID:[20] MoneyChanged:[100000] MoneyTotal:[23334340] StorageMoney:[0] Reason:[Script] Attach:[Script\Item\ITEM-59323.s]
2013-08-12 20:55:45 lv3:RoleID:[20] MoneyChanged:[100000] MoneyTotal:[23434340] StorageMoney:[0] Reason:[Script] Attach:[Script\Item\ITEM-59323.s]
2013-08-12 20:55:45 lv3:RoleID:[20] MoneyChanged:[100000] MoneyTotal:[23534340] StorageMoney:[0] Reason:[Script] Attach:[Script\Item\ITEM-59323.s]
2013-08-12 20:55:45 lv3:RoleID:[20] MoneyChanged:[100000] MoneyTotal:[23634340] StorageMoney:[0] Reason:[Script] Attach:[Script\Item\ITEM-59323.s]
2013-08-12 20:56:27 lv3:RoleID:[20] MoneyChanged:[-682] MoneyTotal:[23633658] StorageMoney:[0] Reason:[Skill] Attach:[]
2013-08-12 20:56:27 lv3:RoleID:[20] MoneyChanged:[-1327] MoneyTotal:[23632331] StorageMoney:[0] Reason:[Skill] Attach:[]
2013-08-12 20:56:28 lv3:RoleID:[20] MoneyChanged:[-2133] MoneyTotal:[23630198] StorageMoney:[0] Reason:[Skill] Attach:[]
2013-08-12 20:56:29 lv3:RoleID:[20] MoneyChanged:[-3755] MoneyTotal:[23626443] StorageMoney:[0] Reason:[Skill] Attach:[]
2013-08-12 20:56:29 lv3:RoleID:[20] MoneyChanged:[-9682] MoneyTotal:[23616761] StorageMoney:[0] Reason:[Skill] Attach:[]
2013-08-12 20:56:29 lv3:RoleID:[20] MoneyChanged:[-24000] MoneyTotal:[23592761] StorageMoney:[0] Reason:[Skill] Attach:[]
2013-08-12 20:56:30 lv3:RoleID:[20] MoneyChanged:[-69467] MoneyTotal:[23523294] StorageMoney:[0] Reason:[Skill] Attach:[]
2013-08-12 20:56:30 lv3:RoleID:[20] MoneyChanged:[-105352] MoneyTotal:[23417942] StorageMoney:[0] Reason:[Skill] Attach:[]
2013-08-12 20:56:30 lv3:RoleID:[20] MoneyChanged:[-237536] MoneyTotal:[23180406] StorageMoney:[0] Reason:[Skill] Attach:[]
2013-08-12 20:56:34 lv3:RoleID:[20] MoneyChanged:[-1327] MoneyTotal:[23179079] StorageMoney:[0] Reason:[Skill] Attach:[]
2013-08-12 20:56:34 lv3:RoleID:[20] MoneyChanged:[-1500] MoneyTotal:[23177579] StorageMoney:[0] Reason:[Skill] Attach:[]
2013-08-12 20:56:34 lv3:RoleID:[20] MoneyChanged:[-2331] MoneyTotal:[23175248] StorageMoney:[0] Reason:[Skill] Attach:[]
2013-08-12 20:56:35 lv3:RoleID:[20] MoneyChanged:[-3588] MoneyTotal:[23171660] StorageMoney:[0] Reason:[Skill] Attach:[]
2013-08-12 20:56:35 lv3:RoleID:[20] MoneyChanged:[-9682] MoneyTotal:[23161978] StorageMoney:[0] Reason:[Skill] Attach:[]
2013-08-12 20:56:35 lv3:RoleID:[20] MoneyChanged:[-24000] MoneyTotal:[23137978] StorageMoney:[0] Reason:[Skill] Attach:[]
2013-08-12 20:56:35 lv3:RoleID:[20] MoneyChanged:[-41305] MoneyTotal:[23096673] StorageMoney:[0] Reason:[Skill] Attach:[]
2013-08-12 20:56:35 lv3:RoleID:[20] MoneyChanged:[-69467] MoneyTotal:[23027206] StorageMoney:[0] Reason:[Skill] Attach:[]
2013-08-12 20:56:35 lv3:RoleID:[20] MoneyChanged:[-150487] MoneyTotal:[22876719] StorageMoney:[0] Reason:[Skill] Attach:[]
2013-08-12 20:56:37 lv3:RoleID:[20] MoneyChanged:[-9037] MoneyTotal:[22867682] StorageMoney:[0] Reason:[Skill] Attach:[]
2013-08-12 20:56:37 lv3:RoleID:[20] MoneyChanged:[-10911] MoneyTotal:[22856771] StorageMoney:[0] Reason:[Skill] Attach:[]
2013-08-12 20:56:37 lv3:RoleID:[20] MoneyChanged:[-16800] MoneyTotal:[22839971] StorageMoney:[0] Reason:[Skill] Attach:[]
2013-08-12 20:56:37 lv3:RoleID:[20] MoneyChanged:[-41305] MoneyTotal:[22798666] StorageMoney:[0] Reason:[Skill] Attach:[]
2013-08-12 20:56:38 lv3:RoleID:[20] MoneyChanged:[-69467] MoneyTotal:[22729199] StorageMoney:[0] Reason:[Skill] Attach:[]
2013-08-12 20:56:38 lv3:RoleID:[20] MoneyChanged:[-105352] MoneyTotal:[22623847] StorageMoney:[0] Reason:[Skill] Attach:[]
2013-08-12 20:56:38 lv3:RoleID:[20] MoneyChanged:[-150487] MoneyTotal:[22473360] StorageMoney:[0] Reason:[Skill] Attach:[]
2013-08-12 20:56:38 lv3:RoleID:[20] MoneyChanged:[-237536] MoneyTotal:[22235824] StorageMoney:[0] Reason:[Skill] Attach:[]
2013-08-12 20:56:43 lv3:RoleID:[20] MoneyChanged:[-46818] MoneyTotal:[22189006] StorageMoney:[0] Reason:[Skill] Attach:[]
2013-08-12 20:57:39 lv3:RoleID:[20] MoneyChanged:[-12375] MoneyTotal:[22176631] StorageMoney:[0] Reason:[ItemUpgrade] Attach:[]
2013-08-12 20:57:40 lv3:RoleID:[20] MoneyChanged:[-12375] MoneyTotal:[22164256] StorageMoney:[0] Reason:[ItemUpgrade] Attach:[]
2013-08-12 20:57:40 lv3:RoleID:[20] MoneyChanged:[-12375] MoneyTotal:[22151881] StorageMoney:[0] Reason:[ItemUpgrade] Attach:[]
2013-08-12 20:57:41 lv3:RoleID:[20] MoneyChanged:[-12375] MoneyTotal:[22139506] StorageMoney:[0] Reason:[ItemUpgrade] Attach:[]
2013-08-12 20:57:41 lv3:RoleID:[20] MoneyChanged:[-12375] MoneyTotal:[22127131] StorageMoney:[0] Reason:[ItemUpgrade] Attach:[]
2013-08-12 20:57:43 lv3:RoleID:[20] MoneyChanged:[-16500] MoneyTotal:[22110631] StorageMoney:[0] Reason:[ItemUpgrade] Attach:[]
2013-08-12 20:58:12 lv3:RoleID:[20] MoneyChanged:[-12375] MoneyTotal:[22098256] StorageMoney:[0] Reason:[ItemUpgrade] Attach:[]
2013-08-12 20:58:13 lv3:RoleID:[20] MoneyChanged:[-12375] MoneyTotal:[22085881] StorageMoney:[0] Reason:[ItemUpgrade] Attach:[]
2013-08-12 20:58:13 lv3:RoleID:[20] MoneyChanged:[-12375] MoneyTotal:[22073506] StorageMoney:[0] Reason:[ItemUpgrade] Attach:[]
2013-08-12 20:58:14 lv3:RoleID:[20] MoneyChanged:[-12375] MoneyTotal:[22061131] StorageMoney:[0] Reason:[ItemUpgrade] Attach:[]
2013-08-12 20:58:14 lv3:RoleID:[20] MoneyChanged:[-12375] MoneyTotal:[22048756] StorageMoney:[0] Reason:[ItemUpgrade] Attach:[]
2013-08-12 20:58:34 lv3:RoleID:[20] MoneyChanged:[-16500] MoneyTotal:[22032256] StorageMoney:[0] Reason:[ItemUpgrade] Attach:[]
2013-08-12 20:58:34 lv3:RoleID:[20] MoneyChanged:[-16500] MoneyTotal:[22015756] StorageMoney:[0] Reason:[ItemUpgrade] Attach:[]
2013-08-12 20:58:39 lv3:RoleID:[20] MoneyChanged:[-21375] MoneyTotal:[21994381] StorageMoney:[0] Reason:[ItemUpgrade] Attach:[]
