2013-08-12 19:18:50 lv3:RoleID:[20] MoneyChanged:[168] MoneyTotal:[168] StorageMoney:[0] Reason:[NpcSell] Attach:[]
2013-08-12 19:18:51 lv3:RoleID:[20] MoneyChanged:[1] MoneyTotal:[169] StorageMoney:[0] Reason:[NpcSell] Attach:[]
2013-08-12 19:18:53 lv3:RoleID:[20] MoneyChanged:[198] MoneyTotal:[367] StorageMoney:[0] Reason:[NpcSell] Attach:[]
2013-08-12 19:18:55 lv3:RoleID:[20] MoneyChanged:[158] MoneyTotal:[525] StorageMoney:[0] Reason:[NpcSell] Attach:[]
2013-08-12 19:20:04 lv3:RoleID:[20] MoneyChanged:[-396] MoneyTotal:[129] StorageMoney:[0] Reason:[Script] Attach:[Script\Npc\NPC-jianghuyouyi.s]
2013-08-12 19:24:58 lv3:RoleID:[20] MoneyChanged:[3316] MoneyTotal:[3445] StorageMoney:[0] Reason:[Task] Attach:[1757]
2013-08-12 19:25:47 lv3:RoleID:[20] MoneyChanged:[4384] MoneyTotal:[7829] StorageMoney:[0] Reason:[Task] Attach:[26]
2013-08-12 19:25:50 lv3:RoleID:[20] MoneyChanged:[200] MoneyTotal:[8029] StorageMoney:[0] Reason:[Task] Attach:[1]
2013-08-12 19:25:52 lv3:RoleID:[20] MoneyChanged:[400] MoneyTotal:[8429] StorageMoney:[0] Reason:[Task] Attach:[13]
2013-08-12 19:25:53 lv3:RoleID:[20] MoneyChanged:[2700] MoneyTotal:[11129] StorageMoney:[0] Reason:[Task] Attach:[36]
2013-08-12 19:25:55 lv3:RoleID:[20] MoneyChanged:[3000] MoneyTotal:[14129] StorageMoney:[0] Reason:[Task] Attach:[46]
2013-08-12 19:25:57 lv3:RoleID:[20] MoneyChanged:[1500] MoneyTotal:[15629] StorageMoney:[0] Reason:[Task] Attach:[62]
2013-08-12 19:26:10 lv3:RoleID:[20] MoneyChanged:[1290] MoneyTotal:[16919] StorageMoney:[0] Reason:[Task] Attach:[4421]
2013-08-12 19:26:47 lv3:RoleID:[20] MoneyChanged:[-400] MoneyTotal:[16519] StorageMoney:[0] Reason:[Carry] Attach:[]
2013-08-12 19:27:20 lv3:RoleID:[20] MoneyChanged:[-274] MoneyTotal:[16245] StorageMoney:[0] Reason:[EquipRepair] Attach:[]
2013-08-12 19:27:20 lv3:RoleID:[20] MoneyChanged:[-131] MoneyTotal:[16114] StorageMoney:[0] Reason:[EquipRepair] Attach:[]
2013-08-12 19:27:20 lv3:RoleID:[20] MoneyChanged:[-263] MoneyTotal:[15851] StorageMoney:[0] Reason:[EquipRepair] Attach:[]
2013-08-12 19:27:20 lv3:RoleID:[20] MoneyChanged:[-115] MoneyTotal:[15736] StorageMoney:[0] Reason:[EquipRepair] Attach:[]
2013-08-12 19:27:20 lv3:RoleID:[20] MoneyChanged:[-342] MoneyTotal:[15394] StorageMoney:[0] Reason:[EquipRepair] Attach:[]
2013-08-12 19:27:20 lv3:RoleID:[20] MoneyChanged:[-300] MoneyTotal:[15094] StorageMoney:[0] Reason:[EquipRepair] Attach:[]
2013-08-12 19:27:20 lv3:RoleID:[20] MoneyChanged:[-36] MoneyTotal:[15058] StorageMoney:[0] Reason:[EquipRepair] Attach:[]
2013-08-12 19:27:20 lv3:RoleID:[20] MoneyChanged:[-115] MoneyTotal:[14943] StorageMoney:[0] Reason:[EquipRepair] Attach:[]
