2013-09-23 23:56:37 lv1:MS:socket err:10061 -- CKManagerServerConnector::OnError -- CTcpSocket::Connect -- ::connect function return SOCKET_ERROR
2013-09-23 23:56:37 lv1:MS:socket err:10061 -- CGACDConnector::OnError -- CTcpSocket::Connect -- ::connect function return SOCKET_ERROR
2013-09-23 23:56:38 lv1:MS:socket err:10061 -- CNameServerConnector::OnError -- CTcpSocket::Connect -- ::connect function return SOCKET_ERROR
2013-09-23 23:56:42 lv1:MS:socket err:10061 -- CKManagerServerConnector::OnError -- CTcpSocket::Connect -- ::connect function return SOCKET_ERROR
2013-09-23 23:56:42 lv1:MS:socket err:10061 -- CNameServerConnector::OnError -- CTcpSocket::Connect -- ::connect function return SOCKET_ERROR
2013-09-23 23:56:42 lv1:MS:socket err:10061 -- CGACDConnector::OnError -- CTcpSocket::Connect -- ::connect function return SOCKET_ERROR
2013-09-23 23:56:47 lv1:MS:socket err:10061 -- CKManagerServerConnector::OnError -- CTcpSocket::Connect -- ::connect function return SOCKET_ERROR
2013-09-23 23:56:47 lv1:MS:socket err:10061 -- CNameServerConnector::OnError -- CTcpSocket::Connect -- ::connect function return SOCKET_ERROR
2013-09-23 23:56:48 lv1:MS:socket err:10061 -- CGACDConnector::OnError -- CTcpSocket::Connect -- ::connect function return SOCKET_ERROR
2013-09-23 23:56:52 lv1:MS:socket err:10061 -- CGACDConnector::OnError -- CTcpSocket::Connect -- ::connect function return SOCKET_ERROR
2013-09-23 23:56:52 lv1:MS:socket err:10061 -- CKManagerServerConnector::OnError -- CTcpSocket::Connect -- ::connect function return SOCKET_ERROR
2013-09-23 23:56:52 lv1:MS:socket err:10061 -- CNameServerConnector::OnError -- CTcpSocket::Connect -- ::connect function return SOCKET_ERROR
2013-09-23 23:56:57 lv1:MS:socket err:10061 -- CGACDConnector::OnError -- CTcpSocket::Connect -- ::connect function return SOCKET_ERROR
2013-09-23 23:56:57 lv1:MS:socket err:10061 -- CKManagerServerConnector::OnError -- CTcpSocket::Connect -- ::connect function return SOCKET_ERROR
2013-09-23 23:56:57 lv1:MS:socket err:10061 -- CNameServerConnector::OnError -- CTcpSocket::Connect -- ::connect function return SOCKET_ERROR
2013-09-23 23:57:02 lv1:MS:socket err:10061 -- CGACDConnector::OnError -- CTcpSocket::Connect -- ::connect function return SOCKET_ERROR
2013-09-23 23:57:02 lv1:MS:socket err:10061 -- CKManagerServerConnector::OnError -- CTcpSocket::Connect -- ::connect function return SOCKET_ERROR
2013-09-23 23:57:07 lv1:MS:socket err:10061 -- CGACDConnector::OnError -- CTcpSocket::Connect -- ::connect function return SOCKET_ERROR
2013-09-23 23:57:07 lv1:MS:socket err:10061 -- CKManagerServerConnector::OnError -- CTcpSocket::Connect -- ::connect function return SOCKET_ERROR
2013-09-23 23:57:12 lv1:MS:socket err:10061 -- CKManagerServerConnector::OnError -- CTcpSocket::Connect -- ::connect function return SOCKET_ERROR
2013-09-23 23:57:12 lv1:MS:socket err:10061 -- CGACDConnector::OnError -- CTcpSocket::Connect -- ::connect function return SOCKET_ERROR
2013-09-23 23:57:17 lv1:MS:socket err:10061 -- CKManagerServerConnector::OnError -- CTcpSocket::Connect -- ::connect function return SOCKET_ERROR
2013-09-23 23:57:17 lv1:MS:socket err:10061 -- CGACDConnector::OnError -- CTcpSocket::Connect -- ::connect function return SOCKET_ERROR
2013-09-23 23:57:22 lv1:MS:socket err:10061 -- CGACDConnector::OnError -- CTcpSocket::Connect -- ::connect function return SOCKET_ERROR
2013-09-23 23:57:22 lv1:MS:socket err:10061 -- CKManagerServerConnector::OnError -- CTcpSocket::Connect -- ::connect function return SOCKET_ERROR
2013-09-23 23:57:27 lv1:MS:socket err:10061 -- CGACDConnector::OnError -- CTcpSocket::Connect -- ::connect function return SOCKET_ERROR
2013-09-23 23:57:27 lv1:MS:socket err:10061 -- CKManagerServerConnector::OnError -- CTcpSocket::Connect -- ::connect function return SOCKET_ERROR
2013-09-23 23:57:32 lv1:MS:socket err:10061 -- CGACDConnector::OnError -- CTcpSocket::Connect -- ::connect function return SOCKET_ERROR
2013-09-23 23:57:32 lv1:MS:socket err:10061 -- CKManagerServerConnector::OnError -- CTcpSocket::Connect -- ::connect function return SOCKET_ERROR
2013-09-23 23:57:37 lv1:MS:socket err:10061 -- CGACDConnector::OnError -- CTcpSocket::Connect -- ::connect function return SOCKET_ERROR
2013-09-23 23:57:37 lv1:MS:socket err:10061 -- CKManagerServerConnector::OnError -- CTcpSocket::Connect -- ::connect function return SOCKET_ERROR
2013-09-23 23:57:42 lv1:MS:socket err:10061 -- CGACDConnector::OnError -- CTcpSocket::Connect -- ::connect function return SOCKET_ERROR
2013-09-23 23:57:42 lv1:MS:socket err:10061 -- CKManagerServerConnector::OnError -- CTcpSocket::Connect -- ::connect function return SOCKET_ERROR
2013-09-23 23:57:47 lv1:MS:socket err:10061 -- CGACDConnector::OnError -- CTcpSocket::Connect -- ::connect function return SOCKET_ERROR
2013-09-23 23:57:47 lv1:MS:socket err:10061 -- CKManagerServerConnector::OnError -- CTcpSocket::Connect -- ::connect function return SOCKET_ERROR
2013-09-23 23:57:52 lv1:MS:socket err:10061 -- CGACDConnector::OnError -- CTcpSocket::Connect -- ::connect function return SOCKET_ERROR
2013-09-23 23:57:52 lv1:MS:socket err:10061 -- CKManagerServerConnector::OnError -- CTcpSocket::Connect -- ::connect function return SOCKET_ERROR
2013-09-23 23:57:57 lv1:MS:socket err:10061 -- CGACDConnector::OnError -- CTcpSocket::Connect -- ::connect function return SOCKET_ERROR
2013-09-23 23:57:57 lv1:MS:socket err:10061 -- CKManagerServerConnector::OnError -- CTcpSocket::Connect -- ::connect function return SOCKET_ERROR
2013-09-23 23:58:02 lv1:MS:socket err:10061 -- CGACDConnector::OnError -- CTcpSocket::Connect -- ::connect function return SOCKET_ERROR
2013-09-23 23:58:02 lv1:MS:socket err:10061 -- CKManagerServerConnector::OnError -- CTcpSocket::Connect -- ::connect function return SOCKET_ERROR
2013-09-23 23:58:07 lv1:MS:socket err:10061 -- CGACDConnector::OnError -- CTcpSocket::Connect -- ::connect function return SOCKET_ERROR
2013-09-23 23:58:07 lv1:MS:socket err:10061 -- CKManagerServerConnector::OnError -- CTcpSocket::Connect -- ::connect function return SOCKET_ERROR
2013-09-23 23:58:12 lv1:MS:socket err:10061 -- CGACDConnector::OnError -- CTcpSocket::Connect -- ::connect function return SOCKET_ERROR
2013-09-23 23:58:12 lv1:MS:socket err:10061 -- CKManagerServerConnector::OnError -- CTcpSocket::Connect -- ::connect function return SOCKET_ERROR
2013-09-23 23:58:17 lv1:MS:socket err:10061 -- CGACDConnector::OnError -- CTcpSocket::Connect -- ::connect function return SOCKET_ERROR
2013-09-23 23:58:17 lv1:MS:socket err:10061 -- CKManagerServerConnector::OnError -- CTcpSocket::Connect -- ::connect function return SOCKET_ERROR
2013-09-23 23:58:22 lv1:MS:socket err:10061 -- CKManagerServerConnector::OnError -- CTcpSocket::Connect -- ::connect function return SOCKET_ERROR
2013-09-23 23:58:22 lv1:MS:socket err:10061 -- CGACDConnector::OnError -- CTcpSocket::Connect -- ::connect function return SOCKET_ERROR
2013-09-23 23:58:27 lv1:MS:socket err:10061 -- CGACDConnector::OnError -- CTcpSocket::Connect -- ::connect function return SOCKET_ERROR
2013-09-23 23:58:27 lv1:MS:socket err:10061 -- CKManagerServerConnector::OnError -- CTcpSocket::Connect -- ::connect function return SOCKET_ERROR
2013-09-23 23:58:32 lv1:MS:socket err:10061 -- CGACDConnector::OnError -- CTcpSocket::Connect -- ::connect function return SOCKET_ERROR
2013-09-23 23:58:32 lv1:MS:socket err:10061 -- CKManagerServerConnector::OnError -- CTcpSocket::Connect -- ::connect function return SOCKET_ERROR
2013-09-23 23:58:37 lv1:MS:socket err:10061 -- CGACDConnector::OnError -- CTcpSocket::Connect -- ::connect function return SOCKET_ERROR
2013-09-23 23:58:37 lv1:MS:socket err:10061 -- CKManagerServerConnector::OnError -- CTcpSocket::Connect -- ::connect function return SOCKET_ERROR
2013-09-23 23:58:42 lv1:MS:socket err:10061 -- CGACDConnector::OnError -- CTcpSocket::Connect -- ::connect function return SOCKET_ERROR
2013-09-23 23:58:42 lv1:MS:socket err:10061 -- CKManagerServerConnector::OnError -- CTcpSocket::Connect -- ::connect function return SOCKET_ERROR
2013-09-23 23:58:47 lv1:MS:socket err:10061 -- CGACDConnector::OnError -- CTcpSocket::Connect -- ::connect function return SOCKET_ERROR
2013-09-23 23:58:47 lv1:MS:socket err:10061 -- CKManagerServerConnector::OnError -- CTcpSocket::Connect -- ::connect function return SOCKET_ERROR
2013-09-23 23:58:51 lv2:MS:socket err:64 -- CGameServerSession::OnError -- CIOCPSession::OnIOCompleteFailed
2013-09-23 23:58:51 lv3:MS:Session IsClose Line[4]
2013-09-23 23:58:51 lv2:MS:err:64 CGateServerSession::OnError -- CIOCPSession::OnIOCompleteFailed
2013-09-23 23:58:51 lv2:MS:Gate: 1 disconnect
2013-09-23 23:58:51 lv2:MS:err:64 CLocalServerSession::OnError -- CIOCPSession::OnIOCompleteFailed
2013-09-23 23:59:25 lv1:MS:socket err:10061 -- CGACDConnector::OnError -- CTcpSocket::Connect -- ::connect function return SOCKET_ERROR
2013-09-23 23:59:25 lv1:MS:socket err:10061 -- CKManagerServerConnector::OnError -- CTcpSocket::Connect -- ::connect function return SOCKET_ERROR
2013-09-23 23:59:27 lv2:MS:err:64 CGateServerSession::OnError -- CIOCPSession::OnIOCompleteFailed
2013-09-23 23:59:27 lv2:MS:Gate: 1 disconnect
2013-09-23 23:59:27 lv2:MS:err:64 CLocalServerSession::OnError -- CIOCPSession::OnIOCompleteFailed
