2013-08-12 20:11:12 lv3:LS:Memory [Global\ShareMem1] is opened , size : 104857600 , block size : 91746
2013-08-12 20:11:19 lv2:LS:socket err:11004 -- CLogsrvConnector::OnError -- SetAddress failed! Addr:(ubuntu) Port:9008
2013-08-12 20:11:24 lv2:LS:socket err:11004 -- CLogsrvConnector::OnError -- SetAddress failed! Addr:(ubuntu) Port:9008
2013-08-12 20:11:29 lv2:LS:socket err:11004 -- CLogsrvConnector::OnError -- SetAddress failed! Addr:(ubuntu) Port:9008
2013-08-12 20:11:34 lv2:LS:socket err:11004 -- CLogsrvConnector::OnError -- SetAddress failed! Addr:(ubuntu) Port:9008
2013-08-12 20:11:39 lv2:LS:socket err:11004 -- CLogsrvConnector::OnError -- SetAddress failed! Addr:(ubuntu) Port:9008
2013-08-12 20:11:44 lv2:LS:socket err:11004 -- CLogsrvConnector::OnError -- SetAddress failed! Addr:(ubuntu) Port:9008
2013-08-12 20:11:49 lv2:LS:socket err:11004 -- CLogsrvConnector::OnError -- SetAddress failed! Addr:(ubuntu) Port:9008
2013-08-12 20:11:54 lv2:LS:socket err:11004 -- CLogsrvConnector::OnError -- SetAddress failed! Addr:(ubuntu) Port:9008
2013-08-12 20:11:59 lv2:LS:socket err:11004 -- CLogsrvConnector::OnError -- SetAddress failed! Addr:(ubuntu) Port:9008
2013-08-12 20:12:04 lv2:LS:socket err:11004 -- CLogsrvConnector::OnError -- SetAddress failed! Addr:(ubuntu) Port:9008
2013-08-12 20:12:09 lv2:LS:socket err:11004 -- CLogsrvConnector::OnError -- SetAddress failed! Addr:(ubuntu) Port:9008
2013-08-12 20:12:14 lv2:LS:socket err:11004 -- CLogsrvConnector::OnError -- SetAddress failed! Addr:(ubuntu) Port:9008
2013-08-12 20:12:19 lv2:LS:socket err:11004 -- CLogsrvConnector::OnError -- SetAddress failed! Addr:(ubuntu) Port:9008
2013-08-12 20:12:24 lv2:LS:socket err:11004 -- CLogsrvConnector::OnError -- SetAddress failed! Addr:(ubuntu) Port:9008
2013-08-12 20:12:29 lv2:LS:socket err:11004 -- CLogsrvConnector::OnError -- SetAddress failed! Addr:(ubuntu) Port:9008
2013-08-12 20:12:34 lv2:LS:socket err:11004 -- CLogsrvConnector::OnError -- SetAddress failed! Addr:(ubuntu) Port:9008
2013-08-12 20:12:39 lv2:LS:socket err:11004 -- CLogsrvConnector::OnError -- SetAddress failed! Addr:(ubuntu) Port:9008
2013-08-12 20:12:44 lv2:LS:socket err:11004 -- CLogsrvConnector::OnError -- SetAddress failed! Addr:(ubuntu) Port:9008
2013-08-12 20:12:49 lv2:LS:socket err:11004 -- CLogsrvConnector::OnError -- SetAddress failed! Addr:(ubuntu) Port:9008
2013-08-12 20:12:54 lv2:LS:socket err:11004 -- CLogsrvConnector::OnError -- SetAddress failed! Addr:(ubuntu) Port:9008
2013-08-12 20:12:59 lv2:LS:socket err:11004 -- CLogsrvConnector::OnError -- SetAddress failed! Addr:(ubuntu) Port:9008
2013-08-12 20:13:04 lv2:LS:socket err:11004 -- CLogsrvConnector::OnError -- SetAddress failed! Addr:(ubuntu) Port:9008
2013-08-12 20:13:09 lv2:LS:socket err:11004 -- CLogsrvConnector::OnError -- SetAddress failed! Addr:(ubuntu) Port:9008
2013-08-12 20:13:14 lv2:LS:socket err:11004 -- CLogsrvConnector::OnError -- SetAddress failed! Addr:(ubuntu) Port:9008
2013-08-12 20:13:19 lv2:LS:socket err:11004 -- CLogsrvConnector::OnError -- SetAddress failed! Addr:(ubuntu) Port:9008
2013-08-12 20:13:24 lv2:LS:socket err:11004 -- CLogsrvConnector::OnError -- SetAddress failed! Addr:(ubuntu) Port:9008
2013-08-12 20:13:29 lv2:LS:socket err:11004 -- CLogsrvConnector::OnError -- SetAddress failed! Addr:(ubuntu) Port:9008
2013-08-12 20:13:34 lv2:LS:socket err:11004 -- CLogsrvConnector::OnError -- SetAddress failed! Addr:(ubuntu) Port:9008
2013-08-12 20:13:39 lv2:LS:socket err:11004 -- CLogsrvConnector::OnError -- SetAddress failed! Addr:(ubuntu) Port:9008
2013-08-12 20:13:44 lv2:LS:socket err:11004 -- CLogsrvConnector::OnError -- SetAddress failed! Addr:(ubuntu) Port:9008
2013-08-12 20:13:49 lv2:LS:socket err:11004 -- CLogsrvConnector::OnError -- SetAddress failed! Addr:(ubuntu) Port:9008
2013-08-12 20:13:54 lv2:LS:socket err:11004 -- CLogsrvConnector::OnError -- SetAddress failed! Addr:(ubuntu) Port:9008
2013-08-12 20:13:59 lv1:LS:GameServer[4] No Response!!!!!!!!!

2013-08-12 20:13:59 lv2:LS:socket err:11004 -- CLogsrvConnector::OnError -- SetAddress failed! Addr:(ubuntu) Port:9008
2013-08-12 20:14:04 lv2:LS:socket err:11004 -- CLogsrvConnector::OnError -- SetAddress failed! Addr:(ubuntu) Port:9008
2013-08-12 20:14:09 lv2:LS:socket err:11004 -- CLogsrvConnector::OnError -- SetAddress failed! Addr:(ubuntu) Port:9008
2013-08-12 20:14:14 lv2:LS:socket err:11004 -- CLogsrvConnector::OnError -- SetAddress failed! Addr:(ubuntu) Port:9008
2013-08-12 20:14:19 lv2:LS:socket err:11004 -- CLogsrvConnector::OnError -- SetAddress failed! Addr:(ubuntu) Port:9008
2013-08-12 20:14:24 lv2:LS:socket err:11004 -- CLogsrvConnector::OnError -- SetAddress failed! Addr:(ubuntu) Port:9008
2013-08-12 20:14:29 lv2:LS:socket err:11004 -- CLogsrvConnector::OnError -- SetAddress failed! Addr:(ubuntu) Port:9008
2013-08-12 20:14:34 lv2:LS:socket err:11004 -- CLogsrvConnector::OnError -- SetAddress failed! Addr:(ubuntu) Port:9008
2013-08-12 20:14:39 lv2:LS:socket err:11004 -- CLogsrvConnector::OnError -- SetAddress failed! Addr:(ubuntu) Port:9008
2013-08-12 20:14:44 lv2:LS:socket err:11004 -- CLogsrvConnector::OnError -- SetAddress failed! Addr:(ubuntu) Port:9008
2013-08-12 20:14:49 lv2:LS:socket err:11004 -- CLogsrvConnector::OnError -- SetAddress failed! Addr:(ubuntu) Port:9008
2013-08-12 20:14:54 lv2:LS:socket err:11004 -- CLogsrvConnector::OnError -- SetAddress failed! Addr:(ubuntu) Port:9008
2013-08-12 20:14:59 lv2:LS:socket err:11004 -- CLogsrvConnector::OnError -- SetAddress failed! Addr:(ubuntu) Port:9008
2013-08-12 20:15:04 lv2:LS:socket err:11004 -- CLogsrvConnector::OnError -- SetAddress failed! Addr:(ubuntu) Port:9008
2013-08-12 20:15:09 lv2:LS:socket err:11004 -- CLogsrvConnector::OnError -- SetAddress failed! Addr:(ubuntu) Port:9008
2013-08-12 20:15:14 lv2:LS:socket err:11004 -- CLogsrvConnector::OnError -- SetAddress failed! Addr:(ubuntu) Port:9008
2013-08-12 20:15:32 lv3:LS:Memory [Global\ShareMem1] is opened , size : 104857600 , block size : 91746
2013-08-12 20:15:39 lv2:LS:socket err:11004 -- CLogsrvConnector::OnError -- SetAddress failed! Addr:(ubuntu) Port:9008
2013-08-12 20:15:44 lv2:LS:socket err:11004 -- CLogsrvConnector::OnError -- SetAddress failed! Addr:(ubuntu) Port:9008
2013-08-12 20:15:49 lv2:LS:socket err:11004 -- CLogsrvConnector::OnError -- SetAddress failed! Addr:(ubuntu) Port:9008
2013-08-12 20:15:54 lv2:LS:socket err:11004 -- CLogsrvConnector::OnError -- SetAddress failed! Addr:(ubuntu) Port:9008
2013-08-12 20:15:59 lv2:LS:socket err:11004 -- CLogsrvConnector::OnError -- SetAddress failed! Addr:(ubuntu) Port:9008
2013-08-12 20:16:04 lv2:LS:socket err:11004 -- CLogsrvConnector::OnError -- SetAddress failed! Addr:(ubuntu) Port:9008
2013-08-12 20:16:09 lv2:LS:socket err:11004 -- CLogsrvConnector::OnError -- SetAddress failed! Addr:(ubuntu) Port:9008
2013-08-12 20:16:14 lv2:LS:socket err:11004 -- CLogsrvConnector::OnError -- SetAddress failed! Addr:(ubuntu) Port:9008
2013-08-12 20:16:19 lv2:LS:socket err:11004 -- CLogsrvConnector::OnError -- SetAddress failed! Addr:(ubuntu) Port:9008
2013-08-12 20:16:24 lv2:LS:socket err:11004 -- CLogsrvConnector::OnError -- SetAddress failed! Addr:(ubuntu) Port:9008
2013-08-12 20:16:29 lv2:LS:socket err:11004 -- CLogsrvConnector::OnError -- SetAddress failed! Addr:(ubuntu) Port:9008
2013-08-12 20:16:34 lv2:LS:socket err:11004 -- CLogsrvConnector::OnError -- SetAddress failed! Addr:(ubuntu) Port:9008
2013-08-12 20:16:39 lv2:LS:socket err:11004 -- CLogsrvConnector::OnError -- SetAddress failed! Addr:(ubuntu) Port:9008
2013-08-12 20:16:44 lv2:LS:socket err:11004 -- CLogsrvConnector::OnError -- SetAddress failed! Addr:(ubuntu) Port:9008
2013-08-12 20:16:49 lv2:LS:socket err:11004 -- CLogsrvConnector::OnError -- SetAddress failed! Addr:(ubuntu) Port:9008
2013-08-12 20:16:54 lv2:LS:socket err:11004 -- CLogsrvConnector::OnError -- SetAddress failed! Addr:(ubuntu) Port:9008
2013-08-12 20:16:59 lv2:LS:socket err:11004 -- CLogsrvConnector::OnError -- SetAddress failed! Addr:(ubuntu) Port:9008
2013-08-12 20:17:04 lv2:LS:socket err:11004 -- CLogsrvConnector::OnError -- SetAddress failed! Addr:(ubuntu) Port:9008
2013-08-12 20:17:09 lv2:LS:socket err:11004 -- CLogsrvConnector::OnError -- SetAddress failed! Addr:(ubuntu) Port:9008
2013-08-12 20:17:14 lv2:LS:socket err:11004 -- CLogsrvConnector::OnError -- SetAddress failed! Addr:(ubuntu) Port:9008
2013-08-12 20:17:19 lv2:LS:socket err:11004 -- CLogsrvConnector::OnError -- SetAddress failed! Addr:(ubuntu) Port:9008
2013-08-12 20:17:24 lv2:LS:socket err:11004 -- CLogsrvConnector::OnError -- SetAddress failed! Addr:(ubuntu) Port:9008
2013-08-12 20:17:29 lv2:LS:socket err:11004 -- CLogsrvConnector::OnError -- SetAddress failed! Addr:(ubuntu) Port:9008
2013-08-12 20:17:34 lv2:LS:socket err:11004 -- CLogsrvConnector::OnError -- SetAddress failed! Addr:(ubuntu) Port:9008
2013-08-12 20:17:39 lv2:LS:socket err:11004 -- CLogsrvConnector::OnError -- SetAddress failed! Addr:(ubuntu) Port:9008
2013-08-12 20:17:44 lv2:LS:socket err:11004 -- CLogsrvConnector::OnError -- SetAddress failed! Addr:(ubuntu) Port:9008
2013-08-12 20:17:49 lv2:LS:socket err:11004 -- CLogsrvConnector::OnError -- SetAddress failed! Addr:(ubuntu) Port:9008
2013-08-12 20:17:54 lv2:LS:socket err:11004 -- CLogsrvConnector::OnError -- SetAddress failed! Addr:(ubuntu) Port:9008
2013-08-12 20:17:59 lv2:LS:socket err:11004 -- CLogsrvConnector::OnError -- SetAddress failed! Addr:(ubuntu) Port:9008
2013-08-12 20:18:04 lv2:LS:socket err:11004 -- CLogsrvConnector::OnError -- SetAddress failed! Addr:(ubuntu) Port:9008
2013-08-12 20:18:09 lv2:LS:socket err:11004 -- CLogsrvConnector::OnError -- SetAddress failed! Addr:(ubuntu) Port:9008
2013-08-12 20:18:14 lv2:LS:socket err:11004 -- CLogsrvConnector::OnError -- SetAddress failed! Addr:(ubuntu) Port:9008
2013-08-12 20:18:19 lv2:LS:socket err:11004 -- CLogsrvConnector::OnError -- SetAddress failed! Addr:(ubuntu) Port:9008
2013-08-12 20:18:24 lv2:LS:socket err:11004 -- CLogsrvConnector::OnError -- SetAddress failed! Addr:(ubuntu) Port:9008
2013-08-12 20:18:29 lv2:LS:socket err:11004 -- CLogsrvConnector::OnError -- SetAddress failed! Addr:(ubuntu) Port:9008
2013-08-12 20:18:34 lv2:LS:socket err:11004 -- CLogsrvConnector::OnError -- SetAddress failed! Addr:(ubuntu) Port:9008
2013-08-12 20:18:37 lv4:LS:Send SaveCharacter 14

2013-08-12 20:18:39 lv2:LS:socket err:11004 -- CLogsrvConnector::OnError -- SetAddress failed! Addr:(ubuntu) Port:9008
2013-08-12 20:18:44 lv2:LS:socket err:11004 -- CLogsrvConnector::OnError -- SetAddress failed! Addr:(ubuntu) Port:9008
2013-08-12 20:18:49 lv2:LS:socket err:11004 -- CLogsrvConnector::OnError -- SetAddress failed! Addr:(ubuntu) Port:9008
2013-08-12 20:18:54 lv2:LS:socket err:11004 -- CLogsrvConnector::OnError -- SetAddress failed! Addr:(ubuntu) Port:9008
2013-08-12 20:18:59 lv2:LS:socket err:11004 -- CLogsrvConnector::OnError -- SetAddress failed! Addr:(ubuntu) Port:9008
2013-08-12 20:19:04 lv2:LS:socket err:11004 -- CLogsrvConnector::OnError -- SetAddress failed! Addr:(ubuntu) Port:9008
2013-08-12 20:19:05 lv1:LS:GameServer[4] No Response!!!!!!!!!

2013-08-12 20:19:05 lv3:LS:Player Offline ID : [14].

2013-08-12 20:19:05 lv4:LS:Send SaveCharacter 14

2013-08-12 20:19:05 lv3:LS:Save Success ID : [14].

2013-08-12 20:19:05 lv3:LS:Wait for Ack List Size : [0].

2013-08-12 20:19:09 lv2:LS:socket err:11004 -- CLogsrvConnector::OnError -- SetAddress failed! Addr:(ubuntu) Port:9008
2013-08-12 20:19:14 lv2:LS:socket err:11004 -- CLogsrvConnector::OnError -- SetAddress failed! Addr:(ubuntu) Port:9008
2013-08-12 20:19:16 lv4:LS:Send SaveCharacter 14

2013-08-12 20:19:19 lv2:LS:socket err:11004 -- CLogsrvConnector::OnError -- SetAddress failed! Addr:(ubuntu) Port:9008
2013-08-12 20:19:24 lv2:LS:socket err:11004 -- CLogsrvConnector::OnError -- SetAddress failed! Addr:(ubuntu) Port:9008
2013-08-12 20:19:29 lv2:LS:socket err:11004 -- CLogsrvConnector::OnError -- SetAddress failed! Addr:(ubuntu) Port:9008
2013-08-12 20:19:34 lv2:LS:socket err:11004 -- CLogsrvConnector::OnError -- SetAddress failed! Addr:(ubuntu) Port:9008
2013-08-12 20:19:39 lv2:LS:socket err:11004 -- CLogsrvConnector::OnError -- SetAddress failed! Addr:(ubuntu) Port:9008
2013-08-12 20:19:44 lv2:LS:socket err:11004 -- CLogsrvConnector::OnError -- SetAddress failed! Addr:(ubuntu) Port:9008
2013-08-12 20:19:49 lv2:LS:socket err:11004 -- CLogsrvConnector::OnError -- SetAddress failed! Addr:(ubuntu) Port:9008
2013-08-12 20:19:54 lv2:LS:socket err:11004 -- CLogsrvConnector::OnError -- SetAddress failed! Addr:(ubuntu) Port:9008
2013-08-12 20:19:59 lv2:LS:socket err:11004 -- CLogsrvConnector::OnError -- SetAddress failed! Addr:(ubuntu) Port:9008
2013-08-12 20:20:04 lv2:LS:socket err:11004 -- CLogsrvConnector::OnError -- SetAddress failed! Addr:(ubuntu) Port:9008
2013-08-12 20:20:09 lv2:LS:socket err:11004 -- CLogsrvConnector::OnError -- SetAddress failed! Addr:(ubuntu) Port:9008
2013-08-12 20:20:14 lv2:LS:socket err:11004 -- CLogsrvConnector::OnError -- SetAddress failed! Addr:(ubuntu) Port:9008
2013-08-12 20:20:19 lv2:LS:socket err:11004 -- CLogsrvConnector::OnError -- SetAddress failed! Addr:(ubuntu) Port:9008
2013-08-12 20:20:24 lv2:LS:socket err:11004 -- CLogsrvConnector::OnError -- SetAddress failed! Addr:(ubuntu) Port:9008
2013-08-12 20:20:29 lv2:LS:socket err:11004 -- CLogsrvConnector::OnError -- SetAddress failed! Addr:(ubuntu) Port:9008
2013-08-12 20:20:34 lv2:LS:socket err:11004 -- CLogsrvConnector::OnError -- SetAddress failed! Addr:(ubuntu) Port:9008
2013-08-12 20:20:39 lv2:LS:socket err:11004 -- CLogsrvConnector::OnError -- SetAddress failed! Addr:(ubuntu) Port:9008
2013-08-12 20:20:44 lv2:LS:socket err:11004 -- CLogsrvConnector::OnError -- SetAddress failed! Addr:(ubuntu) Port:9008
2013-08-12 20:20:49 lv2:LS:socket err:11004 -- CLogsrvConnector::OnError -- SetAddress failed! Addr:(ubuntu) Port:9008
2013-08-12 20:20:54 lv2:LS:socket err:11004 -- CLogsrvConnector::OnError -- SetAddress failed! Addr:(ubuntu) Port:9008
2013-08-12 20:20:59 lv2:LS:socket err:11004 -- CLogsrvConnector::OnError -- SetAddress failed! Addr:(ubuntu) Port:9008
2013-08-12 20:21:04 lv2:LS:socket err:11004 -- CLogsrvConnector::OnError -- SetAddress failed! Addr:(ubuntu) Port:9008
2013-08-12 20:21:09 lv2:LS:socket err:11004 -- CLogsrvConnector::OnError -- SetAddress failed! Addr:(ubuntu) Port:9008
2013-08-12 20:21:14 lv2:LS:socket err:11004 -- CLogsrvConnector::OnError -- SetAddress failed! Addr:(ubuntu) Port:9008
2013-08-12 20:21:19 lv2:LS:socket err:11004 -- CLogsrvConnector::OnError -- SetAddress failed! Addr:(ubuntu) Port:9008
2013-08-12 20:21:24 lv2:LS:socket err:11004 -- CLogsrvConnector::OnError -- SetAddress failed! Addr:(ubuntu) Port:9008
2013-08-12 20:21:29 lv2:LS:socket err:11004 -- CLogsrvConnector::OnError -- SetAddress failed! Addr:(ubuntu) Port:9008
2013-08-12 20:21:34 lv2:LS:socket err:11004 -- CLogsrvConnector::OnError -- SetAddress failed! Addr:(ubuntu) Port:9008
2013-08-12 20:21:39 lv2:LS:socket err:11004 -- CLogsrvConnector::OnError -- SetAddress failed! Addr:(ubuntu) Port:9008
2013-08-12 20:21:44 lv2:LS:socket err:11004 -- CLogsrvConnector::OnError -- SetAddress failed! Addr:(ubuntu) Port:9008
2013-08-12 20:21:49 lv2:LS:socket err:11004 -- CLogsrvConnector::OnError -- SetAddress failed! Addr:(ubuntu) Port:9008
2013-08-12 20:21:54 lv2:LS:socket err:11004 -- CLogsrvConnector::OnError -- SetAddress failed! Addr:(ubuntu) Port:9008
2013-08-12 20:21:59 lv2:LS:socket err:11004 -- CLogsrvConnector::OnError -- SetAddress failed! Addr:(ubuntu) Port:9008
2013-08-12 20:22:04 lv2:LS:socket err:11004 -- CLogsrvConnector::OnError -- SetAddress failed! Addr:(ubuntu) Port:9008
2013-08-12 20:22:09 lv2:LS:socket err:11004 -- CLogsrvConnector::OnError -- SetAddress failed! Addr:(ubuntu) Port:9008
2013-08-12 20:22:14 lv2:LS:socket err:11004 -- CLogsrvConnector::OnError -- SetAddress failed! Addr:(ubuntu) Port:9008
2013-08-12 20:22:19 lv2:LS:socket err:11004 -- CLogsrvConnector::OnError -- SetAddress failed! Addr:(ubuntu) Port:9008
2013-08-12 20:22:24 lv2:LS:socket err:11004 -- CLogsrvConnector::OnError -- SetAddress failed! Addr:(ubuntu) Port:9008
2013-08-12 20:22:29 lv2:LS:socket err:11004 -- CLogsrvConnector::OnError -- SetAddress failed! Addr:(ubuntu) Port:9008
2013-08-12 20:22:34 lv2:LS:socket err:11004 -- CLogsrvConnector::OnError -- SetAddress failed! Addr:(ubuntu) Port:9008
2013-08-12 20:22:39 lv2:LS:socket err:11004 -- CLogsrvConnector::OnError -- SetAddress failed! Addr:(ubuntu) Port:9008
2013-08-12 20:22:44 lv2:LS:socket err:11004 -- CLogsrvConnector::OnError -- SetAddress failed! Addr:(ubuntu) Port:9008
2013-08-12 20:22:49 lv2:LS:socket err:11004 -- CLogsrvConnector::OnError -- SetAddress failed! Addr:(ubuntu) Port:9008
2013-08-12 20:22:54 lv2:LS:socket err:11004 -- CLogsrvConnector::OnError -- SetAddress failed! Addr:(ubuntu) Port:9008
2013-08-12 20:22:59 lv2:LS:socket err:11004 -- CLogsrvConnector::OnError -- SetAddress failed! Addr:(ubuntu) Port:9008
2013-08-12 20:23:04 lv2:LS:socket err:11004 -- CLogsrvConnector::OnError -- SetAddress failed! Addr:(ubuntu) Port:9008
2013-08-12 20:23:09 lv2:LS:socket err:11004 -- CLogsrvConnector::OnError -- SetAddress failed! Addr:(ubuntu) Port:9008
2013-08-12 20:23:14 lv2:LS:socket err:11004 -- CLogsrvConnector::OnError -- SetAddress failed! Addr:(ubuntu) Port:9008
2013-08-12 20:23:19 lv2:LS:socket err:11004 -- CLogsrvConnector::OnError -- SetAddress failed! Addr:(ubuntu) Port:9008
2013-08-12 20:23:24 lv2:LS:socket err:11004 -- CLogsrvConnector::OnError -- SetAddress failed! Addr:(ubuntu) Port:9008
2013-08-12 20:23:29 lv2:LS:socket err:11004 -- CLogsrvConnector::OnError -- SetAddress failed! Addr:(ubuntu) Port:9008
2013-08-12 20:23:34 lv2:LS:socket err:11004 -- CLogsrvConnector::OnError -- SetAddress failed! Addr:(ubuntu) Port:9008
2013-08-12 20:23:39 lv2:LS:socket err:11004 -- CLogsrvConnector::OnError -- SetAddress failed! Addr:(ubuntu) Port:9008
2013-08-12 20:23:44 lv2:LS:socket err:11004 -- CLogsrvConnector::OnError -- SetAddress failed! Addr:(ubuntu) Port:9008
2013-08-12 20:23:49 lv2:LS:socket err:11004 -- CLogsrvConnector::OnError -- SetAddress failed! Addr:(ubuntu) Port:9008
2013-08-12 20:23:54 lv2:LS:socket err:11004 -- CLogsrvConnector::OnError -- SetAddress failed! Addr:(ubuntu) Port:9008
2013-08-12 20:23:59 lv2:LS:socket err:11004 -- CLogsrvConnector::OnError -- SetAddress failed! Addr:(ubuntu) Port:9008
2013-08-12 20:24:04 lv2:LS:socket err:11004 -- CLogsrvConnector::OnError -- SetAddress failed! Addr:(ubuntu) Port:9008
2013-08-12 20:24:09 lv2:LS:socket err:11004 -- CLogsrvConnector::OnError -- SetAddress failed! Addr:(ubuntu) Port:9008
2013-08-12 20:24:14 lv2:LS:socket err:11004 -- CLogsrvConnector::OnError -- SetAddress failed! Addr:(ubuntu) Port:9008
2013-08-12 20:24:16 lv4:LS:Send SaveCharacter 14

2013-08-12 20:24:19 lv2:LS:socket err:11004 -- CLogsrvConnector::OnError -- SetAddress failed! Addr:(ubuntu) Port:9008
2013-08-12 20:24:24 lv2:LS:socket err:11004 -- CLogsrvConnector::OnError -- SetAddress failed! Addr:(ubuntu) Port:9008
2013-08-12 20:24:29 lv2:LS:socket err:11004 -- CLogsrvConnector::OnError -- SetAddress failed! Addr:(ubuntu) Port:9008
2013-08-12 20:24:34 lv2:LS:socket err:11004 -- CLogsrvConnector::OnError -- SetAddress failed! Addr:(ubuntu) Port:9008
2013-08-12 20:24:39 lv2:LS:socket err:11004 -- CLogsrvConnector::OnError -- SetAddress failed! Addr:(ubuntu) Port:9008
2013-08-12 20:24:44 lv2:LS:socket err:11004 -- CLogsrvConnector::OnError -- SetAddress failed! Addr:(ubuntu) Port:9008
2013-08-12 20:24:49 lv2:LS:socket err:11004 -- CLogsrvConnector::OnError -- SetAddress failed! Addr:(ubuntu) Port:9008
2013-08-12 20:24:54 lv2:LS:socket err:11004 -- CLogsrvConnector::OnError -- SetAddress failed! Addr:(ubuntu) Port:9008
2013-08-12 20:24:59 lv2:LS:socket err:11004 -- CLogsrvConnector::OnError -- SetAddress failed! Addr:(ubuntu) Port:9008
2013-08-12 20:25:04 lv2:LS:socket err:11004 -- CLogsrvConnector::OnError -- SetAddress failed! Addr:(ubuntu) Port:9008
2013-08-12 20:25:09 lv2:LS:socket err:11004 -- CLogsrvConnector::OnError -- SetAddress failed! Addr:(ubuntu) Port:9008
2013-08-12 20:25:14 lv2:LS:socket err:11004 -- CLogsrvConnector::OnError -- SetAddress failed! Addr:(ubuntu) Port:9008
2013-08-12 20:25:19 lv2:LS:socket err:11004 -- CLogsrvConnector::OnError -- SetAddress failed! Addr:(ubuntu) Port:9008
2013-08-12 20:25:24 lv2:LS:socket err:11004 -- CLogsrvConnector::OnError -- SetAddress failed! Addr:(ubuntu) Port:9008
2013-08-12 20:25:29 lv2:LS:socket err:11004 -- CLogsrvConnector::OnError -- SetAddress failed! Addr:(ubuntu) Port:9008
2013-08-12 20:25:34 lv2:LS:socket err:11004 -- CLogsrvConnector::OnError -- SetAddress failed! Addr:(ubuntu) Port:9008
2013-08-12 20:25:39 lv2:LS:socket err:11004 -- CLogsrvConnector::OnError -- SetAddress failed! Addr:(ubuntu) Port:9008
2013-08-12 20:25:44 lv2:LS:socket err:11004 -- CLogsrvConnector::OnError -- SetAddress failed! Addr:(ubuntu) Port:9008
2013-08-12 20:25:49 lv2:LS:socket err:11004 -- CLogsrvConnector::OnError -- SetAddress failed! Addr:(ubuntu) Port:9008
2013-08-12 20:25:54 lv2:LS:socket err:11004 -- CLogsrvConnector::OnError -- SetAddress failed! Addr:(ubuntu) Port:9008
2013-08-12 20:25:59 lv2:LS:socket err:11004 -- CLogsrvConnector::OnError -- SetAddress failed! Addr:(ubuntu) Port:9008
2013-08-12 20:26:04 lv2:LS:socket err:11004 -- CLogsrvConnector::OnError -- SetAddress failed! Addr:(ubuntu) Port:9008
2013-08-12 20:26:09 lv2:LS:socket err:11004 -- CLogsrvConnector::OnError -- SetAddress failed! Addr:(ubuntu) Port:9008
2013-08-12 20:26:14 lv2:LS:socket err:11004 -- CLogsrvConnector::OnError -- SetAddress failed! Addr:(ubuntu) Port:9008
2013-08-12 20:26:19 lv2:LS:socket err:11004 -- CLogsrvConnector::OnError -- SetAddress failed! Addr:(ubuntu) Port:9008
2013-08-12 20:26:24 lv2:LS:socket err:11004 -- CLogsrvConnector::OnError -- SetAddress failed! Addr:(ubuntu) Port:9008
2013-08-12 20:26:29 lv2:LS:socket err:11004 -- CLogsrvConnector::OnError -- SetAddress failed! Addr:(ubuntu) Port:9008
2013-08-12 20:26:34 lv3:LS:Player Offline ID : [14].

2013-08-12 20:26:34 lv4:LS:Send SaveCharacter 14

2013-08-12 20:26:34 lv3:LS:Save Success ID : [14].

2013-08-12 20:26:34 lv3:LS:Wait for Ack List Size : [0].

2013-08-12 20:26:34 lv2:LS:socket err:11004 -- CLogsrvConnector::OnError -- SetAddress failed! Addr:(ubuntu) Port:9008
2013-08-12 20:26:39 lv2:LS:socket err:11004 -- CLogsrvConnector::OnError -- SetAddress failed! Addr:(ubuntu) Port:9008
2013-08-12 20:26:44 lv2:LS:socket err:11004 -- CLogsrvConnector::OnError -- SetAddress failed! Addr:(ubuntu) Port:9008
2013-08-12 20:26:49 lv1:LS:GameServer[4] No Response!!!!!!!!!

2013-08-12 20:26:49 lv2:LS:socket err:11004 -- CLogsrvConnector::OnError -- SetAddress failed! Addr:(ubuntu) Port:9008
2013-08-12 20:26:54 lv2:LS:socket err:11004 -- CLogsrvConnector::OnError -- SetAddress failed! Addr:(ubuntu) Port:9008
2013-08-12 20:26:59 lv2:LS:socket err:11004 -- CLogsrvConnector::OnError -- SetAddress failed! Addr:(ubuntu) Port:9008
2013-08-12 20:27:04 lv2:LS:socket err:11004 -- CLogsrvConnector::OnError -- SetAddress failed! Addr:(ubuntu) Port:9008
2013-08-12 20:27:09 lv2:LS:socket err:11004 -- CLogsrvConnector::OnError -- SetAddress failed! Addr:(ubuntu) Port:9008
2013-08-12 20:27:14 lv2:LS:socket err:11004 -- CLogsrvConnector::OnError -- SetAddress failed! Addr:(ubuntu) Port:9008
2013-08-12 20:27:19 lv2:LS:socket err:11004 -- CLogsrvConnector::OnError -- SetAddress failed! Addr:(ubuntu) Port:9008
2013-08-12 20:27:24 lv2:LS:socket err:11004 -- CLogsrvConnector::OnError -- SetAddress failed! Addr:(ubuntu) Port:9008
2013-08-12 20:27:29 lv2:LS:socket err:11004 -- CLogsrvConnector::OnError -- SetAddress failed! Addr:(ubuntu) Port:9008
2013-08-12 20:27:34 lv2:LS:socket err:11004 -- CLogsrvConnector::OnError -- SetAddress failed! Addr:(ubuntu) Port:9008
2013-08-12 20:27:39 lv2:LS:socket err:11004 -- CLogsrvConnector::OnError -- SetAddress failed! Addr:(ubuntu) Port:9008
2013-08-12 20:27:44 lv2:LS:socket err:11004 -- CLogsrvConnector::OnError -- SetAddress failed! Addr:(ubuntu) Port:9008
2013-08-12 20:27:49 lv2:LS:socket err:11004 -- CLogsrvConnector::OnError -- SetAddress failed! Addr:(ubuntu) Port:9008
2013-08-12 20:27:54 lv2:LS:socket err:11004 -- CLogsrvConnector::OnError -- SetAddress failed! Addr:(ubuntu) Port:9008
2013-08-12 20:27:59 lv2:LS:socket err:11004 -- CLogsrvConnector::OnError -- SetAddress failed! Addr:(ubuntu) Port:9008
2013-08-12 20:28:04 lv2:LS:socket err:11004 -- CLogsrvConnector::OnError -- SetAddress failed! Addr:(ubuntu) Port:9008
2013-08-12 20:28:09 lv2:LS:socket err:11004 -- CLogsrvConnector::OnError -- SetAddress failed! Addr:(ubuntu) Port:9008
2013-08-12 20:28:14 lv2:LS:socket err:11004 -- CLogsrvConnector::OnError -- SetAddress failed! Addr:(ubuntu) Port:9008
2013-08-12 20:28:19 lv2:LS:socket err:11004 -- CLogsrvConnector::OnError -- SetAddress failed! Addr:(ubuntu) Port:9008
2013-08-12 20:28:24 lv2:LS:socket err:11004 -- CLogsrvConnector::OnError -- SetAddress failed! Addr:(ubuntu) Port:9008
2013-08-12 20:28:29 lv2:LS:socket err:11004 -- CLogsrvConnector::OnError -- SetAddress failed! Addr:(ubuntu) Port:9008
2013-08-12 20:28:34 lv2:LS:socket err:11004 -- CLogsrvConnector::OnError -- SetAddress failed! Addr:(ubuntu) Port:9008
2013-08-12 20:28:39 lv2:LS:socket err:11004 -- CLogsrvConnector::OnError -- SetAddress failed! Addr:(ubuntu) Port:9008
2013-08-12 20:28:44 lv2:LS:socket err:11004 -- CLogsrvConnector::OnError -- SetAddress failed! Addr:(ubuntu) Port:9008
2013-08-12 20:28:49 lv2:LS:socket err:11004 -- CLogsrvConnector::OnError -- SetAddress failed! Addr:(ubuntu) Port:9008
2013-08-12 20:28:54 lv2:LS:socket err:11004 -- CLogsrvConnector::OnError -- SetAddress failed! Addr:(ubuntu) Port:9008
2013-08-12 20:28:59 lv2:LS:socket err:11004 -- CLogsrvConnector::OnError -- SetAddress failed! Addr:(ubuntu) Port:9008
2013-08-12 20:29:04 lv2:LS:socket err:11004 -- CLogsrvConnector::OnError -- SetAddress failed! Addr:(ubuntu) Port:9008
2013-08-12 20:29:09 lv2:LS:socket err:11004 -- CLogsrvConnector::OnError -- SetAddress failed! Addr:(ubuntu) Port:9008
2013-08-12 20:29:14 lv2:LS:socket err:11004 -- CLogsrvConnector::OnError -- SetAddress failed! Addr:(ubuntu) Port:9008
2013-08-12 20:29:19 lv2:LS:socket err:11004 -- CLogsrvConnector::OnError -- SetAddress failed! Addr:(ubuntu) Port:9008
2013-08-12 20:29:24 lv2:LS:socket err:11004 -- CLogsrvConnector::OnError -- SetAddress failed! Addr:(ubuntu) Port:9008
2013-08-12 20:29:29 lv2:LS:socket err:11004 -- CLogsrvConnector::OnError -- SetAddress failed! Addr:(ubuntu) Port:9008
2013-08-12 20:29:34 lv2:LS:socket err:11004 -- CLogsrvConnector::OnError -- SetAddress failed! Addr:(ubuntu) Port:9008
2013-08-12 20:29:39 lv2:LS:socket err:11004 -- CLogsrvConnector::OnError -- SetAddress failed! Addr:(ubuntu) Port:9008
2013-08-12 20:29:44 lv2:LS:socket err:11004 -- CLogsrvConnector::OnError -- SetAddress failed! Addr:(ubuntu) Port:9008
2013-08-12 20:29:49 lv2:LS:socket err:11004 -- CLogsrvConnector::OnError -- SetAddress failed! Addr:(ubuntu) Port:9008
2013-08-12 20:29:54 lv2:LS:socket err:11004 -- CLogsrvConnector::OnError -- SetAddress failed! Addr:(ubuntu) Port:9008
2013-08-12 20:29:59 lv2:LS:socket err:11004 -- CLogsrvConnector::OnError -- SetAddress failed! Addr:(ubuntu) Port:9008
2013-08-12 20:30:04 lv2:LS:socket err:11004 -- CLogsrvConnector::OnError -- SetAddress failed! Addr:(ubuntu) Port:9008
2013-08-12 20:30:09 lv2:LS:socket err:11004 -- CLogsrvConnector::OnError -- SetAddress failed! Addr:(ubuntu) Port:9008
2013-08-12 20:30:14 lv2:LS:socket err:11004 -- CLogsrvConnector::OnError -- SetAddress failed! Addr:(ubuntu) Port:9008
2013-08-12 20:30:19 lv2:LS:socket err:11004 -- CLogsrvConnector::OnError -- SetAddress failed! Addr:(ubuntu) Port:9008
2013-08-12 20:30:24 lv2:LS:socket err:11004 -- CLogsrvConnector::OnError -- SetAddress failed! Addr:(ubuntu) Port:9008
2013-08-12 20:30:29 lv2:LS:socket err:11004 -- CLogsrvConnector::OnError -- SetAddress failed! Addr:(ubuntu) Port:9008
2013-08-12 20:30:34 lv2:LS:socket err:11004 -- CLogsrvConnector::OnError -- SetAddress failed! Addr:(ubuntu) Port:9008
2013-08-12 20:30:39 lv2:LS:socket err:11004 -- CLogsrvConnector::OnError -- SetAddress failed! Addr:(ubuntu) Port:9008
2013-08-12 20:30:44 lv2:LS:socket err:11004 -- CLogsrvConnector::OnError -- SetAddress failed! Addr:(ubuntu) Port:9008
2013-08-12 20:30:49 lv2:LS:socket err:11004 -- CLogsrvConnector::OnError -- SetAddress failed! Addr:(ubuntu) Port:9008
2013-08-12 20:30:54 lv2:LS:socket err:11004 -- CLogsrvConnector::OnError -- SetAddress failed! Addr:(ubuntu) Port:9008
2013-08-12 20:30:59 lv2:LS:socket err:11004 -- CLogsrvConnector::OnError -- SetAddress failed! Addr:(ubuntu) Port:9008
2013-08-12 20:31:04 lv2:LS:socket err:11004 -- CLogsrvConnector::OnError -- SetAddress failed! Addr:(ubuntu) Port:9008
2013-08-12 20:31:09 lv2:LS:socket err:11004 -- CLogsrvConnector::OnError -- SetAddress failed! Addr:(ubuntu) Port:9008
2013-08-12 20:31:14 lv2:LS:socket err:11004 -- CLogsrvConnector::OnError -- SetAddress failed! Addr:(ubuntu) Port:9008
2013-08-12 20:31:19 lv2:LS:socket err:11004 -- CLogsrvConnector::OnError -- SetAddress failed! Addr:(ubuntu) Port:9008
2013-08-12 20:31:24 lv2:LS:socket err:11004 -- CLogsrvConnector::OnError -- SetAddress failed! Addr:(ubuntu) Port:9008
2013-08-12 20:31:29 lv2:LS:socket err:11004 -- CLogsrvConnector::OnError -- SetAddress failed! Addr:(ubuntu) Port:9008
2013-08-12 20:31:34 lv2:LS:socket err:11004 -- CLogsrvConnector::OnError -- SetAddress failed! Addr:(ubuntu) Port:9008
2013-08-12 20:31:39 lv2:LS:socket err:11004 -- CLogsrvConnector::OnError -- SetAddress failed! Addr:(ubuntu) Port:9008
2013-08-12 20:31:44 lv2:LS:socket err:11004 -- CLogsrvConnector::OnError -- SetAddress failed! Addr:(ubuntu) Port:9008
2013-08-12 20:31:49 lv2:LS:socket err:11004 -- CLogsrvConnector::OnError -- SetAddress failed! Addr:(ubuntu) Port:9008
2013-08-12 20:31:54 lv2:LS:socket err:11004 -- CLogsrvConnector::OnError -- SetAddress failed! Addr:(ubuntu) Port:9008
2013-08-12 20:31:59 lv2:LS:socket err:11004 -- CLogsrvConnector::OnError -- SetAddress failed! Addr:(ubuntu) Port:9008
2013-08-12 20:32:04 lv2:LS:socket err:11004 -- CLogsrvConnector::OnError -- SetAddress failed! Addr:(ubuntu) Port:9008
2013-08-12 20:32:09 lv2:LS:socket err:11004 -- CLogsrvConnector::OnError -- SetAddress failed! Addr:(ubuntu) Port:9008
2013-08-12 20:32:14 lv2:LS:socket err:11004 -- CLogsrvConnector::OnError -- SetAddress failed! Addr:(ubuntu) Port:9008
2013-08-12 20:32:19 lv2:LS:socket err:11004 -- CLogsrvConnector::OnError -- SetAddress failed! Addr:(ubuntu) Port:9008
2013-08-12 20:32:24 lv2:LS:socket err:11004 -- CLogsrvConnector::OnError -- SetAddress failed! Addr:(ubuntu) Port:9008
2013-08-12 20:32:29 lv2:LS:socket err:11004 -- CLogsrvConnector::OnError -- SetAddress failed! Addr:(ubuntu) Port:9008
2013-08-12 20:32:34 lv2:LS:socket err:11004 -- CLogsrvConnector::OnError -- SetAddress failed! Addr:(ubuntu) Port:9008
2013-08-12 20:32:39 lv2:LS:socket err:11004 -- CLogsrvConnector::OnError -- SetAddress failed! Addr:(ubuntu) Port:9008
2013-08-12 20:32:44 lv2:LS:socket err:11004 -- CLogsrvConnector::OnError -- SetAddress failed! Addr:(ubuntu) Port:9008
2013-08-12 20:32:49 lv2:LS:socket err:11004 -- CLogsrvConnector::OnError -- SetAddress failed! Addr:(ubuntu) Port:9008
2013-08-12 20:32:54 lv2:LS:socket err:11004 -- CLogsrvConnector::OnError -- SetAddress failed! Addr:(ubuntu) Port:9008
2013-08-12 20:32:59 lv2:LS:socket err:11004 -- CLogsrvConnector::OnError -- SetAddress failed! Addr:(ubuntu) Port:9008
2013-08-12 20:33:04 lv2:LS:socket err:11004 -- CLogsrvConnector::OnError -- SetAddress failed! Addr:(ubuntu) Port:9008
2013-08-12 20:33:09 lv2:LS:socket err:11004 -- CLogsrvConnector::OnError -- SetAddress failed! Addr:(ubuntu) Port:9008
2013-08-12 20:33:14 lv2:LS:socket err:11004 -- CLogsrvConnector::OnError -- SetAddress failed! Addr:(ubuntu) Port:9008
2013-08-12 20:33:19 lv2:LS:socket err:11004 -- CLogsrvConnector::OnError -- SetAddress failed! Addr:(ubuntu) Port:9008
2013-08-12 20:33:24 lv2:LS:socket err:11004 -- CLogsrvConnector::OnError -- SetAddress failed! Addr:(ubuntu) Port:9008
2013-08-12 20:33:29 lv2:LS:socket err:11004 -- CLogsrvConnector::OnError -- SetAddress failed! Addr:(ubuntu) Port:9008
2013-08-12 20:33:34 lv2:LS:socket err:11004 -- CLogsrvConnector::OnError -- SetAddress failed! Addr:(ubuntu) Port:9008
2013-08-12 20:33:39 lv2:LS:socket err:11004 -- CLogsrvConnector::OnError -- SetAddress failed! Addr:(ubuntu) Port:9008
2013-08-12 20:33:44 lv2:LS:socket err:11004 -- CLogsrvConnector::OnError -- SetAddress failed! Addr:(ubuntu) Port:9008
2013-08-12 20:33:49 lv2:LS:socket err:11004 -- CLogsrvConnector::OnError -- SetAddress failed! Addr:(ubuntu) Port:9008
2013-08-12 20:33:54 lv2:LS:socket err:11004 -- CLogsrvConnector::OnError -- SetAddress failed! Addr:(ubuntu) Port:9008
2013-08-12 20:33:59 lv2:LS:socket err:11004 -- CLogsrvConnector::OnError -- SetAddress failed! Addr:(ubuntu) Port:9008
2013-08-12 20:34:04 lv2:LS:socket err:11004 -- CLogsrvConnector::OnError -- SetAddress failed! Addr:(ubuntu) Port:9008
2013-08-12 20:34:09 lv2:LS:socket err:11004 -- CLogsrvConnector::OnError -- SetAddress failed! Addr:(ubuntu) Port:9008
2013-08-12 20:34:14 lv2:LS:socket err:11004 -- CLogsrvConnector::OnError -- SetAddress failed! Addr:(ubuntu) Port:9008
2013-08-12 20:34:20 lv2:LS:socket err:11004 -- CLogsrvConnector::OnError -- SetAddress failed! Addr:(ubuntu) Port:9008
2013-08-12 20:34:24 lv2:LS:socket err:11004 -- CLogsrvConnector::OnError -- SetAddress failed! Addr:(ubuntu) Port:9008
2013-08-12 20:34:29 lv2:LS:socket err:11004 -- CLogsrvConnector::OnError -- SetAddress failed! Addr:(ubuntu) Port:9008
2013-08-12 20:34:35 lv2:LS:socket err:11004 -- CLogsrvConnector::OnError -- SetAddress failed! Addr:(ubuntu) Port:9008
2013-08-12 20:34:40 lv2:LS:socket err:11004 -- CLogsrvConnector::OnError -- SetAddress failed! Addr:(ubuntu) Port:9008
2013-08-12 20:34:45 lv2:LS:socket err:11004 -- CLogsrvConnector::OnError -- SetAddress failed! Addr:(ubuntu) Port:9008
2013-08-12 20:34:50 lv2:LS:socket err:11004 -- CLogsrvConnector::OnError -- SetAddress failed! Addr:(ubuntu) Port:9008
2013-08-12 20:34:55 lv2:LS:socket err:11004 -- CLogsrvConnector::OnError -- SetAddress failed! Addr:(ubuntu) Port:9008
2013-08-12 20:35:00 lv2:LS:socket err:11004 -- CLogsrvConnector::OnError -- SetAddress failed! Addr:(ubuntu) Port:9008
2013-08-12 20:35:05 lv2:LS:socket err:11004 -- CLogsrvConnector::OnError -- SetAddress failed! Addr:(ubuntu) Port:9008
2013-08-12 20:35:10 lv2:LS:socket err:11004 -- CLogsrvConnector::OnError -- SetAddress failed! Addr:(ubuntu) Port:9008
2013-08-12 20:35:15 lv2:LS:socket err:11004 -- CLogsrvConnector::OnError -- SetAddress failed! Addr:(ubuntu) Port:9008
2013-08-12 20:35:20 lv2:LS:socket err:11004 -- CLogsrvConnector::OnError -- SetAddress failed! Addr:(ubuntu) Port:9008
2013-08-12 20:35:25 lv2:LS:socket err:11004 -- CLogsrvConnector::OnError -- SetAddress failed! Addr:(ubuntu) Port:9008
2013-08-12 20:35:30 lv2:LS:socket err:11004 -- CLogsrvConnector::OnError -- SetAddress failed! Addr:(ubuntu) Port:9008
2013-08-12 20:35:35 lv2:LS:socket err:11004 -- CLogsrvConnector::OnError -- SetAddress failed! Addr:(ubuntu) Port:9008
2013-08-12 20:35:40 lv2:LS:socket err:11004 -- CLogsrvConnector::OnError -- SetAddress failed! Addr:(ubuntu) Port:9008
2013-08-12 20:35:45 lv2:LS:socket err:11004 -- CLogsrvConnector::OnError -- SetAddress failed! Addr:(ubuntu) Port:9008
2013-08-12 20:35:50 lv2:LS:socket err:11004 -- CLogsrvConnector::OnError -- SetAddress failed! Addr:(ubuntu) Port:9008
2013-08-12 20:35:55 lv2:LS:socket err:11004 -- CLogsrvConnector::OnError -- SetAddress failed! Addr:(ubuntu) Port:9008
2013-08-12 20:36:00 lv2:LS:socket err:11004 -- CLogsrvConnector::OnError -- SetAddress failed! Addr:(ubuntu) Port:9008
2013-08-12 20:36:05 lv2:LS:socket err:11004 -- CLogsrvConnector::OnError -- SetAddress failed! Addr:(ubuntu) Port:9008
2013-08-12 20:36:10 lv2:LS:socket err:11004 -- CLogsrvConnector::OnError -- SetAddress failed! Addr:(ubuntu) Port:9008
2013-08-12 20:36:15 lv2:LS:socket err:11004 -- CLogsrvConnector::OnError -- SetAddress failed! Addr:(ubuntu) Port:9008
2013-08-12 20:36:20 lv2:LS:socket err:11004 -- CLogsrvConnector::OnError -- SetAddress failed! Addr:(ubuntu) Port:9008
2013-08-12 20:36:25 lv2:LS:socket err:11004 -- CLogsrvConnector::OnError -- SetAddress failed! Addr:(ubuntu) Port:9008
2013-08-12 20:36:30 lv2:LS:socket err:11004 -- CLogsrvConnector::OnError -- SetAddress failed! Addr:(ubuntu) Port:9008
2013-08-12 20:36:35 lv2:LS:socket err:11004 -- CLogsrvConnector::OnError -- SetAddress failed! Addr:(ubuntu) Port:9008
2013-08-12 20:36:40 lv2:LS:socket err:11004 -- CLogsrvConnector::OnError -- SetAddress failed! Addr:(ubuntu) Port:9008
2013-08-12 20:36:45 lv2:LS:socket err:11004 -- CLogsrvConnector::OnError -- SetAddress failed! Addr:(ubuntu) Port:9008
2013-08-12 20:36:50 lv2:LS:socket err:11004 -- CLogsrvConnector::OnError -- SetAddress failed! Addr:(ubuntu) Port:9008
2013-08-12 20:36:55 lv2:LS:socket err:11004 -- CLogsrvConnector::OnError -- SetAddress failed! Addr:(ubuntu) Port:9008
2013-08-12 20:37:00 lv2:LS:socket err:11004 -- CLogsrvConnector::OnError -- SetAddress failed! Addr:(ubuntu) Port:9008
2013-08-12 20:37:05 lv2:LS:socket err:11004 -- CLogsrvConnector::OnError -- SetAddress failed! Addr:(ubuntu) Port:9008
2013-08-12 20:37:10 lv2:LS:socket err:11004 -- CLogsrvConnector::OnError -- SetAddress failed! Addr:(ubuntu) Port:9008
2013-08-12 20:37:15 lv2:LS:socket err:11004 -- CLogsrvConnector::OnError -- SetAddress failed! Addr:(ubuntu) Port:9008
2013-08-12 20:37:20 lv2:LS:socket err:11004 -- CLogsrvConnector::OnError -- SetAddress failed! Addr:(ubuntu) Port:9008
2013-08-12 20:37:25 lv2:LS:socket err:11004 -- CLogsrvConnector::OnError -- SetAddress failed! Addr:(ubuntu) Port:9008
2013-08-12 20:37:30 lv2:LS:socket err:11004 -- CLogsrvConnector::OnError -- SetAddress failed! Addr:(ubuntu) Port:9008
2013-08-12 20:37:35 lv2:LS:socket err:11004 -- CLogsrvConnector::OnError -- SetAddress failed! Addr:(ubuntu) Port:9008
2013-08-12 20:37:40 lv2:LS:socket err:11004 -- CLogsrvConnector::OnError -- SetAddress failed! Addr:(ubuntu) Port:9008
2013-08-12 20:37:45 lv2:LS:socket err:11004 -- CLogsrvConnector::OnError -- SetAddress failed! Addr:(ubuntu) Port:9008
2013-08-12 20:37:50 lv2:LS:socket err:11004 -- CLogsrvConnector::OnError -- SetAddress failed! Addr:(ubuntu) Port:9008
2013-08-12 20:37:55 lv2:LS:socket err:11004 -- CLogsrvConnector::OnError -- SetAddress failed! Addr:(ubuntu) Port:9008
2013-08-12 20:38:00 lv2:LS:socket err:11004 -- CLogsrvConnector::OnError -- SetAddress failed! Addr:(ubuntu) Port:9008
2013-08-12 20:38:05 lv2:LS:socket err:11004 -- CLogsrvConnector::OnError -- SetAddress failed! Addr:(ubuntu) Port:9008
2013-08-12 20:38:10 lv2:LS:socket err:11004 -- CLogsrvConnector::OnError -- SetAddress failed! Addr:(ubuntu) Port:9008
2013-08-12 20:38:15 lv2:LS:socket err:11004 -- CLogsrvConnector::OnError -- SetAddress failed! Addr:(ubuntu) Port:9008
2013-08-12 20:38:20 lv2:LS:socket err:11004 -- CLogsrvConnector::OnError -- SetAddress failed! Addr:(ubuntu) Port:9008
2013-08-12 20:38:25 lv2:LS:socket err:11004 -- CLogsrvConnector::OnError -- SetAddress failed! Addr:(ubuntu) Port:9008
2013-08-12 20:38:30 lv2:LS:socket err:11004 -- CLogsrvConnector::OnError -- SetAddress failed! Addr:(ubuntu) Port:9008
2013-08-12 20:38:35 lv2:LS:socket err:11004 -- CLogsrvConnector::OnError -- SetAddress failed! Addr:(ubuntu) Port:9008
2013-08-12 20:38:40 lv2:LS:socket err:11004 -- CLogsrvConnector::OnError -- SetAddress failed! Addr:(ubuntu) Port:9008
2013-08-12 20:38:45 lv2:LS:socket err:11004 -- CLogsrvConnector::OnError -- SetAddress failed! Addr:(ubuntu) Port:9008
2013-08-12 20:38:50 lv2:LS:socket err:11004 -- CLogsrvConnector::OnError -- SetAddress failed! Addr:(ubuntu) Port:9008
2013-08-12 20:38:55 lv2:LS:socket err:11004 -- CLogsrvConnector::OnError -- SetAddress failed! Addr:(ubuntu) Port:9008
2013-08-12 20:39:00 lv2:LS:socket err:11004 -- CLogsrvConnector::OnError -- SetAddress failed! Addr:(ubuntu) Port:9008
2013-08-12 20:39:05 lv2:LS:socket err:11004 -- CLogsrvConnector::OnError -- SetAddress failed! Addr:(ubuntu) Port:9008
2013-08-12 20:39:10 lv2:LS:socket err:11004 -- CLogsrvConnector::OnError -- SetAddress failed! Addr:(ubuntu) Port:9008
2013-08-12 20:39:15 lv2:LS:socket err:11004 -- CLogsrvConnector::OnError -- SetAddress failed! Addr:(ubuntu) Port:9008
2013-08-12 20:39:20 lv2:LS:socket err:11004 -- CLogsrvConnector::OnError -- SetAddress failed! Addr:(ubuntu) Port:9008
2013-08-12 20:39:25 lv2:LS:socket err:11004 -- CLogsrvConnector::OnError -- SetAddress failed! Addr:(ubuntu) Port:9008
2013-08-12 20:39:30 lv2:LS:socket err:11004 -- CLogsrvConnector::OnError -- SetAddress failed! Addr:(ubuntu) Port:9008
2013-08-12 20:39:35 lv2:LS:socket err:11004 -- CLogsrvConnector::OnError -- SetAddress failed! Addr:(ubuntu) Port:9008
2013-08-12 20:39:40 lv2:LS:socket err:11004 -- CLogsrvConnector::OnError -- SetAddress failed! Addr:(ubuntu) Port:9008
2013-08-12 20:39:45 lv2:LS:socket err:11004 -- CLogsrvConnector::OnError -- SetAddress failed! Addr:(ubuntu) Port:9008
2013-08-12 20:39:50 lv2:LS:socket err:11004 -- CLogsrvConnector::OnError -- SetAddress failed! Addr:(ubuntu) Port:9008
2013-08-12 20:39:55 lv2:LS:socket err:11004 -- CLogsrvConnector::OnError -- SetAddress failed! Addr:(ubuntu) Port:9008
2013-08-12 20:40:00 lv2:LS:socket err:11004 -- CLogsrvConnector::OnError -- SetAddress failed! Addr:(ubuntu) Port:9008
2013-08-12 20:40:05 lv2:LS:socket err:11004 -- CLogsrvConnector::OnError -- SetAddress failed! Addr:(ubuntu) Port:9008
2013-08-12 20:40:10 lv2:LS:socket err:11004 -- CLogsrvConnector::OnError -- SetAddress failed! Addr:(ubuntu) Port:9008
2013-08-12 20:40:15 lv2:LS:socket err:11004 -- CLogsrvConnector::OnError -- SetAddress failed! Addr:(ubuntu) Port:9008
2013-08-12 20:40:20 lv2:LS:socket err:11004 -- CLogsrvConnector::OnError -- SetAddress failed! Addr:(ubuntu) Port:9008
2013-08-12 20:40:25 lv2:LS:socket err:11004 -- CLogsrvConnector::OnError -- SetAddress failed! Addr:(ubuntu) Port:9008
2013-08-12 20:40:30 lv2:LS:socket err:11004 -- CLogsrvConnector::OnError -- SetAddress failed! Addr:(ubuntu) Port:9008
2013-08-12 20:40:35 lv2:LS:socket err:11004 -- CLogsrvConnector::OnError -- SetAddress failed! Addr:(ubuntu) Port:9008
2013-08-12 20:40:40 lv2:LS:socket err:11004 -- CLogsrvConnector::OnError -- SetAddress failed! Addr:(ubuntu) Port:9008
2013-08-12 20:40:45 lv2:LS:socket err:11004 -- CLogsrvConnector::OnError -- SetAddress failed! Addr:(ubuntu) Port:9008
2013-08-12 20:40:50 lv2:LS:socket err:11004 -- CLogsrvConnector::OnError -- SetAddress failed! Addr:(ubuntu) Port:9008
2013-08-12 20:40:55 lv2:LS:socket err:11004 -- CLogsrvConnector::OnError -- SetAddress failed! Addr:(ubuntu) Port:9008
2013-08-12 20:41:00 lv2:LS:socket err:11004 -- CLogsrvConnector::OnError -- SetAddress failed! Addr:(ubuntu) Port:9008
2013-08-12 20:41:05 lv2:LS:socket err:11004 -- CLogsrvConnector::OnError -- SetAddress failed! Addr:(ubuntu) Port:9008
2013-08-12 20:41:10 lv2:LS:socket err:11004 -- CLogsrvConnector::OnError -- SetAddress failed! Addr:(ubuntu) Port:9008
2013-08-12 20:41:15 lv2:LS:socket err:11004 -- CLogsrvConnector::OnError -- SetAddress failed! Addr:(ubuntu) Port:9008
2013-08-12 20:41:20 lv2:LS:socket err:11004 -- CLogsrvConnector::OnError -- SetAddress failed! Addr:(ubuntu) Port:9008
2013-08-12 20:41:25 lv2:LS:socket err:11004 -- CLogsrvConnector::OnError -- SetAddress failed! Addr:(ubuntu) Port:9008
2013-08-12 20:41:30 lv2:LS:socket err:11004 -- CLogsrvConnector::OnError -- SetAddress failed! Addr:(ubuntu) Port:9008
2013-08-12 20:41:35 lv2:LS:socket err:11004 -- CLogsrvConnector::OnError -- SetAddress failed! Addr:(ubuntu) Port:9008
2013-08-12 20:41:40 lv2:LS:socket err:11004 -- CLogsrvConnector::OnError -- SetAddress failed! Addr:(ubuntu) Port:9008
2013-08-12 20:41:45 lv2:LS:socket err:11004 -- CLogsrvConnector::OnError -- SetAddress failed! Addr:(ubuntu) Port:9008
2013-08-12 20:41:50 lv2:LS:socket err:11004 -- CLogsrvConnector::OnError -- SetAddress failed! Addr:(ubuntu) Port:9008
2013-08-12 20:41:55 lv2:LS:socket err:11004 -- CLogsrvConnector::OnError -- SetAddress failed! Addr:(ubuntu) Port:9008
2013-08-12 20:42:00 lv2:LS:socket err:11004 -- CLogsrvConnector::OnError -- SetAddress failed! Addr:(ubuntu) Port:9008
2013-08-12 20:42:05 lv2:LS:socket err:11004 -- CLogsrvConnector::OnError -- SetAddress failed! Addr:(ubuntu) Port:9008
2013-08-12 20:42:10 lv2:LS:socket err:11004 -- CLogsrvConnector::OnError -- SetAddress failed! Addr:(ubuntu) Port:9008
2013-08-12 20:42:15 lv2:LS:socket err:11004 -- CLogsrvConnector::OnError -- SetAddress failed! Addr:(ubuntu) Port:9008
2013-08-12 20:42:20 lv2:LS:socket err:11004 -- CLogsrvConnector::OnError -- SetAddress failed! Addr:(ubuntu) Port:9008
2013-08-12 20:42:25 lv2:LS:socket err:11004 -- CLogsrvConnector::OnError -- SetAddress failed! Addr:(ubuntu) Port:9008
2013-08-12 20:42:30 lv2:LS:socket err:11004 -- CLogsrvConnector::OnError -- SetAddress failed! Addr:(ubuntu) Port:9008
2013-08-12 20:42:35 lv2:LS:socket err:11004 -- CLogsrvConnector::OnError -- SetAddress failed! Addr:(ubuntu) Port:9008
2013-08-12 20:42:40 lv2:LS:socket err:11004 -- CLogsrvConnector::OnError -- SetAddress failed! Addr:(ubuntu) Port:9008
2013-08-12 20:42:45 lv2:LS:socket err:11004 -- CLogsrvConnector::OnError -- SetAddress failed! Addr:(ubuntu) Port:9008
2013-08-12 20:42:50 lv2:LS:socket err:11004 -- CLogsrvConnector::OnError -- SetAddress failed! Addr:(ubuntu) Port:9008
2013-08-12 20:42:55 lv2:LS:socket err:11004 -- CLogsrvConnector::OnError -- SetAddress failed! Addr:(ubuntu) Port:9008
2013-08-12 20:43:00 lv2:LS:socket err:11004 -- CLogsrvConnector::OnError -- SetAddress failed! Addr:(ubuntu) Port:9008
2013-08-12 20:43:05 lv2:LS:socket err:11004 -- CLogsrvConnector::OnError -- SetAddress failed! Addr:(ubuntu) Port:9008
2013-08-12 20:43:10 lv2:LS:socket err:11004 -- CLogsrvConnector::OnError -- SetAddress failed! Addr:(ubuntu) Port:9008
2013-08-12 20:43:15 lv2:LS:socket err:11004 -- CLogsrvConnector::OnError -- SetAddress failed! Addr:(ubuntu) Port:9008
2013-08-12 20:43:20 lv2:LS:socket err:11004 -- CLogsrvConnector::OnError -- SetAddress failed! Addr:(ubuntu) Port:9008
2013-08-12 20:43:25 lv2:LS:socket err:11004 -- CLogsrvConnector::OnError -- SetAddress failed! Addr:(ubuntu) Port:9008
2013-08-12 20:43:30 lv2:LS:socket err:11004 -- CLogsrvConnector::OnError -- SetAddress failed! Addr:(ubuntu) Port:9008
2013-08-12 20:43:35 lv2:LS:socket err:11004 -- CLogsrvConnector::OnError -- SetAddress failed! Addr:(ubuntu) Port:9008
2013-08-12 20:43:40 lv2:LS:socket err:11004 -- CLogsrvConnector::OnError -- SetAddress failed! Addr:(ubuntu) Port:9008
2013-08-12 20:43:45 lv2:LS:socket err:11004 -- CLogsrvConnector::OnError -- SetAddress failed! Addr:(ubuntu) Port:9008
2013-08-12 20:43:50 lv2:LS:socket err:11004 -- CLogsrvConnector::OnError -- SetAddress failed! Addr:(ubuntu) Port:9008
2013-08-12 20:43:55 lv2:LS:socket err:11004 -- CLogsrvConnector::OnError -- SetAddress failed! Addr:(ubuntu) Port:9008
2013-08-12 20:44:00 lv2:LS:socket err:11004 -- CLogsrvConnector::OnError -- SetAddress failed! Addr:(ubuntu) Port:9008
2013-08-12 20:44:05 lv2:LS:socket err:11004 -- CLogsrvConnector::OnError -- SetAddress failed! Addr:(ubuntu) Port:9008
2013-08-12 20:44:10 lv2:LS:socket err:11004 -- CLogsrvConnector::OnError -- SetAddress failed! Addr:(ubuntu) Port:9008
2013-08-12 20:44:15 lv2:LS:socket err:11004 -- CLogsrvConnector::OnError -- SetAddress failed! Addr:(ubuntu) Port:9008
2013-08-12 20:44:20 lv2:LS:socket err:11004 -- CLogsrvConnector::OnError -- SetAddress failed! Addr:(ubuntu) Port:9008
2013-08-12 20:44:25 lv2:LS:socket err:11004 -- CLogsrvConnector::OnError -- SetAddress failed! Addr:(ubuntu) Port:9008
2013-08-12 20:44:30 lv2:LS:socket err:11004 -- CLogsrvConnector::OnError -- SetAddress failed! Addr:(ubuntu) Port:9008
2013-08-12 20:44:35 lv2:LS:socket err:11004 -- CLogsrvConnector::OnError -- SetAddress failed! Addr:(ubuntu) Port:9008
2013-08-12 20:44:40 lv2:LS:socket err:11004 -- CLogsrvConnector::OnError -- SetAddress failed! Addr:(ubuntu) Port:9008
2013-08-12 20:44:45 lv2:LS:socket err:11004 -- CLogsrvConnector::OnError -- SetAddress failed! Addr:(ubuntu) Port:9008
2013-08-12 20:44:50 lv2:LS:socket err:11004 -- CLogsrvConnector::OnError -- SetAddress failed! Addr:(ubuntu) Port:9008
2013-08-12 20:44:55 lv2:LS:socket err:11004 -- CLogsrvConnector::OnError -- SetAddress failed! Addr:(ubuntu) Port:9008
2013-08-12 20:45:00 lv2:LS:socket err:11004 -- CLogsrvConnector::OnError -- SetAddress failed! Addr:(ubuntu) Port:9008
2013-08-12 20:45:05 lv2:LS:socket err:11004 -- CLogsrvConnector::OnError -- SetAddress failed! Addr:(ubuntu) Port:9008
2013-08-12 20:45:10 lv2:LS:socket err:11004 -- CLogsrvConnector::OnError -- SetAddress failed! Addr:(ubuntu) Port:9008
2013-08-12 20:45:15 lv2:LS:socket err:11004 -- CLogsrvConnector::OnError -- SetAddress failed! Addr:(ubuntu) Port:9008
2013-08-12 20:45:20 lv2:LS:socket err:11004 -- CLogsrvConnector::OnError -- SetAddress failed! Addr:(ubuntu) Port:9008
2013-08-12 20:45:25 lv2:LS:socket err:11004 -- CLogsrvConnector::OnError -- SetAddress failed! Addr:(ubuntu) Port:9008
2013-08-12 20:45:30 lv2:LS:socket err:11004 -- CLogsrvConnector::OnError -- SetAddress failed! Addr:(ubuntu) Port:9008
2013-08-12 20:45:35 lv2:LS:socket err:11004 -- CLogsrvConnector::OnError -- SetAddress failed! Addr:(ubuntu) Port:9008
2013-08-12 20:45:40 lv2:LS:socket err:11004 -- CLogsrvConnector::OnError -- SetAddress failed! Addr:(ubuntu) Port:9008
2013-08-12 20:45:40 lv4:LS:Send SaveCharacter 20

2013-08-12 20:45:45 lv2:LS:socket err:11004 -- CLogsrvConnector::OnError -- SetAddress failed! Addr:(ubuntu) Port:9008
2013-08-12 20:45:50 lv2:LS:socket err:11004 -- CLogsrvConnector::OnError -- SetAddress failed! Addr:(ubuntu) Port:9008
2013-08-12 20:45:55 lv2:LS:socket err:11004 -- CLogsrvConnector::OnError -- SetAddress failed! Addr:(ubuntu) Port:9008
2013-08-12 20:46:00 lv2:LS:socket err:11004 -- CLogsrvConnector::OnError -- SetAddress failed! Addr:(ubuntu) Port:9008
2013-08-12 20:46:05 lv2:LS:socket err:11004 -- CLogsrvConnector::OnError -- SetAddress failed! Addr:(ubuntu) Port:9008
2013-08-12 20:46:10 lv2:LS:socket err:11004 -- CLogsrvConnector::OnError -- SetAddress failed! Addr:(ubuntu) Port:9008
2013-08-12 20:46:15 lv2:LS:socket err:11004 -- CLogsrvConnector::OnError -- SetAddress failed! Addr:(ubuntu) Port:9008
2013-08-12 20:46:20 lv2:LS:socket err:11004 -- CLogsrvConnector::OnError -- SetAddress failed! Addr:(ubuntu) Port:9008
2013-08-12 20:46:25 lv2:LS:socket err:11004 -- CLogsrvConnector::OnError -- SetAddress failed! Addr:(ubuntu) Port:9008
2013-08-12 20:46:30 lv2:LS:socket err:11004 -- CLogsrvConnector::OnError -- SetAddress failed! Addr:(ubuntu) Port:9008
2013-08-12 20:46:35 lv2:LS:socket err:11004 -- CLogsrvConnector::OnError -- SetAddress failed! Addr:(ubuntu) Port:9008
2013-08-12 20:46:40 lv2:LS:socket err:11004 -- CLogsrvConnector::OnError -- SetAddress failed! Addr:(ubuntu) Port:9008
2013-08-12 20:46:45 lv2:LS:socket err:11004 -- CLogsrvConnector::OnError -- SetAddress failed! Addr:(ubuntu) Port:9008
2013-08-12 20:46:46 lv4:LS:Send SaveCharacter 20

2013-08-12 20:46:49 lv4:LS:Send SaveCharacter 20

2013-08-12 20:46:50 lv2:LS:socket err:11004 -- CLogsrvConnector::OnError -- SetAddress failed! Addr:(ubuntu) Port:9008
2013-08-12 20:46:55 lv2:LS:socket err:11004 -- CLogsrvConnector::OnError -- SetAddress failed! Addr:(ubuntu) Port:9008
2013-08-12 20:47:00 lv2:LS:socket err:11004 -- CLogsrvConnector::OnError -- SetAddress failed! Addr:(ubuntu) Port:9008
2013-08-12 20:47:05 lv2:LS:socket err:11004 -- CLogsrvConnector::OnError -- SetAddress failed! Addr:(ubuntu) Port:9008
2013-08-12 20:47:07 lv4:LS:Send SaveCharacter 20

2013-08-12 20:47:10 lv2:LS:socket err:11004 -- CLogsrvConnector::OnError -- SetAddress failed! Addr:(ubuntu) Port:9008
2013-08-12 20:47:15 lv2:LS:socket err:11004 -- CLogsrvConnector::OnError -- SetAddress failed! Addr:(ubuntu) Port:9008
2013-08-12 20:47:20 lv2:LS:socket err:11004 -- CLogsrvConnector::OnError -- SetAddress failed! Addr:(ubuntu) Port:9008
2013-08-12 20:47:25 lv2:LS:socket err:11004 -- CLogsrvConnector::OnError -- SetAddress failed! Addr:(ubuntu) Port:9008
2013-08-12 20:47:29 lv4:LS:Send SaveCharacter 20

2013-08-12 20:47:30 lv2:LS:socket err:11004 -- CLogsrvConnector::OnError -- SetAddress failed! Addr:(ubuntu) Port:9008
2013-08-12 20:47:35 lv2:LS:socket err:11004 -- CLogsrvConnector::OnError -- SetAddress failed! Addr:(ubuntu) Port:9008
2013-08-12 20:47:39 lv4:LS:Send SaveCharacter 20

2013-08-12 20:47:40 lv2:LS:socket err:11004 -- CLogsrvConnector::OnError -- SetAddress failed! Addr:(ubuntu) Port:9008
2013-08-12 20:47:45 lv2:LS:socket err:11004 -- CLogsrvConnector::OnError -- SetAddress failed! Addr:(ubuntu) Port:9008
2013-08-12 20:47:50 lv2:LS:socket err:11004 -- CLogsrvConnector::OnError -- SetAddress failed! Addr:(ubuntu) Port:9008
2013-08-12 20:47:55 lv2:LS:socket err:11004 -- CLogsrvConnector::OnError -- SetAddress failed! Addr:(ubuntu) Port:9008
2013-08-12 20:47:56 lv4:LS:Send SaveCharacter 20

2013-08-12 20:47:58 lv4:LS:Send SaveCharacter 20

2013-08-12 20:48:00 lv2:LS:socket err:11004 -- CLogsrvConnector::OnError -- SetAddress failed! Addr:(ubuntu) Port:9008
2013-08-12 20:48:04 lv4:LS:Send SaveCharacter 20

2013-08-12 20:48:05 lv2:LS:socket err:11004 -- CLogsrvConnector::OnError -- SetAddress failed! Addr:(ubuntu) Port:9008
2013-08-12 20:48:10 lv4:LS:Send SaveCharacter 20

2013-08-12 20:48:10 lv2:LS:socket err:11004 -- CLogsrvConnector::OnError -- SetAddress failed! Addr:(ubuntu) Port:9008
2013-08-12 20:48:13 lv4:LS:Send SaveCharacter 20

2013-08-12 20:48:15 lv2:LS:socket err:11004 -- CLogsrvConnector::OnError -- SetAddress failed! Addr:(ubuntu) Port:9008
2013-08-12 20:48:17 lv4:LS:Send SaveCharacter 20

2013-08-12 20:48:20 lv2:LS:socket err:11004 -- CLogsrvConnector::OnError -- SetAddress failed! Addr:(ubuntu) Port:9008
2013-08-12 20:48:25 lv2:LS:socket err:11004 -- CLogsrvConnector::OnError -- SetAddress failed! Addr:(ubuntu) Port:9008
2013-08-12 20:48:30 lv2:LS:socket err:11004 -- CLogsrvConnector::OnError -- SetAddress failed! Addr:(ubuntu) Port:9008
2013-08-12 20:48:35 lv2:LS:socket err:11004 -- CLogsrvConnector::OnError -- SetAddress failed! Addr:(ubuntu) Port:9008
2013-08-12 20:48:40 lv2:LS:socket err:11004 -- CLogsrvConnector::OnError -- SetAddress failed! Addr:(ubuntu) Port:9008
2013-08-12 20:48:45 lv2:LS:socket err:11004 -- CLogsrvConnector::OnError -- SetAddress failed! Addr:(ubuntu) Port:9008
2013-08-12 20:48:50 lv2:LS:socket err:11004 -- CLogsrvConnector::OnError -- SetAddress failed! Addr:(ubuntu) Port:9008
2013-08-12 20:48:55 lv2:LS:socket err:11004 -- CLogsrvConnector::OnError -- SetAddress failed! Addr:(ubuntu) Port:9008
2013-08-12 20:49:00 lv2:LS:socket err:11004 -- CLogsrvConnector::OnError -- SetAddress failed! Addr:(ubuntu) Port:9008
2013-08-12 20:49:05 lv2:LS:socket err:11004 -- CLogsrvConnector::OnError -- SetAddress failed! Addr:(ubuntu) Port:9008
2013-08-12 20:49:10 lv2:LS:socket err:11004 -- CLogsrvConnector::OnError -- SetAddress failed! Addr:(ubuntu) Port:9008
2013-08-12 20:49:15 lv2:LS:socket err:11004 -- CLogsrvConnector::OnError -- SetAddress failed! Addr:(ubuntu) Port:9008
2013-08-12 20:49:19 lv4:LS:Send SaveCharacter 20

2013-08-12 20:49:20 lv2:LS:socket err:11004 -- CLogsrvConnector::OnError -- SetAddress failed! Addr:(ubuntu) Port:9008
2013-08-12 20:49:25 lv2:LS:socket err:11004 -- CLogsrvConnector::OnError -- SetAddress failed! Addr:(ubuntu) Port:9008
2013-08-12 20:49:30 lv2:LS:socket err:11004 -- CLogsrvConnector::OnError -- SetAddress failed! Addr:(ubuntu) Port:9008
2013-08-12 20:49:35 lv2:LS:socket err:11004 -- CLogsrvConnector::OnError -- SetAddress failed! Addr:(ubuntu) Port:9008
2013-08-12 20:49:40 lv2:LS:socket err:11004 -- CLogsrvConnector::OnError -- SetAddress failed! Addr:(ubuntu) Port:9008
2013-08-12 20:49:45 lv2:LS:socket err:11004 -- CLogsrvConnector::OnError -- SetAddress failed! Addr:(ubuntu) Port:9008
2013-08-12 20:49:50 lv2:LS:socket err:11004 -- CLogsrvConnector::OnError -- SetAddress failed! Addr:(ubuntu) Port:9008
2013-08-12 20:49:55 lv2:LS:socket err:11004 -- CLogsrvConnector::OnError -- SetAddress failed! Addr:(ubuntu) Port:9008
2013-08-12 20:50:00 lv2:LS:socket err:11004 -- CLogsrvConnector::OnError -- SetAddress failed! Addr:(ubuntu) Port:9008
2013-08-12 20:50:05 lv2:LS:socket err:11004 -- CLogsrvConnector::OnError -- SetAddress failed! Addr:(ubuntu) Port:9008
2013-08-12 20:50:10 lv2:LS:socket err:11004 -- CLogsrvConnector::OnError -- SetAddress failed! Addr:(ubuntu) Port:9008
2013-08-12 20:50:11 lv4:LS:Send SaveCharacter 20

2013-08-12 20:50:15 lv2:LS:socket err:11004 -- CLogsrvConnector::OnError -- SetAddress failed! Addr:(ubuntu) Port:9008
2013-08-12 20:50:20 lv2:LS:socket err:11004 -- CLogsrvConnector::OnError -- SetAddress failed! Addr:(ubuntu) Port:9008
2013-08-12 20:50:25 lv2:LS:socket err:11004 -- CLogsrvConnector::OnError -- SetAddress failed! Addr:(ubuntu) Port:9008
2013-08-12 20:50:30 lv2:LS:socket err:11004 -- CLogsrvConnector::OnError -- SetAddress failed! Addr:(ubuntu) Port:9008
2013-08-12 20:50:35 lv2:LS:socket err:11004 -- CLogsrvConnector::OnError -- SetAddress failed! Addr:(ubuntu) Port:9008
2013-08-12 20:50:40 lv4:LS:Send SaveCharacter 20

2013-08-12 20:50:40 lv2:LS:socket err:11004 -- CLogsrvConnector::OnError -- SetAddress failed! Addr:(ubuntu) Port:9008
2013-08-12 20:50:45 lv2:LS:socket err:11004 -- CLogsrvConnector::OnError -- SetAddress failed! Addr:(ubuntu) Port:9008
2013-08-12 20:50:50 lv2:LS:socket err:11004 -- CLogsrvConnector::OnError -- SetAddress failed! Addr:(ubuntu) Port:9008
2013-08-12 20:50:55 lv2:LS:socket err:11004 -- CLogsrvConnector::OnError -- SetAddress failed! Addr:(ubuntu) Port:9008
2013-08-12 20:51:00 lv2:LS:socket err:11004 -- CLogsrvConnector::OnError -- SetAddress failed! Addr:(ubuntu) Port:9008
2013-08-12 20:51:05 lv2:LS:socket err:11004 -- CLogsrvConnector::OnError -- SetAddress failed! Addr:(ubuntu) Port:9008
2013-08-12 20:51:10 lv2:LS:socket err:11004 -- CLogsrvConnector::OnError -- SetAddress failed! Addr:(ubuntu) Port:9008
2013-08-12 20:51:15 lv2:LS:socket err:11004 -- CLogsrvConnector::OnError -- SetAddress failed! Addr:(ubuntu) Port:9008
2013-08-12 20:51:20 lv2:LS:socket err:11004 -- CLogsrvConnector::OnError -- SetAddress failed! Addr:(ubuntu) Port:9008
2013-08-12 20:51:25 lv2:LS:socket err:11004 -- CLogsrvConnector::OnError -- SetAddress failed! Addr:(ubuntu) Port:9008
2013-08-12 20:51:30 lv2:LS:socket err:11004 -- CLogsrvConnector::OnError -- SetAddress failed! Addr:(ubuntu) Port:9008
2013-08-12 20:51:35 lv2:LS:socket err:11004 -- CLogsrvConnector::OnError -- SetAddress failed! Addr:(ubuntu) Port:9008
2013-08-12 20:51:40 lv2:LS:socket err:11004 -- CLogsrvConnector::OnError -- SetAddress failed! Addr:(ubuntu) Port:9008
2013-08-12 20:51:45 lv2:LS:socket err:11004 -- CLogsrvConnector::OnError -- SetAddress failed! Addr:(ubuntu) Port:9008
2013-08-12 20:51:50 lv2:LS:socket err:11004 -- CLogsrvConnector::OnError -- SetAddress failed! Addr:(ubuntu) Port:9008
2013-08-12 20:51:55 lv2:LS:socket err:11004 -- CLogsrvConnector::OnError -- SetAddress failed! Addr:(ubuntu) Port:9008
2013-08-12 20:52:00 lv2:LS:socket err:11004 -- CLogsrvConnector::OnError -- SetAddress failed! Addr:(ubuntu) Port:9008
2013-08-12 20:52:05 lv2:LS:socket err:11004 -- CLogsrvConnector::OnError -- SetAddress failed! Addr:(ubuntu) Port:9008
2013-08-12 20:52:10 lv2:LS:socket err:11004 -- CLogsrvConnector::OnError -- SetAddress failed! Addr:(ubuntu) Port:9008
2013-08-12 20:52:15 lv2:LS:socket err:11004 -- CLogsrvConnector::OnError -- SetAddress failed! Addr:(ubuntu) Port:9008
2013-08-12 20:52:20 lv2:LS:socket err:11004 -- CLogsrvConnector::OnError -- SetAddress failed! Addr:(ubuntu) Port:9008
2013-08-12 20:52:25 lv2:LS:socket err:11004 -- CLogsrvConnector::OnError -- SetAddress failed! Addr:(ubuntu) Port:9008
2013-08-12 20:52:30 lv2:LS:socket err:11004 -- CLogsrvConnector::OnError -- SetAddress failed! Addr:(ubuntu) Port:9008
2013-08-12 20:52:35 lv2:LS:socket err:11004 -- CLogsrvConnector::OnError -- SetAddress failed! Addr:(ubuntu) Port:9008
2013-08-12 20:52:40 lv2:LS:socket err:11004 -- CLogsrvConnector::OnError -- SetAddress failed! Addr:(ubuntu) Port:9008
2013-08-12 20:52:45 lv2:LS:socket err:11004 -- CLogsrvConnector::OnError -- SetAddress failed! Addr:(ubuntu) Port:9008
2013-08-12 20:52:50 lv2:LS:socket err:11004 -- CLogsrvConnector::OnError -- SetAddress failed! Addr:(ubuntu) Port:9008
2013-08-12 20:52:55 lv2:LS:socket err:11004 -- CLogsrvConnector::OnError -- SetAddress failed! Addr:(ubuntu) Port:9008
2013-08-12 20:53:00 lv2:LS:socket err:11004 -- CLogsrvConnector::OnError -- SetAddress failed! Addr:(ubuntu) Port:9008
2013-08-12 20:53:05 lv2:LS:socket err:11004 -- CLogsrvConnector::OnError -- SetAddress failed! Addr:(ubuntu) Port:9008
2013-08-12 20:53:10 lv2:LS:socket err:11004 -- CLogsrvConnector::OnError -- SetAddress failed! Addr:(ubuntu) Port:9008
2013-08-12 20:53:15 lv2:LS:socket err:11004 -- CLogsrvConnector::OnError -- SetAddress failed! Addr:(ubuntu) Port:9008
2013-08-12 20:53:20 lv2:LS:socket err:11004 -- CLogsrvConnector::OnError -- SetAddress failed! Addr:(ubuntu) Port:9008
2013-08-12 20:53:25 lv2:LS:socket err:11004 -- CLogsrvConnector::OnError -- SetAddress failed! Addr:(ubuntu) Port:9008
2013-08-12 20:53:30 lv2:LS:socket err:11004 -- CLogsrvConnector::OnError -- SetAddress failed! Addr:(ubuntu) Port:9008
2013-08-12 20:53:35 lv2:LS:socket err:11004 -- CLogsrvConnector::OnError -- SetAddress failed! Addr:(ubuntu) Port:9008
2013-08-12 20:53:40 lv2:LS:socket err:11004 -- CLogsrvConnector::OnError -- SetAddress failed! Addr:(ubuntu) Port:9008
2013-08-12 20:53:45 lv2:LS:socket err:11004 -- CLogsrvConnector::OnError -- SetAddress failed! Addr:(ubuntu) Port:9008
2013-08-12 20:53:50 lv2:LS:socket err:11004 -- CLogsrvConnector::OnError -- SetAddress failed! Addr:(ubuntu) Port:9008
2013-08-12 20:53:55 lv2:LS:socket err:11004 -- CLogsrvConnector::OnError -- SetAddress failed! Addr:(ubuntu) Port:9008
2013-08-12 20:54:00 lv2:LS:socket err:11004 -- CLogsrvConnector::OnError -- SetAddress failed! Addr:(ubuntu) Port:9008
2013-08-12 20:54:05 lv2:LS:socket err:11004 -- CLogsrvConnector::OnError -- SetAddress failed! Addr:(ubuntu) Port:9008
2013-08-12 20:54:10 lv2:LS:socket err:11004 -- CLogsrvConnector::OnError -- SetAddress failed! Addr:(ubuntu) Port:9008
2013-08-12 20:54:15 lv2:LS:socket err:11004 -- CLogsrvConnector::OnError -- SetAddress failed! Addr:(ubuntu) Port:9008
2013-08-12 20:54:20 lv2:LS:socket err:11004 -- CLogsrvConnector::OnError -- SetAddress failed! Addr:(ubuntu) Port:9008
2013-08-12 20:54:25 lv2:LS:socket err:11004 -- CLogsrvConnector::OnError -- SetAddress failed! Addr:(ubuntu) Port:9008
2013-08-12 20:54:30 lv2:LS:socket err:11004 -- CLogsrvConnector::OnError -- SetAddress failed! Addr:(ubuntu) Port:9008
2013-08-12 20:54:35 lv2:LS:socket err:11004 -- CLogsrvConnector::OnError -- SetAddress failed! Addr:(ubuntu) Port:9008
2013-08-12 20:54:40 lv2:LS:socket err:11004 -- CLogsrvConnector::OnError -- SetAddress failed! Addr:(ubuntu) Port:9008
2013-08-12 20:54:45 lv2:LS:socket err:11004 -- CLogsrvConnector::OnError -- SetAddress failed! Addr:(ubuntu) Port:9008
2013-08-12 20:54:50 lv2:LS:socket err:11004 -- CLogsrvConnector::OnError -- SetAddress failed! Addr:(ubuntu) Port:9008
2013-08-12 20:54:55 lv2:LS:socket err:11004 -- CLogsrvConnector::OnError -- SetAddress failed! Addr:(ubuntu) Port:9008
2013-08-12 20:55:00 lv2:LS:socket err:11004 -- CLogsrvConnector::OnError -- SetAddress failed! Addr:(ubuntu) Port:9008
2013-08-12 20:55:05 lv2:LS:socket err:11004 -- CLogsrvConnector::OnError -- SetAddress failed! Addr:(ubuntu) Port:9008
2013-08-12 20:55:10 lv2:LS:socket err:11004 -- CLogsrvConnector::OnError -- SetAddress failed! Addr:(ubuntu) Port:9008
2013-08-12 20:55:15 lv2:LS:socket err:11004 -- CLogsrvConnector::OnError -- SetAddress failed! Addr:(ubuntu) Port:9008
2013-08-12 20:55:20 lv2:LS:socket err:11004 -- CLogsrvConnector::OnError -- SetAddress failed! Addr:(ubuntu) Port:9008
2013-08-12 20:55:25 lv2:LS:socket err:11004 -- CLogsrvConnector::OnError -- SetAddress failed! Addr:(ubuntu) Port:9008
2013-08-12 20:55:30 lv2:LS:socket err:11004 -- CLogsrvConnector::OnError -- SetAddress failed! Addr:(ubuntu) Port:9008
2013-08-12 20:55:35 lv2:LS:socket err:11004 -- CLogsrvConnector::OnError -- SetAddress failed! Addr:(ubuntu) Port:9008
2013-08-12 20:55:40 lv2:LS:socket err:11004 -- CLogsrvConnector::OnError -- SetAddress failed! Addr:(ubuntu) Port:9008
2013-08-12 20:55:40 lv4:LS:Send SaveCharacter 20

2013-08-12 20:55:45 lv2:LS:socket err:11004 -- CLogsrvConnector::OnError -- SetAddress failed! Addr:(ubuntu) Port:9008
2013-08-12 20:55:50 lv2:LS:socket err:11004 -- CLogsrvConnector::OnError -- SetAddress failed! Addr:(ubuntu) Port:9008
2013-08-12 20:55:55 lv2:LS:socket err:11004 -- CLogsrvConnector::OnError -- SetAddress failed! Addr:(ubuntu) Port:9008
2013-08-12 20:56:00 lv2:LS:socket err:11004 -- CLogsrvConnector::OnError -- SetAddress failed! Addr:(ubuntu) Port:9008
2013-08-12 20:56:05 lv2:LS:socket err:11004 -- CLogsrvConnector::OnError -- SetAddress failed! Addr:(ubuntu) Port:9008
2013-08-12 20:56:10 lv2:LS:socket err:11004 -- CLogsrvConnector::OnError -- SetAddress failed! Addr:(ubuntu) Port:9008
2013-08-12 20:56:15 lv2:LS:socket err:11004 -- CLogsrvConnector::OnError -- SetAddress failed! Addr:(ubuntu) Port:9008
2013-08-12 20:56:20 lv2:LS:socket err:11004 -- CLogsrvConnector::OnError -- SetAddress failed! Addr:(ubuntu) Port:9008
2013-08-12 20:56:25 lv2:LS:socket err:11004 -- CLogsrvConnector::OnError -- SetAddress failed! Addr:(ubuntu) Port:9008
2013-08-12 20:56:30 lv2:LS:socket err:11004 -- CLogsrvConnector::OnError -- SetAddress failed! Addr:(ubuntu) Port:9008
2013-08-12 20:56:35 lv2:LS:socket err:11004 -- CLogsrvConnector::OnError -- SetAddress failed! Addr:(ubuntu) Port:9008
2013-08-12 20:56:40 lv2:LS:socket err:11004 -- CLogsrvConnector::OnError -- SetAddress failed! Addr:(ubuntu) Port:9008
2013-08-12 20:56:45 lv2:LS:socket err:11004 -- CLogsrvConnector::OnError -- SetAddress failed! Addr:(ubuntu) Port:9008
2013-08-12 20:56:50 lv2:LS:socket err:11004 -- CLogsrvConnector::OnError -- SetAddress failed! Addr:(ubuntu) Port:9008
2013-08-12 20:56:55 lv2:LS:socket err:11004 -- CLogsrvConnector::OnError -- SetAddress failed! Addr:(ubuntu) Port:9008
2013-08-12 20:57:00 lv2:LS:socket err:11004 -- CLogsrvConnector::OnError -- SetAddress failed! Addr:(ubuntu) Port:9008
2013-08-12 20:57:05 lv2:LS:socket err:11004 -- CLogsrvConnector::OnError -- SetAddress failed! Addr:(ubuntu) Port:9008
2013-08-12 20:57:10 lv2:LS:socket err:11004 -- CLogsrvConnector::OnError -- SetAddress failed! Addr:(ubuntu) Port:9008
2013-08-12 20:57:15 lv2:LS:socket err:11004 -- CLogsrvConnector::OnError -- SetAddress failed! Addr:(ubuntu) Port:9008
2013-08-12 20:57:20 lv2:LS:socket err:11004 -- CLogsrvConnector::OnError -- SetAddress failed! Addr:(ubuntu) Port:9008
2013-08-12 20:57:25 lv2:LS:socket err:11004 -- CLogsrvConnector::OnError -- SetAddress failed! Addr:(ubuntu) Port:9008
2013-08-12 20:57:30 lv2:LS:socket err:11004 -- CLogsrvConnector::OnError -- SetAddress failed! Addr:(ubuntu) Port:9008
2013-08-12 20:57:35 lv2:LS:socket err:11004 -- CLogsrvConnector::OnError -- SetAddress failed! Addr:(ubuntu) Port:9008
2013-08-12 20:57:40 lv2:LS:socket err:11004 -- CLogsrvConnector::OnError -- SetAddress failed! Addr:(ubuntu) Port:9008
2013-08-12 20:57:45 lv2:LS:socket err:11004 -- CLogsrvConnector::OnError -- SetAddress failed! Addr:(ubuntu) Port:9008
2013-08-12 20:57:50 lv2:LS:socket err:11004 -- CLogsrvConnector::OnError -- SetAddress failed! Addr:(ubuntu) Port:9008
2013-08-12 20:57:55 lv2:LS:socket err:11004 -- CLogsrvConnector::OnError -- SetAddress failed! Addr:(ubuntu) Port:9008
2013-08-12 20:58:00 lv2:LS:socket err:11004 -- CLogsrvConnector::OnError -- SetAddress failed! Addr:(ubuntu) Port:9008
2013-08-12 20:58:05 lv2:LS:socket err:11004 -- CLogsrvConnector::OnError -- SetAddress failed! Addr:(ubuntu) Port:9008
2013-08-12 20:58:10 lv2:LS:socket err:11004 -- CLogsrvConnector::OnError -- SetAddress failed! Addr:(ubuntu) Port:9008
2013-08-12 20:58:15 lv2:LS:socket err:11004 -- CLogsrvConnector::OnError -- SetAddress failed! Addr:(ubuntu) Port:9008
2013-08-12 20:58:20 lv2:LS:socket err:11004 -- CLogsrvConnector::OnError -- SetAddress failed! Addr:(ubuntu) Port:9008
2013-08-12 20:58:25 lv2:LS:socket err:11004 -- CLogsrvConnector::OnError -- SetAddress failed! Addr:(ubuntu) Port:9008
2013-08-12 20:58:30 lv2:LS:socket err:11004 -- CLogsrvConnector::OnError -- SetAddress failed! Addr:(ubuntu) Port:9008
2013-08-12 20:58:35 lv2:LS:socket err:11004 -- CLogsrvConnector::OnError -- SetAddress failed! Addr:(ubuntu) Port:9008
2013-08-12 20:58:40 lv2:LS:socket err:11004 -- CLogsrvConnector::OnError -- SetAddress failed! Addr:(ubuntu) Port:9008
2013-08-12 20:58:45 lv2:LS:socket err:11004 -- CLogsrvConnector::OnError -- SetAddress failed! Addr:(ubuntu) Port:9008
2013-08-12 20:58:50 lv2:LS:socket err:11004 -- CLogsrvConnector::OnError -- SetAddress failed! Addr:(ubuntu) Port:9008
2013-08-12 20:58:55 lv4:LS:Send SaveCharacter 14

2013-08-12 20:58:55 lv2:LS:socket err:11004 -- CLogsrvConnector::OnError -- SetAddress failed! Addr:(ubuntu) Port:9008
2013-08-12 20:59:00 lv2:LS:socket err:11004 -- CLogsrvConnector::OnError -- SetAddress failed! Addr:(ubuntu) Port:9008
2013-08-12 20:59:05 lv2:LS:socket err:11004 -- CLogsrvConnector::OnError -- SetAddress failed! Addr:(ubuntu) Port:9008
2013-08-12 20:59:10 lv4:LS:Send SaveCharacter 20

2013-08-12 20:59:10 lv2:LS:socket err:11004 -- CLogsrvConnector::OnError -- SetAddress failed! Addr:(ubuntu) Port:9008
2013-08-12 20:59:11 lv4:LS:Send SaveCharacter 20

2013-08-12 20:59:12 lv4:LS:Send SaveCharacter 20

2013-08-12 20:59:13 lv4:LS:Send SaveCharacter 20

2013-08-12 20:59:15 lv2:LS:socket err:11004 -- CLogsrvConnector::OnError -- SetAddress failed! Addr:(ubuntu) Port:9008
2013-08-12 20:59:20 lv2:LS:socket err:11004 -- CLogsrvConnector::OnError -- SetAddress failed! Addr:(ubuntu) Port:9008
2013-08-12 20:59:25 lv2:LS:socket err:11004 -- CLogsrvConnector::OnError -- SetAddress failed! Addr:(ubuntu) Port:9008
2013-08-12 20:59:30 lv2:LS:socket err:11004 -- CLogsrvConnector::OnError -- SetAddress failed! Addr:(ubuntu) Port:9008
2013-08-12 20:59:35 lv2:LS:socket err:11004 -- CLogsrvConnector::OnError -- SetAddress failed! Addr:(ubuntu) Port:9008
2013-08-12 20:59:40 lv2:LS:socket err:11004 -- CLogsrvConnector::OnError -- SetAddress failed! Addr:(ubuntu) Port:9008
2013-08-12 20:59:45 lv2:LS:socket err:11004 -- CLogsrvConnector::OnError -- SetAddress failed! Addr:(ubuntu) Port:9008
2013-08-12 20:59:50 lv2:LS:socket err:11004 -- CLogsrvConnector::OnError -- SetAddress failed! Addr:(ubuntu) Port:9008
2013-08-12 20:59:55 lv2:LS:socket err:11004 -- CLogsrvConnector::OnError -- SetAddress failed! Addr:(ubuntu) Port:9008
2013-08-12 21:00:00 lv2:LS:socket err:11004 -- CLogsrvConnector::OnError -- SetAddress failed! Addr:(ubuntu) Port:9008
2013-08-12 21:00:05 lv2:LS:socket err:11004 -- CLogsrvConnector::OnError -- SetAddress failed! Addr:(ubuntu) Port:9008
2013-08-12 21:00:10 lv2:LS:socket err:11004 -- CLogsrvConnector::OnError -- SetAddress failed! Addr:(ubuntu) Port:9008
2013-08-12 21:00:15 lv2:LS:socket err:11004 -- CLogsrvConnector::OnError -- SetAddress failed! Addr:(ubuntu) Port:9008
2013-08-12 21:00:20 lv2:LS:socket err:11004 -- CLogsrvConnector::OnError -- SetAddress failed! Addr:(ubuntu) Port:9008
2013-08-12 21:00:25 lv2:LS:socket err:11004 -- CLogsrvConnector::OnError -- SetAddress failed! Addr:(ubuntu) Port:9008
2013-08-12 21:00:30 lv2:LS:socket err:11004 -- CLogsrvConnector::OnError -- SetAddress failed! Addr:(ubuntu) Port:9008
2013-08-12 21:00:35 lv2:LS:socket err:11004 -- CLogsrvConnector::OnError -- SetAddress failed! Addr:(ubuntu) Port:9008
2013-08-12 21:00:40 lv2:LS:socket err:11004 -- CLogsrvConnector::OnError -- SetAddress failed! Addr:(ubuntu) Port:9008
