2013-08-12 21:00:40 lv4:LS:Send SaveCharacter 20

2013-08-12 21:00:45 lv2:LS:socket err:11004 -- CLogsrvConnector::OnError -- SetAddress failed! Addr:(ubuntu) Port:9008
2013-08-12 21:00:50 lv2:LS:socket err:11004 -- CLogsrvConnector::OnError -- SetAddress failed! Addr:(ubuntu) Port:9008
2013-08-12 21:00:55 lv2:LS:socket err:11004 -- CLogsrvConnector::OnError -- SetAddress failed! Addr:(ubuntu) Port:9008
2013-08-12 21:01:00 lv2:LS:socket err:11004 -- CLogsrvConnector::OnError -- SetAddress failed! Addr:(ubuntu) Port:9008
2013-08-12 21:01:05 lv2:LS:socket err:11004 -- CLogsrvConnector::OnError -- SetAddress failed! Addr:(ubuntu) Port:9008
2013-08-12 21:01:10 lv2:LS:socket err:11004 -- CLogsrvConnector::OnError -- SetAddress failed! Addr:(ubuntu) Port:9008
2013-08-12 21:01:15 lv2:LS:socket err:11004 -- CLogsrvConnector::OnError -- SetAddress failed! Addr:(ubuntu) Port:9008
2013-08-12 21:01:20 lv2:LS:socket err:11004 -- CLogsrvConnector::OnError -- SetAddress failed! Addr:(ubuntu) Port:9008
2013-08-12 21:01:24 lv4:LS:Send SaveCharacter 14

2013-08-12 21:01:25 lv2:LS:socket err:11004 -- CLogsrvConnector::OnError -- SetAddress failed! Addr:(ubuntu) Port:9008
2013-08-12 21:01:28 lv4:LS:Send SaveCharacter 14

2013-08-12 21:01:30 lv2:LS:socket err:11004 -- CLogsrvConnector::OnError -- SetAddress failed! Addr:(ubuntu) Port:9008
2013-08-12 21:01:35 lv2:LS:socket err:11004 -- CLogsrvConnector::OnError -- SetAddress failed! Addr:(ubuntu) Port:9008
2013-08-12 21:01:40 lv2:LS:socket err:11004 -- CLogsrvConnector::OnError -- SetAddress failed! Addr:(ubuntu) Port:9008
2013-08-12 21:01:45 lv2:LS:socket err:11004 -- CLogsrvConnector::OnError -- SetAddress failed! Addr:(ubuntu) Port:9008
2013-08-12 21:01:50 lv2:LS:socket err:11004 -- CLogsrvConnector::OnError -- SetAddress failed! Addr:(ubuntu) Port:9008
2013-08-12 21:01:55 lv2:LS:socket err:11004 -- CLogsrvConnector::OnError -- SetAddress failed! Addr:(ubuntu) Port:9008
2013-08-12 21:02:00 lv2:LS:socket err:11004 -- CLogsrvConnector::OnError -- SetAddress failed! Addr:(ubuntu) Port:9008
2013-08-12 21:02:05 lv2:LS:socket err:11004 -- CLogsrvConnector::OnError -- SetAddress failed! Addr:(ubuntu) Port:9008
2013-08-12 21:02:10 lv2:LS:socket err:11004 -- CLogsrvConnector::OnError -- SetAddress failed! Addr:(ubuntu) Port:9008
2013-08-12 21:02:15 lv2:LS:socket err:11004 -- CLogsrvConnector::OnError -- SetAddress failed! Addr:(ubuntu) Port:9008
2013-08-12 21:02:20 lv2:LS:socket err:11004 -- CLogsrvConnector::OnError -- SetAddress failed! Addr:(ubuntu) Port:9008
2013-08-12 21:02:25 lv2:LS:socket err:11004 -- CLogsrvConnector::OnError -- SetAddress failed! Addr:(ubuntu) Port:9008
2013-08-12 21:02:30 lv2:LS:socket err:11004 -- CLogsrvConnector::OnError -- SetAddress failed! Addr:(ubuntu) Port:9008
2013-08-12 21:02:35 lv2:LS:socket err:11004 -- CLogsrvConnector::OnError -- SetAddress failed! Addr:(ubuntu) Port:9008
2013-08-12 21:02:39 lv4:LS:Send SaveCharacter 20

2013-08-12 21:02:40 lv4:LS:Send SaveCharacter 20

2013-08-12 21:02:40 lv2:LS:socket err:11004 -- CLogsrvConnector::OnError -- SetAddress failed! Addr:(ubuntu) Port:9008
2013-08-12 21:02:41 lv4:LS:Send SaveCharacter 20

2013-08-12 21:02:45 lv2:LS:socket err:11004 -- CLogsrvConnector::OnError -- SetAddress failed! Addr:(ubuntu) Port:9008
2013-08-12 21:02:50 lv2:LS:socket err:11004 -- CLogsrvConnector::OnError -- SetAddress failed! Addr:(ubuntu) Port:9008
2013-08-12 21:02:55 lv2:LS:socket err:11004 -- CLogsrvConnector::OnError -- SetAddress failed! Addr:(ubuntu) Port:9008
2013-08-12 21:03:00 lv2:LS:socket err:11004 -- CLogsrvConnector::OnError -- SetAddress failed! Addr:(ubuntu) Port:9008
2013-08-12 21:03:05 lv2:LS:socket err:11004 -- CLogsrvConnector::OnError -- SetAddress failed! Addr:(ubuntu) Port:9008
2013-08-12 21:03:10 lv2:LS:socket err:11004 -- CLogsrvConnector::OnError -- SetAddress failed! Addr:(ubuntu) Port:9008
2013-08-12 21:03:14 lv3:LS:Player Offline ID : [14].

2013-08-12 21:03:14 lv4:LS:Send SaveCharacter 14

2013-08-12 21:03:14 lv3:LS:Save Success ID : [14].

2013-08-12 21:03:14 lv3:LS:Wait for Ack List Size : [0].

2013-08-12 21:03:15 lv2:LS:socket err:11004 -- CLogsrvConnector::OnError -- SetAddress failed! Addr:(ubuntu) Port:9008
2013-08-12 21:03:20 lv2:LS:socket err:11004 -- CLogsrvConnector::OnError -- SetAddress failed! Addr:(ubuntu) Port:9008
2013-08-12 21:03:25 lv2:LS:socket err:11004 -- CLogsrvConnector::OnError -- SetAddress failed! Addr:(ubuntu) Port:9008
2013-08-12 21:03:30 lv2:LS:socket err:11004 -- CLogsrvConnector::OnError -- SetAddress failed! Addr:(ubuntu) Port:9008
2013-08-12 21:03:35 lv2:LS:socket err:11004 -- CLogsrvConnector::OnError -- SetAddress failed! Addr:(ubuntu) Port:9008
2013-08-12 21:03:40 lv2:LS:socket err:11004 -- CLogsrvConnector::OnError -- SetAddress failed! Addr:(ubuntu) Port:9008
2013-08-12 21:03:45 lv2:LS:socket err:11004 -- CLogsrvConnector::OnError -- SetAddress failed! Addr:(ubuntu) Port:9008
2013-08-12 21:03:50 lv2:LS:socket err:11004 -- CLogsrvConnector::OnError -- SetAddress failed! Addr:(ubuntu) Port:9008
2013-08-12 21:03:55 lv2:LS:socket err:11004 -- CLogsrvConnector::OnError -- SetAddress failed! Addr:(ubuntu) Port:9008
2013-08-12 21:04:00 lv2:LS:socket err:11004 -- CLogsrvConnector::OnError -- SetAddress failed! Addr:(ubuntu) Port:9008
2013-08-12 21:04:05 lv2:LS:socket err:11004 -- CLogsrvConnector::OnError -- SetAddress failed! Addr:(ubuntu) Port:9008
2013-08-12 21:04:10 lv2:LS:socket err:11004 -- CLogsrvConnector::OnError -- SetAddress failed! Addr:(ubuntu) Port:9008
2013-08-12 21:04:15 lv2:LS:socket err:11004 -- CLogsrvConnector::OnError -- SetAddress failed! Addr:(ubuntu) Port:9008
2013-08-12 21:04:20 lv2:LS:socket err:11004 -- CLogsrvConnector::OnError -- SetAddress failed! Addr:(ubuntu) Port:9008
2013-08-12 21:04:25 lv2:LS:socket err:11004 -- CLogsrvConnector::OnError -- SetAddress failed! Addr:(ubuntu) Port:9008
2013-08-12 21:04:28 lv4:LS:Send SaveCharacter 20

2013-08-12 21:04:29 lv4:LS:Send SaveCharacter 20

2013-08-12 21:04:30 lv4:LS:Send SaveCharacter 20

2013-08-12 21:04:30 lv2:LS:socket err:11004 -- CLogsrvConnector::OnError -- SetAddress failed! Addr:(ubuntu) Port:9008
2013-08-12 21:04:31 lv4:LS:Send SaveCharacter 20

2013-08-12 21:04:35 lv2:LS:socket err:11004 -- CLogsrvConnector::OnError -- SetAddress failed! Addr:(ubuntu) Port:9008
2013-08-12 21:04:40 lv2:LS:socket err:11004 -- CLogsrvConnector::OnError -- SetAddress failed! Addr:(ubuntu) Port:9008
2013-08-12 21:04:45 lv2:LS:socket err:11004 -- CLogsrvConnector::OnError -- SetAddress failed! Addr:(ubuntu) Port:9008
2013-08-12 21:04:50 lv2:LS:socket err:11004 -- CLogsrvConnector::OnError -- SetAddress failed! Addr:(ubuntu) Port:9008
2013-08-12 21:04:55 lv2:LS:socket err:11004 -- CLogsrvConnector::OnError -- SetAddress failed! Addr:(ubuntu) Port:9008
2013-08-12 21:05:00 lv2:LS:socket err:11004 -- CLogsrvConnector::OnError -- SetAddress failed! Addr:(ubuntu) Port:9008
2013-08-12 21:05:05 lv2:LS:socket err:11004 -- CLogsrvConnector::OnError -- SetAddress failed! Addr:(ubuntu) Port:9008
2013-08-12 21:05:10 lv2:LS:socket err:11004 -- CLogsrvConnector::OnError -- SetAddress failed! Addr:(ubuntu) Port:9008
2013-08-12 21:05:15 lv2:LS:socket err:11004 -- CLogsrvConnector::OnError -- SetAddress failed! Addr:(ubuntu) Port:9008
2013-08-12 21:05:20 lv2:LS:socket err:11004 -- CLogsrvConnector::OnError -- SetAddress failed! Addr:(ubuntu) Port:9008
2013-08-12 21:05:25 lv2:LS:socket err:11004 -- CLogsrvConnector::OnError -- SetAddress failed! Addr:(ubuntu) Port:9008
2013-08-12 21:05:30 lv2:LS:socket err:11004 -- CLogsrvConnector::OnError -- SetAddress failed! Addr:(ubuntu) Port:9008
2013-08-12 21:05:35 lv2:LS:socket err:11004 -- CLogsrvConnector::OnError -- SetAddress failed! Addr:(ubuntu) Port:9008
2013-08-12 21:05:40 lv4:LS:Send SaveCharacter 20

2013-08-12 21:05:40 lv2:LS:socket err:11004 -- CLogsrvConnector::OnError -- SetAddress failed! Addr:(ubuntu) Port:9008
2013-08-12 21:05:45 lv2:LS:socket err:11004 -- CLogsrvConnector::OnError -- SetAddress failed! Addr:(ubuntu) Port:9008
2013-08-12 21:05:50 lv2:LS:socket err:11004 -- CLogsrvConnector::OnError -- SetAddress failed! Addr:(ubuntu) Port:9008
2013-08-12 21:05:55 lv2:LS:socket err:11004 -- CLogsrvConnector::OnError -- SetAddress failed! Addr:(ubuntu) Port:9008
2013-08-12 21:06:00 lv2:LS:socket err:11004 -- CLogsrvConnector::OnError -- SetAddress failed! Addr:(ubuntu) Port:9008
2013-08-12 21:06:05 lv2:LS:socket err:11004 -- CLogsrvConnector::OnError -- SetAddress failed! Addr:(ubuntu) Port:9008
2013-08-12 21:06:10 lv2:LS:socket err:11004 -- CLogsrvConnector::OnError -- SetAddress failed! Addr:(ubuntu) Port:9008
2013-08-12 21:06:15 lv2:LS:socket err:11004 -- CLogsrvConnector::OnError -- SetAddress failed! Addr:(ubuntu) Port:9008
2013-08-12 21:06:20 lv2:LS:socket err:11004 -- CLogsrvConnector::OnError -- SetAddress failed! Addr:(ubuntu) Port:9008
2013-08-12 21:06:25 lv2:LS:socket err:11004 -- CLogsrvConnector::OnError -- SetAddress failed! Addr:(ubuntu) Port:9008
2013-08-12 21:06:30 lv2:LS:socket err:11004 -- CLogsrvConnector::OnError -- SetAddress failed! Addr:(ubuntu) Port:9008
2013-08-12 21:06:35 lv2:LS:socket err:11004 -- CLogsrvConnector::OnError -- SetAddress failed! Addr:(ubuntu) Port:9008
2013-08-12 21:06:40 lv2:LS:socket err:11004 -- CLogsrvConnector::OnError -- SetAddress failed! Addr:(ubuntu) Port:9008
2013-08-12 21:06:45 lv2:LS:socket err:11004 -- CLogsrvConnector::OnError -- SetAddress failed! Addr:(ubuntu) Port:9008
2013-08-12 21:06:50 lv2:LS:socket err:11004 -- CLogsrvConnector::OnError -- SetAddress failed! Addr:(ubuntu) Port:9008
2013-08-12 21:06:55 lv2:LS:socket err:11004 -- CLogsrvConnector::OnError -- SetAddress failed! Addr:(ubuntu) Port:9008
2013-08-12 21:07:00 lv2:LS:socket err:11004 -- CLogsrvConnector::OnError -- SetAddress failed! Addr:(ubuntu) Port:9008
2013-08-12 21:07:05 lv2:LS:socket err:11004 -- CLogsrvConnector::OnError -- SetAddress failed! Addr:(ubuntu) Port:9008
2013-08-12 21:07:10 lv2:LS:socket err:11004 -- CLogsrvConnector::OnError -- SetAddress failed! Addr:(ubuntu) Port:9008
2013-08-12 21:07:15 lv2:LS:socket err:11004 -- CLogsrvConnector::OnError -- SetAddress failed! Addr:(ubuntu) Port:9008
2013-08-12 21:07:20 lv2:LS:socket err:11004 -- CLogsrvConnector::OnError -- SetAddress failed! Addr:(ubuntu) Port:9008
2013-08-12 21:07:25 lv2:LS:socket err:11004 -- CLogsrvConnector::OnError -- SetAddress failed! Addr:(ubuntu) Port:9008
2013-08-12 21:07:30 lv2:LS:socket err:11004 -- CLogsrvConnector::OnError -- SetAddress failed! Addr:(ubuntu) Port:9008
2013-08-12 21:07:35 lv2:LS:socket err:11004 -- CLogsrvConnector::OnError -- SetAddress failed! Addr:(ubuntu) Port:9008
2013-08-12 21:07:40 lv2:LS:socket err:11004 -- CLogsrvConnector::OnError -- SetAddress failed! Addr:(ubuntu) Port:9008
2013-08-12 21:07:45 lv2:LS:socket err:11004 -- CLogsrvConnector::OnError -- SetAddress failed! Addr:(ubuntu) Port:9008
2013-08-12 21:07:51 lv2:LS:socket err:11004 -- CLogsrvConnector::OnError -- SetAddress failed! Addr:(ubuntu) Port:9008
2013-08-12 21:07:55 lv2:LS:socket err:11004 -- CLogsrvConnector::OnError -- SetAddress failed! Addr:(ubuntu) Port:9008
2013-08-12 21:08:01 lv2:LS:socket err:11004 -- CLogsrvConnector::OnError -- SetAddress failed! Addr:(ubuntu) Port:9008
2013-08-12 21:08:05 lv4:LS:Send SaveCharacter 20

2013-08-12 21:08:06 lv2:LS:socket err:11004 -- CLogsrvConnector::OnError -- SetAddress failed! Addr:(ubuntu) Port:9008
2013-08-12 21:08:07 lv4:LS:Send SaveCharacter 20

2013-08-12 21:08:11 lv2:LS:socket err:11004 -- CLogsrvConnector::OnError -- SetAddress failed! Addr:(ubuntu) Port:9008
2013-08-12 21:08:16 lv2:LS:socket err:11004 -- CLogsrvConnector::OnError -- SetAddress failed! Addr:(ubuntu) Port:9008
2013-08-12 21:08:21 lv2:LS:socket err:11004 -- CLogsrvConnector::OnError -- SetAddress failed! Addr:(ubuntu) Port:9008
2013-08-12 21:08:26 lv2:LS:socket err:11004 -- CLogsrvConnector::OnError -- SetAddress failed! Addr:(ubuntu) Port:9008
2013-08-12 21:08:31 lv2:LS:socket err:11004 -- CLogsrvConnector::OnError -- SetAddress failed! Addr:(ubuntu) Port:9008
2013-08-12 21:08:36 lv2:LS:socket err:11004 -- CLogsrvConnector::OnError -- SetAddress failed! Addr:(ubuntu) Port:9008
2013-08-12 21:08:41 lv2:LS:socket err:11004 -- CLogsrvConnector::OnError -- SetAddress failed! Addr:(ubuntu) Port:9008
2013-08-12 21:08:46 lv2:LS:socket err:11004 -- CLogsrvConnector::OnError -- SetAddress failed! Addr:(ubuntu) Port:9008
2013-08-12 21:08:51 lv2:LS:socket err:11004 -- CLogsrvConnector::OnError -- SetAddress failed! Addr:(ubuntu) Port:9008
2013-08-12 21:08:56 lv2:LS:socket err:11004 -- CLogsrvConnector::OnError -- SetAddress failed! Addr:(ubuntu) Port:9008
2013-08-12 21:09:01 lv2:LS:socket err:11004 -- CLogsrvConnector::OnError -- SetAddress failed! Addr:(ubuntu) Port:9008
2013-08-12 21:09:06 lv2:LS:socket err:11004 -- CLogsrvConnector::OnError -- SetAddress failed! Addr:(ubuntu) Port:9008
2013-08-12 21:09:11 lv2:LS:socket err:11004 -- CLogsrvConnector::OnError -- SetAddress failed! Addr:(ubuntu) Port:9008
2013-08-12 21:09:16 lv2:LS:socket err:11004 -- CLogsrvConnector::OnError -- SetAddress failed! Addr:(ubuntu) Port:9008
2013-08-12 21:09:21 lv2:LS:socket err:11004 -- CLogsrvConnector::OnError -- SetAddress failed! Addr:(ubuntu) Port:9008
2013-08-12 21:09:26 lv2:LS:socket err:11004 -- CLogsrvConnector::OnError -- SetAddress failed! Addr:(ubuntu) Port:9008
2013-08-12 21:09:31 lv2:LS:socket err:11004 -- CLogsrvConnector::OnError -- SetAddress failed! Addr:(ubuntu) Port:9008
2013-08-12 21:09:36 lv2:LS:socket err:11004 -- CLogsrvConnector::OnError -- SetAddress failed! Addr:(ubuntu) Port:9008
2013-08-12 21:09:38 lv4:LS:Send SaveCharacter 20

2013-08-12 21:09:40 lv4:LS:Send SaveCharacter 20

2013-08-12 21:09:41 lv2:LS:socket err:11004 -- CLogsrvConnector::OnError -- SetAddress failed! Addr:(ubuntu) Port:9008
2013-08-12 21:09:41 lv4:LS:Send SaveCharacter 20

2013-08-12 21:09:42 lv4:LS:Send SaveCharacter 20

2013-08-12 21:09:45 lv4:LS:Send SaveCharacter 20

2013-08-12 21:09:46 lv2:LS:socket err:11004 -- CLogsrvConnector::OnError -- SetAddress failed! Addr:(ubuntu) Port:9008
2013-08-12 21:09:47 lv4:LS:Send SaveCharacter 20

2013-08-12 21:09:48 lv4:LS:Send SaveCharacter 20

2013-08-12 21:09:51 lv2:LS:socket err:11004 -- CLogsrvConnector::OnError -- SetAddress failed! Addr:(ubuntu) Port:9008
2013-08-12 21:09:56 lv2:LS:socket err:11004 -- CLogsrvConnector::OnError -- SetAddress failed! Addr:(ubuntu) Port:9008
2013-08-12 21:10:01 lv2:LS:socket err:11004 -- CLogsrvConnector::OnError -- SetAddress failed! Addr:(ubuntu) Port:9008
2013-08-12 21:10:06 lv2:LS:socket err:11004 -- CLogsrvConnector::OnError -- SetAddress failed! Addr:(ubuntu) Port:9008
2013-08-12 21:10:11 lv2:LS:socket err:11004 -- CLogsrvConnector::OnError -- SetAddress failed! Addr:(ubuntu) Port:9008
2013-08-12 21:10:16 lv2:LS:socket err:11004 -- CLogsrvConnector::OnError -- SetAddress failed! Addr:(ubuntu) Port:9008
2013-08-12 21:10:21 lv2:LS:socket err:11004 -- CLogsrvConnector::OnError -- SetAddress failed! Addr:(ubuntu) Port:9008
2013-08-12 21:10:26 lv2:LS:socket err:11004 -- CLogsrvConnector::OnError -- SetAddress failed! Addr:(ubuntu) Port:9008
2013-08-12 21:10:31 lv2:LS:socket err:11004 -- CLogsrvConnector::OnError -- SetAddress failed! Addr:(ubuntu) Port:9008
2013-08-12 21:10:36 lv2:LS:socket err:11004 -- CLogsrvConnector::OnError -- SetAddress failed! Addr:(ubuntu) Port:9008
2013-08-12 21:10:40 lv4:LS:Send SaveCharacter 20

2013-08-12 21:10:41 lv2:LS:socket err:11004 -- CLogsrvConnector::OnError -- SetAddress failed! Addr:(ubuntu) Port:9008
2013-08-12 21:10:46 lv2:LS:socket err:11004 -- CLogsrvConnector::OnError -- SetAddress failed! Addr:(ubuntu) Port:9008
2013-08-12 21:10:51 lv2:LS:socket err:11004 -- CLogsrvConnector::OnError -- SetAddress failed! Addr:(ubuntu) Port:9008
2013-08-12 21:10:56 lv2:LS:socket err:11004 -- CLogsrvConnector::OnError -- SetAddress failed! Addr:(ubuntu) Port:9008
2013-08-12 21:10:58 lv4:LS:Send SaveCharacter 20

2013-08-12 21:11:00 lv4:LS:Send SaveCharacter 20

2013-08-12 21:11:01 lv2:LS:socket err:11004 -- CLogsrvConnector::OnError -- SetAddress failed! Addr:(ubuntu) Port:9008
2013-08-12 21:11:01 lv4:LS:Send SaveCharacter 20

2013-08-12 21:11:02 lv4:LS:Send SaveCharacter 20

2013-08-12 21:11:04 lv4:LS:Send SaveCharacter 20

2013-08-12 21:11:05 lv4:LS:Send SaveCharacter 20

2013-08-12 21:11:06 lv2:LS:socket err:11004 -- CLogsrvConnector::OnError -- SetAddress failed! Addr:(ubuntu) Port:9008
2013-08-12 21:11:06 lv4:LS:Send SaveCharacter 20

2013-08-12 21:11:07 lv4:LS:Send SaveCharacter 20

2013-08-12 21:11:11 lv2:LS:socket err:11004 -- CLogsrvConnector::OnError -- SetAddress failed! Addr:(ubuntu) Port:9008
2013-08-12 21:11:16 lv2:LS:socket err:11004 -- CLogsrvConnector::OnError -- SetAddress failed! Addr:(ubuntu) Port:9008
2013-08-12 21:11:21 lv2:LS:socket err:11004 -- CLogsrvConnector::OnError -- SetAddress failed! Addr:(ubuntu) Port:9008
2013-08-12 21:11:26 lv2:LS:socket err:11004 -- CLogsrvConnector::OnError -- SetAddress failed! Addr:(ubuntu) Port:9008
2013-08-12 21:11:31 lv2:LS:socket err:11004 -- CLogsrvConnector::OnError -- SetAddress failed! Addr:(ubuntu) Port:9008
2013-08-12 21:11:36 lv2:LS:socket err:11004 -- CLogsrvConnector::OnError -- SetAddress failed! Addr:(ubuntu) Port:9008
2013-08-12 21:11:41 lv2:LS:socket err:11004 -- CLogsrvConnector::OnError -- SetAddress failed! Addr:(ubuntu) Port:9008
2013-08-12 21:11:46 lv2:LS:socket err:11004 -- CLogsrvConnector::OnError -- SetAddress failed! Addr:(ubuntu) Port:9008
2013-08-12 21:11:51 lv2:LS:socket err:11004 -- CLogsrvConnector::OnError -- SetAddress failed! Addr:(ubuntu) Port:9008
2013-08-12 21:11:56 lv2:LS:socket err:11004 -- CLogsrvConnector::OnError -- SetAddress failed! Addr:(ubuntu) Port:9008
2013-08-12 21:12:01 lv2:LS:socket err:11004 -- CLogsrvConnector::OnError -- SetAddress failed! Addr:(ubuntu) Port:9008
2013-08-12 21:12:06 lv2:LS:socket err:11004 -- CLogsrvConnector::OnError -- SetAddress failed! Addr:(ubuntu) Port:9008
2013-08-12 21:12:11 lv2:LS:socket err:11004 -- CLogsrvConnector::OnError -- SetAddress failed! Addr:(ubuntu) Port:9008
2013-08-12 21:12:16 lv2:LS:socket err:11004 -- CLogsrvConnector::OnError -- SetAddress failed! Addr:(ubuntu) Port:9008
2013-08-12 21:12:21 lv2:LS:socket err:11004 -- CLogsrvConnector::OnError -- SetAddress failed! Addr:(ubuntu) Port:9008
2013-08-12 21:12:26 lv2:LS:socket err:11004 -- CLogsrvConnector::OnError -- SetAddress failed! Addr:(ubuntu) Port:9008
2013-08-12 21:12:31 lv2:LS:socket err:11004 -- CLogsrvConnector::OnError -- SetAddress failed! Addr:(ubuntu) Port:9008
2013-08-12 21:12:36 lv2:LS:socket err:11004 -- CLogsrvConnector::OnError -- SetAddress failed! Addr:(ubuntu) Port:9008
2013-08-12 21:12:41 lv2:LS:socket err:11004 -- CLogsrvConnector::OnError -- SetAddress failed! Addr:(ubuntu) Port:9008
2013-08-12 21:12:46 lv2:LS:socket err:11004 -- CLogsrvConnector::OnError -- SetAddress failed! Addr:(ubuntu) Port:9008
2013-08-12 21:12:51 lv2:LS:socket err:11004 -- CLogsrvConnector::OnError -- SetAddress failed! Addr:(ubuntu) Port:9008
2013-08-12 21:12:56 lv2:LS:socket err:11004 -- CLogsrvConnector::OnError -- SetAddress failed! Addr:(ubuntu) Port:9008
2013-08-12 21:13:01 lv2:LS:socket err:11004 -- CLogsrvConnector::OnError -- SetAddress failed! Addr:(ubuntu) Port:9008
2013-08-12 21:13:06 lv2:LS:socket err:11004 -- CLogsrvConnector::OnError -- SetAddress failed! Addr:(ubuntu) Port:9008
2013-08-12 21:13:11 lv2:LS:socket err:11004 -- CLogsrvConnector::OnError -- SetAddress failed! Addr:(ubuntu) Port:9008
2013-08-12 21:13:16 lv2:LS:socket err:11004 -- CLogsrvConnector::OnError -- SetAddress failed! Addr:(ubuntu) Port:9008
2013-08-12 21:13:21 lv2:LS:socket err:11004 -- CLogsrvConnector::OnError -- SetAddress failed! Addr:(ubuntu) Port:9008
2013-08-12 21:13:26 lv2:LS:socket err:11004 -- CLogsrvConnector::OnError -- SetAddress failed! Addr:(ubuntu) Port:9008
2013-08-12 21:13:31 lv2:LS:socket err:11004 -- CLogsrvConnector::OnError -- SetAddress failed! Addr:(ubuntu) Port:9008
2013-08-12 21:13:36 lv2:LS:socket err:11004 -- CLogsrvConnector::OnError -- SetAddress failed! Addr:(ubuntu) Port:9008
2013-08-12 21:13:41 lv2:LS:socket err:11004 -- CLogsrvConnector::OnError -- SetAddress failed! Addr:(ubuntu) Port:9008
2013-08-12 21:13:46 lv2:LS:socket err:11004 -- CLogsrvConnector::OnError -- SetAddress failed! Addr:(ubuntu) Port:9008
2013-08-12 21:13:51 lv2:LS:socket err:11004 -- CLogsrvConnector::OnError -- SetAddress failed! Addr:(ubuntu) Port:9008
2013-08-12 21:13:56 lv2:LS:socket err:11004 -- CLogsrvConnector::OnError -- SetAddress failed! Addr:(ubuntu) Port:9008
2013-08-12 21:14:01 lv2:LS:socket err:11004 -- CLogsrvConnector::OnError -- SetAddress failed! Addr:(ubuntu) Port:9008
2013-08-12 21:14:06 lv2:LS:socket err:11004 -- CLogsrvConnector::OnError -- SetAddress failed! Addr:(ubuntu) Port:9008
2013-08-12 21:14:11 lv2:LS:socket err:11004 -- CLogsrvConnector::OnError -- SetAddress failed! Addr:(ubuntu) Port:9008
2013-08-12 21:14:16 lv2:LS:socket err:11004 -- CLogsrvConnector::OnError -- SetAddress failed! Addr:(ubuntu) Port:9008
2013-08-12 21:14:21 lv2:LS:socket err:11004 -- CLogsrvConnector::OnError -- SetAddress failed! Addr:(ubuntu) Port:9008
2013-08-12 21:14:26 lv2:LS:socket err:11004 -- CLogsrvConnector::OnError -- SetAddress failed! Addr:(ubuntu) Port:9008
2013-08-12 21:14:31 lv2:LS:socket err:11004 -- CLogsrvConnector::OnError -- SetAddress failed! Addr:(ubuntu) Port:9008
2013-08-12 21:14:36 lv2:LS:socket err:11004 -- CLogsrvConnector::OnError -- SetAddress failed! Addr:(ubuntu) Port:9008
2013-08-12 21:14:41 lv2:LS:socket err:11004 -- CLogsrvConnector::OnError -- SetAddress failed! Addr:(ubuntu) Port:9008
2013-08-12 21:14:46 lv2:LS:socket err:11004 -- CLogsrvConnector::OnError -- SetAddress failed! Addr:(ubuntu) Port:9008
2013-08-12 21:14:51 lv2:LS:socket err:11004 -- CLogsrvConnector::OnError -- SetAddress failed! Addr:(ubuntu) Port:9008
2013-08-12 21:14:56 lv2:LS:socket err:11004 -- CLogsrvConnector::OnError -- SetAddress failed! Addr:(ubuntu) Port:9008
2013-08-12 21:15:01 lv2:LS:socket err:11004 -- CLogsrvConnector::OnError -- SetAddress failed! Addr:(ubuntu) Port:9008
2013-08-12 21:15:06 lv2:LS:socket err:11004 -- CLogsrvConnector::OnError -- SetAddress failed! Addr:(ubuntu) Port:9008
2013-08-12 21:15:11 lv2:LS:socket err:11004 -- CLogsrvConnector::OnError -- SetAddress failed! Addr:(ubuntu) Port:9008
2013-08-12 21:15:16 lv2:LS:socket err:11004 -- CLogsrvConnector::OnError -- SetAddress failed! Addr:(ubuntu) Port:9008
2013-08-12 21:15:21 lv2:LS:socket err:11004 -- CLogsrvConnector::OnError -- SetAddress failed! Addr:(ubuntu) Port:9008
2013-08-12 21:15:26 lv2:LS:socket err:11004 -- CLogsrvConnector::OnError -- SetAddress failed! Addr:(ubuntu) Port:9008
2013-08-12 21:15:31 lv2:LS:socket err:11004 -- CLogsrvConnector::OnError -- SetAddress failed! Addr:(ubuntu) Port:9008
2013-08-12 21:15:36 lv2:LS:socket err:11004 -- CLogsrvConnector::OnError -- SetAddress failed! Addr:(ubuntu) Port:9008
2013-08-12 21:15:40 lv4:LS:Send SaveCharacter 20

2013-08-12 21:15:41 lv2:LS:socket err:11004 -- CLogsrvConnector::OnError -- SetAddress failed! Addr:(ubuntu) Port:9008
2013-08-12 21:15:46 lv2:LS:socket err:11004 -- CLogsrvConnector::OnError -- SetAddress failed! Addr:(ubuntu) Port:9008
2013-08-12 21:15:51 lv2:LS:socket err:11004 -- CLogsrvConnector::OnError -- SetAddress failed! Addr:(ubuntu) Port:9008
2013-08-12 21:15:56 lv2:LS:socket err:11004 -- CLogsrvConnector::OnError -- SetAddress failed! Addr:(ubuntu) Port:9008
2013-08-12 21:16:01 lv2:LS:socket err:11004 -- CLogsrvConnector::OnError -- SetAddress failed! Addr:(ubuntu) Port:9008
2013-08-12 21:16:06 lv2:LS:socket err:11004 -- CLogsrvConnector::OnError -- SetAddress failed! Addr:(ubuntu) Port:9008
2013-08-12 21:16:11 lv2:LS:socket err:11004 -- CLogsrvConnector::OnError -- SetAddress failed! Addr:(ubuntu) Port:9008
2013-08-12 21:16:16 lv2:LS:socket err:11004 -- CLogsrvConnector::OnError -- SetAddress failed! Addr:(ubuntu) Port:9008
2013-08-12 21:16:21 lv2:LS:socket err:11004 -- CLogsrvConnector::OnError -- SetAddress failed! Addr:(ubuntu) Port:9008
2013-08-12 21:16:21 lv4:LS:Send SaveCharacter 20

2013-08-12 21:16:24 lv4:LS:Send SaveCharacter 20

2013-08-12 21:16:26 lv2:LS:socket err:11004 -- CLogsrvConnector::OnError -- SetAddress failed! Addr:(ubuntu) Port:9008
2013-08-12 21:16:28 lv4:LS:Send SaveCharacter 20

2013-08-12 21:16:31 lv2:LS:socket err:11004 -- CLogsrvConnector::OnError -- SetAddress failed! Addr:(ubuntu) Port:9008
2013-08-12 21:16:36 lv2:LS:socket err:11004 -- CLogsrvConnector::OnError -- SetAddress failed! Addr:(ubuntu) Port:9008
2013-08-12 21:16:41 lv2:LS:socket err:11004 -- CLogsrvConnector::OnError -- SetAddress failed! Addr:(ubuntu) Port:9008
2013-08-12 21:16:45 lv4:LS:Send SaveCharacter 20

2013-08-12 21:16:46 lv2:LS:socket err:11004 -- CLogsrvConnector::OnError -- SetAddress failed! Addr:(ubuntu) Port:9008
2013-08-12 21:16:51 lv2:LS:socket err:11004 -- CLogsrvConnector::OnError -- SetAddress failed! Addr:(ubuntu) Port:9008
2013-08-12 21:16:56 lv2:LS:socket err:11004 -- CLogsrvConnector::OnError -- SetAddress failed! Addr:(ubuntu) Port:9008
2013-08-12 21:17:01 lv2:LS:socket err:11004 -- CLogsrvConnector::OnError -- SetAddress failed! Addr:(ubuntu) Port:9008
2013-08-12 21:17:06 lv2:LS:socket err:11004 -- CLogsrvConnector::OnError -- SetAddress failed! Addr:(ubuntu) Port:9008
2013-08-12 21:17:11 lv2:LS:socket err:11004 -- CLogsrvConnector::OnError -- SetAddress failed! Addr:(ubuntu) Port:9008
2013-08-12 21:17:16 lv2:LS:socket err:11004 -- CLogsrvConnector::OnError -- SetAddress failed! Addr:(ubuntu) Port:9008
2013-08-12 21:17:21 lv2:LS:socket err:11004 -- CLogsrvConnector::OnError -- SetAddress failed! Addr:(ubuntu) Port:9008
2013-08-12 21:17:26 lv2:LS:socket err:11004 -- CLogsrvConnector::OnError -- SetAddress failed! Addr:(ubuntu) Port:9008
2013-08-12 21:17:31 lv2:LS:socket err:11004 -- CLogsrvConnector::OnError -- SetAddress failed! Addr:(ubuntu) Port:9008
2013-08-12 21:17:35 lv4:LS:Send SaveCharacter 20

2013-08-12 21:17:36 lv2:LS:socket err:11004 -- CLogsrvConnector::OnError -- SetAddress failed! Addr:(ubuntu) Port:9008
2013-08-12 21:17:36 lv4:LS:Send SaveCharacter 20

2013-08-12 21:17:41 lv2:LS:socket err:11004 -- CLogsrvConnector::OnError -- SetAddress failed! Addr:(ubuntu) Port:9008
2013-08-12 21:17:46 lv2:LS:socket err:11004 -- CLogsrvConnector::OnError -- SetAddress failed! Addr:(ubuntu) Port:9008
2013-08-12 21:17:51 lv2:LS:socket err:11004 -- CLogsrvConnector::OnError -- SetAddress failed! Addr:(ubuntu) Port:9008
2013-08-12 21:17:56 lv2:LS:socket err:11004 -- CLogsrvConnector::OnError -- SetAddress failed! Addr:(ubuntu) Port:9008
2013-08-12 21:18:01 lv2:LS:socket err:11004 -- CLogsrvConnector::OnError -- SetAddress failed! Addr:(ubuntu) Port:9008
2013-08-12 21:18:06 lv2:LS:socket err:11004 -- CLogsrvConnector::OnError -- SetAddress failed! Addr:(ubuntu) Port:9008
2013-08-12 21:18:10 lv4:LS:Send SaveCharacter 20

2013-08-12 21:18:11 lv2:LS:socket err:11004 -- CLogsrvConnector::OnError -- SetAddress failed! Addr:(ubuntu) Port:9008
2013-08-12 21:18:14 lv4:LS:Send SaveCharacter 20

2013-08-12 21:18:16 lv2:LS:socket err:11004 -- CLogsrvConnector::OnError -- SetAddress failed! Addr:(ubuntu) Port:9008
2013-08-12 21:18:21 lv2:LS:socket err:11004 -- CLogsrvConnector::OnError -- SetAddress failed! Addr:(ubuntu) Port:9008
2013-08-12 21:18:26 lv2:LS:socket err:11004 -- CLogsrvConnector::OnError -- SetAddress failed! Addr:(ubuntu) Port:9008
2013-08-12 21:18:31 lv2:LS:socket err:11004 -- CLogsrvConnector::OnError -- SetAddress failed! Addr:(ubuntu) Port:9008
2013-08-12 21:18:36 lv2:LS:socket err:11004 -- CLogsrvConnector::OnError -- SetAddress failed! Addr:(ubuntu) Port:9008
2013-08-12 21:18:41 lv2:LS:socket err:11004 -- CLogsrvConnector::OnError -- SetAddress failed! Addr:(ubuntu) Port:9008
2013-08-12 21:18:46 lv2:LS:socket err:11004 -- CLogsrvConnector::OnError -- SetAddress failed! Addr:(ubuntu) Port:9008
2013-08-12 21:18:51 lv2:LS:socket err:11004 -- CLogsrvConnector::OnError -- SetAddress failed! Addr:(ubuntu) Port:9008
2013-08-12 21:18:56 lv2:LS:socket err:11004 -- CLogsrvConnector::OnError -- SetAddress failed! Addr:(ubuntu) Port:9008
2013-08-12 21:19:01 lv2:LS:socket err:11004 -- CLogsrvConnector::OnError -- SetAddress failed! Addr:(ubuntu) Port:9008
2013-08-12 21:19:06 lv2:LS:socket err:11004 -- CLogsrvConnector::OnError -- SetAddress failed! Addr:(ubuntu) Port:9008
2013-08-12 21:19:11 lv2:LS:socket err:11004 -- CLogsrvConnector::OnError -- SetAddress failed! Addr:(ubuntu) Port:9008
2013-08-12 21:19:16 lv2:LS:socket err:11004 -- CLogsrvConnector::OnError -- SetAddress failed! Addr:(ubuntu) Port:9008
2013-08-12 21:19:21 lv2:LS:socket err:11004 -- CLogsrvConnector::OnError -- SetAddress failed! Addr:(ubuntu) Port:9008
2013-08-12 21:19:26 lv2:LS:socket err:11004 -- CLogsrvConnector::OnError -- SetAddress failed! Addr:(ubuntu) Port:9008
2013-08-12 21:19:31 lv2:LS:socket err:11004 -- CLogsrvConnector::OnError -- SetAddress failed! Addr:(ubuntu) Port:9008
2013-08-12 21:19:36 lv2:LS:socket err:11004 -- CLogsrvConnector::OnError -- SetAddress failed! Addr:(ubuntu) Port:9008
2013-08-12 21:19:41 lv2:LS:socket err:11004 -- CLogsrvConnector::OnError -- SetAddress failed! Addr:(ubuntu) Port:9008
2013-08-12 21:19:46 lv2:LS:socket err:11004 -- CLogsrvConnector::OnError -- SetAddress failed! Addr:(ubuntu) Port:9008
2013-08-12 21:19:51 lv2:LS:socket err:11004 -- CLogsrvConnector::OnError -- SetAddress failed! Addr:(ubuntu) Port:9008
2013-08-12 21:19:56 lv2:LS:socket err:11004 -- CLogsrvConnector::OnError -- SetAddress failed! Addr:(ubuntu) Port:9008
2013-08-12 21:20:01 lv2:LS:socket err:11004 -- CLogsrvConnector::OnError -- SetAddress failed! Addr:(ubuntu) Port:9008
2013-08-12 21:20:06 lv2:LS:socket err:11004 -- CLogsrvConnector::OnError -- SetAddress failed! Addr:(ubuntu) Port:9008
2013-08-12 21:20:11 lv2:LS:socket err:11004 -- CLogsrvConnector::OnError -- SetAddress failed! Addr:(ubuntu) Port:9008
2013-08-12 21:20:16 lv2:LS:socket err:11004 -- CLogsrvConnector::OnError -- SetAddress failed! Addr:(ubuntu) Port:9008
2013-08-12 21:20:21 lv2:LS:socket err:11004 -- CLogsrvConnector::OnError -- SetAddress failed! Addr:(ubuntu) Port:9008
2013-08-12 21:20:26 lv2:LS:socket err:11004 -- CLogsrvConnector::OnError -- SetAddress failed! Addr:(ubuntu) Port:9008
2013-08-12 21:20:31 lv2:LS:socket err:11004 -- CLogsrvConnector::OnError -- SetAddress failed! Addr:(ubuntu) Port:9008
2013-08-12 21:20:36 lv2:LS:socket err:11004 -- CLogsrvConnector::OnError -- SetAddress failed! Addr:(ubuntu) Port:9008
2013-08-12 21:20:41 lv4:LS:Send SaveCharacter 20

2013-08-12 21:20:41 lv2:LS:socket err:11004 -- CLogsrvConnector::OnError -- SetAddress failed! Addr:(ubuntu) Port:9008
2013-08-12 21:20:46 lv2:LS:socket err:11004 -- CLogsrvConnector::OnError -- SetAddress failed! Addr:(ubuntu) Port:9008
2013-08-12 21:20:51 lv2:LS:socket err:11004 -- CLogsrvConnector::OnError -- SetAddress failed! Addr:(ubuntu) Port:9008
2013-08-12 21:20:56 lv2:LS:socket err:11004 -- CLogsrvConnector::OnError -- SetAddress failed! Addr:(ubuntu) Port:9008
2013-08-12 21:21:01 lv2:LS:socket err:11004 -- CLogsrvConnector::OnError -- SetAddress failed! Addr:(ubuntu) Port:9008
2013-08-12 21:21:06 lv2:LS:socket err:11004 -- CLogsrvConnector::OnError -- SetAddress failed! Addr:(ubuntu) Port:9008
2013-08-12 21:21:11 lv2:LS:socket err:11004 -- CLogsrvConnector::OnError -- SetAddress failed! Addr:(ubuntu) Port:9008
2013-08-12 21:21:16 lv2:LS:socket err:11004 -- CLogsrvConnector::OnError -- SetAddress failed! Addr:(ubuntu) Port:9008
2013-08-12 21:21:21 lv2:LS:socket err:11004 -- CLogsrvConnector::OnError -- SetAddress failed! Addr:(ubuntu) Port:9008
2013-08-12 21:21:26 lv2:LS:socket err:11004 -- CLogsrvConnector::OnError -- SetAddress failed! Addr:(ubuntu) Port:9008
2013-08-12 21:21:31 lv2:LS:socket err:11004 -- CLogsrvConnector::OnError -- SetAddress failed! Addr:(ubuntu) Port:9008
2013-08-12 21:21:36 lv2:LS:socket err:11004 -- CLogsrvConnector::OnError -- SetAddress failed! Addr:(ubuntu) Port:9008
2013-08-12 21:21:41 lv2:LS:socket err:11004 -- CLogsrvConnector::OnError -- SetAddress failed! Addr:(ubuntu) Port:9008
2013-08-12 21:21:46 lv2:LS:socket err:11004 -- CLogsrvConnector::OnError -- SetAddress failed! Addr:(ubuntu) Port:9008
2013-08-12 21:21:51 lv2:LS:socket err:11004 -- CLogsrvConnector::OnError -- SetAddress failed! Addr:(ubuntu) Port:9008
2013-08-12 21:21:56 lv2:LS:socket err:11004 -- CLogsrvConnector::OnError -- SetAddress failed! Addr:(ubuntu) Port:9008
2013-08-12 21:22:01 lv2:LS:socket err:11004 -- CLogsrvConnector::OnError -- SetAddress failed! Addr:(ubuntu) Port:9008
2013-08-12 21:22:06 lv2:LS:socket err:11004 -- CLogsrvConnector::OnError -- SetAddress failed! Addr:(ubuntu) Port:9008
2013-08-12 21:22:11 lv2:LS:socket err:11004 -- CLogsrvConnector::OnError -- SetAddress failed! Addr:(ubuntu) Port:9008
2013-08-12 21:22:16 lv2:LS:socket err:11004 -- CLogsrvConnector::OnError -- SetAddress failed! Addr:(ubuntu) Port:9008
2013-08-12 21:22:21 lv2:LS:socket err:11004 -- CLogsrvConnector::OnError -- SetAddress failed! Addr:(ubuntu) Port:9008
2013-08-12 21:22:26 lv2:LS:socket err:11004 -- CLogsrvConnector::OnError -- SetAddress failed! Addr:(ubuntu) Port:9008
2013-08-12 21:22:31 lv2:LS:socket err:11004 -- CLogsrvConnector::OnError -- SetAddress failed! Addr:(ubuntu) Port:9008
2013-08-12 21:22:36 lv2:LS:socket err:11004 -- CLogsrvConnector::OnError -- SetAddress failed! Addr:(ubuntu) Port:9008
2013-08-12 21:22:41 lv2:LS:socket err:11004 -- CLogsrvConnector::OnError -- SetAddress failed! Addr:(ubuntu) Port:9008
2013-08-12 21:22:46 lv2:LS:socket err:11004 -- CLogsrvConnector::OnError -- SetAddress failed! Addr:(ubuntu) Port:9008
2013-08-12 21:22:51 lv2:LS:socket err:11004 -- CLogsrvConnector::OnError -- SetAddress failed! Addr:(ubuntu) Port:9008
2013-08-12 21:22:56 lv2:LS:socket err:11004 -- CLogsrvConnector::OnError -- SetAddress failed! Addr:(ubuntu) Port:9008
2013-08-12 21:23:01 lv2:LS:socket err:11004 -- CLogsrvConnector::OnError -- SetAddress failed! Addr:(ubuntu) Port:9008
2013-08-12 21:23:06 lv2:LS:socket err:11004 -- CLogsrvConnector::OnError -- SetAddress failed! Addr:(ubuntu) Port:9008
2013-08-12 21:23:11 lv2:LS:socket err:11004 -- CLogsrvConnector::OnError -- SetAddress failed! Addr:(ubuntu) Port:9008
2013-08-12 21:23:16 lv2:LS:socket err:11004 -- CLogsrvConnector::OnError -- SetAddress failed! Addr:(ubuntu) Port:9008
2013-08-12 21:23:21 lv2:LS:socket err:11004 -- CLogsrvConnector::OnError -- SetAddress failed! Addr:(ubuntu) Port:9008
2013-08-12 21:23:26 lv2:LS:socket err:11004 -- CLogsrvConnector::OnError -- SetAddress failed! Addr:(ubuntu) Port:9008
2013-08-12 21:23:31 lv2:LS:socket err:11004 -- CLogsrvConnector::OnError -- SetAddress failed! Addr:(ubuntu) Port:9008
2013-08-12 21:23:36 lv2:LS:socket err:11004 -- CLogsrvConnector::OnError -- SetAddress failed! Addr:(ubuntu) Port:9008
2013-08-12 21:23:41 lv2:LS:socket err:11004 -- CLogsrvConnector::OnError -- SetAddress failed! Addr:(ubuntu) Port:9008
2013-08-12 21:23:46 lv2:LS:socket err:11004 -- CLogsrvConnector::OnError -- SetAddress failed! Addr:(ubuntu) Port:9008
2013-08-12 21:23:51 lv2:LS:socket err:11004 -- CLogsrvConnector::OnError -- SetAddress failed! Addr:(ubuntu) Port:9008
2013-08-12 21:23:56 lv2:LS:socket err:11004 -- CLogsrvConnector::OnError -- SetAddress failed! Addr:(ubuntu) Port:9008
2013-08-12 21:24:01 lv2:LS:socket err:11004 -- CLogsrvConnector::OnError -- SetAddress failed! Addr:(ubuntu) Port:9008
2013-08-12 21:24:06 lv2:LS:socket err:11004 -- CLogsrvConnector::OnError -- SetAddress failed! Addr:(ubuntu) Port:9008
2013-08-12 21:24:07 lv4:LS:Send SaveCharacter 20

2013-08-12 21:24:09 lv4:LS:Send SaveCharacter 20

2013-08-12 21:24:10 lv4:LS:Send SaveCharacter 20

2013-08-12 21:24:11 lv2:LS:socket err:11004 -- CLogsrvConnector::OnError -- SetAddress failed! Addr:(ubuntu) Port:9008
2013-08-12 21:24:11 lv4:LS:Send SaveCharacter 20

2013-08-12 21:24:12 lv4:LS:Send SaveCharacter 20

2013-08-12 21:24:13 lv4:LS:Send SaveCharacter 20

2013-08-12 21:24:15 lv4:LS:Send SaveCharacter 20

2013-08-12 21:24:16 lv2:LS:socket err:11004 -- CLogsrvConnector::OnError -- SetAddress failed! Addr:(ubuntu) Port:9008
2013-08-12 21:24:16 lv4:LS:Send SaveCharacter 20

2013-08-12 21:24:17 lv4:LS:Send SaveCharacter 20

2013-08-12 21:24:19 lv4:LS:Send SaveCharacter 20

2013-08-12 21:24:20 lv4:LS:Send SaveCharacter 20

2013-08-12 21:24:21 lv2:LS:socket err:11004 -- CLogsrvConnector::OnError -- SetAddress failed! Addr:(ubuntu) Port:9008
2013-08-12 21:24:21 lv4:LS:Send SaveCharacter 20

2013-08-12 21:24:22 lv4:LS:Send SaveCharacter 20

2013-08-12 21:24:26 lv2:LS:socket err:11004 -- CLogsrvConnector::OnError -- SetAddress failed! Addr:(ubuntu) Port:9008
2013-08-12 21:24:31 lv2:LS:socket err:11004 -- CLogsrvConnector::OnError -- SetAddress failed! Addr:(ubuntu) Port:9008
2013-08-12 21:24:36 lv2:LS:socket err:11004 -- CLogsrvConnector::OnError -- SetAddress failed! Addr:(ubuntu) Port:9008
2013-08-12 21:24:41 lv2:LS:socket err:11004 -- CLogsrvConnector::OnError -- SetAddress failed! Addr:(ubuntu) Port:9008
2013-08-12 21:24:46 lv2:LS:socket err:11004 -- CLogsrvConnector::OnError -- SetAddress failed! Addr:(ubuntu) Port:9008
2013-08-12 21:24:51 lv2:LS:socket err:11004 -- CLogsrvConnector::OnError -- SetAddress failed! Addr:(ubuntu) Port:9008
2013-08-12 21:24:56 lv2:LS:socket err:11004 -- CLogsrvConnector::OnError -- SetAddress failed! Addr:(ubuntu) Port:9008
2013-08-12 21:25:01 lv2:LS:socket err:11004 -- CLogsrvConnector::OnError -- SetAddress failed! Addr:(ubuntu) Port:9008
2013-08-12 21:25:06 lv2:LS:socket err:11004 -- CLogsrvConnector::OnError -- SetAddress failed! Addr:(ubuntu) Port:9008
2013-08-12 21:25:11 lv2:LS:socket err:11004 -- CLogsrvConnector::OnError -- SetAddress failed! Addr:(ubuntu) Port:9008
2013-08-12 21:25:16 lv2:LS:socket err:11004 -- CLogsrvConnector::OnError -- SetAddress failed! Addr:(ubuntu) Port:9008
2013-08-12 21:25:21 lv2:LS:socket err:11004 -- CLogsrvConnector::OnError -- SetAddress failed! Addr:(ubuntu) Port:9008
2013-08-12 21:25:26 lv2:LS:socket err:11004 -- CLogsrvConnector::OnError -- SetAddress failed! Addr:(ubuntu) Port:9008
2013-08-12 21:25:31 lv2:LS:socket err:11004 -- CLogsrvConnector::OnError -- SetAddress failed! Addr:(ubuntu) Port:9008
2013-08-12 21:25:36 lv2:LS:socket err:11004 -- CLogsrvConnector::OnError -- SetAddress failed! Addr:(ubuntu) Port:9008
2013-08-12 21:25:40 lv4:LS:Send SaveCharacter 20

2013-08-12 21:25:41 lv2:LS:socket err:11004 -- CLogsrvConnector::OnError -- SetAddress failed! Addr:(ubuntu) Port:9008
2013-08-12 21:25:46 lv2:LS:socket err:11004 -- CLogsrvConnector::OnError -- SetAddress failed! Addr:(ubuntu) Port:9008
2013-08-12 21:25:51 lv2:LS:socket err:11004 -- CLogsrvConnector::OnError -- SetAddress failed! Addr:(ubuntu) Port:9008
2013-08-12 21:25:56 lv2:LS:socket err:11004 -- CLogsrvConnector::OnError -- SetAddress failed! Addr:(ubuntu) Port:9008
2013-08-12 21:26:01 lv2:LS:socket err:11004 -- CLogsrvConnector::OnError -- SetAddress failed! Addr:(ubuntu) Port:9008
2013-08-12 21:26:06 lv2:LS:socket err:11004 -- CLogsrvConnector::OnError -- SetAddress failed! Addr:(ubuntu) Port:9008
2013-08-12 21:26:11 lv2:LS:socket err:11004 -- CLogsrvConnector::OnError -- SetAddress failed! Addr:(ubuntu) Port:9008
2013-08-12 21:26:16 lv2:LS:socket err:11004 -- CLogsrvConnector::OnError -- SetAddress failed! Addr:(ubuntu) Port:9008
2013-08-12 21:26:21 lv2:LS:socket err:11004 -- CLogsrvConnector::OnError -- SetAddress failed! Addr:(ubuntu) Port:9008
2013-08-12 21:26:26 lv2:LS:socket err:11004 -- CLogsrvConnector::OnError -- SetAddress failed! Addr:(ubuntu) Port:9008
2013-08-12 21:26:31 lv2:LS:socket err:11004 -- CLogsrvConnector::OnError -- SetAddress failed! Addr:(ubuntu) Port:9008
2013-08-12 21:26:36 lv2:LS:socket err:11004 -- CLogsrvConnector::OnError -- SetAddress failed! Addr:(ubuntu) Port:9008
2013-08-12 21:26:41 lv2:LS:socket err:11004 -- CLogsrvConnector::OnError -- SetAddress failed! Addr:(ubuntu) Port:9008
2013-08-12 21:26:46 lv2:LS:socket err:11004 -- CLogsrvConnector::OnError -- SetAddress failed! Addr:(ubuntu) Port:9008
2013-08-12 21:26:51 lv2:LS:socket err:11004 -- CLogsrvConnector::OnError -- SetAddress failed! Addr:(ubuntu) Port:9008
2013-08-12 21:26:56 lv2:LS:socket err:11004 -- CLogsrvConnector::OnError -- SetAddress failed! Addr:(ubuntu) Port:9008
2013-08-12 21:27:01 lv2:LS:socket err:11004 -- CLogsrvConnector::OnError -- SetAddress failed! Addr:(ubuntu) Port:9008
2013-08-12 21:27:06 lv2:LS:socket err:11004 -- CLogsrvConnector::OnError -- SetAddress failed! Addr:(ubuntu) Port:9008
2013-08-12 21:27:11 lv2:LS:socket err:11004 -- CLogsrvConnector::OnError -- SetAddress failed! Addr:(ubuntu) Port:9008
2013-08-12 21:27:16 lv2:LS:socket err:11004 -- CLogsrvConnector::OnError -- SetAddress failed! Addr:(ubuntu) Port:9008
2013-08-12 21:27:21 lv2:LS:socket err:11004 -- CLogsrvConnector::OnError -- SetAddress failed! Addr:(ubuntu) Port:9008
2013-08-12 21:27:26 lv2:LS:socket err:11004 -- CLogsrvConnector::OnError -- SetAddress failed! Addr:(ubuntu) Port:9008
2013-08-12 21:27:31 lv2:LS:socket err:11004 -- CLogsrvConnector::OnError -- SetAddress failed! Addr:(ubuntu) Port:9008
2013-08-12 21:27:36 lv2:LS:socket err:11004 -- CLogsrvConnector::OnError -- SetAddress failed! Addr:(ubuntu) Port:9008
2013-08-12 21:27:41 lv2:LS:socket err:11004 -- CLogsrvConnector::OnError -- SetAddress failed! Addr:(ubuntu) Port:9008
2013-08-12 21:27:46 lv2:LS:socket err:11004 -- CLogsrvConnector::OnError -- SetAddress failed! Addr:(ubuntu) Port:9008
2013-08-12 21:27:51 lv2:LS:socket err:11004 -- CLogsrvConnector::OnError -- SetAddress failed! Addr:(ubuntu) Port:9008
2013-08-12 21:27:56 lv2:LS:socket err:11004 -- CLogsrvConnector::OnError -- SetAddress failed! Addr:(ubuntu) Port:9008
2013-08-12 21:28:01 lv2:LS:socket err:11004 -- CLogsrvConnector::OnError -- SetAddress failed! Addr:(ubuntu) Port:9008
2013-08-12 21:28:06 lv2:LS:socket err:11004 -- CLogsrvConnector::OnError -- SetAddress failed! Addr:(ubuntu) Port:9008
2013-08-12 21:28:11 lv2:LS:socket err:11004 -- CLogsrvConnector::OnError -- SetAddress failed! Addr:(ubuntu) Port:9008
2013-08-12 21:28:16 lv2:LS:socket err:11004 -- CLogsrvConnector::OnError -- SetAddress failed! Addr:(ubuntu) Port:9008
2013-08-12 21:28:21 lv2:LS:socket err:11004 -- CLogsrvConnector::OnError -- SetAddress failed! Addr:(ubuntu) Port:9008
2013-08-12 21:28:26 lv2:LS:socket err:11004 -- CLogsrvConnector::OnError -- SetAddress failed! Addr:(ubuntu) Port:9008
2013-08-12 21:28:31 lv2:LS:socket err:11004 -- CLogsrvConnector::OnError -- SetAddress failed! Addr:(ubuntu) Port:9008
2013-08-12 21:28:36 lv2:LS:socket err:11004 -- CLogsrvConnector::OnError -- SetAddress failed! Addr:(ubuntu) Port:9008
2013-08-12 21:28:41 lv2:LS:socket err:11004 -- CLogsrvConnector::OnError -- SetAddress failed! Addr:(ubuntu) Port:9008
2013-08-12 21:28:46 lv2:LS:socket err:11004 -- CLogsrvConnector::OnError -- SetAddress failed! Addr:(ubuntu) Port:9008
2013-08-12 21:28:51 lv2:LS:socket err:11004 -- CLogsrvConnector::OnError -- SetAddress failed! Addr:(ubuntu) Port:9008
2013-08-12 21:28:56 lv2:LS:socket err:11004 -- CLogsrvConnector::OnError -- SetAddress failed! Addr:(ubuntu) Port:9008
2013-08-12 21:29:01 lv2:LS:socket err:11004 -- CLogsrvConnector::OnError -- SetAddress failed! Addr:(ubuntu) Port:9008
2013-08-12 21:29:06 lv2:LS:socket err:11004 -- CLogsrvConnector::OnError -- SetAddress failed! Addr:(ubuntu) Port:9008
2013-08-12 21:29:11 lv2:LS:socket err:11004 -- CLogsrvConnector::OnError -- SetAddress failed! Addr:(ubuntu) Port:9008
2013-08-12 21:29:16 lv2:LS:socket err:11004 -- CLogsrvConnector::OnError -- SetAddress failed! Addr:(ubuntu) Port:9008
2013-08-12 21:29:21 lv2:LS:socket err:11004 -- CLogsrvConnector::OnError -- SetAddress failed! Addr:(ubuntu) Port:9008
2013-08-12 21:29:26 lv2:LS:socket err:11004 -- CLogsrvConnector::OnError -- SetAddress failed! Addr:(ubuntu) Port:9008
2013-08-12 21:29:31 lv2:LS:socket err:11004 -- CLogsrvConnector::OnError -- SetAddress failed! Addr:(ubuntu) Port:9008
2013-08-12 21:29:36 lv2:LS:socket err:11004 -- CLogsrvConnector::OnError -- SetAddress failed! Addr:(ubuntu) Port:9008
2013-08-12 21:29:41 lv2:LS:socket err:11004 -- CLogsrvConnector::OnError -- SetAddress failed! Addr:(ubuntu) Port:9008
2013-08-12 21:29:46 lv2:LS:socket err:11004 -- CLogsrvConnector::OnError -- SetAddress failed! Addr:(ubuntu) Port:9008
2013-08-12 21:29:51 lv2:LS:socket err:11004 -- CLogsrvConnector::OnError -- SetAddress failed! Addr:(ubuntu) Port:9008
2013-08-12 21:29:56 lv2:LS:socket err:11004 -- CLogsrvConnector::OnError -- SetAddress failed! Addr:(ubuntu) Port:9008
2013-08-12 21:30:01 lv2:LS:socket err:11004 -- CLogsrvConnector::OnError -- SetAddress failed! Addr:(ubuntu) Port:9008
2013-08-12 21:30:06 lv2:LS:socket err:11004 -- CLogsrvConnector::OnError -- SetAddress failed! Addr:(ubuntu) Port:9008
2013-08-12 21:30:11 lv2:LS:socket err:11004 -- CLogsrvConnector::OnError -- SetAddress failed! Addr:(ubuntu) Port:9008
2013-08-12 21:30:16 lv2:LS:socket err:11004 -- CLogsrvConnector::OnError -- SetAddress failed! Addr:(ubuntu) Port:9008
2013-08-12 21:30:21 lv2:LS:socket err:11004 -- CLogsrvConnector::OnError -- SetAddress failed! Addr:(ubuntu) Port:9008
2013-08-12 21:30:26 lv2:LS:socket err:11004 -- CLogsrvConnector::OnError -- SetAddress failed! Addr:(ubuntu) Port:9008
2013-08-12 21:30:31 lv2:LS:socket err:11004 -- CLogsrvConnector::OnError -- SetAddress failed! Addr:(ubuntu) Port:9008
2013-08-12 21:30:36 lv2:LS:socket err:11004 -- CLogsrvConnector::OnError -- SetAddress failed! Addr:(ubuntu) Port:9008
2013-08-12 21:30:40 lv4:LS:Send SaveCharacter 20

2013-08-12 21:30:41 lv2:LS:socket err:11004 -- CLogsrvConnector::OnError -- SetAddress failed! Addr:(ubuntu) Port:9008
2013-08-12 21:30:46 lv2:LS:socket err:11004 -- CLogsrvConnector::OnError -- SetAddress failed! Addr:(ubuntu) Port:9008
2013-08-12 21:30:51 lv2:LS:socket err:11004 -- CLogsrvConnector::OnError -- SetAddress failed! Addr:(ubuntu) Port:9008
2013-08-12 21:30:56 lv2:LS:socket err:11004 -- CLogsrvConnector::OnError -- SetAddress failed! Addr:(ubuntu) Port:9008
2013-08-12 21:31:01 lv2:LS:socket err:11004 -- CLogsrvConnector::OnError -- SetAddress failed! Addr:(ubuntu) Port:9008
2013-08-12 21:31:06 lv2:LS:socket err:11004 -- CLogsrvConnector::OnError -- SetAddress failed! Addr:(ubuntu) Port:9008
2013-08-12 21:31:11 lv2:LS:socket err:11004 -- CLogsrvConnector::OnError -- SetAddress failed! Addr:(ubuntu) Port:9008
2013-08-12 21:31:16 lv2:LS:socket err:11004 -- CLogsrvConnector::OnError -- SetAddress failed! Addr:(ubuntu) Port:9008
2013-08-12 21:31:21 lv2:LS:socket err:11004 -- CLogsrvConnector::OnError -- SetAddress failed! Addr:(ubuntu) Port:9008
2013-08-12 21:31:26 lv2:LS:socket err:11004 -- CLogsrvConnector::OnError -- SetAddress failed! Addr:(ubuntu) Port:9008
2013-08-12 21:31:31 lv2:LS:socket err:11004 -- CLogsrvConnector::OnError -- SetAddress failed! Addr:(ubuntu) Port:9008
2013-08-12 21:31:36 lv2:LS:socket err:11004 -- CLogsrvConnector::OnError -- SetAddress failed! Addr:(ubuntu) Port:9008
2013-08-12 21:31:41 lv2:LS:socket err:11004 -- CLogsrvConnector::OnError -- SetAddress failed! Addr:(ubuntu) Port:9008
2013-08-12 21:31:46 lv2:LS:socket err:11004 -- CLogsrvConnector::OnError -- SetAddress failed! Addr:(ubuntu) Port:9008
2013-08-12 21:31:51 lv2:LS:socket err:11004 -- CLogsrvConnector::OnError -- SetAddress failed! Addr:(ubuntu) Port:9008
2013-08-12 21:31:56 lv2:LS:socket err:11004 -- CLogsrvConnector::OnError -- SetAddress failed! Addr:(ubuntu) Port:9008
2013-08-12 21:32:01 lv2:LS:socket err:11004 -- CLogsrvConnector::OnError -- SetAddress failed! Addr:(ubuntu) Port:9008
2013-08-12 21:32:06 lv2:LS:socket err:11004 -- CLogsrvConnector::OnError -- SetAddress failed! Addr:(ubuntu) Port:9008
2013-08-12 21:32:11 lv2:LS:socket err:11004 -- CLogsrvConnector::OnError -- SetAddress failed! Addr:(ubuntu) Port:9008
2013-08-12 21:32:16 lv2:LS:socket err:11004 -- CLogsrvConnector::OnError -- SetAddress failed! Addr:(ubuntu) Port:9008
2013-08-12 21:32:21 lv2:LS:socket err:11004 -- CLogsrvConnector::OnError -- SetAddress failed! Addr:(ubuntu) Port:9008
2013-08-12 21:32:26 lv2:LS:socket err:11004 -- CLogsrvConnector::OnError -- SetAddress failed! Addr:(ubuntu) Port:9008
2013-08-12 21:32:31 lv2:LS:socket err:11004 -- CLogsrvConnector::OnError -- SetAddress failed! Addr:(ubuntu) Port:9008
2013-08-12 21:32:36 lv2:LS:socket err:11004 -- CLogsrvConnector::OnError -- SetAddress failed! Addr:(ubuntu) Port:9008
2013-08-12 21:32:41 lv2:LS:socket err:11004 -- CLogsrvConnector::OnError -- SetAddress failed! Addr:(ubuntu) Port:9008
2013-08-12 21:32:46 lv2:LS:socket err:11004 -- CLogsrvConnector::OnError -- SetAddress failed! Addr:(ubuntu) Port:9008
2013-08-12 21:32:51 lv2:LS:socket err:11004 -- CLogsrvConnector::OnError -- SetAddress failed! Addr:(ubuntu) Port:9008
2013-08-12 21:32:56 lv2:LS:socket err:11004 -- CLogsrvConnector::OnError -- SetAddress failed! Addr:(ubuntu) Port:9008
2013-08-12 21:33:01 lv2:LS:socket err:11004 -- CLogsrvConnector::OnError -- SetAddress failed! Addr:(ubuntu) Port:9008
2013-08-12 21:33:06 lv2:LS:socket err:11004 -- CLogsrvConnector::OnError -- SetAddress failed! Addr:(ubuntu) Port:9008
2013-08-12 21:33:11 lv2:LS:socket err:11004 -- CLogsrvConnector::OnError -- SetAddress failed! Addr:(ubuntu) Port:9008
2013-08-12 21:33:16 lv2:LS:socket err:11004 -- CLogsrvConnector::OnError -- SetAddress failed! Addr:(ubuntu) Port:9008
2013-08-12 21:33:21 lv2:LS:socket err:11004 -- CLogsrvConnector::OnError -- SetAddress failed! Addr:(ubuntu) Port:9008
2013-08-12 21:33:26 lv2:LS:socket err:11004 -- CLogsrvConnector::OnError -- SetAddress failed! Addr:(ubuntu) Port:9008
2013-08-12 21:33:31 lv2:LS:socket err:11004 -- CLogsrvConnector::OnError -- SetAddress failed! Addr:(ubuntu) Port:9008
2013-08-12 21:33:36 lv2:LS:socket err:11004 -- CLogsrvConnector::OnError -- SetAddress failed! Addr:(ubuntu) Port:9008
2013-08-12 21:33:41 lv2:LS:socket err:11004 -- CLogsrvConnector::OnError -- SetAddress failed! Addr:(ubuntu) Port:9008
2013-08-12 21:33:46 lv2:LS:socket err:11004 -- CLogsrvConnector::OnError -- SetAddress failed! Addr:(ubuntu) Port:9008
2013-08-12 21:33:51 lv2:LS:socket err:11004 -- CLogsrvConnector::OnError -- SetAddress failed! Addr:(ubuntu) Port:9008
2013-08-12 21:33:56 lv2:LS:socket err:11004 -- CLogsrvConnector::OnError -- SetAddress failed! Addr:(ubuntu) Port:9008
2013-08-12 21:34:01 lv2:LS:socket err:11004 -- CLogsrvConnector::OnError -- SetAddress failed! Addr:(ubuntu) Port:9008
2013-08-12 21:34:06 lv2:LS:socket err:11004 -- CLogsrvConnector::OnError -- SetAddress failed! Addr:(ubuntu) Port:9008
2013-08-12 21:34:11 lv2:LS:socket err:11004 -- CLogsrvConnector::OnError -- SetAddress failed! Addr:(ubuntu) Port:9008
2013-08-12 21:34:16 lv2:LS:socket err:11004 -- CLogsrvConnector::OnError -- SetAddress failed! Addr:(ubuntu) Port:9008
2013-08-12 21:34:21 lv2:LS:socket err:11004 -- CLogsrvConnector::OnError -- SetAddress failed! Addr:(ubuntu) Port:9008
2013-08-12 21:34:26 lv2:LS:socket err:11004 -- CLogsrvConnector::OnError -- SetAddress failed! Addr:(ubuntu) Port:9008
2013-08-12 21:34:31 lv2:LS:socket err:11004 -- CLogsrvConnector::OnError -- SetAddress failed! Addr:(ubuntu) Port:9008
2013-08-12 21:34:36 lv2:LS:socket err:11004 -- CLogsrvConnector::OnError -- SetAddress failed! Addr:(ubuntu) Port:9008
2013-08-12 21:34:41 lv2:LS:socket err:11004 -- CLogsrvConnector::OnError -- SetAddress failed! Addr:(ubuntu) Port:9008
2013-08-12 21:34:46 lv2:LS:socket err:11004 -- CLogsrvConnector::OnError -- SetAddress failed! Addr:(ubuntu) Port:9008
2013-08-12 21:34:51 lv2:LS:socket err:11004 -- CLogsrvConnector::OnError -- SetAddress failed! Addr:(ubuntu) Port:9008
2013-08-12 21:34:56 lv2:LS:socket err:11004 -- CLogsrvConnector::OnError -- SetAddress failed! Addr:(ubuntu) Port:9008
2013-08-12 21:35:01 lv2:LS:socket err:11004 -- CLogsrvConnector::OnError -- SetAddress failed! Addr:(ubuntu) Port:9008
2013-08-12 21:35:06 lv2:LS:socket err:11004 -- CLogsrvConnector::OnError -- SetAddress failed! Addr:(ubuntu) Port:9008
2013-08-12 21:35:11 lv2:LS:socket err:11004 -- CLogsrvConnector::OnError -- SetAddress failed! Addr:(ubuntu) Port:9008
2013-08-12 21:35:16 lv2:LS:socket err:11004 -- CLogsrvConnector::OnError -- SetAddress failed! Addr:(ubuntu) Port:9008
2013-08-12 21:35:21 lv2:LS:socket err:11004 -- CLogsrvConnector::OnError -- SetAddress failed! Addr:(ubuntu) Port:9008
2013-08-12 21:35:26 lv2:LS:socket err:11004 -- CLogsrvConnector::OnError -- SetAddress failed! Addr:(ubuntu) Port:9008
2013-08-12 21:35:31 lv2:LS:socket err:11004 -- CLogsrvConnector::OnError -- SetAddress failed! Addr:(ubuntu) Port:9008
2013-08-12 21:35:36 lv2:LS:socket err:11004 -- CLogsrvConnector::OnError -- SetAddress failed! Addr:(ubuntu) Port:9008
2013-08-12 21:35:41 lv4:LS:Send SaveCharacter 20

2013-08-12 21:35:41 lv2:LS:socket err:11004 -- CLogsrvConnector::OnError -- SetAddress failed! Addr:(ubuntu) Port:9008
2013-08-12 21:35:46 lv2:LS:socket err:11004 -- CLogsrvConnector::OnError -- SetAddress failed! Addr:(ubuntu) Port:9008
2013-08-12 21:35:51 lv2:LS:socket err:11004 -- CLogsrvConnector::OnError -- SetAddress failed! Addr:(ubuntu) Port:9008
2013-08-12 21:35:56 lv2:LS:socket err:11004 -- CLogsrvConnector::OnError -- SetAddress failed! Addr:(ubuntu) Port:9008
2013-08-12 21:36:01 lv2:LS:socket err:11004 -- CLogsrvConnector::OnError -- SetAddress failed! Addr:(ubuntu) Port:9008
2013-08-12 21:36:06 lv2:LS:socket err:11004 -- CLogsrvConnector::OnError -- SetAddress failed! Addr:(ubuntu) Port:9008
2013-08-12 21:36:11 lv2:LS:socket err:11004 -- CLogsrvConnector::OnError -- SetAddress failed! Addr:(ubuntu) Port:9008
2013-08-12 21:36:16 lv2:LS:socket err:11004 -- CLogsrvConnector::OnError -- SetAddress failed! Addr:(ubuntu) Port:9008
2013-08-12 21:36:21 lv2:LS:socket err:11004 -- CLogsrvConnector::OnError -- SetAddress failed! Addr:(ubuntu) Port:9008
2013-08-12 21:36:26 lv2:LS:socket err:11004 -- CLogsrvConnector::OnError -- SetAddress failed! Addr:(ubuntu) Port:9008
2013-08-12 21:36:31 lv2:LS:socket err:11004 -- CLogsrvConnector::OnError -- SetAddress failed! Addr:(ubuntu) Port:9008
2013-08-12 21:36:36 lv2:LS:socket err:11004 -- CLogsrvConnector::OnError -- SetAddress failed! Addr:(ubuntu) Port:9008
2013-08-12 21:36:41 lv2:LS:socket err:11004 -- CLogsrvConnector::OnError -- SetAddress failed! Addr:(ubuntu) Port:9008
2013-08-12 21:36:46 lv2:LS:socket err:11004 -- CLogsrvConnector::OnError -- SetAddress failed! Addr:(ubuntu) Port:9008
2013-08-12 21:36:51 lv2:LS:socket err:11004 -- CLogsrvConnector::OnError -- SetAddress failed! Addr:(ubuntu) Port:9008
2013-08-12 21:36:56 lv2:LS:socket err:11004 -- CLogsrvConnector::OnError -- SetAddress failed! Addr:(ubuntu) Port:9008
2013-08-12 21:37:01 lv2:LS:socket err:11004 -- CLogsrvConnector::OnError -- SetAddress failed! Addr:(ubuntu) Port:9008
2013-08-12 21:37:06 lv2:LS:socket err:11004 -- CLogsrvConnector::OnError -- SetAddress failed! Addr:(ubuntu) Port:9008
2013-08-12 21:37:11 lv2:LS:socket err:11004 -- CLogsrvConnector::OnError -- SetAddress failed! Addr:(ubuntu) Port:9008
2013-08-12 21:37:16 lv2:LS:socket err:11004 -- CLogsrvConnector::OnError -- SetAddress failed! Addr:(ubuntu) Port:9008
2013-08-12 21:37:21 lv2:LS:socket err:11004 -- CLogsrvConnector::OnError -- SetAddress failed! Addr:(ubuntu) Port:9008
2013-08-12 21:37:24 lv4:LS:Send SaveCharacter 20

2013-08-12 21:37:26 lv2:LS:socket err:11004 -- CLogsrvConnector::OnError -- SetAddress failed! Addr:(ubuntu) Port:9008
2013-08-12 21:37:29 lv4:LS:Send SaveCharacter 20

2013-08-12 21:37:31 lv4:LS:Send SaveCharacter 20

2013-08-12 21:37:31 lv2:LS:socket err:11004 -- CLogsrvConnector::OnError -- SetAddress failed! Addr:(ubuntu) Port:9008
2013-08-12 21:37:36 lv2:LS:socket err:11004 -- CLogsrvConnector::OnError -- SetAddress failed! Addr:(ubuntu) Port:9008
2013-08-12 21:37:41 lv2:LS:socket err:11004 -- CLogsrvConnector::OnError -- SetAddress failed! Addr:(ubuntu) Port:9008
2013-08-12 21:37:46 lv2:LS:socket err:11004 -- CLogsrvConnector::OnError -- SetAddress failed! Addr:(ubuntu) Port:9008
2013-08-12 21:37:51 lv2:LS:socket err:11004 -- CLogsrvConnector::OnError -- SetAddress failed! Addr:(ubuntu) Port:9008
2013-08-12 21:37:56 lv2:LS:socket err:11004 -- CLogsrvConnector::OnError -- SetAddress failed! Addr:(ubuntu) Port:9008
2013-08-12 21:38:01 lv2:LS:socket err:11004 -- CLogsrvConnector::OnError -- SetAddress failed! Addr:(ubuntu) Port:9008
2013-08-12 21:38:06 lv2:LS:socket err:11004 -- CLogsrvConnector::OnError -- SetAddress failed! Addr:(ubuntu) Port:9008
2013-08-12 21:38:11 lv2:LS:socket err:11004 -- CLogsrvConnector::OnError -- SetAddress failed! Addr:(ubuntu) Port:9008
2013-08-12 21:38:16 lv2:LS:socket err:11004 -- CLogsrvConnector::OnError -- SetAddress failed! Addr:(ubuntu) Port:9008
2013-08-12 21:38:21 lv2:LS:socket err:11004 -- CLogsrvConnector::OnError -- SetAddress failed! Addr:(ubuntu) Port:9008
2013-08-12 21:38:26 lv2:LS:socket err:11004 -- CLogsrvConnector::OnError -- SetAddress failed! Addr:(ubuntu) Port:9008
2013-08-12 21:38:31 lv2:LS:socket err:11004 -- CLogsrvConnector::OnError -- SetAddress failed! Addr:(ubuntu) Port:9008
2013-08-12 21:38:36 lv2:LS:socket err:11004 -- CLogsrvConnector::OnError -- SetAddress failed! Addr:(ubuntu) Port:9008
2013-08-12 21:38:41 lv2:LS:socket err:11004 -- CLogsrvConnector::OnError -- SetAddress failed! Addr:(ubuntu) Port:9008
2013-08-12 21:38:46 lv2:LS:socket err:11004 -- CLogsrvConnector::OnError -- SetAddress failed! Addr:(ubuntu) Port:9008
2013-08-12 21:38:51 lv2:LS:socket err:11004 -- CLogsrvConnector::OnError -- SetAddress failed! Addr:(ubuntu) Port:9008
2013-08-12 21:38:56 lv2:LS:socket err:11004 -- CLogsrvConnector::OnError -- SetAddress failed! Addr:(ubuntu) Port:9008
2013-08-12 21:39:01 lv2:LS:socket err:11004 -- CLogsrvConnector::OnError -- SetAddress failed! Addr:(ubuntu) Port:9008
2013-08-12 21:39:06 lv2:LS:socket err:11004 -- CLogsrvConnector::OnError -- SetAddress failed! Addr:(ubuntu) Port:9008
2013-08-12 21:39:11 lv2:LS:socket err:11004 -- CLogsrvConnector::OnError -- SetAddress failed! Addr:(ubuntu) Port:9008
2013-08-12 21:39:16 lv2:LS:socket err:11004 -- CLogsrvConnector::OnError -- SetAddress failed! Addr:(ubuntu) Port:9008
2013-08-12 21:39:21 lv2:LS:socket err:11004 -- CLogsrvConnector::OnError -- SetAddress failed! Addr:(ubuntu) Port:9008
2013-08-12 21:39:26 lv2:LS:socket err:11004 -- CLogsrvConnector::OnError -- SetAddress failed! Addr:(ubuntu) Port:9008
2013-08-12 21:39:31 lv2:LS:socket err:11004 -- CLogsrvConnector::OnError -- SetAddress failed! Addr:(ubuntu) Port:9008
2013-08-12 21:39:36 lv2:LS:socket err:11004 -- CLogsrvConnector::OnError -- SetAddress failed! Addr:(ubuntu) Port:9008
2013-08-12 21:39:41 lv2:LS:socket err:11004 -- CLogsrvConnector::OnError -- SetAddress failed! Addr:(ubuntu) Port:9008
2013-08-12 21:39:46 lv2:LS:socket err:11004 -- CLogsrvConnector::OnError -- SetAddress failed! Addr:(ubuntu) Port:9008
2013-08-12 21:39:51 lv2:LS:socket err:11004 -- CLogsrvConnector::OnError -- SetAddress failed! Addr:(ubuntu) Port:9008
2013-08-12 21:39:56 lv2:LS:socket err:11004 -- CLogsrvConnector::OnError -- SetAddress failed! Addr:(ubuntu) Port:9008
2013-08-12 21:40:01 lv2:LS:socket err:11004 -- CLogsrvConnector::OnError -- SetAddress failed! Addr:(ubuntu) Port:9008
2013-08-12 21:40:06 lv2:LS:socket err:11004 -- CLogsrvConnector::OnError -- SetAddress failed! Addr:(ubuntu) Port:9008
2013-08-12 21:40:11 lv2:LS:socket err:11004 -- CLogsrvConnector::OnError -- SetAddress failed! Addr:(ubuntu) Port:9008
2013-08-12 21:40:16 lv2:LS:socket err:11004 -- CLogsrvConnector::OnError -- SetAddress failed! Addr:(ubuntu) Port:9008
2013-08-12 21:40:21 lv2:LS:socket err:11004 -- CLogsrvConnector::OnError -- SetAddress failed! Addr:(ubuntu) Port:9008
2013-08-12 21:40:26 lv2:LS:socket err:11004 -- CLogsrvConnector::OnError -- SetAddress failed! Addr:(ubuntu) Port:9008
2013-08-12 21:40:31 lv2:LS:socket err:11004 -- CLogsrvConnector::OnError -- SetAddress failed! Addr:(ubuntu) Port:9008
2013-08-12 21:40:36 lv2:LS:socket err:11004 -- CLogsrvConnector::OnError -- SetAddress failed! Addr:(ubuntu) Port:9008
2013-08-12 21:40:40 lv4:LS:Send SaveCharacter 20

2013-08-12 21:40:41 lv2:LS:socket err:11004 -- CLogsrvConnector::OnError -- SetAddress failed! Addr:(ubuntu) Port:9008
2013-08-12 21:40:46 lv2:LS:socket err:11004 -- CLogsrvConnector::OnError -- SetAddress failed! Addr:(ubuntu) Port:9008
2013-08-12 21:40:51 lv2:LS:socket err:11004 -- CLogsrvConnector::OnError -- SetAddress failed! Addr:(ubuntu) Port:9008
2013-08-12 21:40:56 lv2:LS:socket err:11004 -- CLogsrvConnector::OnError -- SetAddress failed! Addr:(ubuntu) Port:9008
2013-08-12 21:41:01 lv2:LS:socket err:11004 -- CLogsrvConnector::OnError -- SetAddress failed! Addr:(ubuntu) Port:9008
2013-08-12 21:41:06 lv2:LS:socket err:11004 -- CLogsrvConnector::OnError -- SetAddress failed! Addr:(ubuntu) Port:9008
2013-08-12 21:41:11 lv2:LS:socket err:11004 -- CLogsrvConnector::OnError -- SetAddress failed! Addr:(ubuntu) Port:9008
2013-08-12 21:41:16 lv2:LS:socket err:11004 -- CLogsrvConnector::OnError -- SetAddress failed! Addr:(ubuntu) Port:9008
2013-08-12 21:41:21 lv2:LS:socket err:11004 -- CLogsrvConnector::OnError -- SetAddress failed! Addr:(ubuntu) Port:9008
2013-08-12 21:41:26 lv2:LS:socket err:11004 -- CLogsrvConnector::OnError -- SetAddress failed! Addr:(ubuntu) Port:9008
2013-08-12 21:41:31 lv2:LS:socket err:11004 -- CLogsrvConnector::OnError -- SetAddress failed! Addr:(ubuntu) Port:9008
2013-08-12 21:41:36 lv2:LS:socket err:11004 -- CLogsrvConnector::OnError -- SetAddress failed! Addr:(ubuntu) Port:9008
2013-08-12 21:41:41 lv2:LS:socket err:11004 -- CLogsrvConnector::OnError -- SetAddress failed! Addr:(ubuntu) Port:9008
2013-08-12 21:41:46 lv2:LS:socket err:11004 -- CLogsrvConnector::OnError -- SetAddress failed! Addr:(ubuntu) Port:9008
2013-08-12 21:41:51 lv2:LS:socket err:11004 -- CLogsrvConnector::OnError -- SetAddress failed! Addr:(ubuntu) Port:9008
2013-08-12 21:41:56 lv2:LS:socket err:11004 -- CLogsrvConnector::OnError -- SetAddress failed! Addr:(ubuntu) Port:9008
2013-08-12 21:42:01 lv2:LS:socket err:11004 -- CLogsrvConnector::OnError -- SetAddress failed! Addr:(ubuntu) Port:9008
2013-08-12 21:42:06 lv2:LS:socket err:11004 -- CLogsrvConnector::OnError -- SetAddress failed! Addr:(ubuntu) Port:9008
2013-08-12 21:42:11 lv2:LS:socket err:11004 -- CLogsrvConnector::OnError -- SetAddress failed! Addr:(ubuntu) Port:9008
2013-08-12 21:42:16 lv2:LS:socket err:11004 -- CLogsrvConnector::OnError -- SetAddress failed! Addr:(ubuntu) Port:9008
2013-08-12 21:42:21 lv2:LS:socket err:11004 -- CLogsrvConnector::OnError -- SetAddress failed! Addr:(ubuntu) Port:9008
2013-08-12 21:42:26 lv2:LS:socket err:11004 -- CLogsrvConnector::OnError -- SetAddress failed! Addr:(ubuntu) Port:9008
2013-08-12 21:42:31 lv2:LS:socket err:11004 -- CLogsrvConnector::OnError -- SetAddress failed! Addr:(ubuntu) Port:9008
2013-08-12 21:42:36 lv2:LS:socket err:11004 -- CLogsrvConnector::OnError -- SetAddress failed! Addr:(ubuntu) Port:9008
2013-08-12 21:42:41 lv2:LS:socket err:11004 -- CLogsrvConnector::OnError -- SetAddress failed! Addr:(ubuntu) Port:9008
2013-08-12 21:42:46 lv2:LS:socket err:11004 -- CLogsrvConnector::OnError -- SetAddress failed! Addr:(ubuntu) Port:9008
2013-08-12 21:42:51 lv2:LS:socket err:11004 -- CLogsrvConnector::OnError -- SetAddress failed! Addr:(ubuntu) Port:9008
2013-08-12 21:42:56 lv2:LS:socket err:11004 -- CLogsrvConnector::OnError -- SetAddress failed! Addr:(ubuntu) Port:9008
2013-08-12 21:43:01 lv2:LS:socket err:11004 -- CLogsrvConnector::OnError -- SetAddress failed! Addr:(ubuntu) Port:9008
2013-08-12 21:43:05 lv4:LS:Send SaveCharacter 20

2013-08-12 21:43:06 lv4:LS:Send SaveCharacter 20

2013-08-12 21:43:06 lv2:LS:socket err:11004 -- CLogsrvConnector::OnError -- SetAddress failed! Addr:(ubuntu) Port:9008
2013-08-12 21:43:11 lv2:LS:socket err:11004 -- CLogsrvConnector::OnError -- SetAddress failed! Addr:(ubuntu) Port:9008
2013-08-12 21:43:16 lv2:LS:socket err:11004 -- CLogsrvConnector::OnError -- SetAddress failed! Addr:(ubuntu) Port:9008
2013-08-12 21:43:21 lv2:LS:socket err:11004 -- CLogsrvConnector::OnError -- SetAddress failed! Addr:(ubuntu) Port:9008
2013-08-12 21:43:26 lv2:LS:socket err:11004 -- CLogsrvConnector::OnError -- SetAddress failed! Addr:(ubuntu) Port:9008
2013-08-12 21:43:31 lv2:LS:socket err:11004 -- CLogsrvConnector::OnError -- SetAddress failed! Addr:(ubuntu) Port:9008
2013-08-12 21:43:36 lv2:LS:socket err:11004 -- CLogsrvConnector::OnError -- SetAddress failed! Addr:(ubuntu) Port:9008
2013-08-12 21:43:41 lv2:LS:socket err:11004 -- CLogsrvConnector::OnError -- SetAddress failed! Addr:(ubuntu) Port:9008
2013-08-12 21:43:46 lv2:LS:socket err:11004 -- CLogsrvConnector::OnError -- SetAddress failed! Addr:(ubuntu) Port:9008
2013-08-12 21:43:51 lv2:LS:socket err:11004 -- CLogsrvConnector::OnError -- SetAddress failed! Addr:(ubuntu) Port:9008
2013-08-12 21:43:56 lv2:LS:socket err:11004 -- CLogsrvConnector::OnError -- SetAddress failed! Addr:(ubuntu) Port:9008
2013-08-12 21:44:01 lv2:LS:socket err:11004 -- CLogsrvConnector::OnError -- SetAddress failed! Addr:(ubuntu) Port:9008
2013-08-12 21:44:06 lv2:LS:socket err:11004 -- CLogsrvConnector::OnError -- SetAddress failed! Addr:(ubuntu) Port:9008
2013-08-12 21:44:11 lv2:LS:socket err:11004 -- CLogsrvConnector::OnError -- SetAddress failed! Addr:(ubuntu) Port:9008
2013-08-12 21:44:16 lv2:LS:socket err:11004 -- CLogsrvConnector::OnError -- SetAddress failed! Addr:(ubuntu) Port:9008
2013-08-12 21:44:21 lv2:LS:socket err:11004 -- CLogsrvConnector::OnError -- SetAddress failed! Addr:(ubuntu) Port:9008
2013-08-12 21:44:26 lv2:LS:socket err:11004 -- CLogsrvConnector::OnError -- SetAddress failed! Addr:(ubuntu) Port:9008
2013-08-12 21:44:31 lv2:LS:socket err:11004 -- CLogsrvConnector::OnError -- SetAddress failed! Addr:(ubuntu) Port:9008
2013-08-12 21:44:36 lv2:LS:socket err:11004 -- CLogsrvConnector::OnError -- SetAddress failed! Addr:(ubuntu) Port:9008
2013-08-12 21:44:41 lv2:LS:socket err:11004 -- CLogsrvConnector::OnError -- SetAddress failed! Addr:(ubuntu) Port:9008
2013-08-12 21:44:46 lv2:LS:socket err:11004 -- CLogsrvConnector::OnError -- SetAddress failed! Addr:(ubuntu) Port:9008
2013-08-12 21:44:51 lv2:LS:socket err:11004 -- CLogsrvConnector::OnError -- SetAddress failed! Addr:(ubuntu) Port:9008
2013-08-12 21:44:56 lv2:LS:socket err:11004 -- CLogsrvConnector::OnError -- SetAddress failed! Addr:(ubuntu) Port:9008
2013-08-12 21:45:01 lv2:LS:socket err:11004 -- CLogsrvConnector::OnError -- SetAddress failed! Addr:(ubuntu) Port:9008
2013-08-12 21:45:06 lv2:LS:socket err:11004 -- CLogsrvConnector::OnError -- SetAddress failed! Addr:(ubuntu) Port:9008
2013-08-12 21:45:11 lv2:LS:socket err:11004 -- CLogsrvConnector::OnError -- SetAddress failed! Addr:(ubuntu) Port:9008
2013-08-12 21:45:16 lv2:LS:socket err:11004 -- CLogsrvConnector::OnError -- SetAddress failed! Addr:(ubuntu) Port:9008
2013-08-12 21:45:21 lv2:LS:socket err:11004 -- CLogsrvConnector::OnError -- SetAddress failed! Addr:(ubuntu) Port:9008
2013-08-12 21:45:26 lv2:LS:socket err:11004 -- CLogsrvConnector::OnError -- SetAddress failed! Addr:(ubuntu) Port:9008
2013-08-12 21:45:31 lv2:LS:socket err:11004 -- CLogsrvConnector::OnError -- SetAddress failed! Addr:(ubuntu) Port:9008
2013-08-12 21:45:36 lv2:LS:socket err:11004 -- CLogsrvConnector::OnError -- SetAddress failed! Addr:(ubuntu) Port:9008
2013-08-12 21:45:40 lv4:LS:Send SaveCharacter 20

2013-08-12 21:45:41 lv2:LS:socket err:11004 -- CLogsrvConnector::OnError -- SetAddress failed! Addr:(ubuntu) Port:9008
2013-08-12 21:45:46 lv2:LS:socket err:11004 -- CLogsrvConnector::OnError -- SetAddress failed! Addr:(ubuntu) Port:9008
2013-08-12 21:45:51 lv2:LS:socket err:11004 -- CLogsrvConnector::OnError -- SetAddress failed! Addr:(ubuntu) Port:9008
2013-08-12 21:45:56 lv2:LS:socket err:11004 -- CLogsrvConnector::OnError -- SetAddress failed! Addr:(ubuntu) Port:9008
2013-08-12 21:46:01 lv2:LS:socket err:11004 -- CLogsrvConnector::OnError -- SetAddress failed! Addr:(ubuntu) Port:9008
2013-08-12 21:46:06 lv2:LS:socket err:11004 -- CLogsrvConnector::OnError -- SetAddress failed! Addr:(ubuntu) Port:9008
2013-08-12 21:46:11 lv2:LS:socket err:11004 -- CLogsrvConnector::OnError -- SetAddress failed! Addr:(ubuntu) Port:9008
2013-08-12 21:46:16 lv2:LS:socket err:11004 -- CLogsrvConnector::OnError -- SetAddress failed! Addr:(ubuntu) Port:9008
2013-08-12 21:46:21 lv2:LS:socket err:11004 -- CLogsrvConnector::OnError -- SetAddress failed! Addr:(ubuntu) Port:9008
2013-08-12 21:46:26 lv2:LS:socket err:11004 -- CLogsrvConnector::OnError -- SetAddress failed! Addr:(ubuntu) Port:9008
2013-08-12 21:46:31 lv2:LS:socket err:11004 -- CLogsrvConnector::OnError -- SetAddress failed! Addr:(ubuntu) Port:9008
2013-08-12 21:46:36 lv4:LS:Send SaveCharacter 20

2013-08-12 21:46:36 lv2:LS:socket err:11004 -- CLogsrvConnector::OnError -- SetAddress failed! Addr:(ubuntu) Port:9008
2013-08-12 21:46:41 lv2:LS:socket err:11004 -- CLogsrvConnector::OnError -- SetAddress failed! Addr:(ubuntu) Port:9008
2013-08-12 21:46:46 lv2:LS:socket err:11004 -- CLogsrvConnector::OnError -- SetAddress failed! Addr:(ubuntu) Port:9008
2013-08-12 21:46:51 lv2:LS:socket err:11004 -- CLogsrvConnector::OnError -- SetAddress failed! Addr:(ubuntu) Port:9008
2013-08-12 21:46:56 lv2:LS:socket err:11004 -- CLogsrvConnector::OnError -- SetAddress failed! Addr:(ubuntu) Port:9008
2013-08-12 21:47:01 lv2:LS:socket err:11004 -- CLogsrvConnector::OnError -- SetAddress failed! Addr:(ubuntu) Port:9008
2013-08-12 21:47:06 lv2:LS:socket err:11004 -- CLogsrvConnector::OnError -- SetAddress failed! Addr:(ubuntu) Port:9008
2013-08-12 21:47:11 lv2:LS:socket err:11004 -- CLogsrvConnector::OnError -- SetAddress failed! Addr:(ubuntu) Port:9008
2013-08-12 21:47:16 lv2:LS:socket err:11004 -- CLogsrvConnector::OnError -- SetAddress failed! Addr:(ubuntu) Port:9008
2013-08-12 21:47:21 lv2:LS:socket err:11004 -- CLogsrvConnector::OnError -- SetAddress failed! Addr:(ubuntu) Port:9008
2013-08-12 21:47:26 lv2:LS:socket err:11004 -- CLogsrvConnector::OnError -- SetAddress failed! Addr:(ubuntu) Port:9008
2013-08-12 21:47:31 lv2:LS:socket err:11004 -- CLogsrvConnector::OnError -- SetAddress failed! Addr:(ubuntu) Port:9008
2013-08-12 21:47:36 lv2:LS:socket err:11004 -- CLogsrvConnector::OnError -- SetAddress failed! Addr:(ubuntu) Port:9008
2013-08-12 21:47:41 lv2:LS:socket err:11004 -- CLogsrvConnector::OnError -- SetAddress failed! Addr:(ubuntu) Port:9008
2013-08-12 21:47:46 lv2:LS:socket err:11004 -- CLogsrvConnector::OnError -- SetAddress failed! Addr:(ubuntu) Port:9008
2013-08-12 21:47:51 lv2:LS:socket err:11004 -- CLogsrvConnector::OnError -- SetAddress failed! Addr:(ubuntu) Port:9008
2013-08-12 21:47:57 lv2:LS:socket err:11004 -- CLogsrvConnector::OnError -- SetAddress failed! Addr:(ubuntu) Port:9008
2013-08-12 21:48:02 lv2:LS:socket err:11004 -- CLogsrvConnector::OnError -- SetAddress failed! Addr:(ubuntu) Port:9008
2013-08-12 21:48:07 lv2:LS:socket err:11004 -- CLogsrvConnector::OnError -- SetAddress failed! Addr:(ubuntu) Port:9008
2013-08-12 21:48:12 lv2:LS:socket err:11004 -- CLogsrvConnector::OnError -- SetAddress failed! Addr:(ubuntu) Port:9008
2013-08-12 21:48:17 lv2:LS:socket err:11004 -- CLogsrvConnector::OnError -- SetAddress failed! Addr:(ubuntu) Port:9008
2013-08-12 21:48:22 lv2:LS:socket err:11004 -- CLogsrvConnector::OnError -- SetAddress failed! Addr:(ubuntu) Port:9008
2013-08-12 21:48:27 lv2:LS:socket err:11004 -- CLogsrvConnector::OnError -- SetAddress failed! Addr:(ubuntu) Port:9008
2013-08-12 21:48:32 lv2:LS:socket err:11004 -- CLogsrvConnector::OnError -- SetAddress failed! Addr:(ubuntu) Port:9008
2013-08-12 21:48:37 lv2:LS:socket err:11004 -- CLogsrvConnector::OnError -- SetAddress failed! Addr:(ubuntu) Port:9008
2013-08-12 21:48:37 lv4:LS:Send SaveCharacter 20

2013-08-12 21:48:38 lv4:LS:Send SaveCharacter 20

2013-08-12 21:48:39 lv4:LS:Send SaveCharacter 20

2013-08-12 21:48:41 lv4:LS:Send SaveCharacter 20

2013-08-12 21:48:42 lv2:LS:socket err:11004 -- CLogsrvConnector::OnError -- SetAddress failed! Addr:(ubuntu) Port:9008
2013-08-12 21:48:42 lv4:LS:Send SaveCharacter 20

2013-08-12 21:48:44 lv4:LS:Send SaveCharacter 20

2013-08-12 21:48:45 lv4:LS:Send SaveCharacter 20

2013-08-12 21:48:46 lv4:LS:Send SaveCharacter 20

2013-08-12 21:48:47 lv2:LS:socket err:11004 -- CLogsrvConnector::OnError -- SetAddress failed! Addr:(ubuntu) Port:9008
2013-08-12 21:48:48 lv4:LS:Send SaveCharacter 20

2013-08-12 21:48:52 lv2:LS:socket err:11004 -- CLogsrvConnector::OnError -- SetAddress failed! Addr:(ubuntu) Port:9008
2013-08-12 21:48:57 lv2:LS:socket err:11004 -- CLogsrvConnector::OnError -- SetAddress failed! Addr:(ubuntu) Port:9008
2013-08-12 21:49:02 lv2:LS:socket err:11004 -- CLogsrvConnector::OnError -- SetAddress failed! Addr:(ubuntu) Port:9008
2013-08-12 21:49:07 lv2:LS:socket err:11004 -- CLogsrvConnector::OnError -- SetAddress failed! Addr:(ubuntu) Port:9008
2013-08-12 21:49:12 lv2:LS:socket err:11004 -- CLogsrvConnector::OnError -- SetAddress failed! Addr:(ubuntu) Port:9008
2013-08-12 21:49:17 lv2:LS:socket err:11004 -- CLogsrvConnector::OnError -- SetAddress failed! Addr:(ubuntu) Port:9008
2013-08-12 21:49:22 lv2:LS:socket err:11004 -- CLogsrvConnector::OnError -- SetAddress failed! Addr:(ubuntu) Port:9008
2013-08-12 21:49:27 lv2:LS:socket err:11004 -- CLogsrvConnector::OnError -- SetAddress failed! Addr:(ubuntu) Port:9008
2013-08-12 21:49:32 lv2:LS:socket err:11004 -- CLogsrvConnector::OnError -- SetAddress failed! Addr:(ubuntu) Port:9008
2013-08-12 21:49:37 lv2:LS:socket err:11004 -- CLogsrvConnector::OnError -- SetAddress failed! Addr:(ubuntu) Port:9008
2013-08-12 21:49:42 lv2:LS:socket err:11004 -- CLogsrvConnector::OnError -- SetAddress failed! Addr:(ubuntu) Port:9008
2013-08-12 21:49:47 lv2:LS:socket err:11004 -- CLogsrvConnector::OnError -- SetAddress failed! Addr:(ubuntu) Port:9008
2013-08-12 21:49:52 lv2:LS:socket err:11004 -- CLogsrvConnector::OnError -- SetAddress failed! Addr:(ubuntu) Port:9008
2013-08-12 21:49:57 lv2:LS:socket err:11004 -- CLogsrvConnector::OnError -- SetAddress failed! Addr:(ubuntu) Port:9008
2013-08-12 21:50:02 lv2:LS:socket err:11004 -- CLogsrvConnector::OnError -- SetAddress failed! Addr:(ubuntu) Port:9008
2013-08-12 21:50:07 lv2:LS:socket err:11004 -- CLogsrvConnector::OnError -- SetAddress failed! Addr:(ubuntu) Port:9008
2013-08-12 21:50:12 lv2:LS:socket err:11004 -- CLogsrvConnector::OnError -- SetAddress failed! Addr:(ubuntu) Port:9008
2013-08-12 21:50:17 lv2:LS:socket err:11004 -- CLogsrvConnector::OnError -- SetAddress failed! Addr:(ubuntu) Port:9008
2013-08-12 21:50:22 lv2:LS:socket err:11004 -- CLogsrvConnector::OnError -- SetAddress failed! Addr:(ubuntu) Port:9008
2013-08-12 21:50:27 lv2:LS:socket err:11004 -- CLogsrvConnector::OnError -- SetAddress failed! Addr:(ubuntu) Port:9008
2013-08-12 21:50:32 lv2:LS:socket err:11004 -- CLogsrvConnector::OnError -- SetAddress failed! Addr:(ubuntu) Port:9008
2013-08-12 21:50:37 lv2:LS:socket err:11004 -- CLogsrvConnector::OnError -- SetAddress failed! Addr:(ubuntu) Port:9008
2013-08-12 21:50:40 lv4:LS:Send SaveCharacter 20

2013-08-12 21:50:42 lv2:LS:socket err:11004 -- CLogsrvConnector::OnError -- SetAddress failed! Addr:(ubuntu) Port:9008
2013-08-12 21:50:47 lv2:LS:socket err:11004 -- CLogsrvConnector::OnError -- SetAddress failed! Addr:(ubuntu) Port:9008
2013-08-12 21:50:52 lv2:LS:socket err:11004 -- CLogsrvConnector::OnError -- SetAddress failed! Addr:(ubuntu) Port:9008
2013-08-12 21:50:57 lv2:LS:socket err:11004 -- CLogsrvConnector::OnError -- SetAddress failed! Addr:(ubuntu) Port:9008
2013-08-12 21:51:02 lv2:LS:socket err:11004 -- CLogsrvConnector::OnError -- SetAddress failed! Addr:(ubuntu) Port:9008
2013-08-12 21:51:07 lv2:LS:socket err:11004 -- CLogsrvConnector::OnError -- SetAddress failed! Addr:(ubuntu) Port:9008
2013-08-12 21:51:12 lv2:LS:socket err:11004 -- CLogsrvConnector::OnError -- SetAddress failed! Addr:(ubuntu) Port:9008
2013-08-12 21:51:14 lv4:LS:Send SaveCharacter 20

2013-08-12 21:51:15 lv4:LS:Send SaveCharacter 20

2013-08-12 21:51:17 lv4:LS:Send SaveCharacter 20

2013-08-12 21:51:17 lv2:LS:socket err:11004 -- CLogsrvConnector::OnError -- SetAddress failed! Addr:(ubuntu) Port:9008
2013-08-12 21:51:19 lv4:LS:Send SaveCharacter 20

2013-08-12 21:51:20 lv4:LS:Send SaveCharacter 20

2013-08-12 21:51:22 lv2:LS:socket err:11004 -- CLogsrvConnector::OnError -- SetAddress failed! Addr:(ubuntu) Port:9008
2013-08-12 21:51:23 lv4:LS:Send SaveCharacter 20

2013-08-12 21:51:27 lv2:LS:socket err:11004 -- CLogsrvConnector::OnError -- SetAddress failed! Addr:(ubuntu) Port:9008
2013-08-12 21:51:32 lv2:LS:socket err:11004 -- CLogsrvConnector::OnError -- SetAddress failed! Addr:(ubuntu) Port:9008
2013-08-12 21:51:37 lv2:LS:socket err:11004 -- CLogsrvConnector::OnError -- SetAddress failed! Addr:(ubuntu) Port:9008
2013-08-12 21:51:42 lv2:LS:socket err:11004 -- CLogsrvConnector::OnError -- SetAddress failed! Addr:(ubuntu) Port:9008
2013-08-12 21:51:47 lv2:LS:socket err:11004 -- CLogsrvConnector::OnError -- SetAddress failed! Addr:(ubuntu) Port:9008
2013-08-12 21:51:52 lv2:LS:socket err:11004 -- CLogsrvConnector::OnError -- SetAddress failed! Addr:(ubuntu) Port:9008
2013-08-12 21:51:57 lv2:LS:socket err:11004 -- CLogsrvConnector::OnError -- SetAddress failed! Addr:(ubuntu) Port:9008
2013-08-12 21:52:02 lv2:LS:socket err:11004 -- CLogsrvConnector::OnError -- SetAddress failed! Addr:(ubuntu) Port:9008
2013-08-12 21:52:07 lv2:LS:socket err:11004 -- CLogsrvConnector::OnError -- SetAddress failed! Addr:(ubuntu) Port:9008
2013-08-12 21:52:12 lv2:LS:socket err:11004 -- CLogsrvConnector::OnError -- SetAddress failed! Addr:(ubuntu) Port:9008
2013-08-12 21:52:17 lv2:LS:socket err:11004 -- CLogsrvConnector::OnError -- SetAddress failed! Addr:(ubuntu) Port:9008
2013-08-12 21:52:22 lv2:LS:socket err:11004 -- CLogsrvConnector::OnError -- SetAddress failed! Addr:(ubuntu) Port:9008
2013-08-12 21:52:27 lv2:LS:socket err:11004 -- CLogsrvConnector::OnError -- SetAddress failed! Addr:(ubuntu) Port:9008
2013-08-12 21:52:32 lv2:LS:socket err:11004 -- CLogsrvConnector::OnError -- SetAddress failed! Addr:(ubuntu) Port:9008
2013-08-12 21:52:37 lv2:LS:socket err:11004 -- CLogsrvConnector::OnError -- SetAddress failed! Addr:(ubuntu) Port:9008
2013-08-12 21:52:42 lv2:LS:socket err:11004 -- CLogsrvConnector::OnError -- SetAddress failed! Addr:(ubuntu) Port:9008
2013-08-12 21:52:47 lv2:LS:socket err:11004 -- CLogsrvConnector::OnError -- SetAddress failed! Addr:(ubuntu) Port:9008
2013-08-12 21:52:52 lv2:LS:socket err:11004 -- CLogsrvConnector::OnError -- SetAddress failed! Addr:(ubuntu) Port:9008
2013-08-12 21:52:57 lv2:LS:socket err:11004 -- CLogsrvConnector::OnError -- SetAddress failed! Addr:(ubuntu) Port:9008
2013-08-12 21:53:02 lv2:LS:socket err:11004 -- CLogsrvConnector::OnError -- SetAddress failed! Addr:(ubuntu) Port:9008
2013-08-12 21:53:07 lv2:LS:socket err:11004 -- CLogsrvConnector::OnError -- SetAddress failed! Addr:(ubuntu) Port:9008
2013-08-12 21:53:12 lv2:LS:socket err:11004 -- CLogsrvConnector::OnError -- SetAddress failed! Addr:(ubuntu) Port:9008
2013-08-12 21:53:17 lv2:LS:socket err:11004 -- CLogsrvConnector::OnError -- SetAddress failed! Addr:(ubuntu) Port:9008
2013-08-12 21:53:22 lv2:LS:socket err:11004 -- CLogsrvConnector::OnError -- SetAddress failed! Addr:(ubuntu) Port:9008
2013-08-12 21:53:27 lv2:LS:socket err:11004 -- CLogsrvConnector::OnError -- SetAddress failed! Addr:(ubuntu) Port:9008
2013-08-12 21:53:32 lv2:LS:socket err:11004 -- CLogsrvConnector::OnError -- SetAddress failed! Addr:(ubuntu) Port:9008
2013-08-12 21:53:37 lv2:LS:socket err:11004 -- CLogsrvConnector::OnError -- SetAddress failed! Addr:(ubuntu) Port:9008
2013-08-12 21:53:39 lv4:LS:Send SaveCharacter 20

2013-08-12 21:53:40 lv4:LS:Send SaveCharacter 20

2013-08-12 21:53:41 lv4:LS:Send SaveCharacter 20

2013-08-12 21:53:42 lv2:LS:socket err:11004 -- CLogsrvConnector::OnError -- SetAddress failed! Addr:(ubuntu) Port:9008
2013-08-12 21:53:43 lv4:LS:Send SaveCharacter 20

2013-08-12 21:53:44 lv4:LS:Send SaveCharacter 20

2013-08-12 21:53:45 lv4:LS:Send SaveCharacter 20

2013-08-12 21:53:47 lv2:LS:socket err:11004 -- CLogsrvConnector::OnError -- SetAddress failed! Addr:(ubuntu) Port:9008
2013-08-12 21:53:52 lv2:LS:socket err:11004 -- CLogsrvConnector::OnError -- SetAddress failed! Addr:(ubuntu) Port:9008
2013-08-12 21:53:57 lv2:LS:socket err:11004 -- CLogsrvConnector::OnError -- SetAddress failed! Addr:(ubuntu) Port:9008
2013-08-12 21:54:02 lv2:LS:socket err:11004 -- CLogsrvConnector::OnError -- SetAddress failed! Addr:(ubuntu) Port:9008
2013-08-12 21:54:07 lv2:LS:socket err:11004 -- CLogsrvConnector::OnError -- SetAddress failed! Addr:(ubuntu) Port:9008
2013-08-12 21:54:12 lv2:LS:socket err:11004 -- CLogsrvConnector::OnError -- SetAddress failed! Addr:(ubuntu) Port:9008
2013-08-12 21:54:12 lv4:LS:Send SaveCharacter 20

2013-08-12 21:54:17 lv2:LS:socket err:11004 -- CLogsrvConnector::OnError -- SetAddress failed! Addr:(ubuntu) Port:9008
2013-08-12 21:54:22 lv2:LS:socket err:11004 -- CLogsrvConnector::OnError -- SetAddress failed! Addr:(ubuntu) Port:9008
2013-08-12 21:54:27 lv2:LS:socket err:11004 -- CLogsrvConnector::OnError -- SetAddress failed! Addr:(ubuntu) Port:9008
2013-08-12 21:54:32 lv2:LS:socket err:11004 -- CLogsrvConnector::OnError -- SetAddress failed! Addr:(ubuntu) Port:9008
2013-08-12 21:54:37 lv2:LS:socket err:11004 -- CLogsrvConnector::OnError -- SetAddress failed! Addr:(ubuntu) Port:9008
2013-08-12 21:54:42 lv2:LS:socket err:11004 -- CLogsrvConnector::OnError -- SetAddress failed! Addr:(ubuntu) Port:9008
2013-08-12 21:54:47 lv2:LS:socket err:11004 -- CLogsrvConnector::OnError -- SetAddress failed! Addr:(ubuntu) Port:9008
2013-08-12 21:54:52 lv2:LS:socket err:11004 -- CLogsrvConnector::OnError -- SetAddress failed! Addr:(ubuntu) Port:9008
2013-08-12 21:54:57 lv2:LS:socket err:11004 -- CLogsrvConnector::OnError -- SetAddress failed! Addr:(ubuntu) Port:9008
2013-08-12 21:55:02 lv2:LS:socket err:11004 -- CLogsrvConnector::OnError -- SetAddress failed! Addr:(ubuntu) Port:9008
2013-08-12 21:55:07 lv2:LS:socket err:11004 -- CLogsrvConnector::OnError -- SetAddress failed! Addr:(ubuntu) Port:9008
2013-08-12 21:55:12 lv2:LS:socket err:11004 -- CLogsrvConnector::OnError -- SetAddress failed! Addr:(ubuntu) Port:9008
2013-08-12 21:55:17 lv2:LS:socket err:11004 -- CLogsrvConnector::OnError -- SetAddress failed! Addr:(ubuntu) Port:9008
2013-08-12 21:55:22 lv2:LS:socket err:11004 -- CLogsrvConnector::OnError -- SetAddress failed! Addr:(ubuntu) Port:9008
2013-08-12 21:55:27 lv2:LS:socket err:11004 -- CLogsrvConnector::OnError -- SetAddress failed! Addr:(ubuntu) Port:9008
2013-08-12 21:55:32 lv2:LS:socket err:11004 -- CLogsrvConnector::OnError -- SetAddress failed! Addr:(ubuntu) Port:9008
2013-08-12 21:55:37 lv2:LS:socket err:11004 -- CLogsrvConnector::OnError -- SetAddress failed! Addr:(ubuntu) Port:9008
2013-08-12 21:55:40 lv4:LS:Send SaveCharacter 20

2013-08-12 21:55:42 lv2:LS:socket err:11004 -- CLogsrvConnector::OnError -- SetAddress failed! Addr:(ubuntu) Port:9008
2013-08-12 21:55:47 lv2:LS:socket err:11004 -- CLogsrvConnector::OnError -- SetAddress failed! Addr:(ubuntu) Port:9008
2013-08-12 21:55:52 lv2:LS:socket err:11004 -- CLogsrvConnector::OnError -- SetAddress failed! Addr:(ubuntu) Port:9008
2013-08-12 21:55:57 lv2:LS:socket err:11004 -- CLogsrvConnector::OnError -- SetAddress failed! Addr:(ubuntu) Port:9008
2013-08-12 21:56:02 lv2:LS:socket err:11004 -- CLogsrvConnector::OnError -- SetAddress failed! Addr:(ubuntu) Port:9008
2013-08-12 21:56:07 lv2:LS:socket err:11004 -- CLogsrvConnector::OnError -- SetAddress failed! Addr:(ubuntu) Port:9008
2013-08-12 21:56:12 lv2:LS:socket err:11004 -- CLogsrvConnector::OnError -- SetAddress failed! Addr:(ubuntu) Port:9008
2013-08-12 21:56:17 lv2:LS:socket err:11004 -- CLogsrvConnector::OnError -- SetAddress failed! Addr:(ubuntu) Port:9008
2013-08-12 21:56:22 lv2:LS:socket err:11004 -- CLogsrvConnector::OnError -- SetAddress failed! Addr:(ubuntu) Port:9008
2013-08-12 21:56:27 lv2:LS:socket err:11004 -- CLogsrvConnector::OnError -- SetAddress failed! Addr:(ubuntu) Port:9008
2013-08-12 21:56:32 lv2:LS:socket err:11004 -- CLogsrvConnector::OnError -- SetAddress failed! Addr:(ubuntu) Port:9008
2013-08-12 21:56:37 lv2:LS:socket err:11004 -- CLogsrvConnector::OnError -- SetAddress failed! Addr:(ubuntu) Port:9008
2013-08-12 21:56:42 lv2:LS:socket err:11004 -- CLogsrvConnector::OnError -- SetAddress failed! Addr:(ubuntu) Port:9008
2013-08-12 21:56:47 lv2:LS:socket err:11004 -- CLogsrvConnector::OnError -- SetAddress failed! Addr:(ubuntu) Port:9008
2013-08-12 21:56:52 lv2:LS:socket err:11004 -- CLogsrvConnector::OnError -- SetAddress failed! Addr:(ubuntu) Port:9008
2013-08-12 21:56:57 lv2:LS:socket err:11004 -- CLogsrvConnector::OnError -- SetAddress failed! Addr:(ubuntu) Port:9008
2013-08-12 21:57:02 lv2:LS:socket err:11004 -- CLogsrvConnector::OnError -- SetAddress failed! Addr:(ubuntu) Port:9008
2013-08-12 21:57:07 lv2:LS:socket err:11004 -- CLogsrvConnector::OnError -- SetAddress failed! Addr:(ubuntu) Port:9008
2013-08-12 21:57:12 lv2:LS:socket err:11004 -- CLogsrvConnector::OnError -- SetAddress failed! Addr:(ubuntu) Port:9008
2013-08-12 21:57:17 lv2:LS:socket err:11004 -- CLogsrvConnector::OnError -- SetAddress failed! Addr:(ubuntu) Port:9008
2013-08-12 21:57:22 lv2:LS:socket err:11004 -- CLogsrvConnector::OnError -- SetAddress failed! Addr:(ubuntu) Port:9008
2013-08-12 21:57:27 lv2:LS:socket err:11004 -- CLogsrvConnector::OnError -- SetAddress failed! Addr:(ubuntu) Port:9008
2013-08-12 21:57:32 lv2:LS:socket err:11004 -- CLogsrvConnector::OnError -- SetAddress failed! Addr:(ubuntu) Port:9008
2013-08-12 21:57:37 lv2:LS:socket err:11004 -- CLogsrvConnector::OnError -- SetAddress failed! Addr:(ubuntu) Port:9008
2013-08-12 21:57:42 lv2:LS:socket err:11004 -- CLogsrvConnector::OnError -- SetAddress failed! Addr:(ubuntu) Port:9008
2013-08-12 21:57:47 lv2:LS:socket err:11004 -- CLogsrvConnector::OnError -- SetAddress failed! Addr:(ubuntu) Port:9008
2013-08-12 21:57:52 lv2:LS:socket err:11004 -- CLogsrvConnector::OnError -- SetAddress failed! Addr:(ubuntu) Port:9008
2013-08-12 21:57:57 lv2:LS:socket err:11004 -- CLogsrvConnector::OnError -- SetAddress failed! Addr:(ubuntu) Port:9008
2013-08-12 21:58:02 lv2:LS:socket err:11004 -- CLogsrvConnector::OnError -- SetAddress failed! Addr:(ubuntu) Port:9008
2013-08-12 21:58:07 lv2:LS:socket err:11004 -- CLogsrvConnector::OnError -- SetAddress failed! Addr:(ubuntu) Port:9008
2013-08-12 21:58:12 lv2:LS:socket err:11004 -- CLogsrvConnector::OnError -- SetAddress failed! Addr:(ubuntu) Port:9008
2013-08-12 21:58:17 lv2:LS:socket err:11004 -- CLogsrvConnector::OnError -- SetAddress failed! Addr:(ubuntu) Port:9008
2013-08-12 21:58:22 lv2:LS:socket err:11004 -- CLogsrvConnector::OnError -- SetAddress failed! Addr:(ubuntu) Port:9008
2013-08-12 21:58:27 lv2:LS:socket err:11004 -- CLogsrvConnector::OnError -- SetAddress failed! Addr:(ubuntu) Port:9008
2013-08-12 21:58:32 lv2:LS:socket err:11004 -- CLogsrvConnector::OnError -- SetAddress failed! Addr:(ubuntu) Port:9008
2013-08-12 21:58:37 lv2:LS:socket err:11004 -- CLogsrvConnector::OnError -- SetAddress failed! Addr:(ubuntu) Port:9008
2013-08-12 21:58:42 lv2:LS:socket err:11004 -- CLogsrvConnector::OnError -- SetAddress failed! Addr:(ubuntu) Port:9008
2013-08-12 21:58:47 lv2:LS:socket err:11004 -- CLogsrvConnector::OnError -- SetAddress failed! Addr:(ubuntu) Port:9008
2013-08-12 21:58:52 lv2:LS:socket err:11004 -- CLogsrvConnector::OnError -- SetAddress failed! Addr:(ubuntu) Port:9008
2013-08-12 21:58:57 lv2:LS:socket err:11004 -- CLogsrvConnector::OnError -- SetAddress failed! Addr:(ubuntu) Port:9008
2013-08-12 21:59:02 lv2:LS:socket err:11004 -- CLogsrvConnector::OnError -- SetAddress failed! Addr:(ubuntu) Port:9008
2013-08-12 21:59:07 lv2:LS:socket err:11004 -- CLogsrvConnector::OnError -- SetAddress failed! Addr:(ubuntu) Port:9008
2013-08-12 21:59:12 lv2:LS:socket err:11004 -- CLogsrvConnector::OnError -- SetAddress failed! Addr:(ubuntu) Port:9008
2013-08-12 21:59:17 lv2:LS:socket err:11004 -- CLogsrvConnector::OnError -- SetAddress failed! Addr:(ubuntu) Port:9008
2013-08-12 21:59:22 lv2:LS:socket err:11004 -- CLogsrvConnector::OnError -- SetAddress failed! Addr:(ubuntu) Port:9008
2013-08-12 21:59:27 lv2:LS:socket err:11004 -- CLogsrvConnector::OnError -- SetAddress failed! Addr:(ubuntu) Port:9008
2013-08-12 21:59:32 lv2:LS:socket err:11004 -- CLogsrvConnector::OnError -- SetAddress failed! Addr:(ubuntu) Port:9008
2013-08-12 21:59:37 lv2:LS:socket err:11004 -- CLogsrvConnector::OnError -- SetAddress failed! Addr:(ubuntu) Port:9008
2013-08-12 21:59:42 lv2:LS:socket err:11004 -- CLogsrvConnector::OnError -- SetAddress failed! Addr:(ubuntu) Port:9008
2013-08-12 21:59:47 lv2:LS:socket err:11004 -- CLogsrvConnector::OnError -- SetAddress failed! Addr:(ubuntu) Port:9008
2013-08-12 21:59:52 lv2:LS:socket err:11004 -- CLogsrvConnector::OnError -- SetAddress failed! Addr:(ubuntu) Port:9008
2013-08-12 21:59:57 lv2:LS:socket err:11004 -- CLogsrvConnector::OnError -- SetAddress failed! Addr:(ubuntu) Port:9008
2013-08-12 22:00:02 lv2:LS:socket err:11004 -- CLogsrvConnector::OnError -- SetAddress failed! Addr:(ubuntu) Port:9008
2013-08-12 22:00:07 lv2:LS:socket err:11004 -- CLogsrvConnector::OnError -- SetAddress failed! Addr:(ubuntu) Port:9008
2013-08-12 22:00:12 lv2:LS:socket err:11004 -- CLogsrvConnector::OnError -- SetAddress failed! Addr:(ubuntu) Port:9008
2013-08-12 22:00:17 lv2:LS:socket err:11004 -- CLogsrvConnector::OnError -- SetAddress failed! Addr:(ubuntu) Port:9008
2013-08-12 22:00:22 lv2:LS:socket err:11004 -- CLogsrvConnector::OnError -- SetAddress failed! Addr:(ubuntu) Port:9008
2013-08-12 22:00:27 lv2:LS:socket err:11004 -- CLogsrvConnector::OnError -- SetAddress failed! Addr:(ubuntu) Port:9008
2013-08-12 22:00:32 lv2:LS:socket err:11004 -- CLogsrvConnector::OnError -- SetAddress failed! Addr:(ubuntu) Port:9008
2013-08-12 22:00:37 lv2:LS:socket err:11004 -- CLogsrvConnector::OnError -- SetAddress failed! Addr:(ubuntu) Port:9008
2013-08-12 22:00:42 lv2:LS:socket err:11004 -- CLogsrvConnector::OnError -- SetAddress failed! Addr:(ubuntu) Port:9008
