2013-08-12 18:40:09 lv3:RoleID:[14] ExpChanged:[177030000] ExpTotal:[193759625] Reason:[Undefine] Attach:[]
2013-08-12 18:40:20 lv3:RoleID:[14] ExpChanged:[300000] ExpTotal:[194059625] Reason:[Task] Attach:[1481]
2013-08-12 18:51:00 lv3:RoleID:[20] ExpChanged:[-25] ExpTotal:[129975] Reason:[LevelUp] Attach:[]
2013-08-12 18:51:00 lv3:RoleID:[20] ExpChanged:[-100] ExpTotal:[129875] Reason:[LevelUp] Attach:[]
2013-08-12 18:51:00 lv3:RoleID:[20] ExpChanged:[-200] ExpTotal:[129675] Reason:[LevelUp] Attach:[]
2013-08-12 18:51:00 lv3:RoleID:[20] ExpChanged:[-325] ExpTotal:[129350] Reason:[LevelUp] Attach:[]
2013-08-12 18:51:00 lv3:RoleID:[20] ExpChanged:[-700] ExpTotal:[128650] Reason:[LevelUp] Attach:[]
2013-08-12 18:51:00 lv3:RoleID:[20] ExpChanged:[-1000] ExpTotal:[127650] Reason:[LevelUp] Attach:[]
2013-08-12 18:51:00 lv3:RoleID:[20] ExpChanged:[-1300] ExpTotal:[126350] Reason:[LevelUp] Attach:[]
2013-08-12 18:51:00 lv3:RoleID:[20] ExpChanged:[-1600] ExpTotal:[124750] Reason:[LevelUp] Attach:[]
2013-08-12 18:51:00 lv3:RoleID:[20] ExpChanged:[-2000] ExpTotal:[122750] Reason:[LevelUp] Attach:[]
2013-08-12 18:51:00 lv3:RoleID:[20] ExpChanged:[-2400] ExpTotal:[120350] Reason:[LevelUp] Attach:[]
2013-08-12 18:51:00 lv3:RoleID:[20] ExpChanged:[-2800] ExpTotal:[117550] Reason:[LevelUp] Attach:[]
2013-08-12 18:51:00 lv3:RoleID:[20] ExpChanged:[-3200] ExpTotal:[114350] Reason:[LevelUp] Attach:[]
2013-08-12 18:51:00 lv3:RoleID:[20] ExpChanged:[-3600] ExpTotal:[110750] Reason:[LevelUp] Attach:[]
2013-08-12 18:51:00 lv3:RoleID:[20] ExpChanged:[-4200] ExpTotal:[106550] Reason:[LevelUp] Attach:[]
2013-08-12 18:51:00 lv3:RoleID:[20] ExpChanged:[-5000] ExpTotal:[101550] Reason:[LevelUp] Attach:[]
2013-08-12 18:51:00 lv3:RoleID:[20] ExpChanged:[-6000] ExpTotal:[95550] Reason:[LevelUp] Attach:[]
2013-08-12 18:51:00 lv3:RoleID:[20] ExpChanged:[-8000] ExpTotal:[87550] Reason:[LevelUp] Attach:[]
2013-08-12 18:51:00 lv3:RoleID:[20] ExpChanged:[-10000] ExpTotal:[77550] Reason:[LevelUp] Attach:[]
2013-08-12 18:51:00 lv3:RoleID:[20] ExpChanged:[-14000] ExpTotal:[63550] Reason:[LevelUp] Attach:[]
2013-08-12 18:51:00 lv3:RoleID:[20] ExpChanged:[-16000] ExpTotal:[47550] Reason:[LevelUp] Attach:[]
2013-08-12 18:51:00 lv3:RoleID:[20] ExpChanged:[-22000] ExpTotal:[25550] Reason:[LevelUp] Attach:[]
2013-08-12 18:51:00 lv3:RoleID:[20] ExpChanged:[25550] ExpTotal:[25550] Reason:[Monster] Attach:[]
2013-08-12 18:51:00 lv3:RoleID:[20] ExpChanged:[-28000] ExpTotal:[49550] Reason:[LevelUp] Attach:[]
2013-08-12 18:51:00 lv3:RoleID:[20] ExpChanged:[-34000] ExpTotal:[15550] Reason:[LevelUp] Attach:[]
2013-08-12 18:51:00 lv3:RoleID:[20] ExpChanged:[-46000] ExpTotal:[8550] Reason:[LevelUp] Attach:[]
2013-08-12 18:51:00 lv3:RoleID:[20] ExpChanged:[32499] ExpTotal:[41049] Reason:[Monster] Attach:[]
2013-08-12 18:51:00 lv3:RoleID:[20] ExpChanged:[-52000] ExpTotal:[21548] Reason:[LevelUp] Attach:[]
2013-08-12 18:51:00 lv3:RoleID:[20] ExpChanged:[26000] ExpTotal:[47548] Reason:[Monster] Attach:[]
2013-08-12 18:51:06 lv3:RoleID:[20] ExpChanged:[-58000] ExpTotal:[15548] Reason:[LevelUp] Attach:[]
2013-08-12 18:51:10 lv3:RoleID:[20] ExpChanged:[19499] ExpTotal:[35047] Reason:[Monster] Attach:[]
2013-08-12 18:51:51 lv3:RoleID:[20] ExpChanged:[1458] ExpTotal:[36505] Reason:[AskAnswer] Attach:[]
2013-08-12 18:51:51 lv3:RoleID:[20] ExpChanged:[2916] ExpTotal:[39421] Reason:[AskAnswer] Attach:[]
2013-08-12 18:51:51 lv3:RoleID:[20] ExpChanged:[2916] ExpTotal:[42337] Reason:[AskAnswer] Attach:[]
2013-08-12 18:51:51 lv3:RoleID:[20] ExpChanged:[2916] ExpTotal:[45253] Reason:[AskAnswer] Attach:[]
2013-08-12 18:51:52 lv3:RoleID:[20] ExpChanged:[2916] ExpTotal:[48169] Reason:[AskAnswer] Attach:[]
2013-08-12 18:51:52 lv3:RoleID:[20] ExpChanged:[2916] ExpTotal:[51085] Reason:[AskAnswer] Attach:[]
2013-08-12 18:51:52 lv3:RoleID:[20] ExpChanged:[2916] ExpTotal:[54001] Reason:[AskAnswer] Attach:[]
2013-08-12 18:51:52 lv3:RoleID:[20] ExpChanged:[2916] ExpTotal:[56917] Reason:[AskAnswer] Attach:[]
2013-08-12 18:51:52 lv3:RoleID:[20] ExpChanged:[2916] ExpTotal:[59833] Reason:[AskAnswer] Attach:[]
2013-08-12 18:51:52 lv3:RoleID:[20] ExpChanged:[2916] ExpTotal:[62749] Reason:[AskAnswer] Attach:[]
2013-08-12 18:54:19 lv3:RoleID:[20] ExpChanged:[-64000] ExpTotal:[276249] Reason:[LevelUp] Attach:[]
2013-08-12 18:54:19 lv3:RoleID:[20] ExpChanged:[-70000] ExpTotal:[206249] Reason:[LevelUp] Attach:[]
2013-08-12 18:54:19 lv3:RoleID:[20] ExpChanged:[-90000] ExpTotal:[116249] Reason:[LevelUp] Attach:[]
2013-08-12 18:54:19 lv3:RoleID:[20] ExpChanged:[-100000] ExpTotal:[16249] Reason:[LevelUp] Attach:[]
2013-08-12 18:54:26 lv3:RoleID:[20] ExpChanged:[203500] ExpTotal:[219749] Reason:[Monster] Attach:[]
2013-08-12 18:54:26 lv3:RoleID:[20] ExpChanged:[203500] ExpTotal:[423249] Reason:[Monster] Attach:[]
2013-08-12 18:54:26 lv3:RoleID:[20] ExpChanged:[94251] ExpTotal:[517500] Reason:[Monster] Attach:[]
2013-08-12 18:54:31 lv3:RoleID:[20] ExpChanged:[-103500] ExpTotal:[414000] Reason:[LevelUp] Attach:[]
2013-08-12 18:54:34 lv3:RoleID:[20] ExpChanged:[171000] ExpTotal:[585000] Reason:[Monster] Attach:[]
2013-08-12 18:56:03 lv3:RoleID:[20] ExpChanged:[-117000] ExpTotal:[468000] Reason:[LevelUp] Attach:[]
2013-08-12 18:56:04 lv3:RoleID:[20] ExpChanged:[-135000] ExpTotal:[333000] Reason:[LevelUp] Attach:[]
2013-08-12 18:56:05 lv3:RoleID:[20] ExpChanged:[432000] ExpTotal:[765000] Reason:[Monster] Attach:[]
2013-08-12 18:56:05 lv3:RoleID:[20] ExpChanged:[-153000] ExpTotal:[612000] Reason:[LevelUp] Attach:[]
2013-08-12 18:56:06 lv3:RoleID:[20] ExpChanged:[-171000] ExpTotal:[441000] Reason:[LevelUp] Attach:[]
2013-08-12 18:56:07 lv3:RoleID:[20] ExpChanged:[-198000] ExpTotal:[243000] Reason:[LevelUp] Attach:[]
2013-08-12 18:56:07 lv3:RoleID:[20] ExpChanged:[-225000] ExpTotal:[18000] Reason:[LevelUp] Attach:[]
2013-08-12 18:56:08 lv3:RoleID:[20] ExpChanged:[1242000] ExpTotal:[1260000] Reason:[Monster] Attach:[]
2013-08-12 18:56:12 lv3:RoleID:[20] ExpChanged:[-252000] ExpTotal:[1008000] Reason:[LevelUp] Attach:[]
2013-08-12 18:56:12 lv3:RoleID:[20] ExpChanged:[-288000] ExpTotal:[720000] Reason:[LevelUp] Attach:[]
2013-08-12 18:56:13 lv3:RoleID:[20] ExpChanged:[-324000] ExpTotal:[396000] Reason:[LevelUp] Attach:[]
2013-08-12 18:56:13 lv3:RoleID:[20] ExpChanged:[-369000] ExpTotal:[27000] Reason:[LevelUp] Attach:[]
2013-08-12 18:56:18 lv3:RoleID:[20] ExpChanged:[2043000] ExpTotal:[2070000] Reason:[Monster] Attach:[]
2013-08-12 18:56:24 lv3:RoleID:[20] ExpChanged:[-414000] ExpTotal:[1656000] Reason:[LevelUp] Attach:[]
2013-08-12 18:56:24 lv3:RoleID:[20] ExpChanged:[-468000] ExpTotal:[1188000] Reason:[LevelUp] Attach:[]
2013-08-12 18:56:24 lv3:RoleID:[20] ExpChanged:[-522000] ExpTotal:[666000] Reason:[LevelUp] Attach:[]
2013-08-12 18:56:24 lv3:RoleID:[20] ExpChanged:[-576000] ExpTotal:[90000] Reason:[LevelUp] Attach:[]
2013-08-12 18:56:32 lv3:RoleID:[20] ExpChanged:[1875500] ExpTotal:[1965500] Reason:[Monster] Attach:[]
2013-08-12 18:56:32 lv3:RoleID:[20] ExpChanged:[1229500] ExpTotal:[3195000] Reason:[Monster] Attach:[]
2013-08-12 18:56:33 lv3:RoleID:[20] ExpChanged:[-639000] ExpTotal:[2556000] Reason:[LevelUp] Attach:[]
2013-08-12 18:56:34 lv3:RoleID:[20] ExpChanged:[-702000] ExpTotal:[1854000] Reason:[LevelUp] Attach:[]
2013-08-12 18:56:34 lv3:RoleID:[20] ExpChanged:[-774000] ExpTotal:[1080000] Reason:[LevelUp] Attach:[]
2013-08-12 18:56:34 lv3:RoleID:[20] ExpChanged:[-846000] ExpTotal:[234000] Reason:[LevelUp] Attach:[]
2013-08-12 18:56:37 lv3:RoleID:[20] ExpChanged:[1193500] ExpTotal:[1427500] Reason:[Monster] Attach:[]
2013-08-12 18:56:43 lv3:RoleID:[20] ExpChanged:[1193500] ExpTotal:[2621000] Reason:[Monster] Attach:[]
2013-08-12 18:56:48 lv3:RoleID:[20] ExpChanged:[1193500] ExpTotal:[3814500] Reason:[Monster] Attach:[]
2013-08-12 18:56:51 lv3:RoleID:[20] ExpChanged:[-945000] ExpTotal:[2869500] Reason:[LevelUp] Attach:[]
2013-08-12 18:56:53 lv3:RoleID:[20] ExpChanged:[1023010] ExpTotal:[3892510] Reason:[Monster] Attach:[]
2013-08-12 18:56:53 lv3:RoleID:[20] ExpChanged:[1023010] ExpTotal:[4915520] Reason:[Monster] Attach:[]
2013-08-12 18:56:53 lv3:RoleID:[20] ExpChanged:[709480] ExpTotal:[5625000] Reason:[Monster] Attach:[]
2013-08-12 18:56:55 lv3:RoleID:[20] ExpChanged:[-1125000] ExpTotal:[4500000] Reason:[LevelUp] Attach:[]
2013-08-12 18:56:55 lv3:RoleID:[20] ExpChanged:[-1350000] ExpTotal:[3150000] Reason:[LevelUp] Attach:[]
2013-08-12 18:56:56 lv3:RoleID:[20] ExpChanged:[-1620000] ExpTotal:[1530000] Reason:[LevelUp] Attach:[]
2013-08-12 18:56:59 lv3:RoleID:[20] ExpChanged:[511505] ExpTotal:[2041505] Reason:[Monster] Attach:[]
2013-08-12 18:57:00 lv3:RoleID:[20] ExpChanged:[11664] ExpTotal:[2053169] Reason:[AskAnswer] Attach:[]
2013-08-12 18:57:00 lv3:RoleID:[20] ExpChanged:[11664] ExpTotal:[2064833] Reason:[AskAnswer] Attach:[]
2013-08-12 18:57:00 lv3:RoleID:[20] ExpChanged:[11664] ExpTotal:[2076497] Reason:[AskAnswer] Attach:[]
2013-08-12 18:57:01 lv3:RoleID:[20] ExpChanged:[11664] ExpTotal:[2088161] Reason:[AskAnswer] Attach:[]
2013-08-12 18:57:01 lv3:RoleID:[20] ExpChanged:[11664] ExpTotal:[2099825] Reason:[AskAnswer] Attach:[]
2013-08-12 18:57:01 lv3:RoleID:[20] ExpChanged:[11664] ExpTotal:[2111489] Reason:[AskAnswer] Attach:[]
2013-08-12 18:57:01 lv3:RoleID:[20] ExpChanged:[11664] ExpTotal:[2123153] Reason:[AskAnswer] Attach:[]
2013-08-12 18:57:01 lv3:RoleID:[20] ExpChanged:[11664] ExpTotal:[2134817] Reason:[AskAnswer] Attach:[]
2013-08-12 18:57:01 lv3:RoleID:[20] ExpChanged:[11664] ExpTotal:[2146481] Reason:[AskAnswer] Attach:[]
2013-08-12 18:57:01 lv3:RoleID:[20] ExpChanged:[11664] ExpTotal:[2158145] Reason:[AskAnswer] Attach:[]
2013-08-12 18:57:03 lv3:RoleID:[20] ExpChanged:[11664] ExpTotal:[2169809] Reason:[AskAnswer] Attach:[]
2013-08-12 18:57:04 lv3:RoleID:[20] ExpChanged:[11664] ExpTotal:[2181473] Reason:[AskAnswer] Attach:[]
2013-08-12 18:57:04 lv3:RoleID:[20] ExpChanged:[11664] ExpTotal:[2193137] Reason:[AskAnswer] Attach:[]
2013-08-12 18:57:04 lv3:RoleID:[20] ExpChanged:[11664] ExpTotal:[2204801] Reason:[AskAnswer] Attach:[]
2013-08-12 18:57:04 lv3:RoleID:[20] ExpChanged:[11664] ExpTotal:[2216465] Reason:[AskAnswer] Attach:[]
2013-08-12 18:57:04 lv3:RoleID:[20] ExpChanged:[11664] ExpTotal:[2228129] Reason:[AskAnswer] Attach:[]
2013-08-12 18:57:04 lv3:RoleID:[20] ExpChanged:[11664] ExpTotal:[2239793] Reason:[AskAnswer] Attach:[]
2013-08-12 18:57:05 lv3:RoleID:[20] ExpChanged:[11664] ExpTotal:[2251457] Reason:[AskAnswer] Attach:[]
2013-08-12 18:57:05 lv3:RoleID:[20] ExpChanged:[11664] ExpTotal:[2263121] Reason:[AskAnswer] Attach:[]
2013-08-12 18:57:05 lv3:RoleID:[20] ExpChanged:[11664] ExpTotal:[2274785] Reason:[AskAnswer] Attach:[]
2013-08-12 18:57:07 lv3:RoleID:[20] ExpChanged:[11664] ExpTotal:[2286449] Reason:[AskAnswer] Attach:[]
2013-08-12 18:57:07 lv3:RoleID:[20] ExpChanged:[11664] ExpTotal:[2298113] Reason:[AskAnswer] Attach:[]
2013-08-12 18:57:08 lv3:RoleID:[20] ExpChanged:[11664] ExpTotal:[2309777] Reason:[AskAnswer] Attach:[]
2013-08-12 18:57:08 lv3:RoleID:[20] ExpChanged:[11664] ExpTotal:[2321441] Reason:[AskAnswer] Attach:[]
2013-08-12 18:57:08 lv3:RoleID:[20] ExpChanged:[11664] ExpTotal:[2333105] Reason:[AskAnswer] Attach:[]
2013-08-12 18:57:08 lv3:RoleID:[20] ExpChanged:[11664] ExpTotal:[2344769] Reason:[AskAnswer] Attach:[]
2013-08-12 18:57:08 lv3:RoleID:[20] ExpChanged:[511505] ExpTotal:[2856274] Reason:[Monster] Attach:[]
2013-08-12 18:57:08 lv3:RoleID:[20] ExpChanged:[11664] ExpTotal:[2867938] Reason:[AskAnswer] Attach:[]
2013-08-12 18:57:08 lv3:RoleID:[20] ExpChanged:[11664] ExpTotal:[2879602] Reason:[AskAnswer] Attach:[]
2013-08-12 18:57:09 lv3:RoleID:[20] ExpChanged:[11664] ExpTotal:[2891266] Reason:[AskAnswer] Attach:[]
2013-08-12 18:57:09 lv3:RoleID:[20] ExpChanged:[11664] ExpTotal:[2902930] Reason:[AskAnswer] Attach:[]
2013-08-12 18:57:11 lv3:RoleID:[20] ExpChanged:[11664] ExpTotal:[2914594] Reason:[AskAnswer] Attach:[]
2013-08-12 18:57:12 lv3:RoleID:[20] ExpChanged:[11664] ExpTotal:[2926258] Reason:[AskAnswer] Attach:[]
2013-08-12 18:57:12 lv3:RoleID:[20] ExpChanged:[11664] ExpTotal:[2937922] Reason:[AskAnswer] Attach:[]
2013-08-12 18:57:12 lv3:RoleID:[20] ExpChanged:[11664] ExpTotal:[2949586] Reason:[AskAnswer] Attach:[]
2013-08-12 18:57:12 lv3:RoleID:[20] ExpChanged:[11664] ExpTotal:[2961250] Reason:[AskAnswer] Attach:[]
2013-08-12 18:57:12 lv3:RoleID:[20] ExpChanged:[11664] ExpTotal:[2972914] Reason:[AskAnswer] Attach:[]
2013-08-12 18:57:12 lv3:RoleID:[20] ExpChanged:[11664] ExpTotal:[2984578] Reason:[AskAnswer] Attach:[]
2013-08-12 18:57:13 lv3:RoleID:[20] ExpChanged:[11664] ExpTotal:[2996242] Reason:[AskAnswer] Attach:[]
2013-08-12 18:57:13 lv3:RoleID:[20] ExpChanged:[11664] ExpTotal:[3007906] Reason:[AskAnswer] Attach:[]
2013-08-12 18:57:13 lv3:RoleID:[20] ExpChanged:[11664] ExpTotal:[3019570] Reason:[AskAnswer] Attach:[]
2013-08-12 18:57:14 lv3:RoleID:[20] ExpChanged:[511505] ExpTotal:[3531075] Reason:[Monster] Attach:[]
2013-08-12 18:57:18 lv3:RoleID:[20] ExpChanged:[-1890000] ExpTotal:[1641075] Reason:[LevelUp] Attach:[]
2013-08-12 18:57:20 lv3:RoleID:[20] ExpChanged:[341003] ExpTotal:[1982078] Reason:[Monster] Attach:[]
2013-08-12 18:57:23 lv3:RoleID:[20] ExpChanged:[341003] ExpTotal:[2323081] Reason:[Monster] Attach:[]
2013-08-12 18:57:23 lv3:RoleID:[20] ExpChanged:[341003] ExpTotal:[2664084] Reason:[Monster] Attach:[]
2013-08-12 18:57:23 lv3:RoleID:[20] ExpChanged:[341003] ExpTotal:[3005087] Reason:[Monster] Attach:[]
2013-08-12 18:57:23 lv3:RoleID:[20] ExpChanged:[341003] ExpTotal:[3346090] Reason:[Monster] Attach:[]
2013-08-12 18:57:23 lv3:RoleID:[20] ExpChanged:[341003] ExpTotal:[3687093] Reason:[Monster] Attach:[]
2013-08-12 18:57:23 lv3:RoleID:[20] ExpChanged:[341003] ExpTotal:[4028096] Reason:[Monster] Attach:[]
2013-08-12 18:57:23 lv3:RoleID:[20] ExpChanged:[341003] ExpTotal:[4369099] Reason:[Monster] Attach:[]
2013-08-12 18:57:30 lv3:RoleID:[20] ExpChanged:[-2250000] ExpTotal:[2119099] Reason:[LevelUp] Attach:[]
2013-08-12 18:57:45 lv3:RoleID:[20] ExpChanged:[170501] ExpTotal:[2289600] Reason:[Monster] Attach:[]
2013-08-12 18:57:45 lv3:RoleID:[20] ExpChanged:[170501] ExpTotal:[2460101] Reason:[Monster] Attach:[]
2013-08-12 18:57:45 lv3:RoleID:[20] ExpChanged:[170501] ExpTotal:[2630602] Reason:[Monster] Attach:[]
2013-08-12 18:57:45 lv3:RoleID:[20] ExpChanged:[170501] ExpTotal:[2801103] Reason:[Monster] Attach:[]
2013-08-12 18:57:51 lv3:RoleID:[20] ExpChanged:[-2610000] ExpTotal:[191103] Reason:[LevelUp] Attach:[]
