2013-08-12 19:00:59 lv3:RoleID:[20] ExpChanged:[613812] ExpTotal:[804915] Reason:[Monster] Attach:[]
2013-08-12 19:01:03 lv3:RoleID:[20] ExpChanged:[613812] ExpTotal:[1418727] Reason:[Monster] Attach:[]
2013-08-12 19:01:05 lv3:RoleID:[20] ExpChanged:[613812] ExpTotal:[2032539] Reason:[Monster] Attach:[]
2013-08-12 19:01:10 lv3:RoleID:[20] ExpChanged:[613812] ExpTotal:[2646351] Reason:[Monster] Attach:[]
2013-08-12 19:01:15 lv3:RoleID:[20] ExpChanged:[613812] ExpTotal:[3260163] Reason:[Monster] Attach:[]
2013-08-12 19:01:16 lv3:RoleID:[20] ExpChanged:[-3105000] ExpTotal:[155163] Reason:[LevelUp] Attach:[]
2013-08-12 19:01:18 lv3:RoleID:[20] ExpChanged:[608566] ExpTotal:[763729] Reason:[Monster] Attach:[]
2013-08-12 19:01:18 lv3:RoleID:[20] ExpChanged:[608566] ExpTotal:[1372295] Reason:[Monster] Attach:[]
2013-08-12 19:01:18 lv3:RoleID:[20] ExpChanged:[608566] ExpTotal:[1980861] Reason:[Monster] Attach:[]
2013-08-12 19:01:18 lv3:RoleID:[20] ExpChanged:[608566] ExpTotal:[2589427] Reason:[Monster] Attach:[]
2013-08-12 19:01:18 lv3:RoleID:[20] ExpChanged:[608566] ExpTotal:[3197993] Reason:[Monster] Attach:[]
2013-08-12 19:01:18 lv3:RoleID:[20] ExpChanged:[608566] ExpTotal:[3806559] Reason:[Monster] Attach:[]
2013-08-12 19:01:18 lv3:RoleID:[20] ExpChanged:[608566] ExpTotal:[4415125] Reason:[Monster] Attach:[]
2013-08-12 19:01:22 lv3:RoleID:[20] ExpChanged:[608566] ExpTotal:[5023691] Reason:[Monster] Attach:[]
2013-08-12 19:01:29 lv3:RoleID:[20] ExpChanged:[-3600000] ExpTotal:[1423691] Reason:[LevelUp] Attach:[]
2013-08-12 19:01:30 lv3:RoleID:[20] ExpChanged:[603708] ExpTotal:[2027399] Reason:[Monster] Attach:[]
2013-08-12 19:01:34 lv3:RoleID:[20] ExpChanged:[603708] ExpTotal:[2631107] Reason:[Monster] Attach:[]
2013-08-12 19:01:36 lv3:RoleID:[20] ExpChanged:[603708] ExpTotal:[3234815] Reason:[Monster] Attach:[]
2013-08-12 19:01:36 lv3:RoleID:[20] ExpChanged:[603708] ExpTotal:[3838523] Reason:[Monster] Attach:[]
2013-08-12 19:01:36 lv3:RoleID:[20] ExpChanged:[603708] ExpTotal:[4442231] Reason:[Monster] Attach:[]
2013-08-12 19:01:36 lv3:RoleID:[20] ExpChanged:[603708] ExpTotal:[5045939] Reason:[Monster] Attach:[]
2013-08-12 19:01:36 lv3:RoleID:[20] ExpChanged:[603708] ExpTotal:[5649647] Reason:[Monster] Attach:[]
2013-08-12 19:01:36 lv3:RoleID:[20] ExpChanged:[603708] ExpTotal:[6253355] Reason:[Monster] Attach:[]
2013-08-12 19:01:36 lv3:RoleID:[20] ExpChanged:[603708] ExpTotal:[6857063] Reason:[Monster] Attach:[]
2013-08-12 19:01:36 lv3:RoleID:[20] ExpChanged:[603708] ExpTotal:[7460771] Reason:[Monster] Attach:[]
2013-08-12 19:01:36 lv3:RoleID:[20] ExpChanged:[603708] ExpTotal:[8064479] Reason:[Monster] Attach:[]
2013-08-12 19:01:36 lv3:RoleID:[20] ExpChanged:[603708] ExpTotal:[8668187] Reason:[Monster] Attach:[]
2013-08-12 19:01:42 lv3:RoleID:[20] ExpChanged:[603949] ExpTotal:[9272136] Reason:[Monster] Attach:[]
2013-08-12 19:01:45 lv3:RoleID:[20] ExpChanged:[603949] ExpTotal:[9876085] Reason:[Monster] Attach:[]
2013-08-12 19:01:48 lv3:RoleID:[20] ExpChanged:[603949] ExpTotal:[10480034] Reason:[Monster] Attach:[]
2013-08-12 19:01:51 lv3:RoleID:[20] ExpChanged:[-4140000] ExpTotal:[6340034] Reason:[LevelUp] Attach:[]
2013-08-12 19:01:51 lv3:RoleID:[20] ExpChanged:[599437] ExpTotal:[6939471] Reason:[Monster] Attach:[]
2013-08-12 19:01:58 lv3:RoleID:[20] ExpChanged:[599437] ExpTotal:[7538908] Reason:[Monster] Attach:[]
2013-08-12 19:02:02 lv3:RoleID:[20] ExpChanged:[599437] ExpTotal:[8138345] Reason:[Monster] Attach:[]
2013-08-12 19:02:06 lv3:RoleID:[20] ExpChanged:[599437] ExpTotal:[8737782] Reason:[Monster] Attach:[]
2013-08-12 19:02:06 lv3:RoleID:[20] ExpChanged:[599437] ExpTotal:[9337219] Reason:[Monster] Attach:[]
2013-08-12 19:02:06 lv3:RoleID:[20] ExpChanged:[599437] ExpTotal:[9936656] Reason:[Monster] Attach:[]
2013-08-12 19:02:06 lv3:RoleID:[20] ExpChanged:[599443] ExpTotal:[10536099] Reason:[Monster] Attach:[]
2013-08-12 19:02:06 lv3:RoleID:[20] ExpChanged:[599443] ExpTotal:[11135542] Reason:[Monster] Attach:[]
2013-08-12 19:02:06 lv3:RoleID:[20] ExpChanged:[599443] ExpTotal:[11734985] Reason:[Monster] Attach:[]
2013-08-12 19:02:06 lv3:RoleID:[20] ExpChanged:[599443] ExpTotal:[12334428] Reason:[Monster] Attach:[]
2013-08-12 19:02:06 lv3:RoleID:[20] ExpChanged:[599443] ExpTotal:[12933871] Reason:[Monster] Attach:[]
2013-08-12 19:02:06 lv3:RoleID:[20] ExpChanged:[599443] ExpTotal:[13533314] Reason:[Monster] Attach:[]
2013-08-12 19:02:06 lv3:RoleID:[20] ExpChanged:[599443] ExpTotal:[14132757] Reason:[Monster] Attach:[]
2013-08-12 19:02:09 lv3:RoleID:[20] ExpChanged:[-4860000] ExpTotal:[9272757] Reason:[LevelUp] Attach:[]
2013-08-12 19:02:11 lv3:RoleID:[20] ExpChanged:[595242] ExpTotal:[9867999] Reason:[Monster] Attach:[]
2013-08-12 19:02:14 lv3:RoleID:[20] ExpChanged:[595242] ExpTotal:[10463241] Reason:[Monster] Attach:[]
2013-08-12 19:02:16 lv3:RoleID:[20] ExpChanged:[595242] ExpTotal:[11058483] Reason:[Monster] Attach:[]
2013-08-12 19:02:21 lv3:RoleID:[20] ExpChanged:[595242] ExpTotal:[11653725] Reason:[Monster] Attach:[]
2013-08-12 19:02:22 lv3:RoleID:[20] ExpChanged:[595242] ExpTotal:[12248967] Reason:[Monster] Attach:[]
2013-08-12 19:02:22 lv3:RoleID:[20] ExpChanged:[595242] ExpTotal:[12844209] Reason:[Monster] Attach:[]
2013-08-12 19:02:22 lv3:RoleID:[20] ExpChanged:[595242] ExpTotal:[13439451] Reason:[Monster] Attach:[]
2013-08-12 19:02:22 lv3:RoleID:[20] ExpChanged:[595242] ExpTotal:[14034693] Reason:[Monster] Attach:[]
2013-08-12 19:02:22 lv3:RoleID:[20] ExpChanged:[595242] ExpTotal:[14629935] Reason:[Monster] Attach:[]
2013-08-12 19:02:26 lv3:RoleID:[20] ExpChanged:[595242] ExpTotal:[15225177] Reason:[Monster] Attach:[]
2013-08-12 19:02:41 lv3:RoleID:[20] ExpChanged:[13574823] ExpTotal:[28800000] Reason:[Monster] Attach:[]
2013-08-12 19:02:46 lv3:RoleID:[20] ExpChanged:[-5760000] ExpTotal:[23040000] Reason:[LevelUp] Attach:[]
2013-08-12 19:02:48 lv3:RoleID:[20] ExpChanged:[739584] ExpTotal:[23779584] Reason:[Monster] Attach:[]
2013-08-12 19:02:49 lv3:RoleID:[20] ExpChanged:[591320] ExpTotal:[24370904] Reason:[Monster] Attach:[]
2013-08-12 19:02:49 lv3:RoleID:[20] ExpChanged:[591320] ExpTotal:[24962224] Reason:[Monster] Attach:[]
2013-08-12 19:02:49 lv3:RoleID:[20] ExpChanged:[591320] ExpTotal:[25553544] Reason:[Monster] Attach:[]
2013-08-12 19:02:49 lv3:RoleID:[20] ExpChanged:[591320] ExpTotal:[26144864] Reason:[Monster] Attach:[]
2013-08-12 19:02:49 lv3:RoleID:[20] ExpChanged:[591320] ExpTotal:[26736184] Reason:[Monster] Attach:[]
2013-08-12 19:02:49 lv3:RoleID:[20] ExpChanged:[591320] ExpTotal:[27327504] Reason:[Monster] Attach:[]
2013-08-12 19:02:49 lv3:RoleID:[20] ExpChanged:[591320] ExpTotal:[27918824] Reason:[Monster] Attach:[]
2013-08-12 19:02:49 lv3:RoleID:[20] ExpChanged:[739584] ExpTotal:[28658408] Reason:[Monster] Attach:[]
2013-08-12 19:02:51 lv3:RoleID:[20] ExpChanged:[-6840000] ExpTotal:[21818408] Reason:[LevelUp] Attach:[]
2013-08-12 19:02:54 lv3:RoleID:[20] ExpChanged:[587652] ExpTotal:[22406060] Reason:[Monster] Attach:[]
2013-08-12 19:02:57 lv3:RoleID:[20] ExpChanged:[587652] ExpTotal:[22993712] Reason:[Monster] Attach:[]
2013-08-12 19:03:06 lv3:RoleID:[20] ExpChanged:[587652] ExpTotal:[23581364] Reason:[Monster] Attach:[]
2013-08-12 19:03:16 lv3:RoleID:[20] ExpChanged:[734996] ExpTotal:[24316360] Reason:[Monster] Attach:[]
2013-08-12 19:03:16 lv3:RoleID:[20] ExpChanged:[587652] ExpTotal:[24904012] Reason:[Monster] Attach:[]
2013-08-12 19:03:16 lv3:RoleID:[20] ExpChanged:[587652] ExpTotal:[25491664] Reason:[Monster] Attach:[]
2013-08-12 19:03:16 lv3:RoleID:[20] ExpChanged:[587652] ExpTotal:[26079316] Reason:[Monster] Attach:[]
2013-08-12 19:03:16 lv3:RoleID:[20] ExpChanged:[587652] ExpTotal:[26666968] Reason:[Monster] Attach:[]
2013-08-12 19:03:16 lv3:RoleID:[20] ExpChanged:[734996] ExpTotal:[27401964] Reason:[Monster] Attach:[]
2013-08-12 19:03:16 lv3:RoleID:[20] ExpChanged:[587652] ExpTotal:[27989616] Reason:[Monster] Attach:[]
2013-08-12 19:03:16 lv3:RoleID:[20] ExpChanged:[587652] ExpTotal:[28577268] Reason:[Monster] Attach:[]
2013-08-12 19:03:16 lv3:RoleID:[20] ExpChanged:[587652] ExpTotal:[29164920] Reason:[Monster] Attach:[]
2013-08-12 19:03:16 lv3:RoleID:[20] ExpChanged:[734996] ExpTotal:[29899916] Reason:[Monster] Attach:[]
2013-08-12 19:03:19 lv3:RoleID:[20] ExpChanged:[-8100000] ExpTotal:[21799916] Reason:[LevelUp] Attach:[]
2013-08-12 19:03:22 lv3:RoleID:[20] ExpChanged:[584213] ExpTotal:[22384129] Reason:[Monster] Attach:[]
2013-08-12 19:03:24 lv3:RoleID:[20] ExpChanged:[584213] ExpTotal:[22968342] Reason:[Monster] Attach:[]
2013-08-12 19:03:33 lv3:RoleID:[20] ExpChanged:[584213] ExpTotal:[23552555] Reason:[Monster] Attach:[]
2013-08-12 19:03:34 lv3:RoleID:[20] ExpChanged:[584213] ExpTotal:[24136768] Reason:[Monster] Attach:[]
2013-08-12 19:03:34 lv3:RoleID:[20] ExpChanged:[584213] ExpTotal:[24720981] Reason:[Monster] Attach:[]
2013-08-12 19:03:34 lv3:RoleID:[20] ExpChanged:[584213] ExpTotal:[25305194] Reason:[Monster] Attach:[]
2013-08-12 19:03:34 lv3:RoleID:[20] ExpChanged:[584213] ExpTotal:[25889407] Reason:[Monster] Attach:[]
2013-08-12 19:03:34 lv3:RoleID:[20] ExpChanged:[584213] ExpTotal:[26473620] Reason:[Monster] Attach:[]
2013-08-12 19:03:34 lv3:RoleID:[20] ExpChanged:[584213] ExpTotal:[27057833] Reason:[Monster] Attach:[]
2013-08-12 19:03:34 lv3:RoleID:[20] ExpChanged:[584213] ExpTotal:[27642046] Reason:[Monster] Attach:[]
2013-08-12 19:03:34 lv3:RoleID:[20] ExpChanged:[584213] ExpTotal:[28226259] Reason:[Monster] Attach:[]
2013-08-12 19:03:34 lv3:RoleID:[20] ExpChanged:[584213] ExpTotal:[28810472] Reason:[Monster] Attach:[]
2013-08-12 19:03:34 lv3:RoleID:[20] ExpChanged:[584213] ExpTotal:[29394685] Reason:[Monster] Attach:[]
2013-08-12 19:03:36 lv3:RoleID:[20] ExpChanged:[-10125000] ExpTotal:[19269685] Reason:[LevelUp] Attach:[]
2013-08-12 19:03:39 lv3:RoleID:[20] ExpChanged:[580983] ExpTotal:[19850668] Reason:[Monster] Attach:[]
2013-08-12 19:03:43 lv3:RoleID:[20] ExpChanged:[580983] ExpTotal:[20431651] Reason:[Monster] Attach:[]
2013-08-12 19:03:45 lv3:RoleID:[20] ExpChanged:[580983] ExpTotal:[21012634] Reason:[Monster] Attach:[]
2013-08-12 19:03:48 lv3:RoleID:[20] ExpChanged:[580983] ExpTotal:[21593617] Reason:[Monster] Attach:[]
2013-08-12 19:03:50 lv3:RoleID:[20] ExpChanged:[726654] ExpTotal:[22320271] Reason:[Monster] Attach:[]
2013-08-12 19:03:50 lv3:RoleID:[20] ExpChanged:[726654] ExpTotal:[23046925] Reason:[Monster] Attach:[]
2013-08-12 19:03:50 lv3:RoleID:[20] ExpChanged:[580983] ExpTotal:[23627908] Reason:[Monster] Attach:[]
2013-08-12 19:03:50 lv3:RoleID:[20] ExpChanged:[580983] ExpTotal:[24208891] Reason:[Monster] Attach:[]
2013-08-12 19:03:50 lv3:RoleID:[20] ExpChanged:[580983] ExpTotal:[24789874] Reason:[Monster] Attach:[]
2013-08-12 19:03:50 lv3:RoleID:[20] ExpChanged:[580983] ExpTotal:[25370857] Reason:[Monster] Attach:[]
2013-08-12 19:03:50 lv3:RoleID:[20] ExpChanged:[580983] ExpTotal:[25951840] Reason:[Monster] Attach:[]
2013-08-12 19:03:54 lv3:RoleID:[20] ExpChanged:[580983] ExpTotal:[26532823] Reason:[Monster] Attach:[]
2013-08-12 19:04:03 lv3:RoleID:[20] ExpChanged:[580983] ExpTotal:[27113806] Reason:[Monster] Attach:[]
2013-08-12 19:04:06 lv3:RoleID:[20] ExpChanged:[580983] ExpTotal:[27694789] Reason:[Monster] Attach:[]
2013-08-12 19:04:09 lv3:RoleID:[20] ExpChanged:[580983] ExpTotal:[28275772] Reason:[Monster] Attach:[]
2013-08-12 19:04:16 lv3:RoleID:[20] ExpChanged:[580983] ExpTotal:[28856755] Reason:[Monster] Attach:[]
2013-08-12 19:04:16 lv3:RoleID:[20] ExpChanged:[-11385000] ExpTotal:[17471755] Reason:[LevelUp] Attach:[]
2013-08-12 19:04:17 lv3:RoleID:[20] ExpChanged:[577942] ExpTotal:[18049697] Reason:[Monster] Attach:[]
2013-08-12 19:04:17 lv3:RoleID:[20] ExpChanged:[577942] ExpTotal:[18627639] Reason:[Monster] Attach:[]
2013-08-12 19:04:17 lv3:RoleID:[20] ExpChanged:[577942] ExpTotal:[19205581] Reason:[Monster] Attach:[]
2013-08-12 19:04:17 lv3:RoleID:[20] ExpChanged:[577942] ExpTotal:[19783523] Reason:[Monster] Attach:[]
2013-08-12 19:04:17 lv3:RoleID:[20] ExpChanged:[577942] ExpTotal:[20361465] Reason:[Monster] Attach:[]
2013-08-12 19:04:17 lv3:RoleID:[20] ExpChanged:[577942] ExpTotal:[20939407] Reason:[Monster] Attach:[]
2013-08-12 19:04:17 lv3:RoleID:[20] ExpChanged:[577942] ExpTotal:[21517349] Reason:[Monster] Attach:[]
2013-08-12 19:04:17 lv3:RoleID:[20] ExpChanged:[577942] ExpTotal:[22095291] Reason:[Monster] Attach:[]
2013-08-12 19:04:17 lv3:RoleID:[20] ExpChanged:[577942] ExpTotal:[22673233] Reason:[Monster] Attach:[]
2013-08-12 19:04:17 lv3:RoleID:[20] ExpChanged:[577942] ExpTotal:[23251175] Reason:[Monster] Attach:[]
2013-08-12 19:04:19 lv3:RoleID:[20] ExpChanged:[-12735000] ExpTotal:[10516175] Reason:[LevelUp] Attach:[]
2013-08-12 19:04:23 lv3:RoleID:[20] ExpChanged:[575075] ExpTotal:[11091250] Reason:[Monster] Attach:[]
2013-08-12 19:04:26 lv3:RoleID:[20] ExpChanged:[575075] ExpTotal:[11666325] Reason:[Monster] Attach:[]
2013-08-12 19:04:30 lv3:RoleID:[20] ExpChanged:[575075] ExpTotal:[12241400] Reason:[Monster] Attach:[]
2013-08-12 19:04:32 lv3:RoleID:[20] ExpChanged:[575075] ExpTotal:[12816475] Reason:[Monster] Attach:[]
2013-08-12 19:04:35 lv3:RoleID:[20] ExpChanged:[575075] ExpTotal:[13391550] Reason:[Monster] Attach:[]
2013-08-12 19:04:38 lv3:RoleID:[20] ExpChanged:[575075] ExpTotal:[13966625] Reason:[Monster] Attach:[]
2013-08-12 19:04:38 lv3:RoleID:[20] ExpChanged:[575075] ExpTotal:[14541700] Reason:[Monster] Attach:[]
2013-08-12 19:04:38 lv3:RoleID:[20] ExpChanged:[575075] ExpTotal:[15116775] Reason:[Monster] Attach:[]
2013-08-12 19:04:38 lv3:RoleID:[20] ExpChanged:[575075] ExpTotal:[15691850] Reason:[Monster] Attach:[]
2013-08-12 19:04:38 lv3:RoleID:[20] ExpChanged:[575075] ExpTotal:[16266925] Reason:[Monster] Attach:[]
2013-08-12 19:04:42 lv3:RoleID:[20] ExpChanged:[-14265000] ExpTotal:[2001925] Reason:[LevelUp] Attach:[]
2013-08-12 19:04:47 lv3:RoleID:[20] ExpChanged:[32214596] ExpTotal:[34216521] Reason:[Monster] Attach:[]
2013-08-12 19:04:51 lv3:RoleID:[20] ExpChanged:[572368] ExpTotal:[34788889] Reason:[Monster] Attach:[]
2013-08-12 19:04:53 lv3:RoleID:[20] ExpChanged:[572368] ExpTotal:[35361257] Reason:[Monster] Attach:[]
2013-08-12 19:04:57 lv3:RoleID:[20] ExpChanged:[572368] ExpTotal:[35933625] Reason:[Monster] Attach:[]
2013-08-12 19:04:59 lv3:RoleID:[20] ExpChanged:[572368] ExpTotal:[36505993] Reason:[Monster] Attach:[]
2013-08-12 19:05:01 lv3:RoleID:[20] ExpChanged:[572368] ExpTotal:[37078361] Reason:[Monster] Attach:[]
2013-08-12 19:05:01 lv3:RoleID:[20] ExpChanged:[572368] ExpTotal:[37650729] Reason:[Monster] Attach:[]
2013-08-12 19:05:01 lv3:RoleID:[20] ExpChanged:[572368] ExpTotal:[38223097] Reason:[Monster] Attach:[]
2013-08-12 19:05:01 lv3:RoleID:[20] ExpChanged:[572368] ExpTotal:[38795465] Reason:[Monster] Attach:[]
2013-08-12 19:05:01 lv3:RoleID:[20] ExpChanged:[572368] ExpTotal:[39367833] Reason:[Monster] Attach:[]
2013-08-12 19:05:01 lv3:RoleID:[20] ExpChanged:[715887] ExpTotal:[40083720] Reason:[Monster] Attach:[]
2013-08-12 19:05:01 lv3:RoleID:[20] ExpChanged:[572374] ExpTotal:[40656094] Reason:[Monster] Attach:[]
2013-08-12 19:05:01 lv3:RoleID:[20] ExpChanged:[572374] ExpTotal:[41228468] Reason:[Monster] Attach:[]
2013-08-12 19:05:01 lv3:RoleID:[20] ExpChanged:[715887] ExpTotal:[41944355] Reason:[Monster] Attach:[]
2013-08-12 19:05:01 lv3:RoleID:[20] ExpChanged:[572374] ExpTotal:[42516729] Reason:[Monster] Attach:[]
2013-08-12 19:05:03 lv3:RoleID:[20] ExpChanged:[-15975000] ExpTotal:[26541729] Reason:[LevelUp] Attach:[]
2013-08-12 19:05:08 lv3:RoleID:[20] ExpChanged:[569812] ExpTotal:[27111541] Reason:[Monster] Attach:[]
2013-08-12 19:05:09 lv3:RoleID:[20] ExpChanged:[712683] ExpTotal:[27824224] Reason:[Monster] Attach:[]
2013-08-12 19:05:11 lv3:RoleID:[20] ExpChanged:[569812] ExpTotal:[28394036] Reason:[Monster] Attach:[]
2013-08-12 19:05:15 lv3:RoleID:[20] ExpChanged:[712683] ExpTotal:[29106719] Reason:[Monster] Attach:[]
2013-08-12 19:05:19 lv3:RoleID:[20] ExpChanged:[712683] ExpTotal:[29819402] Reason:[Monster] Attach:[]
2013-08-12 19:05:19 lv3:RoleID:[20] ExpChanged:[712683] ExpTotal:[30532085] Reason:[Monster] Attach:[]
2013-08-12 19:05:19 lv3:RoleID:[20] ExpChanged:[712683] ExpTotal:[31244768] Reason:[Monster] Attach:[]
2013-08-12 19:05:19 lv3:RoleID:[20] ExpChanged:[712683] ExpTotal:[31957451] Reason:[Monster] Attach:[]
2013-08-12 19:05:19 lv3:RoleID:[20] ExpChanged:[712683] ExpTotal:[32670134] Reason:[Monster] Attach:[]
2013-08-12 19:05:19 lv3:RoleID:[20] ExpChanged:[712683] ExpTotal:[33382817] Reason:[Monster] Attach:[]
2013-08-12 19:05:19 lv3:RoleID:[20] ExpChanged:[712683] ExpTotal:[34095500] Reason:[Monster] Attach:[]
2013-08-12 19:05:19 lv3:RoleID:[20] ExpChanged:[712683] ExpTotal:[34808183] Reason:[Monster] Attach:[]
2013-08-12 19:05:23 lv3:RoleID:[20] ExpChanged:[712683] ExpTotal:[35520866] Reason:[Monster] Attach:[]
2013-08-12 19:05:28 lv3:RoleID:[20] ExpChanged:[712683] ExpTotal:[36233549] Reason:[Monster] Attach:[]
2013-08-12 19:05:31 lv3:RoleID:[20] ExpChanged:[-17865000] ExpTotal:[18368549] Reason:[LevelUp] Attach:[]
2013-08-12 19:05:32 lv3:RoleID:[20] ExpChanged:[709649] ExpTotal:[19078198] Reason:[Monster] Attach:[]
2013-08-12 19:05:36 lv3:RoleID:[20] ExpChanged:[709649] ExpTotal:[19787847] Reason:[Monster] Attach:[]
2013-08-12 19:05:38 lv3:RoleID:[20] ExpChanged:[709649] ExpTotal:[20497496] Reason:[Monster] Attach:[]
2013-08-12 19:05:42 lv3:RoleID:[20] ExpChanged:[709649] ExpTotal:[21207145] Reason:[Monster] Attach:[]
2013-08-12 19:05:47 lv3:RoleID:[20] ExpChanged:[709649] ExpTotal:[21916794] Reason:[Monster] Attach:[]
2013-08-12 19:05:51 lv3:RoleID:[20] ExpChanged:[709649] ExpTotal:[22626443] Reason:[Monster] Attach:[]
2013-08-12 19:05:59 lv3:RoleID:[20] ExpChanged:[567386] ExpTotal:[23193829] Reason:[Monster] Attach:[]
2013-08-12 19:05:59 lv3:RoleID:[20] ExpChanged:[567386] ExpTotal:[23761215] Reason:[Monster] Attach:[]
2013-08-12 19:05:59 lv3:RoleID:[20] ExpChanged:[567386] ExpTotal:[24328601] Reason:[Monster] Attach:[]
2013-08-12 19:05:59 lv3:RoleID:[20] ExpChanged:[567386] ExpTotal:[24895987] Reason:[Monster] Attach:[]
2013-08-12 19:05:59 lv3:RoleID:[20] ExpChanged:[567386] ExpTotal:[25463373] Reason:[Monster] Attach:[]
2013-08-12 19:05:59 lv3:RoleID:[20] ExpChanged:[567386] ExpTotal:[26030759] Reason:[Monster] Attach:[]
2013-08-12 19:05:59 lv3:RoleID:[20] ExpChanged:[567386] ExpTotal:[26598145] Reason:[Monster] Attach:[]
2013-08-12 19:05:59 lv3:RoleID:[20] ExpChanged:[567386] ExpTotal:[27165531] Reason:[Monster] Attach:[]
2013-08-12 19:05:59 lv3:RoleID:[20] ExpChanged:[567386] ExpTotal:[27732917] Reason:[Monster] Attach:[]
2013-08-12 19:05:59 lv3:RoleID:[20] ExpChanged:[567386] ExpTotal:[28300303] Reason:[Monster] Attach:[]
2013-08-12 19:06:02 lv3:RoleID:[20] ExpChanged:[-19935000] ExpTotal:[8365303] Reason:[LevelUp] Attach:[]
2013-08-12 19:06:02 lv3:RoleID:[20] ExpChanged:[565084] ExpTotal:[8930387] Reason:[Monster] Attach:[]
2013-08-12 19:06:06 lv3:RoleID:[20] ExpChanged:[565084] ExpTotal:[9495471] Reason:[Monster] Attach:[]
2013-08-12 19:06:08 lv3:RoleID:[20] ExpChanged:[565084] ExpTotal:[10060555] Reason:[Monster] Attach:[]
2013-08-12 19:06:11 lv3:RoleID:[20] ExpChanged:[565084] ExpTotal:[10625639] Reason:[Monster] Attach:[]
2013-08-12 19:06:13 lv3:RoleID:[20] ExpChanged:[565084] ExpTotal:[11190723] Reason:[Monster] Attach:[]
2013-08-12 19:06:14 lv3:RoleID:[20] ExpChanged:[565084] ExpTotal:[11755807] Reason:[Monster] Attach:[]
2013-08-12 19:06:14 lv3:RoleID:[20] ExpChanged:[565084] ExpTotal:[12320891] Reason:[Monster] Attach:[]
2013-08-12 19:06:14 lv3:RoleID:[20] ExpChanged:[565084] ExpTotal:[12885975] Reason:[Monster] Attach:[]
2013-08-12 19:06:14 lv3:RoleID:[20] ExpChanged:[706769] ExpTotal:[13592744] Reason:[Monster] Attach:[]
2013-08-12 19:06:14 lv3:RoleID:[20] ExpChanged:[565084] ExpTotal:[14157828] Reason:[Monster] Attach:[]
2013-08-12 19:06:14 lv3:RoleID:[20] ExpChanged:[565084] ExpTotal:[14722912] Reason:[Monster] Attach:[]
2013-08-12 19:06:14 lv3:RoleID:[20] ExpChanged:[565084] ExpTotal:[15287996] Reason:[Monster] Attach:[]
2013-08-12 19:06:14 lv3:RoleID:[20] ExpChanged:[565084] ExpTotal:[15853080] Reason:[Monster] Attach:[]
2013-08-12 19:06:14 lv3:RoleID:[20] ExpChanged:[565084] ExpTotal:[16418164] Reason:[Monster] Attach:[]
2013-08-12 19:06:14 lv3:RoleID:[20] ExpChanged:[565084] ExpTotal:[16983248] Reason:[Monster] Attach:[]
2013-08-12 19:06:18 lv3:RoleID:[20] ExpChanged:[565084] ExpTotal:[17548332] Reason:[Monster] Attach:[]
2013-08-12 19:06:20 lv3:RoleID:[20] ExpChanged:[565084] ExpTotal:[18113416] Reason:[Monster] Attach:[]
2013-08-12 19:06:23 lv3:RoleID:[20] ExpChanged:[565197] ExpTotal:[18678613] Reason:[Monster] Attach:[]
2013-08-12 19:06:25 lv3:RoleID:[20] ExpChanged:[565197] ExpTotal:[19243810] Reason:[Monster] Attach:[]
2013-08-12 19:06:33 lv3:RoleID:[20] ExpChanged:[565197] ExpTotal:[19809007] Reason:[Monster] Attach:[]
2013-08-12 19:06:34 lv3:RoleID:[20] ExpChanged:[565197] ExpTotal:[20374204] Reason:[Monster] Attach:[]
2013-08-12 19:06:42 lv3:RoleID:[20] ExpChanged:[565197] ExpTotal:[20939401] Reason:[Monster] Attach:[]
2013-08-12 19:06:43 lv3:RoleID:[20] ExpChanged:[565197] ExpTotal:[21504598] Reason:[Monster] Attach:[]
2013-08-12 19:06:46 lv3:RoleID:[20] ExpChanged:[565197] ExpTotal:[22069795] Reason:[Monster] Attach:[]
2013-08-12 19:06:48 lv3:RoleID:[20] ExpChanged:[565197] ExpTotal:[22634992] Reason:[Monster] Attach:[]
2013-08-12 19:06:52 lv3:RoleID:[20] ExpChanged:[565197] ExpTotal:[23200189] Reason:[Monster] Attach:[]
2013-08-12 19:06:56 lv3:RoleID:[20] ExpChanged:[565197] ExpTotal:[23765386] Reason:[Monster] Attach:[]
2013-08-12 19:06:58 lv3:RoleID:[20] ExpChanged:[-22185000] ExpTotal:[1580386] Reason:[LevelUp] Attach:[]
2013-08-12 19:06:58 lv3:RoleID:[20] ExpChanged:[563010] ExpTotal:[2143396] Reason:[Monster] Attach:[]
2013-08-12 19:07:00 lv3:RoleID:[20] ExpChanged:[563010] ExpTotal:[2706406] Reason:[Monster] Attach:[]
2013-08-12 19:07:00 lv3:RoleID:[20] ExpChanged:[563010] ExpTotal:[3269416] Reason:[Monster] Attach:[]
2013-08-12 19:07:00 lv3:RoleID:[20] ExpChanged:[563010] ExpTotal:[3832426] Reason:[Monster] Attach:[]
2013-08-12 19:07:00 lv3:RoleID:[20] ExpChanged:[563010] ExpTotal:[4395436] Reason:[Monster] Attach:[]
2013-08-12 19:07:00 lv3:RoleID:[20] ExpChanged:[563010] ExpTotal:[4958446] Reason:[Monster] Attach:[]
2013-08-12 19:07:00 lv3:RoleID:[20] ExpChanged:[563010] ExpTotal:[5521456] Reason:[Monster] Attach:[]
2013-08-12 19:07:00 lv3:RoleID:[20] ExpChanged:[563010] ExpTotal:[6084466] Reason:[Monster] Attach:[]
2013-08-12 19:07:00 lv3:RoleID:[20] ExpChanged:[563010] ExpTotal:[6647476] Reason:[Monster] Attach:[]
2013-08-12 19:07:00 lv3:RoleID:[20] ExpChanged:[563010] ExpTotal:[7210486] Reason:[Monster] Attach:[]
2013-08-12 19:07:00 lv3:RoleID:[20] ExpChanged:[563010] ExpTotal:[7773496] Reason:[Monster] Attach:[]
2013-08-12 19:07:07 lv3:RoleID:[20] ExpChanged:[563010] ExpTotal:[8336506] Reason:[Monster] Attach:[]
2013-08-12 19:07:08 lv3:RoleID:[20] ExpChanged:[563010] ExpTotal:[8899516] Reason:[Monster] Attach:[]
2013-08-12 19:07:10 lv3:RoleID:[20] ExpChanged:[563010] ExpTotal:[9462526] Reason:[Monster] Attach:[]
2013-08-12 19:07:12 lv3:RoleID:[20] ExpChanged:[563010] ExpTotal:[10025536] Reason:[Monster] Attach:[]
2013-08-12 19:07:15 lv3:RoleID:[20] ExpChanged:[563010] ExpTotal:[10588546] Reason:[Monster] Attach:[]
2013-08-12 19:07:19 lv3:RoleID:[20] ExpChanged:[563010] ExpTotal:[11151556] Reason:[Monster] Attach:[]
2013-08-12 19:07:22 lv3:RoleID:[20] ExpChanged:[563010] ExpTotal:[11714566] Reason:[Monster] Attach:[]
2013-08-12 19:07:35 lv3:RoleID:[20] ExpChanged:[31687892] ExpTotal:[43402458] Reason:[Monster] Attach:[]
2013-08-12 19:07:37 lv3:RoleID:[20] ExpChanged:[563010] ExpTotal:[43965468] Reason:[Monster] Attach:[]
2013-08-12 19:07:38 lv3:RoleID:[20] ExpChanged:[563010] ExpTotal:[44528478] Reason:[Monster] Attach:[]
2013-08-12 19:07:40 lv3:RoleID:[20] ExpChanged:[563010] ExpTotal:[45091488] Reason:[Monster] Attach:[]
2013-08-12 19:07:43 lv3:RoleID:[20] ExpChanged:[563010] ExpTotal:[45654498] Reason:[Monster] Attach:[]
2013-08-12 19:07:44 lv3:RoleID:[20] ExpChanged:[563010] ExpTotal:[46217508] Reason:[Monster] Attach:[]
2013-08-12 19:07:46 lv3:RoleID:[20] ExpChanged:[563010] ExpTotal:[46780518] Reason:[Monster] Attach:[]
2013-08-12 19:07:51 lv3:RoleID:[20] ExpChanged:[704175] ExpTotal:[47484693] Reason:[Monster] Attach:[]
2013-08-12 19:07:55 lv3:RoleID:[20] ExpChanged:[563010] ExpTotal:[48047703] Reason:[Monster] Attach:[]
2013-08-12 19:07:57 lv3:RoleID:[20] ExpChanged:[704175] ExpTotal:[48751878] Reason:[Monster] Attach:[]
2013-08-12 19:07:59 lv3:RoleID:[20] ExpChanged:[-24615000] ExpTotal:[24136878] Reason:[LevelUp] Attach:[]
2013-08-12 19:08:00 lv3:RoleID:[20] ExpChanged:[701573] ExpTotal:[24838451] Reason:[Monster] Attach:[]
2013-08-12 19:08:03 lv3:RoleID:[20] ExpChanged:[701573] ExpTotal:[25540024] Reason:[Monster] Attach:[]
2013-08-12 19:08:03 lv3:RoleID:[20] ExpChanged:[701573] ExpTotal:[26241597] Reason:[Monster] Attach:[]
2013-08-12 19:08:03 lv3:RoleID:[20] ExpChanged:[701573] ExpTotal:[26943170] Reason:[Monster] Attach:[]
2013-08-12 19:08:03 lv3:RoleID:[20] ExpChanged:[701573] ExpTotal:[27644743] Reason:[Monster] Attach:[]
2013-08-12 19:08:09 lv3:RoleID:[20] ExpChanged:[701573] ExpTotal:[28346316] Reason:[Monster] Attach:[]
2013-08-12 19:08:12 lv3:RoleID:[20] ExpChanged:[701573] ExpTotal:[29047889] Reason:[Monster] Attach:[]
2013-08-12 19:08:13 lv3:RoleID:[20] ExpChanged:[-27225000] ExpTotal:[1822889] Reason:[LevelUp] Attach:[]
2013-08-12 19:08:17 lv3:RoleID:[20] ExpChanged:[699094] ExpTotal:[2521983] Reason:[Monster] Attach:[]
2013-08-12 19:08:20 lv3:RoleID:[20] ExpChanged:[699094] ExpTotal:[3221077] Reason:[Monster] Attach:[]
2013-08-12 19:08:20 lv3:RoleID:[20] ExpChanged:[699094] ExpTotal:[3920171] Reason:[Monster] Attach:[]
2013-08-12 19:08:20 lv3:RoleID:[20] ExpChanged:[699101] ExpTotal:[4619272] Reason:[Monster] Attach:[]
2013-08-12 19:08:20 lv3:RoleID:[20] ExpChanged:[699101] ExpTotal:[5318373] Reason:[Monster] Attach:[]
2013-08-12 19:08:20 lv3:RoleID:[20] ExpChanged:[558953] ExpTotal:[5877326] Reason:[Monster] Attach:[]
2013-08-12 19:08:27 lv3:RoleID:[20] ExpChanged:[558953] ExpTotal:[6436279] Reason:[Monster] Attach:[]
2013-08-12 19:08:28 lv3:RoleID:[20] ExpChanged:[558953] ExpTotal:[6995232] Reason:[Monster] Attach:[]
2013-08-12 19:08:30 lv3:RoleID:[20] ExpChanged:[558953] ExpTotal:[7554185] Reason:[Monster] Attach:[]
2013-08-12 19:08:32 lv3:RoleID:[20] ExpChanged:[558953] ExpTotal:[8113138] Reason:[Monster] Attach:[]
2013-08-12 19:08:34 lv3:RoleID:[20] ExpChanged:[558953] ExpTotal:[8672091] Reason:[Monster] Attach:[]
2013-08-12 19:08:38 lv3:RoleID:[20] ExpChanged:[558953] ExpTotal:[9231044] Reason:[Monster] Attach:[]
2013-08-12 19:08:41 lv3:RoleID:[20] ExpChanged:[558953] ExpTotal:[9789997] Reason:[Monster] Attach:[]
2013-08-12 19:08:42 lv3:RoleID:[20] ExpChanged:[558953] ExpTotal:[10348950] Reason:[Monster] Attach:[]
2013-08-12 19:08:48 lv3:RoleID:[20] ExpChanged:[558953] ExpTotal:[10907903] Reason:[Monster] Attach:[]
2013-08-12 19:08:51 lv3:RoleID:[20] ExpChanged:[558953] ExpTotal:[11466856] Reason:[Monster] Attach:[]
2013-08-12 19:08:52 lv3:RoleID:[20] ExpChanged:[558953] ExpTotal:[12025809] Reason:[Monster] Attach:[]
2013-08-12 19:08:53 lv3:RoleID:[20] ExpChanged:[558953] ExpTotal:[12584762] Reason:[Monster] Attach:[]
2013-08-12 19:08:55 lv3:RoleID:[20] ExpChanged:[558953] ExpTotal:[13143715] Reason:[Monster] Attach:[]
2013-08-12 19:08:58 lv3:RoleID:[20] ExpChanged:[558953] ExpTotal:[13702668] Reason:[Monster] Attach:[]
2013-08-12 19:09:01 lv3:RoleID:[20] ExpChanged:[558953] ExpTotal:[14261621] Reason:[Monster] Attach:[]
2013-08-12 19:09:04 lv3:RoleID:[20] ExpChanged:[558953] ExpTotal:[14820574] Reason:[Monster] Attach:[]
2013-08-12 19:09:08 lv3:RoleID:[20] ExpChanged:[699101] ExpTotal:[15519675] Reason:[Monster] Attach:[]
2013-08-12 19:09:10 lv3:RoleID:[20] ExpChanged:[558953] ExpTotal:[16078628] Reason:[Monster] Attach:[]
2013-08-12 19:09:13 lv3:RoleID:[20] ExpChanged:[558953] ExpTotal:[16637581] Reason:[Monster] Attach:[]
2013-08-12 19:09:16 lv3:RoleID:[20] ExpChanged:[558953] ExpTotal:[17196534] Reason:[Monster] Attach:[]
2013-08-12 19:09:18 lv3:RoleID:[20] ExpChanged:[558953] ExpTotal:[17755487] Reason:[Monster] Attach:[]
2013-08-12 19:09:21 lv3:RoleID:[20] ExpChanged:[558953] ExpTotal:[18314440] Reason:[Monster] Attach:[]
2013-08-12 19:09:24 lv3:RoleID:[20] ExpChanged:[558953] ExpTotal:[18873393] Reason:[Monster] Attach:[]
2013-08-12 19:09:28 lv3:RoleID:[20] ExpChanged:[558953] ExpTotal:[19432346] Reason:[Monster] Attach:[]
2013-08-12 19:09:32 lv3:RoleID:[20] ExpChanged:[558953] ExpTotal:[19991299] Reason:[Monster] Attach:[]
2013-08-12 19:09:34 lv3:RoleID:[20] ExpChanged:[558953] ExpTotal:[20550252] Reason:[Monster] Attach:[]
2013-08-12 19:09:38 lv3:RoleID:[20] ExpChanged:[558953] ExpTotal:[21109205] Reason:[Monster] Attach:[]
2013-08-12 19:09:43 lv3:RoleID:[20] ExpChanged:[558953] ExpTotal:[21668158] Reason:[Monster] Attach:[]
2013-08-12 19:09:45 lv3:RoleID:[20] ExpChanged:[558953] ExpTotal:[22227111] Reason:[Monster] Attach:[]
2013-08-12 19:09:47 lv3:RoleID:[20] ExpChanged:[558953] ExpTotal:[22786064] Reason:[Monster] Attach:[]
2013-08-12 19:09:50 lv3:RoleID:[20] ExpChanged:[558953] ExpTotal:[23345017] Reason:[Monster] Attach:[]
2013-08-12 19:09:52 lv3:RoleID:[20] ExpChanged:[558953] ExpTotal:[23903970] Reason:[Monster] Attach:[]
2013-08-12 19:09:55 lv3:RoleID:[20] ExpChanged:[558953] ExpTotal:[24462923] Reason:[Monster] Attach:[]
2013-08-12 19:09:57 lv3:RoleID:[20] ExpChanged:[558953] ExpTotal:[25021876] Reason:[Monster] Attach:[]
2013-08-12 19:10:01 lv3:RoleID:[20] ExpChanged:[558953] ExpTotal:[25580829] Reason:[Monster] Attach:[]
2013-08-12 19:10:03 lv3:RoleID:[20] ExpChanged:[558953] ExpTotal:[26139782] Reason:[Monster] Attach:[]
2013-08-12 19:10:05 lv3:RoleID:[20] ExpChanged:[558953] ExpTotal:[26698735] Reason:[Monster] Attach:[]
2013-08-12 19:10:06 lv3:RoleID:[20] ExpChanged:[558953] ExpTotal:[27257688] Reason:[Monster] Attach:[]
2013-08-12 19:10:08 lv3:RoleID:[20] ExpChanged:[558953] ExpTotal:[27816641] Reason:[Monster] Attach:[]
2013-08-12 19:10:11 lv3:RoleID:[20] ExpChanged:[558953] ExpTotal:[28375594] Reason:[Monster] Attach:[]
2013-08-12 19:10:16 lv3:RoleID:[20] ExpChanged:[558953] ExpTotal:[28934547] Reason:[Monster] Attach:[]
2013-08-12 19:10:20 lv3:RoleID:[20] ExpChanged:[558953] ExpTotal:[29493500] Reason:[Monster] Attach:[]
2013-08-12 19:10:22 lv3:RoleID:[20] ExpChanged:[558953] ExpTotal:[30052453] Reason:[Monster] Attach:[]
2013-08-12 19:10:25 lv3:RoleID:[20] ExpChanged:[558953] ExpTotal:[30611406] Reason:[Monster] Attach:[]
2013-08-12 19:10:28 lv3:RoleID:[20] ExpChanged:[558953] ExpTotal:[31170359] Reason:[Monster] Attach:[]
2013-08-12 19:10:28 lv3:RoleID:[20] ExpChanged:[-30015000] ExpTotal:[1155359] Reason:[LevelUp] Attach:[]
2013-08-12 19:10:30 lv3:RoleID:[20] ExpChanged:[557064] ExpTotal:[1712423] Reason:[Monster] Attach:[]
2013-08-12 19:10:32 lv3:RoleID:[20] ExpChanged:[557064] ExpTotal:[2269487] Reason:[Monster] Attach:[]
2013-08-12 19:10:32 lv3:RoleID:[20] ExpChanged:[557064] ExpTotal:[2826551] Reason:[Monster] Attach:[]
2013-08-12 19:10:32 lv3:RoleID:[20] ExpChanged:[557064] ExpTotal:[3383615] Reason:[Monster] Attach:[]
2013-08-12 19:10:32 lv3:RoleID:[20] ExpChanged:[557064] ExpTotal:[3940679] Reason:[Monster] Attach:[]
2013-08-12 19:10:32 lv3:RoleID:[20] ExpChanged:[557064] ExpTotal:[4497743] Reason:[Monster] Attach:[]
2013-08-12 19:10:32 lv3:RoleID:[20] ExpChanged:[557064] ExpTotal:[5054807] Reason:[Monster] Attach:[]
2013-08-12 19:10:32 lv3:RoleID:[20] ExpChanged:[557064] ExpTotal:[5611871] Reason:[Monster] Attach:[]
2013-08-12 19:10:36 lv3:RoleID:[20] ExpChanged:[557064] ExpTotal:[6168935] Reason:[Monster] Attach:[]
2013-08-12 19:10:37 lv3:RoleID:[20] ExpChanged:[557064] ExpTotal:[6725999] Reason:[Monster] Attach:[]
2013-08-12 19:10:40 lv3:RoleID:[20] ExpChanged:[557064] ExpTotal:[7283063] Reason:[Monster] Attach:[]
2013-08-12 19:10:43 lv3:RoleID:[20] ExpChanged:[557064] ExpTotal:[7840127] Reason:[Monster] Attach:[]
2013-08-12 19:10:46 lv3:RoleID:[20] ExpChanged:[557064] ExpTotal:[8397191] Reason:[Monster] Attach:[]
2013-08-12 19:10:51 lv3:RoleID:[20] ExpChanged:[557064] ExpTotal:[8954255] Reason:[Monster] Attach:[]
2013-08-12 19:10:53 lv3:RoleID:[20] ExpChanged:[557064] ExpTotal:[9511319] Reason:[Monster] Attach:[]
2013-08-12 19:10:55 lv3:RoleID:[20] ExpChanged:[557064] ExpTotal:[10068383] Reason:[Monster] Attach:[]
2013-08-12 19:11:00 lv3:RoleID:[20] ExpChanged:[557064] ExpTotal:[10625447] Reason:[Monster] Attach:[]
2013-08-12 19:11:02 lv3:RoleID:[20] ExpChanged:[557064] ExpTotal:[11182511] Reason:[Monster] Attach:[]
2013-08-12 19:11:07 lv3:RoleID:[20] ExpChanged:[557064] ExpTotal:[11739575] Reason:[Monster] Attach:[]
2013-08-12 19:11:18 lv3:RoleID:[20] ExpChanged:[31353238] ExpTotal:[43092813] Reason:[Monster] Attach:[]
2013-08-12 19:11:20 lv3:RoleID:[20] ExpChanged:[557064] ExpTotal:[43649877] Reason:[Monster] Attach:[]
2013-08-12 19:11:21 lv3:RoleID:[20] ExpChanged:[557064] ExpTotal:[44206941] Reason:[Monster] Attach:[]
2013-08-12 19:11:25 lv3:RoleID:[20] ExpChanged:[696738] ExpTotal:[44903679] Reason:[Monster] Attach:[]
2013-08-12 19:11:27 lv3:RoleID:[20] ExpChanged:[557064] ExpTotal:[45460743] Reason:[Monster] Attach:[]
2013-08-12 19:11:28 lv3:RoleID:[20] ExpChanged:[557064] ExpTotal:[46017807] Reason:[Monster] Attach:[]
2013-08-12 19:11:30 lv3:RoleID:[20] ExpChanged:[557064] ExpTotal:[46574871] Reason:[Monster] Attach:[]
2013-08-12 19:11:33 lv3:RoleID:[20] ExpChanged:[557064] ExpTotal:[47131935] Reason:[Monster] Attach:[]
2013-08-12 19:11:36 lv3:RoleID:[20] ExpChanged:[557064] ExpTotal:[47688999] Reason:[Monster] Attach:[]
2013-08-12 19:11:38 lv3:RoleID:[20] ExpChanged:[696738] ExpTotal:[48385737] Reason:[Monster] Attach:[]
2013-08-12 19:11:40 lv3:RoleID:[20] ExpChanged:[557064] ExpTotal:[48942801] Reason:[Monster] Attach:[]
2013-08-12 19:11:44 lv3:RoleID:[20] ExpChanged:[557064] ExpTotal:[49499865] Reason:[Monster] Attach:[]
2013-08-12 19:11:47 lv3:RoleID:[20] ExpChanged:[557064] ExpTotal:[50056929] Reason:[Monster] Attach:[]
2013-08-12 19:11:49 lv3:RoleID:[20] ExpChanged:[-32985000] ExpTotal:[17071929] Reason:[LevelUp] Attach:[]
2013-08-12 19:11:51 lv3:RoleID:[20] ExpChanged:[694482] ExpTotal:[17766411] Reason:[Monster] Attach:[]
2013-08-12 19:11:51 lv3:RoleID:[20] ExpChanged:[694482] ExpTotal:[18460893] Reason:[Monster] Attach:[]
2013-08-12 19:11:51 lv3:RoleID:[20] ExpChanged:[555260] ExpTotal:[19016153] Reason:[Monster] Attach:[]
2013-08-12 19:11:51 lv3:RoleID:[20] ExpChanged:[555260] ExpTotal:[19571413] Reason:[Monster] Attach:[]
2013-08-12 19:11:51 lv3:RoleID:[20] ExpChanged:[694482] ExpTotal:[20265895] Reason:[Monster] Attach:[]
2013-08-12 19:11:51 lv3:RoleID:[20] ExpChanged:[555260] ExpTotal:[20821155] Reason:[Monster] Attach:[]
2013-08-12 19:11:51 lv3:RoleID:[20] ExpChanged:[694482] ExpTotal:[21515637] Reason:[Monster] Attach:[]
2013-08-12 19:11:51 lv3:RoleID:[20] ExpChanged:[694482] ExpTotal:[22210119] Reason:[Monster] Attach:[]
2013-08-12 19:11:56 lv3:RoleID:[20] ExpChanged:[555260] ExpTotal:[22765379] Reason:[Monster] Attach:[]
2013-08-12 19:12:00 lv3:RoleID:[20] ExpChanged:[555260] ExpTotal:[23320639] Reason:[Monster] Attach:[]
2013-08-12 19:12:01 lv3:RoleID:[20] ExpChanged:[555260] ExpTotal:[23875899] Reason:[Monster] Attach:[]
2013-08-12 19:12:06 lv3:RoleID:[20] ExpChanged:[694482] ExpTotal:[24570381] Reason:[Monster] Attach:[]
2013-08-12 19:12:11 lv3:RoleID:[20] ExpChanged:[694482] ExpTotal:[25264863] Reason:[Monster] Attach:[]
2013-08-12 19:12:15 lv3:RoleID:[20] ExpChanged:[694482] ExpTotal:[25959345] Reason:[Monster] Attach:[]
2013-08-12 19:12:17 lv3:RoleID:[20] ExpChanged:[555260] ExpTotal:[26514605] Reason:[Monster] Attach:[]
2013-08-12 19:12:20 lv3:RoleID:[20] ExpChanged:[694482] ExpTotal:[27209087] Reason:[Monster] Attach:[]
2013-08-12 19:12:22 lv3:RoleID:[20] ExpChanged:[694482] ExpTotal:[27903569] Reason:[Monster] Attach:[]
2013-08-12 19:12:25 lv3:RoleID:[20] ExpChanged:[555260] ExpTotal:[28458829] Reason:[Monster] Attach:[]
2013-08-12 19:12:30 lv3:RoleID:[20] ExpChanged:[555260] ExpTotal:[29014089] Reason:[Monster] Attach:[]
2013-08-12 19:12:34 lv3:RoleID:[20] ExpChanged:[555260] ExpTotal:[29569349] Reason:[Monster] Attach:[]
2013-08-12 19:12:36 lv3:RoleID:[20] ExpChanged:[555260] ExpTotal:[30124609] Reason:[Monster] Attach:[]
2013-08-12 19:12:47 lv3:RoleID:[20] ExpChanged:[555260] ExpTotal:[30679869] Reason:[Monster] Attach:[]
2013-08-12 19:13:50 lv3:RoleID:[20] ExpChanged:[43752428] ExpTotal:[74432297] Reason:[Monster] Attach:[]
2013-08-12 19:13:59 lv3:RoleID:[20] ExpChanged:[316062] ExpTotal:[74748359] Reason:[Script] Attach:[Script\Item\ITEM-59111.s]
2013-08-12 19:15:51 lv3:RoleID:[20] ExpChanged:[64631] ExpTotal:[74812990] Reason:[Monster] Attach:[]
2013-08-12 19:15:55 lv3:RoleID:[20] ExpChanged:[64631] ExpTotal:[74877621] Reason:[Monster] Attach:[]
2013-08-12 19:16:21 lv3:RoleID:[20] ExpChanged:[64631] ExpTotal:[74942252] Reason:[Monster] Attach:[]
2013-08-12 19:17:34 lv3:RoleID:[20] ExpChanged:[258526] ExpTotal:[75200778] Reason:[Monster] Attach:[]
2013-08-12 19:17:36 lv3:RoleID:[20] ExpChanged:[64631] ExpTotal:[75265409] Reason:[Monster] Attach:[]
2013-08-12 19:19:46 lv3:RoleID:[20] ExpChanged:[-36135000] ExpTotal:[39130409] Reason:[LevelUp] Attach:[]
2013-08-12 19:19:51 lv3:RoleID:[20] ExpChanged:[5558333] ExpTotal:[44688742] Reason:[Monster] Attach:[]
2013-08-12 19:21:43 lv3:RoleID:[20] ExpChanged:[5558333] ExpTotal:[50247075] Reason:[Monster] Attach:[]
2013-08-12 19:21:56 lv3:RoleID:[20] ExpChanged:[-39735000] ExpTotal:[10512075] Reason:[LevelUp] Attach:[]
2013-08-12 19:22:03 lv3:RoleID:[20] ExpChanged:[5558333] ExpTotal:[16070408] Reason:[Monster] Attach:[]
2013-08-12 19:22:10 lv3:RoleID:[20] ExpChanged:[5558333] ExpTotal:[21628741] Reason:[Monster] Attach:[]
2013-08-12 19:22:30 lv3:RoleID:[20] ExpChanged:[5558333] ExpTotal:[27187074] Reason:[Monster] Attach:[]
2013-08-12 19:22:52 lv3:RoleID:[20] ExpChanged:[5558333] ExpTotal:[32745407] Reason:[Monster] Attach:[]
2013-08-12 19:23:21 lv3:RoleID:[20] ExpChanged:[5558333] ExpTotal:[38303740] Reason:[Monster] Attach:[]
2013-08-12 19:24:48 lv3:RoleID:[20] ExpChanged:[300000] ExpTotal:[38603740] Reason:[Task] Attach:[1481]
2013-08-12 19:24:58 lv3:RoleID:[20] ExpChanged:[520988] ExpTotal:[39124728] Reason:[Task] Attach:[1757]
2013-08-12 19:25:47 lv3:RoleID:[20] ExpChanged:[45236] ExpTotal:[39169964] Reason:[Task] Attach:[26]
2013-08-12 19:25:50 lv3:RoleID:[20] ExpChanged:[5843] ExpTotal:[39175807] Reason:[Task] Attach:[1]
2013-08-12 19:25:52 lv3:RoleID:[20] ExpChanged:[7865] ExpTotal:[39183672] Reason:[Task] Attach:[13]
2013-08-12 19:25:53 lv3:RoleID:[20] ExpChanged:[4304] ExpTotal:[39187976] Reason:[Task] Attach:[36]
2013-08-12 19:25:55 lv3:RoleID:[20] ExpChanged:[5421] ExpTotal:[39193397] Reason:[Task] Attach:[46]
2013-08-12 19:25:57 lv3:RoleID:[20] ExpChanged:[7038] ExpTotal:[39200435] Reason:[Task] Attach:[62]
2013-08-12 19:26:10 lv3:RoleID:[20] ExpChanged:[18000] ExpTotal:[39218435] Reason:[Task] Attach:[4421]
2013-08-12 19:28:11 lv3:RoleID:[20] ExpChanged:[2437461] ExpTotal:[41655896] Reason:[Monster] Attach:[]
2013-08-12 19:29:01 lv3:RoleID:[20] ExpChanged:[2437461] ExpTotal:[44093357] Reason:[Monster] Attach:[]
2013-08-12 19:29:38 lv3:RoleID:[20] ExpChanged:[-43785000] ExpTotal:[308357] Reason:[LevelUp] Attach:[]
2013-08-12 19:29:42 lv3:RoleID:[20] ExpChanged:[1828096] ExpTotal:[2136453] Reason:[Monster] Attach:[]
2013-08-12 19:30:19 lv3:RoleID:[20] ExpChanged:[1828096] ExpTotal:[3964549] Reason:[Monster] Attach:[]
2013-08-12 19:31:04 lv3:RoleID:[20] ExpChanged:[1828096] ExpTotal:[5792645] Reason:[Monster] Attach:[]
2013-08-12 19:31:45 lv3:RoleID:[20] ExpChanged:[1828096] ExpTotal:[7620741] Reason:[Monster] Attach:[]
2013-08-12 19:32:30 lv3:RoleID:[20] ExpChanged:[1828096] ExpTotal:[9448837] Reason:[Monster] Attach:[]
2013-08-12 19:33:06 lv3:RoleID:[20] ExpChanged:[1828096] ExpTotal:[11276933] Reason:[Monster] Attach:[]
2013-08-12 19:33:23 lv3:RoleID:[20] ExpChanged:[192365] ExpTotal:[11469298] Reason:[Monster] Attach:[]
2013-08-12 19:33:50 lv3:RoleID:[20] ExpChanged:[1828096] ExpTotal:[13297394] Reason:[Monster] Attach:[]
2013-08-12 19:34:00 lv3:RoleID:[20] ExpChanged:[192365] ExpTotal:[13489759] Reason:[Monster] Attach:[]
2013-08-12 19:34:13 lv3:RoleID:[20] ExpChanged:[192365] ExpTotal:[13682124] Reason:[Monster] Attach:[]
2013-08-12 19:34:25 lv3:RoleID:[20] ExpChanged:[192365] ExpTotal:[13874489] Reason:[Monster] Attach:[]
2013-08-12 19:34:38 lv3:RoleID:[20] ExpChanged:[192365] ExpTotal:[14066854] Reason:[Monster] Attach:[]
2013-08-12 19:35:22 lv3:RoleID:[20] ExpChanged:[1828096] ExpTotal:[15894950] Reason:[Monster] Attach:[]
2013-08-12 19:35:31 lv3:RoleID:[20] ExpChanged:[192365] ExpTotal:[16087315] Reason:[Monster] Attach:[]
2013-08-12 19:36:14 lv3:RoleID:[20] ExpChanged:[10231] ExpTotal:[16097546] Reason:[Script] Attach:[script\item\CreatItem\ITEM-huanwupin64242.s]
2013-08-12 19:36:17 lv3:RoleID:[20] ExpChanged:[192365] ExpTotal:[16289911] Reason:[Monster] Attach:[]
2013-08-12 19:36:28 lv3:RoleID:[20] ExpChanged:[192365] ExpTotal:[16482276] Reason:[Monster] Attach:[]
2013-08-12 19:36:48 lv3:RoleID:[20] ExpChanged:[192365] ExpTotal:[16674641] Reason:[Monster] Attach:[]
2013-08-12 19:37:32 lv3:RoleID:[20] ExpChanged:[192365] ExpTotal:[16867006] Reason:[Monster] Attach:[]
2013-08-12 19:37:47 lv3:RoleID:[20] ExpChanged:[192365] ExpTotal:[17059371] Reason:[Monster] Attach:[]
