2013-08-12 07:57:34 lv3:MS:CDBServerListener::OnAcceptNewSession -- Accpect New DBSession!
2013-08-12 07:57:36 lv1:MS:socket err:10061 -- CKManagerServerConnector::OnError -- CTcpSocket::Connect -- ::connect function return SOCKET_ERROR
2013-08-12 07:57:36 lv1:MS:socket err:10061 -- CGACDConnector::OnError -- CTcpSocket::Connect -- ::connect function return SOCKET_ERROR
2013-08-12 07:57:40 lv3:MS:Last Herostatue calculation time 113--7--29 6:0 
2013-08-12 07:57:41 lv1:MS:socket err:10061 -- CGACDConnector::OnError -- CTcpSocket::Connect -- ::connect function return SOCKET_ERROR
2013-08-12 07:57:41 lv1:MS:socket err:10061 -- CKManagerServerConnector::OnError -- CTcpSocket::Connect -- ::connect function return SOCKET_ERROR
2013-08-12 07:57:44 lv2:MS:err:64 CGateServerSession::OnError -- CIOCPSession::OnIOCompleteFailed
2013-08-12 07:57:44 lv2:MS:Gate: 1 disconnect
2013-08-12 07:57:46 lv1:MS:socket err:10061 -- CGACDConnector::OnError -- CTcpSocket::Connect -- ::connect function return SOCKET_ERROR
2013-08-12 07:57:46 lv1:MS:socket err:10061 -- CKManagerServerConnector::OnError -- CTcpSocket::Connect -- ::connect function return SOCKET_ERROR
2013-08-12 07:57:51 lv1:MS:socket err:10061 -- CGACDConnector::OnError -- CTcpSocket::Connect -- ::connect function return SOCKET_ERROR
2013-08-12 07:57:51 lv1:MS:socket err:10061 -- CKManagerServerConnector::OnError -- CTcpSocket::Connect -- ::connect function return SOCKET_ERROR
2013-08-12 07:57:56 lv1:MS:socket err:10061 -- CGACDConnector::OnError -- CTcpSocket::Connect -- ::connect function return SOCKET_ERROR
2013-08-12 07:57:56 lv1:MS:socket err:10061 -- CKManagerServerConnector::OnError -- CTcpSocket::Connect -- ::connect function return SOCKET_ERROR
2013-08-12 07:58:01 lv1:MS:socket err:10061 -- CGACDConnector::OnError -- CTcpSocket::Connect -- ::connect function return SOCKET_ERROR
2013-08-12 07:58:01 lv1:MS:socket err:10061 -- CKManagerServerConnector::OnError -- CTcpSocket::Connect -- ::connect function return SOCKET_ERROR
2013-08-12 07:58:06 lv1:MS:socket err:10061 -- CGACDConnector::OnError -- CTcpSocket::Connect -- ::connect function return SOCKET_ERROR
2013-08-12 07:58:06 lv1:MS:socket err:10061 -- CKManagerServerConnector::OnError -- CTcpSocket::Connect -- ::connect function return SOCKET_ERROR
2013-08-12 07:58:11 lv1:MS:socket err:10061 -- CGACDConnector::OnError -- CTcpSocket::Connect -- ::connect function return SOCKET_ERROR
2013-08-12 07:58:11 lv1:MS:socket err:10061 -- CKManagerServerConnector::OnError -- CTcpSocket::Connect -- ::connect function return SOCKET_ERROR
2013-08-12 07:58:16 lv1:MS:socket err:10061 -- CGACDConnector::OnError -- CTcpSocket::Connect -- ::connect function return SOCKET_ERROR
2013-08-12 07:58:16 lv1:MS:socket err:10061 -- CKManagerServerConnector::OnError -- CTcpSocket::Connect -- ::connect function return SOCKET_ERROR
2013-08-12 07:58:21 lv1:MS:socket err:10061 -- CGACDConnector::OnError -- CTcpSocket::Connect -- ::connect function return SOCKET_ERROR
2013-08-12 07:58:21 lv1:MS:socket err:10061 -- CKManagerServerConnector::OnError -- CTcpSocket::Connect -- ::connect function return SOCKET_ERROR
2013-08-12 07:58:26 lv1:MS:socket err:10061 -- CGACDConnector::OnError -- CTcpSocket::Connect -- ::connect function return SOCKET_ERROR
2013-08-12 07:58:26 lv1:MS:socket err:10061 -- CKManagerServerConnector::OnError -- CTcpSocket::Connect -- ::connect function return SOCKET_ERROR
2013-08-12 07:58:30 lv1:MS:Last Herostatue calculation time 113--8--12 6:0 
2013-08-12 07:58:30 lv3:MS:Last Herostatue calculation time 113--8--12 6:0 
2013-08-12 07:58:31 lv1:MS:socket err:10061 -- CGACDConnector::OnError -- CTcpSocket::Connect -- ::connect function return SOCKET_ERROR
2013-08-12 07:58:31 lv1:MS:socket err:10061 -- CKManagerServerConnector::OnError -- CTcpSocket::Connect -- ::connect function return SOCKET_ERROR
2013-08-12 07:58:36 lv1:MS:socket err:10061 -- CGACDConnector::OnError -- CTcpSocket::Connect -- ::connect function return SOCKET_ERROR
2013-08-12 07:58:36 lv1:MS:socket err:10061 -- CKManagerServerConnector::OnError -- CTcpSocket::Connect -- ::connect function return SOCKET_ERROR
2013-08-12 07:58:41 lv1:MS:socket err:10061 -- CGACDConnector::OnError -- CTcpSocket::Connect -- ::connect function return SOCKET_ERROR
2013-08-12 07:58:41 lv1:MS:socket err:10061 -- CKManagerServerConnector::OnError -- CTcpSocket::Connect -- ::connect function return SOCKET_ERROR
2013-08-12 07:58:46 lv1:MS:socket err:10061 -- CGACDConnector::OnError -- CTcpSocket::Connect -- ::connect function return SOCKET_ERROR
2013-08-12 07:58:46 lv1:MS:socket err:10061 -- CKManagerServerConnector::OnError -- CTcpSocket::Connect -- ::connect function return SOCKET_ERROR
2013-08-12 07:58:51 lv1:MS:socket err:10061 -- CGACDConnector::OnError -- CTcpSocket::Connect -- ::connect function return SOCKET_ERROR
2013-08-12 07:58:51 lv1:MS:socket err:10061 -- CKManagerServerConnector::OnError -- CTcpSocket::Connect -- ::connect function return SOCKET_ERROR
2013-08-12 07:58:56 lv1:MS:socket err:10061 -- CGACDConnector::OnError -- CTcpSocket::Connect -- ::connect function return SOCKET_ERROR
2013-08-12 07:58:56 lv1:MS:socket err:10061 -- CKManagerServerConnector::OnError -- CTcpSocket::Connect -- ::connect function return SOCKET_ERROR
2013-08-12 07:59:01 lv1:MS:socket err:10061 -- CGACDConnector::OnError -- CTcpSocket::Connect -- ::connect function return SOCKET_ERROR
2013-08-12 07:59:01 lv1:MS:socket err:10061 -- CKManagerServerConnector::OnError -- CTcpSocket::Connect -- ::connect function return SOCKET_ERROR
2013-08-12 07:59:06 lv1:MS:socket err:10061 -- CGACDConnector::OnError -- CTcpSocket::Connect -- ::connect function return SOCKET_ERROR
2013-08-12 07:59:06 lv1:MS:socket err:10061 -- CKManagerServerConnector::OnError -- CTcpSocket::Connect -- ::connect function return SOCKET_ERROR
2013-08-12 07:59:11 lv1:MS:socket err:10061 -- CGACDConnector::OnError -- CTcpSocket::Connect -- ::connect function return SOCKET_ERROR
2013-08-12 07:59:11 lv1:MS:socket err:10061 -- CKManagerServerConnector::OnError -- CTcpSocket::Connect -- ::connect function return SOCKET_ERROR
2013-08-12 07:59:16 lv1:MS:socket err:10061 -- CGACDConnector::OnError -- CTcpSocket::Connect -- ::connect function return SOCKET_ERROR
2013-08-12 07:59:16 lv1:MS:socket err:10061 -- CKManagerServerConnector::OnError -- CTcpSocket::Connect -- ::connect function return SOCKET_ERROR
2013-08-12 07:59:21 lv1:MS:socket err:10061 -- CGACDConnector::OnError -- CTcpSocket::Connect -- ::connect function return SOCKET_ERROR
2013-08-12 07:59:21 lv1:MS:socket err:10061 -- CKManagerServerConnector::OnError -- CTcpSocket::Connect -- ::connect function return SOCKET_ERROR
2013-08-12 07:59:26 lv1:MS:socket err:10061 -- CGACDConnector::OnError -- CTcpSocket::Connect -- ::connect function return SOCKET_ERROR
2013-08-12 07:59:26 lv1:MS:socket err:10061 -- CKManagerServerConnector::OnError -- CTcpSocket::Connect -- ::connect function return SOCKET_ERROR
2013-08-12 07:59:31 lv1:MS:socket err:10061 -- CGACDConnector::OnError -- CTcpSocket::Connect -- ::connect function return SOCKET_ERROR
2013-08-12 07:59:31 lv1:MS:socket err:10061 -- CKManagerServerConnector::OnError -- CTcpSocket::Connect -- ::connect function return SOCKET_ERROR
2013-08-12 07:59:36 lv1:MS:socket err:10061 -- CGACDConnector::OnError -- CTcpSocket::Connect -- ::connect function return SOCKET_ERROR
2013-08-12 07:59:36 lv1:MS:socket err:10061 -- CKManagerServerConnector::OnError -- CTcpSocket::Connect -- ::connect function return SOCKET_ERROR
2013-08-12 07:59:41 lv1:MS:socket err:10061 -- CGACDConnector::OnError -- CTcpSocket::Connect -- ::connect function return SOCKET_ERROR
2013-08-12 07:59:41 lv1:MS:socket err:10061 -- CKManagerServerConnector::OnError -- CTcpSocket::Connect -- ::connect function return SOCKET_ERROR
2013-08-12 07:59:46 lv1:MS:socket err:10061 -- CGACDConnector::OnError -- CTcpSocket::Connect -- ::connect function return SOCKET_ERROR
2013-08-12 07:59:46 lv1:MS:socket err:10061 -- CKManagerServerConnector::OnError -- CTcpSocket::Connect -- ::connect function return SOCKET_ERROR
2013-08-12 07:59:51 lv1:MS:socket err:10061 -- CGACDConnector::OnError -- CTcpSocket::Connect -- ::connect function return SOCKET_ERROR
2013-08-12 07:59:51 lv1:MS:socket err:10061 -- CKManagerServerConnector::OnError -- CTcpSocket::Connect -- ::connect function return SOCKET_ERROR
2013-08-12 07:59:56 lv1:MS:socket err:10061 -- CGACDConnector::OnError -- CTcpSocket::Connect -- ::connect function return SOCKET_ERROR
2013-08-12 07:59:56 lv1:MS:socket err:10061 -- CKManagerServerConnector::OnError -- CTcpSocket::Connect -- ::connect function return SOCKET_ERROR
2013-08-12 08:00:01 lv1:MS:socket err:10061 -- CGACDConnector::OnError -- CTcpSocket::Connect -- ::connect function return SOCKET_ERROR
2013-08-12 08:00:01 lv1:MS:socket err:10061 -- CKManagerServerConnector::OnError -- CTcpSocket::Connect -- ::connect function return SOCKET_ERROR
2013-08-12 08:00:06 lv1:MS:socket err:10061 -- CGACDConnector::OnError -- CTcpSocket::Connect -- ::connect function return SOCKET_ERROR
2013-08-12 08:00:06 lv1:MS:socket err:10061 -- CKManagerServerConnector::OnError -- CTcpSocket::Connect -- ::connect function return SOCKET_ERROR
2013-08-12 08:00:11 lv1:MS:socket err:10061 -- CGACDConnector::OnError -- CTcpSocket::Connect -- ::connect function return SOCKET_ERROR
2013-08-12 08:00:11 lv1:MS:socket err:10061 -- CKManagerServerConnector::OnError -- CTcpSocket::Connect -- ::connect function return SOCKET_ERROR
2013-08-12 08:00:16 lv1:MS:socket err:10061 -- CGACDConnector::OnError -- CTcpSocket::Connect -- ::connect function return SOCKET_ERROR
2013-08-12 08:00:16 lv1:MS:socket err:10061 -- CKManagerServerConnector::OnError -- CTcpSocket::Connect -- ::connect function return SOCKET_ERROR
2013-08-12 08:00:21 lv1:MS:socket err:10061 -- CGACDConnector::OnError -- CTcpSocket::Connect -- ::connect function return SOCKET_ERROR
2013-08-12 08:00:21 lv1:MS:socket err:10061 -- CKManagerServerConnector::OnError -- CTcpSocket::Connect -- ::connect function return SOCKET_ERROR
2013-08-12 08:00:26 lv1:MS:socket err:10061 -- CGACDConnector::OnError -- CTcpSocket::Connect -- ::connect function return SOCKET_ERROR
2013-08-12 08:00:26 lv1:MS:socket err:10061 -- CKManagerServerConnector::OnError -- CTcpSocket::Connect -- ::connect function return SOCKET_ERROR
2013-08-12 08:00:31 lv1:MS:socket err:10061 -- CGACDConnector::OnError -- CTcpSocket::Connect -- ::connect function return SOCKET_ERROR
2013-08-12 08:00:31 lv1:MS:socket err:10061 -- CKManagerServerConnector::OnError -- CTcpSocket::Connect -- ::connect function return SOCKET_ERROR
