2013-08-12 08:00:36 lv1:MS:socket err:10061 -- CGACDConnector::OnError -- CTcpSocket::Connect -- ::connect function return SOCKET_ERROR
2013-08-12 08:00:36 lv1:MS:socket err:10061 -- CKManagerServerConnector::OnError -- CTcpSocket::Connect -- ::connect function return SOCKET_ERROR
2013-08-12 08:00:41 lv1:MS:socket err:10061 -- CGACDConnector::OnError -- CTcpSocket::Connect -- ::connect function return SOCKET_ERROR
2013-08-12 08:00:41 lv1:MS:socket err:10061 -- CKManagerServerConnector::OnError -- CTcpSocket::Connect -- ::connect function return SOCKET_ERROR
2013-08-12 08:00:46 lv1:MS:socket err:10061 -- CGACDConnector::OnError -- CTcpSocket::Connect -- ::connect function return SOCKET_ERROR
2013-08-12 08:00:46 lv1:MS:socket err:10061 -- CKManagerServerConnector::OnError -- CTcpSocket::Connect -- ::connect function return SOCKET_ERROR
2013-08-12 08:00:51 lv1:MS:socket err:10061 -- CGACDConnector::OnError -- CTcpSocket::Connect -- ::connect function return SOCKET_ERROR
2013-08-12 08:00:51 lv1:MS:socket err:10061 -- CKManagerServerConnector::OnError -- CTcpSocket::Connect -- ::connect function return SOCKET_ERROR
2013-08-12 08:00:56 lv1:MS:socket err:10061 -- CGACDConnector::OnError -- CTcpSocket::Connect -- ::connect function return SOCKET_ERROR
2013-08-12 08:00:56 lv1:MS:socket err:10061 -- CKManagerServerConnector::OnError -- CTcpSocket::Connect -- ::connect function return SOCKET_ERROR
2013-08-12 08:01:01 lv1:MS:socket err:10061 -- CKManagerServerConnector::OnError -- CTcpSocket::Connect -- ::connect function return SOCKET_ERROR
2013-08-12 08:01:01 lv1:MS:socket err:10061 -- CGACDConnector::OnError -- CTcpSocket::Connect -- ::connect function return SOCKET_ERROR
2013-08-12 08:01:06 lv1:MS:socket err:10061 -- CGACDConnector::OnError -- CTcpSocket::Connect -- ::connect function return SOCKET_ERROR
2013-08-12 08:01:06 lv1:MS:socket err:10061 -- CKManagerServerConnector::OnError -- CTcpSocket::Connect -- ::connect function return SOCKET_ERROR
2013-08-12 08:01:11 lv1:MS:socket err:10061 -- CGACDConnector::OnError -- CTcpSocket::Connect -- ::connect function return SOCKET_ERROR
2013-08-12 08:01:11 lv1:MS:socket err:10061 -- CKManagerServerConnector::OnError -- CTcpSocket::Connect -- ::connect function return SOCKET_ERROR
2013-08-12 08:01:16 lv1:MS:socket err:10061 -- CGACDConnector::OnError -- CTcpSocket::Connect -- ::connect function return SOCKET_ERROR
2013-08-12 08:01:16 lv1:MS:socket err:10061 -- CKManagerServerConnector::OnError -- CTcpSocket::Connect -- ::connect function return SOCKET_ERROR
2013-08-12 08:01:21 lv1:MS:socket err:10061 -- CGACDConnector::OnError -- CTcpSocket::Connect -- ::connect function return SOCKET_ERROR
2013-08-12 08:01:21 lv1:MS:socket err:10061 -- CKManagerServerConnector::OnError -- CTcpSocket::Connect -- ::connect function return SOCKET_ERROR
2013-08-12 08:01:26 lv1:MS:socket err:10061 -- CGACDConnector::OnError -- CTcpSocket::Connect -- ::connect function return SOCKET_ERROR
2013-08-12 08:01:26 lv1:MS:socket err:10061 -- CKManagerServerConnector::OnError -- CTcpSocket::Connect -- ::connect function return SOCKET_ERROR
2013-08-12 08:01:31 lv1:MS:socket err:10061 -- CGACDConnector::OnError -- CTcpSocket::Connect -- ::connect function return SOCKET_ERROR
2013-08-12 08:01:31 lv1:MS:socket err:10061 -- CKManagerServerConnector::OnError -- CTcpSocket::Connect -- ::connect function return SOCKET_ERROR
2013-08-12 08:01:36 lv1:MS:socket err:10061 -- CGACDConnector::OnError -- CTcpSocket::Connect -- ::connect function return SOCKET_ERROR
2013-08-12 08:01:36 lv1:MS:socket err:10061 -- CKManagerServerConnector::OnError -- CTcpSocket::Connect -- ::connect function return SOCKET_ERROR
2013-08-12 08:01:41 lv1:MS:socket err:10061 -- CGACDConnector::OnError -- CTcpSocket::Connect -- ::connect function return SOCKET_ERROR
2013-08-12 08:01:41 lv1:MS:socket err:10061 -- CKManagerServerConnector::OnError -- CTcpSocket::Connect -- ::connect function return SOCKET_ERROR
2013-08-12 08:01:46 lv1:MS:socket err:10061 -- CGACDConnector::OnError -- CTcpSocket::Connect -- ::connect function return SOCKET_ERROR
2013-08-12 08:01:46 lv1:MS:socket err:10061 -- CKManagerServerConnector::OnError -- CTcpSocket::Connect -- ::connect function return SOCKET_ERROR
2013-08-12 08:01:51 lv1:MS:socket err:10061 -- CGACDConnector::OnError -- CTcpSocket::Connect -- ::connect function return SOCKET_ERROR
2013-08-12 08:01:51 lv1:MS:socket err:10061 -- CKManagerServerConnector::OnError -- CTcpSocket::Connect -- ::connect function return SOCKET_ERROR
2013-08-12 08:01:56 lv1:MS:socket err:10061 -- CGACDConnector::OnError -- CTcpSocket::Connect -- ::connect function return SOCKET_ERROR
2013-08-12 08:01:56 lv1:MS:socket err:10061 -- CKManagerServerConnector::OnError -- CTcpSocket::Connect -- ::connect function return SOCKET_ERROR
2013-08-12 08:02:01 lv1:MS:socket err:10061 -- CGACDConnector::OnError -- CTcpSocket::Connect -- ::connect function return SOCKET_ERROR
2013-08-12 08:02:01 lv1:MS:socket err:10061 -- CKManagerServerConnector::OnError -- CTcpSocket::Connect -- ::connect function return SOCKET_ERROR
2013-08-12 08:02:06 lv1:MS:socket err:10061 -- CGACDConnector::OnError -- CTcpSocket::Connect -- ::connect function return SOCKET_ERROR
2013-08-12 08:02:06 lv1:MS:socket err:10061 -- CKManagerServerConnector::OnError -- CTcpSocket::Connect -- ::connect function return SOCKET_ERROR
2013-08-12 08:02:11 lv1:MS:socket err:10061 -- CGACDConnector::OnError -- CTcpSocket::Connect -- ::connect function return SOCKET_ERROR
2013-08-12 08:02:11 lv1:MS:socket err:10061 -- CKManagerServerConnector::OnError -- CTcpSocket::Connect -- ::connect function return SOCKET_ERROR
2013-08-12 08:02:16 lv1:MS:socket err:10061 -- CGACDConnector::OnError -- CTcpSocket::Connect -- ::connect function return SOCKET_ERROR
2013-08-12 08:02:16 lv1:MS:socket err:10061 -- CKManagerServerConnector::OnError -- CTcpSocket::Connect -- ::connect function return SOCKET_ERROR
2013-08-12 08:02:21 lv1:MS:socket err:10061 -- CGACDConnector::OnError -- CTcpSocket::Connect -- ::connect function return SOCKET_ERROR
2013-08-12 08:02:21 lv1:MS:socket err:10061 -- CKManagerServerConnector::OnError -- CTcpSocket::Connect -- ::connect function return SOCKET_ERROR
2013-08-12 08:02:26 lv1:MS:socket err:10061 -- CGACDConnector::OnError -- CTcpSocket::Connect -- ::connect function return SOCKET_ERROR
2013-08-12 08:02:26 lv1:MS:socket err:10061 -- CKManagerServerConnector::OnError -- CTcpSocket::Connect -- ::connect function return SOCKET_ERROR
2013-08-12 08:02:31 lv1:MS:socket err:10061 -- CGACDConnector::OnError -- CTcpSocket::Connect -- ::connect function return SOCKET_ERROR
2013-08-12 08:02:31 lv1:MS:socket err:10061 -- CKManagerServerConnector::OnError -- CTcpSocket::Connect -- ::connect function return SOCKET_ERROR
2013-08-12 08:02:36 lv1:MS:socket err:10061 -- CGACDConnector::OnError -- CTcpSocket::Connect -- ::connect function return SOCKET_ERROR
2013-08-12 08:02:36 lv1:MS:socket err:10061 -- CKManagerServerConnector::OnError -- CTcpSocket::Connect -- ::connect function return SOCKET_ERROR
2013-08-12 08:02:41 lv1:MS:socket err:10061 -- CGACDConnector::OnError -- CTcpSocket::Connect -- ::connect function return SOCKET_ERROR
2013-08-12 08:02:41 lv1:MS:socket err:10061 -- CKManagerServerConnector::OnError -- CTcpSocket::Connect -- ::connect function return SOCKET_ERROR
2013-08-12 08:02:46 lv1:MS:socket err:10061 -- CGACDConnector::OnError -- CTcpSocket::Connect -- ::connect function return SOCKET_ERROR
2013-08-12 08:02:46 lv1:MS:socket err:10061 -- CKManagerServerConnector::OnError -- CTcpSocket::Connect -- ::connect function return SOCKET_ERROR
2013-08-12 08:02:51 lv1:MS:socket err:10061 -- CGACDConnector::OnError -- CTcpSocket::Connect -- ::connect function return SOCKET_ERROR
2013-08-12 08:02:51 lv1:MS:socket err:10061 -- CKManagerServerConnector::OnError -- CTcpSocket::Connect -- ::connect function return SOCKET_ERROR
2013-08-12 08:02:55 lv2:MS:socket err:64 -- CGameServerSession::OnError -- CIOCPSession::OnIOCompleteFailed
2013-08-12 08:02:55 lv3:MS:Session IsClose Line[4]
2013-08-12 08:02:55 lv2:MS:err:64 CGateServerSession::OnError -- CIOCPSession::OnIOCompleteFailed
2013-08-12 08:02:55 lv2:MS:Gate: 1 disconnect
2013-08-12 08:02:55 lv2:MS:err:64 CLocalServerSession::OnError -- CIOCPSession::OnIOCompleteFailed
2013-08-12 08:03:39 lv1:MS:socket err:10061 -- CGACDConnector::OnError -- CTcpSocket::Connect -- ::connect function return SOCKET_ERROR
2013-08-12 08:03:39 lv1:MS:socket err:10061 -- CKManagerServerConnector::OnError -- CTcpSocket::Connect -- ::connect function return SOCKET_ERROR
2013-08-12 08:03:44 lv1:MS:socket err:10061 -- CGACDConnector::OnError -- CTcpSocket::Connect -- ::connect function return SOCKET_ERROR
2013-08-12 08:03:44 lv1:MS:socket err:10061 -- CKManagerServerConnector::OnError -- CTcpSocket::Connect -- ::connect function return SOCKET_ERROR
2013-08-12 08:03:49 lv1:MS:socket err:10061 -- CKManagerServerConnector::OnError -- CTcpSocket::Connect -- ::connect function return SOCKET_ERROR
2013-08-12 08:03:49 lv1:MS:socket err:10061 -- CGACDConnector::OnError -- CTcpSocket::Connect -- ::connect function return SOCKET_ERROR
2013-08-12 08:03:54 lv1:MS:socket err:10061 -- CGACDConnector::OnError -- CTcpSocket::Connect -- ::connect function return SOCKET_ERROR
2013-08-12 08:03:54 lv1:MS:socket err:10061 -- CKManagerServerConnector::OnError -- CTcpSocket::Connect -- ::connect function return SOCKET_ERROR
2013-08-12 08:03:59 lv1:MS:socket err:10061 -- CGACDConnector::OnError -- CTcpSocket::Connect -- ::connect function return SOCKET_ERROR
2013-08-12 08:03:59 lv1:MS:socket err:10061 -- CKManagerServerConnector::OnError -- CTcpSocket::Connect -- ::connect function return SOCKET_ERROR
2013-08-12 08:04:04 lv1:MS:socket err:10061 -- CKManagerServerConnector::OnError -- CTcpSocket::Connect -- ::connect function return SOCKET_ERROR
2013-08-12 08:04:04 lv1:MS:socket err:10061 -- CGACDConnector::OnError -- CTcpSocket::Connect -- ::connect function return SOCKET_ERROR
2013-08-12 08:04:09 lv1:MS:socket err:10061 -- CGACDConnector::OnError -- CTcpSocket::Connect -- ::connect function return SOCKET_ERROR
2013-08-12 08:04:09 lv1:MS:socket err:10061 -- CKManagerServerConnector::OnError -- CTcpSocket::Connect -- ::connect function return SOCKET_ERROR
2013-08-12 08:04:14 lv1:MS:socket err:10061 -- CGACDConnector::OnError -- CTcpSocket::Connect -- ::connect function return SOCKET_ERROR
2013-08-12 08:04:14 lv1:MS:socket err:10061 -- CKManagerServerConnector::OnError -- CTcpSocket::Connect -- ::connect function return SOCKET_ERROR
2013-08-12 08:04:19 lv1:MS:socket err:10061 -- CGACDConnector::OnError -- CTcpSocket::Connect -- ::connect function return SOCKET_ERROR
2013-08-12 08:04:19 lv1:MS:socket err:10061 -- CKManagerServerConnector::OnError -- CTcpSocket::Connect -- ::connect function return SOCKET_ERROR
2013-08-12 08:04:24 lv1:MS:socket err:10061 -- CGACDConnector::OnError -- CTcpSocket::Connect -- ::connect function return SOCKET_ERROR
2013-08-12 08:04:24 lv1:MS:socket err:10061 -- CKManagerServerConnector::OnError -- CTcpSocket::Connect -- ::connect function return SOCKET_ERROR
2013-08-12 08:04:29 lv1:MS:socket err:10061 -- CGACDConnector::OnError -- CTcpSocket::Connect -- ::connect function return SOCKET_ERROR
2013-08-12 08:04:29 lv1:MS:socket err:10061 -- CKManagerServerConnector::OnError -- CTcpSocket::Connect -- ::connect function return SOCKET_ERROR
2013-08-12 08:04:34 lv1:MS:socket err:10061 -- CGACDConnector::OnError -- CTcpSocket::Connect -- ::connect function return SOCKET_ERROR
2013-08-12 08:04:34 lv1:MS:socket err:10061 -- CKManagerServerConnector::OnError -- CTcpSocket::Connect -- ::connect function return SOCKET_ERROR
2013-08-12 08:04:38 lv3:MS:CDBServerListener::OnAcceptNewSession -- Accpect New DBSession!
2013-08-12 08:04:39 lv1:MS:socket err:10061 -- CGACDConnector::OnError -- CTcpSocket::Connect -- ::connect function return SOCKET_ERROR
2013-08-12 08:04:39 lv1:MS:socket err:10061 -- CKManagerServerConnector::OnError -- CTcpSocket::Connect -- ::connect function return SOCKET_ERROR
2013-08-12 08:04:43 lv3:MS:Last Herostatue calculation time 113--8--12 6:0 
2013-08-12 08:04:44 lv1:MS:socket err:10061 -- CGACDConnector::OnError -- CTcpSocket::Connect -- ::connect function return SOCKET_ERROR
2013-08-12 08:04:44 lv1:MS:socket err:10061 -- CKManagerServerConnector::OnError -- CTcpSocket::Connect -- ::connect function return SOCKET_ERROR
2013-08-12 08:04:49 lv1:MS:socket err:10061 -- CGACDConnector::OnError -- CTcpSocket::Connect -- ::connect function return SOCKET_ERROR
2013-08-12 08:04:49 lv1:MS:socket err:10061 -- CKManagerServerConnector::OnError -- CTcpSocket::Connect -- ::connect function return SOCKET_ERROR
2013-08-12 08:04:54 lv1:MS:socket err:10061 -- CGACDConnector::OnError -- CTcpSocket::Connect -- ::connect function return SOCKET_ERROR
2013-08-12 08:04:54 lv1:MS:socket err:10061 -- CKManagerServerConnector::OnError -- CTcpSocket::Connect -- ::connect function return SOCKET_ERROR
2013-08-12 08:04:59 lv1:MS:socket err:10061 -- CGACDConnector::OnError -- CTcpSocket::Connect -- ::connect function return SOCKET_ERROR
2013-08-12 08:04:59 lv1:MS:socket err:10061 -- CKManagerServerConnector::OnError -- CTcpSocket::Connect -- ::connect function return SOCKET_ERROR
2013-08-12 08:05:04 lv1:MS:socket err:10061 -- CGACDConnector::OnError -- CTcpSocket::Connect -- ::connect function return SOCKET_ERROR
2013-08-12 08:05:04 lv1:MS:socket err:10061 -- CKManagerServerConnector::OnError -- CTcpSocket::Connect -- ::connect function return SOCKET_ERROR
2013-08-12 08:05:09 lv1:MS:socket err:10061 -- CGACDConnector::OnError -- CTcpSocket::Connect -- ::connect function return SOCKET_ERROR
2013-08-12 08:05:09 lv1:MS:socket err:10061 -- CKManagerServerConnector::OnError -- CTcpSocket::Connect -- ::connect function return SOCKET_ERROR
2013-08-12 08:05:14 lv1:MS:socket err:10061 -- CGACDConnector::OnError -- CTcpSocket::Connect -- ::connect function return SOCKET_ERROR
2013-08-12 08:05:14 lv1:MS:socket err:10061 -- CKManagerServerConnector::OnError -- CTcpSocket::Connect -- ::connect function return SOCKET_ERROR
2013-08-12 08:05:19 lv1:MS:socket err:10061 -- CGACDConnector::OnError -- CTcpSocket::Connect -- ::connect function return SOCKET_ERROR
2013-08-12 08:05:19 lv1:MS:socket err:10061 -- CKManagerServerConnector::OnError -- CTcpSocket::Connect -- ::connect function return SOCKET_ERROR
2013-08-12 08:05:24 lv1:MS:socket err:10061 -- CGACDConnector::OnError -- CTcpSocket::Connect -- ::connect function return SOCKET_ERROR
2013-08-12 08:05:24 lv1:MS:socket err:10061 -- CKManagerServerConnector::OnError -- CTcpSocket::Connect -- ::connect function return SOCKET_ERROR
2013-08-12 08:05:29 lv1:MS:socket err:10061 -- CGACDConnector::OnError -- CTcpSocket::Connect -- ::connect function return SOCKET_ERROR
2013-08-12 08:05:29 lv1:MS:socket err:10061 -- CKManagerServerConnector::OnError -- CTcpSocket::Connect -- ::connect function return SOCKET_ERROR
2013-08-12 08:05:34 lv1:MS:socket err:10061 -- CGACDConnector::OnError -- CTcpSocket::Connect -- ::connect function return SOCKET_ERROR
2013-08-12 08:05:34 lv1:MS:socket err:10061 -- CKManagerServerConnector::OnError -- CTcpSocket::Connect -- ::connect function return SOCKET_ERROR
2013-08-12 08:05:39 lv1:MS:socket err:10061 -- CGACDConnector::OnError -- CTcpSocket::Connect -- ::connect function return SOCKET_ERROR
2013-08-12 08:05:39 lv1:MS:socket err:10061 -- CKManagerServerConnector::OnError -- CTcpSocket::Connect -- ::connect function return SOCKET_ERROR
2013-08-12 08:05:44 lv1:MS:socket err:10061 -- CGACDConnector::OnError -- CTcpSocket::Connect -- ::connect function return SOCKET_ERROR
2013-08-12 08:05:44 lv1:MS:socket err:10061 -- CKManagerServerConnector::OnError -- CTcpSocket::Connect -- ::connect function return SOCKET_ERROR
2013-08-12 08:05:49 lv1:MS:socket err:10061 -- CGACDConnector::OnError -- CTcpSocket::Connect -- ::connect function return SOCKET_ERROR
2013-08-12 08:05:49 lv1:MS:socket err:10061 -- CKManagerServerConnector::OnError -- CTcpSocket::Connect -- ::connect function return SOCKET_ERROR
2013-08-12 08:05:54 lv1:MS:socket err:10061 -- CGACDConnector::OnError -- CTcpSocket::Connect -- ::connect function return SOCKET_ERROR
2013-08-12 08:05:54 lv1:MS:socket err:10061 -- CKManagerServerConnector::OnError -- CTcpSocket::Connect -- ::connect function return SOCKET_ERROR
2013-08-12 08:05:59 lv1:MS:socket err:10061 -- CGACDConnector::OnError -- CTcpSocket::Connect -- ::connect function return SOCKET_ERROR
2013-08-12 08:05:59 lv1:MS:socket err:10061 -- CKManagerServerConnector::OnError -- CTcpSocket::Connect -- ::connect function return SOCKET_ERROR
2013-08-12 08:06:04 lv1:MS:socket err:10061 -- CGACDConnector::OnError -- CTcpSocket::Connect -- ::connect function return SOCKET_ERROR
2013-08-12 08:06:04 lv1:MS:socket err:10061 -- CKManagerServerConnector::OnError -- CTcpSocket::Connect -- ::connect function return SOCKET_ERROR
2013-08-12 08:06:09 lv1:MS:socket err:10061 -- CGACDConnector::OnError -- CTcpSocket::Connect -- ::connect function return SOCKET_ERROR
2013-08-12 08:06:09 lv1:MS:socket err:10061 -- CKManagerServerConnector::OnError -- CTcpSocket::Connect -- ::connect function return SOCKET_ERROR
2013-08-12 08:06:14 lv1:MS:socket err:10061 -- CGACDConnector::OnError -- CTcpSocket::Connect -- ::connect function return SOCKET_ERROR
2013-08-12 08:06:14 lv1:MS:socket err:10061 -- CKManagerServerConnector::OnError -- CTcpSocket::Connect -- ::connect function return SOCKET_ERROR
2013-08-12 08:06:19 lv1:MS:socket err:10061 -- CKManagerServerConnector::OnError -- CTcpSocket::Connect -- ::connect function return SOCKET_ERROR
2013-08-12 08:06:19 lv1:MS:socket err:10061 -- CGACDConnector::OnError -- CTcpSocket::Connect -- ::connect function return SOCKET_ERROR
2013-08-12 08:06:24 lv1:MS:socket err:10061 -- CKManagerServerConnector::OnError -- CTcpSocket::Connect -- ::connect function return SOCKET_ERROR
2013-08-12 08:06:24 lv1:MS:socket err:10061 -- CGACDConnector::OnError -- CTcpSocket::Connect -- ::connect function return SOCKET_ERROR
2013-08-12 08:06:29 lv1:MS:socket err:10061 -- CGACDConnector::OnError -- CTcpSocket::Connect -- ::connect function return SOCKET_ERROR
2013-08-12 08:06:29 lv1:MS:socket err:10061 -- CKManagerServerConnector::OnError -- CTcpSocket::Connect -- ::connect function return SOCKET_ERROR
2013-08-12 08:06:34 lv1:MS:socket err:10061 -- CGACDConnector::OnError -- CTcpSocket::Connect -- ::connect function return SOCKET_ERROR
2013-08-12 08:06:34 lv1:MS:socket err:10061 -- CKManagerServerConnector::OnError -- CTcpSocket::Connect -- ::connect function return SOCKET_ERROR
2013-08-12 08:06:39 lv1:MS:socket err:10061 -- CGACDConnector::OnError -- CTcpSocket::Connect -- ::connect function return SOCKET_ERROR
2013-08-12 08:06:39 lv1:MS:socket err:10061 -- CKManagerServerConnector::OnError -- CTcpSocket::Connect -- ::connect function return SOCKET_ERROR
2013-08-12 08:06:42 lv3:MS:New Account[1] Login
2013-08-12 08:06:42 lv1:MS:gate Send GM[1] Success
2013-08-12 08:06:44 lv1:MS:socket err:10061 -- CGACDConnector::OnError -- CTcpSocket::Connect -- ::connect function return SOCKET_ERROR
2013-08-12 08:06:44 lv1:MS:socket err:10061 -- CKManagerServerConnector::OnError -- CTcpSocket::Connect -- ::connect function return SOCKET_ERROR
2013-08-12 08:06:48 lv1:MS:Account [1] Is GM
2013-08-12 08:06:48 lv3:MS:Account[1] Char[14] Enter World Line[4]
2013-08-12 08:06:48 lv3:MS:SendAuPrivilege: OnlineInit: uCharacterID 14 , authorizeResult 0 
2013-08-12 08:06:48 lv1:MS:Account [1] Is GM
2013-08-12 08:06:48 lv1:MS: 1 --成功发送GM[1]信息通知GameServer
2013-08-12 08:06:49 lv1:MS:socket err:10061 -- CGACDConnector::OnError -- CTcpSocket::Connect -- ::connect function return SOCKET_ERROR
2013-08-12 08:06:49 lv1:MS:socket err:10061 -- CKManagerServerConnector::OnError -- CTcpSocket::Connect -- ::connect function return SOCKET_ERROR
2013-08-12 08:06:54 lv1:MS:socket err:10061 -- CGACDConnector::OnError -- CTcpSocket::Connect -- ::connect function return SOCKET_ERROR
2013-08-12 08:06:54 lv1:MS:socket err:10061 -- CKManagerServerConnector::OnError -- CTcpSocket::Connect -- ::connect function return SOCKET_ERROR
2013-08-12 08:06:59 lv1:MS:socket err:10061 -- CGACDConnector::OnError -- CTcpSocket::Connect -- ::connect function return SOCKET_ERROR
2013-08-12 08:06:59 lv1:MS:socket err:10061 -- CKManagerServerConnector::OnError -- CTcpSocket::Connect -- ::connect function return SOCKET_ERROR
2013-08-12 08:07:04 lv1:MS:socket err:10061 -- CGACDConnector::OnError -- CTcpSocket::Connect -- ::connect function return SOCKET_ERROR
2013-08-12 08:07:04 lv1:MS:socket err:10061 -- CKManagerServerConnector::OnError -- CTcpSocket::Connect -- ::connect function return SOCKET_ERROR
2013-08-12 08:07:09 lv1:MS:socket err:10061 -- CGACDConnector::OnError -- CTcpSocket::Connect -- ::connect function return SOCKET_ERROR
2013-08-12 08:07:09 lv1:MS:socket err:10061 -- CKManagerServerConnector::OnError -- CTcpSocket::Connect -- ::connect function return SOCKET_ERROR
2013-08-12 08:07:14 lv1:MS:socket err:10061 -- CKManagerServerConnector::OnError -- CTcpSocket::Connect -- ::connect function return SOCKET_ERROR
2013-08-12 08:07:14 lv1:MS:socket err:10061 -- CGACDConnector::OnError -- CTcpSocket::Connect -- ::connect function return SOCKET_ERROR
2013-08-12 08:07:19 lv1:MS:socket err:10061 -- CGACDConnector::OnError -- CTcpSocket::Connect -- ::connect function return SOCKET_ERROR
2013-08-12 08:07:19 lv1:MS:socket err:10061 -- CKManagerServerConnector::OnError -- CTcpSocket::Connect -- ::connect function return SOCKET_ERROR
2013-08-12 08:07:24 lv1:MS:socket err:10061 -- CGACDConnector::OnError -- CTcpSocket::Connect -- ::connect function return SOCKET_ERROR
2013-08-12 08:07:24 lv1:MS:socket err:10061 -- CKManagerServerConnector::OnError -- CTcpSocket::Connect -- ::connect function return SOCKET_ERROR
2013-08-12 08:07:29 lv1:MS:socket err:10061 -- CGACDConnector::OnError -- CTcpSocket::Connect -- ::connect function return SOCKET_ERROR
2013-08-12 08:07:29 lv1:MS:socket err:10061 -- CKManagerServerConnector::OnError -- CTcpSocket::Connect -- ::connect function return SOCKET_ERROR
2013-08-12 08:07:34 lv1:MS:socket err:10061 -- CGACDConnector::OnError -- CTcpSocket::Connect -- ::connect function return SOCKET_ERROR
2013-08-12 08:07:34 lv1:MS:socket err:10061 -- CKManagerServerConnector::OnError -- CTcpSocket::Connect -- ::connect function return SOCKET_ERROR
2013-08-12 08:07:39 lv1:MS:socket err:10061 -- CGACDConnector::OnError -- CTcpSocket::Connect -- ::connect function return SOCKET_ERROR
2013-08-12 08:07:39 lv1:MS:socket err:10061 -- CKManagerServerConnector::OnError -- CTcpSocket::Connect -- ::connect function return SOCKET_ERROR
2013-08-12 08:07:44 lv1:MS:socket err:10061 -- CGACDConnector::OnError -- CTcpSocket::Connect -- ::connect function return SOCKET_ERROR
2013-08-12 08:07:44 lv1:MS:socket err:10061 -- CKManagerServerConnector::OnError -- CTcpSocket::Connect -- ::connect function return SOCKET_ERROR
2013-08-12 08:07:49 lv1:MS:socket err:10061 -- CGACDConnector::OnError -- CTcpSocket::Connect -- ::connect function return SOCKET_ERROR
2013-08-12 08:07:49 lv1:MS:socket err:10061 -- CKManagerServerConnector::OnError -- CTcpSocket::Connect -- ::connect function return SOCKET_ERROR
2013-08-12 08:07:54 lv1:MS:socket err:10061 -- CGACDConnector::OnError -- CTcpSocket::Connect -- ::connect function return SOCKET_ERROR
2013-08-12 08:07:54 lv1:MS:socket err:10061 -- CKManagerServerConnector::OnError -- CTcpSocket::Connect -- ::connect function return SOCKET_ERROR
2013-08-12 08:07:59 lv1:MS:socket err:10061 -- CGACDConnector::OnError -- CTcpSocket::Connect -- ::connect function return SOCKET_ERROR
2013-08-12 08:07:59 lv1:MS:socket err:10061 -- CKManagerServerConnector::OnError -- CTcpSocket::Connect -- ::connect function return SOCKET_ERROR
2013-08-12 08:08:04 lv1:MS:socket err:10061 -- CGACDConnector::OnError -- CTcpSocket::Connect -- ::connect function return SOCKET_ERROR
2013-08-12 08:08:04 lv1:MS:socket err:10061 -- CKManagerServerConnector::OnError -- CTcpSocket::Connect -- ::connect function return SOCKET_ERROR
2013-08-12 08:08:09 lv1:MS:socket err:10061 -- CGACDConnector::OnError -- CTcpSocket::Connect -- ::connect function return SOCKET_ERROR
2013-08-12 08:08:09 lv1:MS:socket err:10061 -- CKManagerServerConnector::OnError -- CTcpSocket::Connect -- ::connect function return SOCKET_ERROR
2013-08-12 08:08:14 lv1:MS:socket err:10061 -- CKManagerServerConnector::OnError -- CTcpSocket::Connect -- ::connect function return SOCKET_ERROR
2013-08-12 08:08:14 lv1:MS:socket err:10061 -- CGACDConnector::OnError -- CTcpSocket::Connect -- ::connect function return SOCKET_ERROR
2013-08-12 08:08:19 lv1:MS:socket err:10061 -- CGACDConnector::OnError -- CTcpSocket::Connect -- ::connect function return SOCKET_ERROR
2013-08-12 08:08:19 lv1:MS:socket err:10061 -- CKManagerServerConnector::OnError -- CTcpSocket::Connect -- ::connect function return SOCKET_ERROR
2013-08-12 08:08:24 lv1:MS:socket err:10061 -- CGACDConnector::OnError -- CTcpSocket::Connect -- ::connect function return SOCKET_ERROR
2013-08-12 08:08:24 lv1:MS:socket err:10061 -- CKManagerServerConnector::OnError -- CTcpSocket::Connect -- ::connect function return SOCKET_ERROR
2013-08-12 08:08:29 lv1:MS:socket err:10061 -- CGACDConnector::OnError -- CTcpSocket::Connect -- ::connect function return SOCKET_ERROR
2013-08-12 08:08:29 lv1:MS:socket err:10061 -- CKManagerServerConnector::OnError -- CTcpSocket::Connect -- ::connect function return SOCKET_ERROR
2013-08-12 08:08:34 lv1:MS:socket err:10061 -- CGACDConnector::OnError -- CTcpSocket::Connect -- ::connect function return SOCKET_ERROR
2013-08-12 08:08:34 lv1:MS:socket err:10061 -- CKManagerServerConnector::OnError -- CTcpSocket::Connect -- ::connect function return SOCKET_ERROR
2013-08-12 08:08:39 lv1:MS:socket err:10061 -- CGACDConnector::OnError -- CTcpSocket::Connect -- ::connect function return SOCKET_ERROR
2013-08-12 08:08:39 lv1:MS:socket err:10061 -- CKManagerServerConnector::OnError -- CTcpSocket::Connect -- ::connect function return SOCKET_ERROR
2013-08-12 08:08:44 lv1:MS:socket err:10061 -- CGACDConnector::OnError -- CTcpSocket::Connect -- ::connect function return SOCKET_ERROR
2013-08-12 08:08:44 lv1:MS:socket err:10061 -- CKManagerServerConnector::OnError -- CTcpSocket::Connect -- ::connect function return SOCKET_ERROR
2013-08-12 08:08:49 lv1:MS:socket err:10061 -- CGACDConnector::OnError -- CTcpSocket::Connect -- ::connect function return SOCKET_ERROR
2013-08-12 08:08:49 lv1:MS:socket err:10061 -- CKManagerServerConnector::OnError -- CTcpSocket::Connect -- ::connect function return SOCKET_ERROR
2013-08-12 08:08:54 lv1:MS:socket err:10061 -- CKManagerServerConnector::OnError -- CTcpSocket::Connect -- ::connect function return SOCKET_ERROR
2013-08-12 08:08:54 lv1:MS:socket err:10061 -- CGACDConnector::OnError -- CTcpSocket::Connect -- ::connect function return SOCKET_ERROR
2013-08-12 08:08:59 lv1:MS:socket err:10061 -- CGACDConnector::OnError -- CTcpSocket::Connect -- ::connect function return SOCKET_ERROR
2013-08-12 08:08:59 lv1:MS:socket err:10061 -- CKManagerServerConnector::OnError -- CTcpSocket::Connect -- ::connect function return SOCKET_ERROR
2013-08-12 08:09:04 lv1:MS:socket err:10061 -- CKManagerServerConnector::OnError -- CTcpSocket::Connect -- ::connect function return SOCKET_ERROR
2013-08-12 08:09:04 lv1:MS:socket err:10061 -- CGACDConnector::OnError -- CTcpSocket::Connect -- ::connect function return SOCKET_ERROR
2013-08-12 08:09:09 lv1:MS:socket err:10061 -- CGACDConnector::OnError -- CTcpSocket::Connect -- ::connect function return SOCKET_ERROR
2013-08-12 08:09:09 lv1:MS:socket err:10061 -- CKManagerServerConnector::OnError -- CTcpSocket::Connect -- ::connect function return SOCKET_ERROR
2013-08-12 08:09:14 lv1:MS:socket err:10061 -- CGACDConnector::OnError -- CTcpSocket::Connect -- ::connect function return SOCKET_ERROR
2013-08-12 08:09:14 lv1:MS:socket err:10061 -- CKManagerServerConnector::OnError -- CTcpSocket::Connect -- ::connect function return SOCKET_ERROR
2013-08-12 08:09:19 lv1:MS:socket err:10061 -- CKManagerServerConnector::OnError -- CTcpSocket::Connect -- ::connect function return SOCKET_ERROR
2013-08-12 08:09:19 lv1:MS:socket err:10061 -- CGACDConnector::OnError -- CTcpSocket::Connect -- ::connect function return SOCKET_ERROR
2013-08-12 08:09:24 lv1:MS:socket err:10061 -- CGACDConnector::OnError -- CTcpSocket::Connect -- ::connect function return SOCKET_ERROR
2013-08-12 08:09:24 lv1:MS:socket err:10061 -- CKManagerServerConnector::OnError -- CTcpSocket::Connect -- ::connect function return SOCKET_ERROR
2013-08-12 08:09:29 lv1:MS:socket err:10061 -- CGACDConnector::OnError -- CTcpSocket::Connect -- ::connect function return SOCKET_ERROR
2013-08-12 08:09:29 lv1:MS:socket err:10061 -- CKManagerServerConnector::OnError -- CTcpSocket::Connect -- ::connect function return SOCKET_ERROR
2013-08-12 08:09:34 lv1:MS:socket err:10061 -- CGACDConnector::OnError -- CTcpSocket::Connect -- ::connect function return SOCKET_ERROR
2013-08-12 08:09:34 lv1:MS:socket err:10061 -- CKManagerServerConnector::OnError -- CTcpSocket::Connect -- ::connect function return SOCKET_ERROR
2013-08-12 08:09:39 lv1:MS:socket err:10061 -- CGACDConnector::OnError -- CTcpSocket::Connect -- ::connect function return SOCKET_ERROR
2013-08-12 08:09:39 lv1:MS:socket err:10061 -- CKManagerServerConnector::OnError -- CTcpSocket::Connect -- ::connect function return SOCKET_ERROR
2013-08-12 08:09:44 lv1:MS:socket err:10061 -- CKManagerServerConnector::OnError -- CTcpSocket::Connect -- ::connect function return SOCKET_ERROR
2013-08-12 08:09:44 lv1:MS:socket err:10061 -- CGACDConnector::OnError -- CTcpSocket::Connect -- ::connect function return SOCKET_ERROR
2013-08-12 08:09:49 lv1:MS:socket err:10061 -- CKManagerServerConnector::OnError -- CTcpSocket::Connect -- ::connect function return SOCKET_ERROR
2013-08-12 08:09:49 lv1:MS:socket err:10061 -- CGACDConnector::OnError -- CTcpSocket::Connect -- ::connect function return SOCKET_ERROR
2013-08-12 08:09:54 lv1:MS:socket err:10061 -- CGACDConnector::OnError -- CTcpSocket::Connect -- ::connect function return SOCKET_ERROR
2013-08-12 08:09:54 lv1:MS:socket err:10061 -- CKManagerServerConnector::OnError -- CTcpSocket::Connect -- ::connect function return SOCKET_ERROR
2013-08-12 08:09:59 lv1:MS:socket err:10061 -- CGACDConnector::OnError -- CTcpSocket::Connect -- ::connect function return SOCKET_ERROR
2013-08-12 08:09:59 lv1:MS:socket err:10061 -- CKManagerServerConnector::OnError -- CTcpSocket::Connect -- ::connect function return SOCKET_ERROR
2013-08-12 08:10:04 lv1:MS:socket err:10061 -- CGACDConnector::OnError -- CTcpSocket::Connect -- ::connect function return SOCKET_ERROR
2013-08-12 08:10:04 lv1:MS:socket err:10061 -- CKManagerServerConnector::OnError -- CTcpSocket::Connect -- ::connect function return SOCKET_ERROR
2013-08-12 08:10:09 lv1:MS:socket err:10061 -- CGACDConnector::OnError -- CTcpSocket::Connect -- ::connect function return SOCKET_ERROR
2013-08-12 08:10:09 lv1:MS:socket err:10061 -- CKManagerServerConnector::OnError -- CTcpSocket::Connect -- ::connect function return SOCKET_ERROR
2013-08-12 08:10:14 lv1:MS:socket err:10061 -- CKManagerServerConnector::OnError -- CTcpSocket::Connect -- ::connect function return SOCKET_ERROR
2013-08-12 08:10:14 lv1:MS:socket err:10061 -- CGACDConnector::OnError -- CTcpSocket::Connect -- ::connect function return SOCKET_ERROR
2013-08-12 08:10:19 lv1:MS:socket err:10061 -- CGACDConnector::OnError -- CTcpSocket::Connect -- ::connect function return SOCKET_ERROR
2013-08-12 08:10:19 lv1:MS:socket err:10061 -- CKManagerServerConnector::OnError -- CTcpSocket::Connect -- ::connect function return SOCKET_ERROR
2013-08-12 08:10:24 lv1:MS:socket err:10061 -- CKManagerServerConnector::OnError -- CTcpSocket::Connect -- ::connect function return SOCKET_ERROR
2013-08-12 08:10:24 lv1:MS:socket err:10061 -- CGACDConnector::OnError -- CTcpSocket::Connect -- ::connect function return SOCKET_ERROR
2013-08-12 08:10:29 lv1:MS:socket err:10061 -- CKManagerServerConnector::OnError -- CTcpSocket::Connect -- ::connect function return SOCKET_ERROR
2013-08-12 08:10:29 lv1:MS:socket err:10061 -- CGACDConnector::OnError -- CTcpSocket::Connect -- ::connect function return SOCKET_ERROR
2013-08-12 08:10:34 lv1:MS:socket err:10061 -- CKManagerServerConnector::OnError -- CTcpSocket::Connect -- ::connect function return SOCKET_ERROR
2013-08-12 08:10:34 lv1:MS:socket err:10061 -- CGACDConnector::OnError -- CTcpSocket::Connect -- ::connect function return SOCKET_ERROR
2013-08-12 08:10:39 lv1:MS:socket err:10061 -- CKManagerServerConnector::OnError -- CTcpSocket::Connect -- ::connect function return SOCKET_ERROR
2013-08-12 08:10:39 lv1:MS:socket err:10061 -- CGACDConnector::OnError -- CTcpSocket::Connect -- ::connect function return SOCKET_ERROR
2013-08-12 08:10:44 lv1:MS:socket err:10061 -- CKManagerServerConnector::OnError -- CTcpSocket::Connect -- ::connect function return SOCKET_ERROR
2013-08-12 08:10:44 lv1:MS:socket err:10061 -- CGACDConnector::OnError -- CTcpSocket::Connect -- ::connect function return SOCKET_ERROR
2013-08-12 08:10:49 lv1:MS:socket err:10061 -- CGACDConnector::OnError -- CTcpSocket::Connect -- ::connect function return SOCKET_ERROR
2013-08-12 08:10:49 lv1:MS:socket err:10061 -- CKManagerServerConnector::OnError -- CTcpSocket::Connect -- ::connect function return SOCKET_ERROR
2013-08-12 08:10:54 lv1:MS:socket err:10061 -- CKManagerServerConnector::OnError -- CTcpSocket::Connect -- ::connect function return SOCKET_ERROR
2013-08-12 08:10:54 lv1:MS:socket err:10061 -- CGACDConnector::OnError -- CTcpSocket::Connect -- ::connect function return SOCKET_ERROR
2013-08-12 08:10:59 lv1:MS:socket err:10061 -- CGACDConnector::OnError -- CTcpSocket::Connect -- ::connect function return SOCKET_ERROR
2013-08-12 08:10:59 lv1:MS:socket err:10061 -- CKManagerServerConnector::OnError -- CTcpSocket::Connect -- ::connect function return SOCKET_ERROR
2013-08-12 08:11:04 lv1:MS:socket err:10061 -- CKManagerServerConnector::OnError -- CTcpSocket::Connect -- ::connect function return SOCKET_ERROR
2013-08-12 08:11:04 lv1:MS:socket err:10061 -- CGACDConnector::OnError -- CTcpSocket::Connect -- ::connect function return SOCKET_ERROR
2013-08-12 08:11:09 lv1:MS:socket err:10061 -- CGACDConnector::OnError -- CTcpSocket::Connect -- ::connect function return SOCKET_ERROR
2013-08-12 08:11:09 lv1:MS:socket err:10061 -- CKManagerServerConnector::OnError -- CTcpSocket::Connect -- ::connect function return SOCKET_ERROR
2013-08-12 08:11:14 lv1:MS:socket err:10061 -- CGACDConnector::OnError -- CTcpSocket::Connect -- ::connect function return SOCKET_ERROR
2013-08-12 08:11:14 lv1:MS:socket err:10061 -- CKManagerServerConnector::OnError -- CTcpSocket::Connect -- ::connect function return SOCKET_ERROR
2013-08-12 08:11:19 lv1:MS:socket err:10061 -- CKManagerServerConnector::OnError -- CTcpSocket::Connect -- ::connect function return SOCKET_ERROR
2013-08-12 08:11:19 lv1:MS:socket err:10061 -- CGACDConnector::OnError -- CTcpSocket::Connect -- ::connect function return SOCKET_ERROR
2013-08-12 08:11:24 lv1:MS:socket err:10061 -- CKManagerServerConnector::OnError -- CTcpSocket::Connect -- ::connect function return SOCKET_ERROR
2013-08-12 08:11:24 lv1:MS:socket err:10061 -- CGACDConnector::OnError -- CTcpSocket::Connect -- ::connect function return SOCKET_ERROR
2013-08-12 08:11:29 lv1:MS:socket err:10061 -- CKManagerServerConnector::OnError -- CTcpSocket::Connect -- ::connect function return SOCKET_ERROR
2013-08-12 08:11:29 lv1:MS:socket err:10061 -- CGACDConnector::OnError -- CTcpSocket::Connect -- ::connect function return SOCKET_ERROR
2013-08-12 08:11:34 lv1:MS:socket err:10061 -- CGACDConnector::OnError -- CTcpSocket::Connect -- ::connect function return SOCKET_ERROR
2013-08-12 08:11:34 lv1:MS:socket err:10061 -- CKManagerServerConnector::OnError -- CTcpSocket::Connect -- ::connect function return SOCKET_ERROR
2013-08-12 08:11:39 lv1:MS:socket err:10061 -- CGACDConnector::OnError -- CTcpSocket::Connect -- ::connect function return SOCKET_ERROR
2013-08-12 08:11:39 lv1:MS:socket err:10061 -- CKManagerServerConnector::OnError -- CTcpSocket::Connect -- ::connect function return SOCKET_ERROR
2013-08-12 08:11:44 lv1:MS:socket err:10061 -- CGACDConnector::OnError -- CTcpSocket::Connect -- ::connect function return SOCKET_ERROR
2013-08-12 08:11:44 lv1:MS:socket err:10061 -- CKManagerServerConnector::OnError -- CTcpSocket::Connect -- ::connect function return SOCKET_ERROR
2013-08-12 08:11:49 lv1:MS:socket err:10061 -- CKManagerServerConnector::OnError -- CTcpSocket::Connect -- ::connect function return SOCKET_ERROR
2013-08-12 08:11:49 lv1:MS:socket err:10061 -- CGACDConnector::OnError -- CTcpSocket::Connect -- ::connect function return SOCKET_ERROR
2013-08-12 08:11:54 lv1:MS:socket err:10061 -- CKManagerServerConnector::OnError -- CTcpSocket::Connect -- ::connect function return SOCKET_ERROR
2013-08-12 08:11:54 lv1:MS:socket err:10061 -- CGACDConnector::OnError -- CTcpSocket::Connect -- ::connect function return SOCKET_ERROR
2013-08-12 08:11:59 lv1:MS:socket err:10061 -- CGACDConnector::OnError -- CTcpSocket::Connect -- ::connect function return SOCKET_ERROR
2013-08-12 08:11:59 lv1:MS:socket err:10061 -- CKManagerServerConnector::OnError -- CTcpSocket::Connect -- ::connect function return SOCKET_ERROR
2013-08-12 08:12:04 lv1:MS:socket err:10061 -- CGACDConnector::OnError -- CTcpSocket::Connect -- ::connect function return SOCKET_ERROR
2013-08-12 08:12:04 lv1:MS:socket err:10061 -- CKManagerServerConnector::OnError -- CTcpSocket::Connect -- ::connect function return SOCKET_ERROR
2013-08-12 08:12:09 lv1:MS:socket err:10061 -- CKManagerServerConnector::OnError -- CTcpSocket::Connect -- ::connect function return SOCKET_ERROR
2013-08-12 08:12:09 lv1:MS:socket err:10061 -- CGACDConnector::OnError -- CTcpSocket::Connect -- ::connect function return SOCKET_ERROR
2013-08-12 08:12:14 lv1:MS:socket err:10061 -- CKManagerServerConnector::OnError -- CTcpSocket::Connect -- ::connect function return SOCKET_ERROR
2013-08-12 08:12:14 lv1:MS:socket err:10061 -- CGACDConnector::OnError -- CTcpSocket::Connect -- ::connect function return SOCKET_ERROR
2013-08-12 08:12:19 lv1:MS:socket err:10061 -- CKManagerServerConnector::OnError -- CTcpSocket::Connect -- ::connect function return SOCKET_ERROR
2013-08-12 08:12:19 lv1:MS:socket err:10061 -- CGACDConnector::OnError -- CTcpSocket::Connect -- ::connect function return SOCKET_ERROR
2013-08-12 08:12:24 lv1:MS:socket err:10061 -- CKManagerServerConnector::OnError -- CTcpSocket::Connect -- ::connect function return SOCKET_ERROR
2013-08-12 08:12:24 lv1:MS:socket err:10061 -- CGACDConnector::OnError -- CTcpSocket::Connect -- ::connect function return SOCKET_ERROR
2013-08-12 08:12:29 lv1:MS:socket err:10061 -- CGACDConnector::OnError -- CTcpSocket::Connect -- ::connect function return SOCKET_ERROR
2013-08-12 08:12:29 lv1:MS:socket err:10061 -- CKManagerServerConnector::OnError -- CTcpSocket::Connect -- ::connect function return SOCKET_ERROR
2013-08-12 08:12:34 lv1:MS:socket err:10061 -- CKManagerServerConnector::OnError -- CTcpSocket::Connect -- ::connect function return SOCKET_ERROR
2013-08-12 08:12:34 lv1:MS:socket err:10061 -- CGACDConnector::OnError -- CTcpSocket::Connect -- ::connect function return SOCKET_ERROR
2013-08-12 08:12:39 lv1:MS:socket err:10061 -- CKManagerServerConnector::OnError -- CTcpSocket::Connect -- ::connect function return SOCKET_ERROR
2013-08-12 08:12:39 lv1:MS:socket err:10061 -- CGACDConnector::OnError -- CTcpSocket::Connect -- ::connect function return SOCKET_ERROR
2013-08-12 08:12:44 lv1:MS:socket err:10061 -- CKManagerServerConnector::OnError -- CTcpSocket::Connect -- ::connect function return SOCKET_ERROR
2013-08-12 08:12:44 lv1:MS:socket err:10061 -- CGACDConnector::OnError -- CTcpSocket::Connect -- ::connect function return SOCKET_ERROR
2013-08-12 08:12:49 lv1:MS:socket err:10061 -- CKManagerServerConnector::OnError -- CTcpSocket::Connect -- ::connect function return SOCKET_ERROR
2013-08-12 08:12:49 lv1:MS:socket err:10061 -- CGACDConnector::OnError -- CTcpSocket::Connect -- ::connect function return SOCKET_ERROR
2013-08-12 08:12:54 lv1:MS:socket err:10061 -- CGACDConnector::OnError -- CTcpSocket::Connect -- ::connect function return SOCKET_ERROR
2013-08-12 08:12:54 lv1:MS:socket err:10061 -- CKManagerServerConnector::OnError -- CTcpSocket::Connect -- ::connect function return SOCKET_ERROR
2013-08-12 08:12:59 lv1:MS:socket err:10061 -- CGACDConnector::OnError -- CTcpSocket::Connect -- ::connect function return SOCKET_ERROR
2013-08-12 08:12:59 lv1:MS:socket err:10061 -- CKManagerServerConnector::OnError -- CTcpSocket::Connect -- ::connect function return SOCKET_ERROR
2013-08-12 08:13:04 lv1:MS:socket err:10061 -- CKManagerServerConnector::OnError -- CTcpSocket::Connect -- ::connect function return SOCKET_ERROR
2013-08-12 08:13:04 lv1:MS:socket err:10061 -- CGACDConnector::OnError -- CTcpSocket::Connect -- ::connect function return SOCKET_ERROR
2013-08-12 08:13:09 lv1:MS:socket err:10061 -- CKManagerServerConnector::OnError -- CTcpSocket::Connect -- ::connect function return SOCKET_ERROR
2013-08-12 08:13:09 lv1:MS:socket err:10061 -- CGACDConnector::OnError -- CTcpSocket::Connect -- ::connect function return SOCKET_ERROR
2013-08-12 08:13:14 lv1:MS:socket err:10061 -- CKManagerServerConnector::OnError -- CTcpSocket::Connect -- ::connect function return SOCKET_ERROR
2013-08-12 08:13:14 lv1:MS:socket err:10061 -- CGACDConnector::OnError -- CTcpSocket::Connect -- ::connect function return SOCKET_ERROR
2013-08-12 08:13:19 lv1:MS:socket err:10061 -- CKManagerServerConnector::OnError -- CTcpSocket::Connect -- ::connect function return SOCKET_ERROR
2013-08-12 08:13:19 lv1:MS:socket err:10061 -- CGACDConnector::OnError -- CTcpSocket::Connect -- ::connect function return SOCKET_ERROR
2013-08-12 08:13:24 lv1:MS:socket err:10061 -- CKManagerServerConnector::OnError -- CTcpSocket::Connect -- ::connect function return SOCKET_ERROR
2013-08-12 08:13:24 lv1:MS:socket err:10061 -- CGACDConnector::OnError -- CTcpSocket::Connect -- ::connect function return SOCKET_ERROR
2013-08-12 08:13:29 lv1:MS:socket err:10061 -- CKManagerServerConnector::OnError -- CTcpSocket::Connect -- ::connect function return SOCKET_ERROR
2013-08-12 08:13:29 lv1:MS:socket err:10061 -- CGACDConnector::OnError -- CTcpSocket::Connect -- ::connect function return SOCKET_ERROR
2013-08-12 08:13:34 lv1:MS:socket err:10061 -- CKManagerServerConnector::OnError -- CTcpSocket::Connect -- ::connect function return SOCKET_ERROR
2013-08-12 08:13:34 lv1:MS:socket err:10061 -- CGACDConnector::OnError -- CTcpSocket::Connect -- ::connect function return SOCKET_ERROR
2013-08-12 08:13:39 lv1:MS:socket err:10061 -- CKManagerServerConnector::OnError -- CTcpSocket::Connect -- ::connect function return SOCKET_ERROR
2013-08-12 08:13:39 lv1:MS:socket err:10061 -- CGACDConnector::OnError -- CTcpSocket::Connect -- ::connect function return SOCKET_ERROR
2013-08-12 08:13:44 lv1:MS:socket err:10061 -- CKManagerServerConnector::OnError -- CTcpSocket::Connect -- ::connect function return SOCKET_ERROR
2013-08-12 08:13:44 lv1:MS:socket err:10061 -- CGACDConnector::OnError -- CTcpSocket::Connect -- ::connect function return SOCKET_ERROR
2013-08-12 08:13:49 lv1:MS:socket err:10061 -- CGACDConnector::OnError -- CTcpSocket::Connect -- ::connect function return SOCKET_ERROR
2013-08-12 08:13:49 lv1:MS:socket err:10061 -- CKManagerServerConnector::OnError -- CTcpSocket::Connect -- ::connect function return SOCKET_ERROR
2013-08-12 08:13:54 lv1:MS:socket err:10061 -- CKManagerServerConnector::OnError -- CTcpSocket::Connect -- ::connect function return SOCKET_ERROR
2013-08-12 08:13:54 lv1:MS:socket err:10061 -- CGACDConnector::OnError -- CTcpSocket::Connect -- ::connect function return SOCKET_ERROR
2013-08-12 08:13:59 lv1:MS:socket err:10061 -- CKManagerServerConnector::OnError -- CTcpSocket::Connect -- ::connect function return SOCKET_ERROR
2013-08-12 08:13:59 lv1:MS:socket err:10061 -- CGACDConnector::OnError -- CTcpSocket::Connect -- ::connect function return SOCKET_ERROR
2013-08-12 08:14:04 lv1:MS:socket err:10061 -- CKManagerServerConnector::OnError -- CTcpSocket::Connect -- ::connect function return SOCKET_ERROR
2013-08-12 08:14:04 lv1:MS:socket err:10061 -- CGACDConnector::OnError -- CTcpSocket::Connect -- ::connect function return SOCKET_ERROR
2013-08-12 08:14:09 lv1:MS:socket err:10061 -- CKManagerServerConnector::OnError -- CTcpSocket::Connect -- ::connect function return SOCKET_ERROR
2013-08-12 08:14:09 lv1:MS:socket err:10061 -- CGACDConnector::OnError -- CTcpSocket::Connect -- ::connect function return SOCKET_ERROR
2013-08-12 08:14:14 lv1:MS:socket err:10061 -- CGACDConnector::OnError -- CTcpSocket::Connect -- ::connect function return SOCKET_ERROR
2013-08-12 08:14:14 lv1:MS:socket err:10061 -- CKManagerServerConnector::OnError -- CTcpSocket::Connect -- ::connect function return SOCKET_ERROR
2013-08-12 08:14:19 lv1:MS:socket err:10061 -- CGACDConnector::OnError -- CTcpSocket::Connect -- ::connect function return SOCKET_ERROR
2013-08-12 08:14:19 lv1:MS:socket err:10061 -- CKManagerServerConnector::OnError -- CTcpSocket::Connect -- ::connect function return SOCKET_ERROR
2013-08-12 08:14:24 lv1:MS:socket err:10061 -- CGACDConnector::OnError -- CTcpSocket::Connect -- ::connect function return SOCKET_ERROR
2013-08-12 08:14:24 lv1:MS:socket err:10061 -- CKManagerServerConnector::OnError -- CTcpSocket::Connect -- ::connect function return SOCKET_ERROR
2013-08-12 08:14:29 lv1:MS:socket err:10061 -- CKManagerServerConnector::OnError -- CTcpSocket::Connect -- ::connect function return SOCKET_ERROR
2013-08-12 08:14:29 lv1:MS:socket err:10061 -- CGACDConnector::OnError -- CTcpSocket::Connect -- ::connect function return SOCKET_ERROR
2013-08-12 08:14:34 lv1:MS:socket err:10061 -- CKManagerServerConnector::OnError -- CTcpSocket::Connect -- ::connect function return SOCKET_ERROR
2013-08-12 08:14:34 lv1:MS:socket err:10061 -- CGACDConnector::OnError -- CTcpSocket::Connect -- ::connect function return SOCKET_ERROR
2013-08-12 08:14:39 lv1:MS:socket err:10061 -- CKManagerServerConnector::OnError -- CTcpSocket::Connect -- ::connect function return SOCKET_ERROR
2013-08-12 08:14:39 lv1:MS:socket err:10061 -- CGACDConnector::OnError -- CTcpSocket::Connect -- ::connect function return SOCKET_ERROR
2013-08-12 08:14:44 lv1:MS:socket err:10061 -- CKManagerServerConnector::OnError -- CTcpSocket::Connect -- ::connect function return SOCKET_ERROR
2013-08-12 08:14:44 lv1:MS:socket err:10061 -- CGACDConnector::OnError -- CTcpSocket::Connect -- ::connect function return SOCKET_ERROR
2013-08-12 08:14:49 lv1:MS:socket err:10061 -- CKManagerServerConnector::OnError -- CTcpSocket::Connect -- ::connect function return SOCKET_ERROR
2013-08-12 08:14:49 lv1:MS:socket err:10061 -- CGACDConnector::OnError -- CTcpSocket::Connect -- ::connect function return SOCKET_ERROR
2013-08-12 08:14:54 lv1:MS:socket err:10061 -- CKManagerServerConnector::OnError -- CTcpSocket::Connect -- ::connect function return SOCKET_ERROR
2013-08-12 08:14:54 lv1:MS:socket err:10061 -- CGACDConnector::OnError -- CTcpSocket::Connect -- ::connect function return SOCKET_ERROR
2013-08-12 08:14:59 lv1:MS:socket err:10061 -- CGACDConnector::OnError -- CTcpSocket::Connect -- ::connect function return SOCKET_ERROR
2013-08-12 08:14:59 lv1:MS:socket err:10061 -- CKManagerServerConnector::OnError -- CTcpSocket::Connect -- ::connect function return SOCKET_ERROR
2013-08-12 08:15:04 lv1:MS:socket err:10061 -- CKManagerServerConnector::OnError -- CTcpSocket::Connect -- ::connect function return SOCKET_ERROR
2013-08-12 08:15:04 lv1:MS:socket err:10061 -- CGACDConnector::OnError -- CTcpSocket::Connect -- ::connect function return SOCKET_ERROR
2013-08-12 08:15:09 lv1:MS:socket err:10061 -- CKManagerServerConnector::OnError -- CTcpSocket::Connect -- ::connect function return SOCKET_ERROR
2013-08-12 08:15:09 lv1:MS:socket err:10061 -- CGACDConnector::OnError -- CTcpSocket::Connect -- ::connect function return SOCKET_ERROR
2013-08-12 08:15:14 lv1:MS:socket err:10061 -- CKManagerServerConnector::OnError -- CTcpSocket::Connect -- ::connect function return SOCKET_ERROR
2013-08-12 08:15:15 lv1:MS:socket err:10061 -- CGACDConnector::OnError -- CTcpSocket::Connect -- ::connect function return SOCKET_ERROR
2013-08-12 08:15:19 lv1:MS:socket err:10061 -- CGACDConnector::OnError -- CTcpSocket::Connect -- ::connect function return SOCKET_ERROR
2013-08-12 08:15:19 lv1:MS:socket err:10061 -- CKManagerServerConnector::OnError -- CTcpSocket::Connect -- ::connect function return SOCKET_ERROR
2013-08-12 08:15:24 lv1:MS:socket err:10061 -- CGACDConnector::OnError -- CTcpSocket::Connect -- ::connect function return SOCKET_ERROR
2013-08-12 08:15:24 lv1:MS:socket err:10061 -- CKManagerServerConnector::OnError -- CTcpSocket::Connect -- ::connect function return SOCKET_ERROR
2013-08-12 08:15:29 lv1:MS:socket err:10061 -- CKManagerServerConnector::OnError -- CTcpSocket::Connect -- ::connect function return SOCKET_ERROR
2013-08-12 08:15:29 lv1:MS:socket err:10061 -- CGACDConnector::OnError -- CTcpSocket::Connect -- ::connect function return SOCKET_ERROR
2013-08-12 08:15:34 lv1:MS:socket err:10061 -- CGACDConnector::OnError -- CTcpSocket::Connect -- ::connect function return SOCKET_ERROR
2013-08-12 08:15:34 lv1:MS:socket err:10061 -- CKManagerServerConnector::OnError -- CTcpSocket::Connect -- ::connect function return SOCKET_ERROR
2013-08-12 08:15:39 lv1:MS:socket err:10061 -- CKManagerServerConnector::OnError -- CTcpSocket::Connect -- ::connect function return SOCKET_ERROR
2013-08-12 08:15:39 lv1:MS:socket err:10061 -- CGACDConnector::OnError -- CTcpSocket::Connect -- ::connect function return SOCKET_ERROR
2013-08-12 08:15:44 lv1:MS:socket err:10061 -- CGACDConnector::OnError -- CTcpSocket::Connect -- ::connect function return SOCKET_ERROR
2013-08-12 08:15:44 lv1:MS:socket err:10061 -- CKManagerServerConnector::OnError -- CTcpSocket::Connect -- ::connect function return SOCKET_ERROR
2013-08-12 08:15:49 lv1:MS:socket err:10061 -- CKManagerServerConnector::OnError -- CTcpSocket::Connect -- ::connect function return SOCKET_ERROR
2013-08-12 08:15:49 lv1:MS:socket err:10061 -- CGACDConnector::OnError -- CTcpSocket::Connect -- ::connect function return SOCKET_ERROR
2013-08-12 08:15:54 lv1:MS:socket err:10061 -- CKManagerServerConnector::OnError -- CTcpSocket::Connect -- ::connect function return SOCKET_ERROR
2013-08-12 08:15:54 lv1:MS:socket err:10061 -- CGACDConnector::OnError -- CTcpSocket::Connect -- ::connect function return SOCKET_ERROR
2013-08-12 08:15:59 lv1:MS:socket err:10061 -- CKManagerServerConnector::OnError -- CTcpSocket::Connect -- ::connect function return SOCKET_ERROR
2013-08-12 08:15:59 lv1:MS:socket err:10061 -- CGACDConnector::OnError -- CTcpSocket::Connect -- ::connect function return SOCKET_ERROR
2013-08-12 08:16:04 lv1:MS:socket err:10061 -- CKManagerServerConnector::OnError -- CTcpSocket::Connect -- ::connect function return SOCKET_ERROR
2013-08-12 08:16:04 lv1:MS:socket err:10061 -- CGACDConnector::OnError -- CTcpSocket::Connect -- ::connect function return SOCKET_ERROR
2013-08-12 08:16:09 lv1:MS:socket err:10061 -- CKManagerServerConnector::OnError -- CTcpSocket::Connect -- ::connect function return SOCKET_ERROR
2013-08-12 08:16:09 lv1:MS:socket err:10061 -- CGACDConnector::OnError -- CTcpSocket::Connect -- ::connect function return SOCKET_ERROR
2013-08-12 08:16:14 lv1:MS:socket err:10061 -- CKManagerServerConnector::OnError -- CTcpSocket::Connect -- ::connect function return SOCKET_ERROR
2013-08-12 08:16:14 lv1:MS:socket err:10061 -- CGACDConnector::OnError -- CTcpSocket::Connect -- ::connect function return SOCKET_ERROR
2013-08-12 08:16:19 lv1:MS:socket err:10061 -- CKManagerServerConnector::OnError -- CTcpSocket::Connect -- ::connect function return SOCKET_ERROR
2013-08-12 08:16:19 lv1:MS:socket err:10061 -- CGACDConnector::OnError -- CTcpSocket::Connect -- ::connect function return SOCKET_ERROR
2013-08-12 08:16:25 lv1:MS:socket err:10061 -- CKManagerServerConnector::OnError -- CTcpSocket::Connect -- ::connect function return SOCKET_ERROR
2013-08-12 08:16:25 lv1:MS:socket err:10061 -- CGACDConnector::OnError -- CTcpSocket::Connect -- ::connect function return SOCKET_ERROR
2013-08-12 08:16:29 lv1:MS:socket err:10061 -- CGACDConnector::OnError -- CTcpSocket::Connect -- ::connect function return SOCKET_ERROR
2013-08-12 08:16:29 lv1:MS:socket err:10061 -- CKManagerServerConnector::OnError -- CTcpSocket::Connect -- ::connect function return SOCKET_ERROR
2013-08-12 08:16:34 lv1:MS:socket err:10061 -- CGACDConnector::OnError -- CTcpSocket::Connect -- ::connect function return SOCKET_ERROR
2013-08-12 08:16:34 lv1:MS:socket err:10061 -- CKManagerServerConnector::OnError -- CTcpSocket::Connect -- ::connect function return SOCKET_ERROR
2013-08-12 08:16:39 lv1:MS:socket err:10061 -- CKManagerServerConnector::OnError -- CTcpSocket::Connect -- ::connect function return SOCKET_ERROR
2013-08-12 08:16:39 lv1:MS:socket err:10061 -- CGACDConnector::OnError -- CTcpSocket::Connect -- ::connect function return SOCKET_ERROR
2013-08-12 08:16:44 lv1:MS:socket err:10061 -- CKManagerServerConnector::OnError -- CTcpSocket::Connect -- ::connect function return SOCKET_ERROR
2013-08-12 08:16:44 lv1:MS:socket err:10061 -- CGACDConnector::OnError -- CTcpSocket::Connect -- ::connect function return SOCKET_ERROR
2013-08-12 08:16:49 lv1:MS:socket err:10061 -- CKManagerServerConnector::OnError -- CTcpSocket::Connect -- ::connect function return SOCKET_ERROR
2013-08-12 08:16:49 lv1:MS:socket err:10061 -- CGACDConnector::OnError -- CTcpSocket::Connect -- ::connect function return SOCKET_ERROR
2013-08-12 08:16:54 lv1:MS:socket err:10061 -- CKManagerServerConnector::OnError -- CTcpSocket::Connect -- ::connect function return SOCKET_ERROR
2013-08-12 08:16:54 lv1:MS:socket err:10061 -- CGACDConnector::OnError -- CTcpSocket::Connect -- ::connect function return SOCKET_ERROR
2013-08-12 08:16:59 lv1:MS:socket err:10061 -- CKManagerServerConnector::OnError -- CTcpSocket::Connect -- ::connect function return SOCKET_ERROR
2013-08-12 08:16:59 lv1:MS:socket err:10061 -- CGACDConnector::OnError -- CTcpSocket::Connect -- ::connect function return SOCKET_ERROR
2013-08-12 08:17:04 lv1:MS:socket err:10061 -- CKManagerServerConnector::OnError -- CTcpSocket::Connect -- ::connect function return SOCKET_ERROR
2013-08-12 08:17:04 lv1:MS:socket err:10061 -- CGACDConnector::OnError -- CTcpSocket::Connect -- ::connect function return SOCKET_ERROR
2013-08-12 08:17:09 lv1:MS:socket err:10061 -- CKManagerServerConnector::OnError -- CTcpSocket::Connect -- ::connect function return SOCKET_ERROR
2013-08-12 08:17:09 lv1:MS:socket err:10061 -- CGACDConnector::OnError -- CTcpSocket::Connect -- ::connect function return SOCKET_ERROR
2013-08-12 08:17:14 lv1:MS:socket err:10061 -- CKManagerServerConnector::OnError -- CTcpSocket::Connect -- ::connect function return SOCKET_ERROR
2013-08-12 08:17:14 lv1:MS:socket err:10061 -- CGACDConnector::OnError -- CTcpSocket::Connect -- ::connect function return SOCKET_ERROR
2013-08-12 08:17:19 lv1:MS:socket err:10061 -- CGACDConnector::OnError -- CTcpSocket::Connect -- ::connect function return SOCKET_ERROR
2013-08-12 08:17:19 lv1:MS:socket err:10061 -- CKManagerServerConnector::OnError -- CTcpSocket::Connect -- ::connect function return SOCKET_ERROR
2013-08-12 08:17:24 lv1:MS:socket err:10061 -- CKManagerServerConnector::OnError -- CTcpSocket::Connect -- ::connect function return SOCKET_ERROR
2013-08-12 08:17:24 lv1:MS:socket err:10061 -- CGACDConnector::OnError -- CTcpSocket::Connect -- ::connect function return SOCKET_ERROR
2013-08-12 08:17:29 lv1:MS:socket err:10061 -- CKManagerServerConnector::OnError -- CTcpSocket::Connect -- ::connect function return SOCKET_ERROR
2013-08-12 08:17:29 lv1:MS:socket err:10061 -- CGACDConnector::OnError -- CTcpSocket::Connect -- ::connect function return SOCKET_ERROR
2013-08-12 08:17:34 lv1:MS:socket err:10061 -- CGACDConnector::OnError -- CTcpSocket::Connect -- ::connect function return SOCKET_ERROR
2013-08-12 08:17:34 lv1:MS:socket err:10061 -- CKManagerServerConnector::OnError -- CTcpSocket::Connect -- ::connect function return SOCKET_ERROR
2013-08-12 08:17:39 lv1:MS:socket err:10061 -- CKManagerServerConnector::OnError -- CTcpSocket::Connect -- ::connect function return SOCKET_ERROR
2013-08-12 08:17:39 lv1:MS:socket err:10061 -- CGACDConnector::OnError -- CTcpSocket::Connect -- ::connect function return SOCKET_ERROR
2013-08-12 08:17:44 lv1:MS:socket err:10061 -- CKManagerServerConnector::OnError -- CTcpSocket::Connect -- ::connect function return SOCKET_ERROR
2013-08-12 08:17:45 lv1:MS:socket err:10061 -- CGACDConnector::OnError -- CTcpSocket::Connect -- ::connect function return SOCKET_ERROR
2013-08-12 08:17:49 lv1:MS:socket err:10061 -- CKManagerServerConnector::OnError -- CTcpSocket::Connect -- ::connect function return SOCKET_ERROR
2013-08-12 08:17:49 lv1:MS:socket err:10061 -- CGACDConnector::OnError -- CTcpSocket::Connect -- ::connect function return SOCKET_ERROR
2013-08-12 08:17:54 lv1:MS:socket err:10061 -- CKManagerServerConnector::OnError -- CTcpSocket::Connect -- ::connect function return SOCKET_ERROR
2013-08-12 08:17:54 lv1:MS:socket err:10061 -- CGACDConnector::OnError -- CTcpSocket::Connect -- ::connect function return SOCKET_ERROR
2013-08-12 08:17:59 lv1:MS:socket err:10061 -- CGACDConnector::OnError -- CTcpSocket::Connect -- ::connect function return SOCKET_ERROR
2013-08-12 08:18:00 lv1:MS:socket err:10061 -- CKManagerServerConnector::OnError -- CTcpSocket::Connect -- ::connect function return SOCKET_ERROR
2013-08-12 08:18:04 lv1:MS:socket err:10061 -- CKManagerServerConnector::OnError -- CTcpSocket::Connect -- ::connect function return SOCKET_ERROR
2013-08-12 08:18:04 lv1:MS:socket err:10061 -- CGACDConnector::OnError -- CTcpSocket::Connect -- ::connect function return SOCKET_ERROR
2013-08-12 08:18:10 lv1:MS:socket err:10061 -- CGACDConnector::OnError -- CTcpSocket::Connect -- ::connect function return SOCKET_ERROR
2013-08-12 08:18:10 lv1:MS:socket err:10061 -- CKManagerServerConnector::OnError -- CTcpSocket::Connect -- ::connect function return SOCKET_ERROR
2013-08-12 08:18:15 lv1:MS:socket err:10061 -- CKManagerServerConnector::OnError -- CTcpSocket::Connect -- ::connect function return SOCKET_ERROR
2013-08-12 08:18:15 lv1:MS:socket err:10061 -- CGACDConnector::OnError -- CTcpSocket::Connect -- ::connect function return SOCKET_ERROR
2013-08-12 08:18:19 lv1:MS:socket err:10061 -- CGACDConnector::OnError -- CTcpSocket::Connect -- ::connect function return SOCKET_ERROR
2013-08-12 08:18:20 lv1:MS:socket err:10061 -- CKManagerServerConnector::OnError -- CTcpSocket::Connect -- ::connect function return SOCKET_ERROR
2013-08-12 08:18:25 lv1:MS:socket err:10061 -- CGACDConnector::OnError -- CTcpSocket::Connect -- ::connect function return SOCKET_ERROR
2013-08-12 08:18:25 lv1:MS:socket err:10061 -- CKManagerServerConnector::OnError -- CTcpSocket::Connect -- ::connect function return SOCKET_ERROR
2013-08-12 08:18:29 lv1:MS:socket err:10061 -- CKManagerServerConnector::OnError -- CTcpSocket::Connect -- ::connect function return SOCKET_ERROR
2013-08-12 08:18:29 lv1:MS:socket err:10061 -- CGACDConnector::OnError -- CTcpSocket::Connect -- ::connect function return SOCKET_ERROR
2013-08-12 08:18:34 lv1:MS:socket err:10061 -- CKManagerServerConnector::OnError -- CTcpSocket::Connect -- ::connect function return SOCKET_ERROR
2013-08-12 08:18:35 lv1:MS:socket err:10061 -- CGACDConnector::OnError -- CTcpSocket::Connect -- ::connect function return SOCKET_ERROR
2013-08-12 08:18:40 lv1:MS:socket err:10061 -- CKManagerServerConnector::OnError -- CTcpSocket::Connect -- ::connect function return SOCKET_ERROR
2013-08-12 08:18:40 lv1:MS:socket err:10061 -- CGACDConnector::OnError -- CTcpSocket::Connect -- ::connect function return SOCKET_ERROR
2013-08-12 08:18:44 lv1:MS:socket err:10061 -- CKManagerServerConnector::OnError -- CTcpSocket::Connect -- ::connect function return SOCKET_ERROR
2013-08-12 08:18:44 lv1:MS:socket err:10061 -- CGACDConnector::OnError -- CTcpSocket::Connect -- ::connect function return SOCKET_ERROR
2013-08-12 08:18:49 lv1:MS:socket err:10061 -- CKManagerServerConnector::OnError -- CTcpSocket::Connect -- ::connect function return SOCKET_ERROR
2013-08-12 08:18:50 lv1:MS:socket err:10061 -- CGACDConnector::OnError -- CTcpSocket::Connect -- ::connect function return SOCKET_ERROR
2013-08-12 08:18:54 lv1:MS:socket err:10061 -- CGACDConnector::OnError -- CTcpSocket::Connect -- ::connect function return SOCKET_ERROR
2013-08-12 08:18:54 lv1:MS:socket err:10061 -- CKManagerServerConnector::OnError -- CTcpSocket::Connect -- ::connect function return SOCKET_ERROR
2013-08-12 08:19:00 lv1:MS:socket err:10061 -- CGACDConnector::OnError -- CTcpSocket::Connect -- ::connect function return SOCKET_ERROR
2013-08-12 08:19:00 lv1:MS:socket err:10061 -- CKManagerServerConnector::OnError -- CTcpSocket::Connect -- ::connect function return SOCKET_ERROR
2013-08-12 08:19:04 lv1:MS:socket err:10061 -- CGACDConnector::OnError -- CTcpSocket::Connect -- ::connect function return SOCKET_ERROR
2013-08-12 08:19:04 lv1:MS:socket err:10061 -- CKManagerServerConnector::OnError -- CTcpSocket::Connect -- ::connect function return SOCKET_ERROR
2013-08-12 08:19:09 lv1:MS:socket err:10061 -- CKManagerServerConnector::OnError -- CTcpSocket::Connect -- ::connect function return SOCKET_ERROR
2013-08-12 08:19:09 lv1:MS:socket err:10061 -- CGACDConnector::OnError -- CTcpSocket::Connect -- ::connect function return SOCKET_ERROR
2013-08-12 08:19:14 lv1:MS:socket err:10061 -- CKManagerServerConnector::OnError -- CTcpSocket::Connect -- ::connect function return SOCKET_ERROR
2013-08-12 08:19:15 lv1:MS:socket err:10061 -- CGACDConnector::OnError -- CTcpSocket::Connect -- ::connect function return SOCKET_ERROR
2013-08-12 08:19:19 lv1:MS:socket err:10061 -- CKManagerServerConnector::OnError -- CTcpSocket::Connect -- ::connect function return SOCKET_ERROR
2013-08-12 08:19:19 lv1:MS:socket err:10061 -- CGACDConnector::OnError -- CTcpSocket::Connect -- ::connect function return SOCKET_ERROR
2013-08-12 08:19:24 lv1:MS:socket err:10061 -- CGACDConnector::OnError -- CTcpSocket::Connect -- ::connect function return SOCKET_ERROR
2013-08-12 08:19:25 lv1:MS:socket err:10061 -- CKManagerServerConnector::OnError -- CTcpSocket::Connect -- ::connect function return SOCKET_ERROR
2013-08-12 08:19:30 lv1:MS:socket err:10061 -- CKManagerServerConnector::OnError -- CTcpSocket::Connect -- ::connect function return SOCKET_ERROR
2013-08-12 08:19:30 lv1:MS:socket err:10061 -- CGACDConnector::OnError -- CTcpSocket::Connect -- ::connect function return SOCKET_ERROR
2013-08-12 08:19:35 lv1:MS:socket err:10061 -- CGACDConnector::OnError -- CTcpSocket::Connect -- ::connect function return SOCKET_ERROR
2013-08-12 08:19:35 lv1:MS:socket err:10061 -- CKManagerServerConnector::OnError -- CTcpSocket::Connect -- ::connect function return SOCKET_ERROR
2013-08-12 08:19:39 lv1:MS:socket err:10061 -- CGACDConnector::OnError -- CTcpSocket::Connect -- ::connect function return SOCKET_ERROR
2013-08-12 08:19:40 lv1:MS:socket err:10061 -- CKManagerServerConnector::OnError -- CTcpSocket::Connect -- ::connect function return SOCKET_ERROR
2013-08-12 08:19:45 lv1:MS:socket err:10061 -- CKManagerServerConnector::OnError -- CTcpSocket::Connect -- ::connect function return SOCKET_ERROR
2013-08-12 08:19:45 lv1:MS:socket err:10061 -- CGACDConnector::OnError -- CTcpSocket::Connect -- ::connect function return SOCKET_ERROR
2013-08-12 08:19:50 lv1:MS:socket err:10061 -- CKManagerServerConnector::OnError -- CTcpSocket::Connect -- ::connect function return SOCKET_ERROR
2013-08-12 08:19:50 lv1:MS:socket err:10061 -- CGACDConnector::OnError -- CTcpSocket::Connect -- ::connect function return SOCKET_ERROR
2013-08-12 08:19:55 lv1:MS:socket err:10061 -- CGACDConnector::OnError -- CTcpSocket::Connect -- ::connect function return SOCKET_ERROR
2013-08-12 08:19:55 lv1:MS:socket err:10061 -- CKManagerServerConnector::OnError -- CTcpSocket::Connect -- ::connect function return SOCKET_ERROR
2013-08-12 08:20:00 lv1:MS:socket err:10061 -- CKManagerServerConnector::OnError -- CTcpSocket::Connect -- ::connect function return SOCKET_ERROR
2013-08-12 08:20:00 lv1:MS:socket err:10061 -- CGACDConnector::OnError -- CTcpSocket::Connect -- ::connect function return SOCKET_ERROR
2013-08-12 08:20:05 lv1:MS:socket err:10061 -- CGACDConnector::OnError -- CTcpSocket::Connect -- ::connect function return SOCKET_ERROR
2013-08-12 08:20:05 lv1:MS:socket err:10061 -- CKManagerServerConnector::OnError -- CTcpSocket::Connect -- ::connect function return SOCKET_ERROR
2013-08-12 08:20:10 lv1:MS:socket err:10061 -- CKManagerServerConnector::OnError -- CTcpSocket::Connect -- ::connect function return SOCKET_ERROR
2013-08-12 08:20:10 lv1:MS:socket err:10061 -- CGACDConnector::OnError -- CTcpSocket::Connect -- ::connect function return SOCKET_ERROR
2013-08-12 08:20:15 lv1:MS:socket err:10061 -- CKManagerServerConnector::OnError -- CTcpSocket::Connect -- ::connect function return SOCKET_ERROR
2013-08-12 08:20:15 lv1:MS:socket err:10061 -- CGACDConnector::OnError -- CTcpSocket::Connect -- ::connect function return SOCKET_ERROR
2013-08-12 08:20:20 lv1:MS:socket err:10061 -- CGACDConnector::OnError -- CTcpSocket::Connect -- ::connect function return SOCKET_ERROR
2013-08-12 08:20:20 lv1:MS:socket err:10061 -- CKManagerServerConnector::OnError -- CTcpSocket::Connect -- ::connect function return SOCKET_ERROR
2013-08-12 08:20:25 lv1:MS:socket err:10061 -- CKManagerServerConnector::OnError -- CTcpSocket::Connect -- ::connect function return SOCKET_ERROR
2013-08-12 08:20:25 lv1:MS:socket err:10061 -- CGACDConnector::OnError -- CTcpSocket::Connect -- ::connect function return SOCKET_ERROR
2013-08-12 08:20:30 lv1:MS:socket err:10061 -- CGACDConnector::OnError -- CTcpSocket::Connect -- ::connect function return SOCKET_ERROR
2013-08-12 08:20:30 lv1:MS:socket err:10061 -- CKManagerServerConnector::OnError -- CTcpSocket::Connect -- ::connect function return SOCKET_ERROR
2013-08-12 08:20:35 lv1:MS:socket err:10061 -- CGACDConnector::OnError -- CTcpSocket::Connect -- ::connect function return SOCKET_ERROR
2013-08-12 08:20:35 lv1:MS:socket err:10061 -- CKManagerServerConnector::OnError -- CTcpSocket::Connect -- ::connect function return SOCKET_ERROR
2013-08-12 08:20:40 lv1:MS:socket err:10061 -- CGACDConnector::OnError -- CTcpSocket::Connect -- ::connect function return SOCKET_ERROR
2013-08-12 08:20:40 lv1:MS:socket err:10061 -- CKManagerServerConnector::OnError -- CTcpSocket::Connect -- ::connect function return SOCKET_ERROR
2013-08-12 08:20:45 lv1:MS:socket err:10061 -- CGACDConnector::OnError -- CTcpSocket::Connect -- ::connect function return SOCKET_ERROR
2013-08-12 08:20:45 lv1:MS:socket err:10061 -- CKManagerServerConnector::OnError -- CTcpSocket::Connect -- ::connect function return SOCKET_ERROR
2013-08-12 08:20:50 lv1:MS:socket err:10061 -- CKManagerServerConnector::OnError -- CTcpSocket::Connect -- ::connect function return SOCKET_ERROR
2013-08-12 08:20:50 lv1:MS:socket err:10061 -- CGACDConnector::OnError -- CTcpSocket::Connect -- ::connect function return SOCKET_ERROR
2013-08-12 08:20:55 lv1:MS:socket err:10061 -- CKManagerServerConnector::OnError -- CTcpSocket::Connect -- ::connect function return SOCKET_ERROR
2013-08-12 08:20:55 lv1:MS:socket err:10061 -- CGACDConnector::OnError -- CTcpSocket::Connect -- ::connect function return SOCKET_ERROR
2013-08-12 08:21:00 lv1:MS:socket err:10061 -- CKManagerServerConnector::OnError -- CTcpSocket::Connect -- ::connect function return SOCKET_ERROR
2013-08-12 08:21:00 lv1:MS:socket err:10061 -- CGACDConnector::OnError -- CTcpSocket::Connect -- ::connect function return SOCKET_ERROR
2013-08-12 08:21:05 lv1:MS:socket err:10061 -- CKManagerServerConnector::OnError -- CTcpSocket::Connect -- ::connect function return SOCKET_ERROR
2013-08-12 08:21:05 lv1:MS:socket err:10061 -- CGACDConnector::OnError -- CTcpSocket::Connect -- ::connect function return SOCKET_ERROR
2013-08-12 08:21:10 lv1:MS:socket err:10061 -- CGACDConnector::OnError -- CTcpSocket::Connect -- ::connect function return SOCKET_ERROR
2013-08-12 08:21:10 lv1:MS:socket err:10061 -- CKManagerServerConnector::OnError -- CTcpSocket::Connect -- ::connect function return SOCKET_ERROR
2013-08-12 08:21:15 lv1:MS:socket err:10061 -- CGACDConnector::OnError -- CTcpSocket::Connect -- ::connect function return SOCKET_ERROR
2013-08-12 08:21:15 lv1:MS:socket err:10061 -- CKManagerServerConnector::OnError -- CTcpSocket::Connect -- ::connect function return SOCKET_ERROR
2013-08-12 08:21:20 lv1:MS:socket err:10061 -- CKManagerServerConnector::OnError -- CTcpSocket::Connect -- ::connect function return SOCKET_ERROR
2013-08-12 08:21:20 lv1:MS:socket err:10061 -- CGACDConnector::OnError -- CTcpSocket::Connect -- ::connect function return SOCKET_ERROR
2013-08-12 08:21:25 lv1:MS:socket err:10061 -- CKManagerServerConnector::OnError -- CTcpSocket::Connect -- ::connect function return SOCKET_ERROR
2013-08-12 08:21:25 lv1:MS:socket err:10061 -- CGACDConnector::OnError -- CTcpSocket::Connect -- ::connect function return SOCKET_ERROR
2013-08-12 08:21:30 lv1:MS:socket err:10061 -- CKManagerServerConnector::OnError -- CTcpSocket::Connect -- ::connect function return SOCKET_ERROR
2013-08-12 08:21:30 lv1:MS:socket err:10061 -- CGACDConnector::OnError -- CTcpSocket::Connect -- ::connect function return SOCKET_ERROR
2013-08-12 08:21:35 lv1:MS:socket err:10061 -- CGACDConnector::OnError -- CTcpSocket::Connect -- ::connect function return SOCKET_ERROR
2013-08-12 08:21:35 lv1:MS:socket err:10061 -- CKManagerServerConnector::OnError -- CTcpSocket::Connect -- ::connect function return SOCKET_ERROR
2013-08-12 08:21:40 lv1:MS:socket err:10061 -- CKManagerServerConnector::OnError -- CTcpSocket::Connect -- ::connect function return SOCKET_ERROR
2013-08-12 08:21:40 lv1:MS:socket err:10061 -- CGACDConnector::OnError -- CTcpSocket::Connect -- ::connect function return SOCKET_ERROR
2013-08-12 08:21:45 lv1:MS:socket err:10061 -- CKManagerServerConnector::OnError -- CTcpSocket::Connect -- ::connect function return SOCKET_ERROR
2013-08-12 08:21:45 lv1:MS:socket err:10061 -- CGACDConnector::OnError -- CTcpSocket::Connect -- ::connect function return SOCKET_ERROR
2013-08-12 08:21:50 lv1:MS:socket err:10061 -- CGACDConnector::OnError -- CTcpSocket::Connect -- ::connect function return SOCKET_ERROR
2013-08-12 08:21:50 lv1:MS:socket err:10061 -- CKManagerServerConnector::OnError -- CTcpSocket::Connect -- ::connect function return SOCKET_ERROR
2013-08-12 08:21:55 lv1:MS:socket err:10061 -- CKManagerServerConnector::OnError -- CTcpSocket::Connect -- ::connect function return SOCKET_ERROR
2013-08-12 08:21:55 lv1:MS:socket err:10061 -- CGACDConnector::OnError -- CTcpSocket::Connect -- ::connect function return SOCKET_ERROR
2013-08-12 08:22:00 lv1:MS:socket err:10061 -- CKManagerServerConnector::OnError -- CTcpSocket::Connect -- ::connect function return SOCKET_ERROR
2013-08-12 08:22:00 lv1:MS:socket err:10061 -- CGACDConnector::OnError -- CTcpSocket::Connect -- ::connect function return SOCKET_ERROR
2013-08-12 08:22:05 lv1:MS:socket err:10061 -- CGACDConnector::OnError -- CTcpSocket::Connect -- ::connect function return SOCKET_ERROR
2013-08-12 08:22:05 lv1:MS:socket err:10061 -- CKManagerServerConnector::OnError -- CTcpSocket::Connect -- ::connect function return SOCKET_ERROR
2013-08-12 08:22:10 lv1:MS:socket err:10061 -- CGACDConnector::OnError -- CTcpSocket::Connect -- ::connect function return SOCKET_ERROR
2013-08-12 08:22:10 lv1:MS:socket err:10061 -- CKManagerServerConnector::OnError -- CTcpSocket::Connect -- ::connect function return SOCKET_ERROR
2013-08-12 08:22:15 lv1:MS:socket err:10061 -- CGACDConnector::OnError -- CTcpSocket::Connect -- ::connect function return SOCKET_ERROR
2013-08-12 08:22:15 lv1:MS:socket err:10061 -- CKManagerServerConnector::OnError -- CTcpSocket::Connect -- ::connect function return SOCKET_ERROR
2013-08-12 08:22:20 lv1:MS:socket err:10061 -- CGACDConnector::OnError -- CTcpSocket::Connect -- ::connect function return SOCKET_ERROR
2013-08-12 08:22:20 lv1:MS:socket err:10061 -- CKManagerServerConnector::OnError -- CTcpSocket::Connect -- ::connect function return SOCKET_ERROR
2013-08-12 08:22:25 lv1:MS:socket err:10061 -- CKManagerServerConnector::OnError -- CTcpSocket::Connect -- ::connect function return SOCKET_ERROR
2013-08-12 08:22:25 lv1:MS:socket err:10061 -- CGACDConnector::OnError -- CTcpSocket::Connect -- ::connect function return SOCKET_ERROR
2013-08-12 08:22:30 lv1:MS:socket err:10061 -- CKManagerServerConnector::OnError -- CTcpSocket::Connect -- ::connect function return SOCKET_ERROR
2013-08-12 08:22:30 lv1:MS:socket err:10061 -- CGACDConnector::OnError -- CTcpSocket::Connect -- ::connect function return SOCKET_ERROR
2013-08-12 08:22:35 lv1:MS:socket err:10061 -- CGACDConnector::OnError -- CTcpSocket::Connect -- ::connect function return SOCKET_ERROR
2013-08-12 08:22:35 lv1:MS:socket err:10061 -- CKManagerServerConnector::OnError -- CTcpSocket::Connect -- ::connect function return SOCKET_ERROR
2013-08-12 08:22:40 lv1:MS:socket err:10061 -- CGACDConnector::OnError -- CTcpSocket::Connect -- ::connect function return SOCKET_ERROR
2013-08-12 08:22:40 lv1:MS:socket err:10061 -- CKManagerServerConnector::OnError -- CTcpSocket::Connect -- ::connect function return SOCKET_ERROR
2013-08-12 08:22:45 lv1:MS:socket err:10061 -- CKManagerServerConnector::OnError -- CTcpSocket::Connect -- ::connect function return SOCKET_ERROR
2013-08-12 08:22:45 lv1:MS:socket err:10061 -- CGACDConnector::OnError -- CTcpSocket::Connect -- ::connect function return SOCKET_ERROR
2013-08-12 08:22:50 lv1:MS:socket err:10061 -- CGACDConnector::OnError -- CTcpSocket::Connect -- ::connect function return SOCKET_ERROR
2013-08-12 08:22:50 lv1:MS:socket err:10061 -- CKManagerServerConnector::OnError -- CTcpSocket::Connect -- ::connect function return SOCKET_ERROR
2013-08-12 08:22:55 lv1:MS:socket err:10061 -- CKManagerServerConnector::OnError -- CTcpSocket::Connect -- ::connect function return SOCKET_ERROR
2013-08-12 08:22:55 lv1:MS:socket err:10061 -- CGACDConnector::OnError -- CTcpSocket::Connect -- ::connect function return SOCKET_ERROR
2013-08-12 08:23:00 lv1:MS:socket err:10061 -- CKManagerServerConnector::OnError -- CTcpSocket::Connect -- ::connect function return SOCKET_ERROR
2013-08-12 08:23:00 lv1:MS:socket err:10061 -- CGACDConnector::OnError -- CTcpSocket::Connect -- ::connect function return SOCKET_ERROR
2013-08-12 08:23:05 lv1:MS:socket err:10061 -- CKManagerServerConnector::OnError -- CTcpSocket::Connect -- ::connect function return SOCKET_ERROR
2013-08-12 08:23:05 lv1:MS:socket err:10061 -- CGACDConnector::OnError -- CTcpSocket::Connect -- ::connect function return SOCKET_ERROR
2013-08-12 08:23:10 lv1:MS:socket err:10061 -- CKManagerServerConnector::OnError -- CTcpSocket::Connect -- ::connect function return SOCKET_ERROR
2013-08-12 08:23:10 lv1:MS:socket err:10061 -- CGACDConnector::OnError -- CTcpSocket::Connect -- ::connect function return SOCKET_ERROR
2013-08-12 08:23:11 lv3:MS:Account[1] Char[14] Logout
2013-08-12 08:23:11 lv3:MS:MSG_DMM_NOTIFY_SAVE_ROLE 1
2013-08-12 08:23:11 lv3:MS:Account[1] Char[14] Save Completed
2013-08-12 08:23:15 lv1:MS:socket err:10061 -- CKManagerServerConnector::OnError -- CTcpSocket::Connect -- ::connect function return SOCKET_ERROR
2013-08-12 08:23:15 lv1:MS:socket err:10061 -- CGACDConnector::OnError -- CTcpSocket::Connect -- ::connect function return SOCKET_ERROR
2013-08-12 08:23:20 lv1:MS:socket err:10061 -- CKManagerServerConnector::OnError -- CTcpSocket::Connect -- ::connect function return SOCKET_ERROR
2013-08-12 08:23:20 lv1:MS:socket err:10061 -- CGACDConnector::OnError -- CTcpSocket::Connect -- ::connect function return SOCKET_ERROR
2013-08-12 08:23:25 lv1:MS:socket err:10061 -- CKManagerServerConnector::OnError -- CTcpSocket::Connect -- ::connect function return SOCKET_ERROR
2013-08-12 08:23:25 lv1:MS:socket err:10061 -- CGACDConnector::OnError -- CTcpSocket::Connect -- ::connect function return SOCKET_ERROR
2013-08-12 08:23:30 lv1:MS:socket err:10061 -- CKManagerServerConnector::OnError -- CTcpSocket::Connect -- ::connect function return SOCKET_ERROR
2013-08-12 08:23:30 lv1:MS:socket err:10061 -- CGACDConnector::OnError -- CTcpSocket::Connect -- ::connect function return SOCKET_ERROR
2013-08-12 08:23:35 lv1:MS:socket err:10061 -- CKManagerServerConnector::OnError -- CTcpSocket::Connect -- ::connect function return SOCKET_ERROR
2013-08-12 08:23:35 lv1:MS:socket err:10061 -- CGACDConnector::OnError -- CTcpSocket::Connect -- ::connect function return SOCKET_ERROR
2013-08-12 08:23:40 lv1:MS:socket err:10061 -- CKManagerServerConnector::OnError -- CTcpSocket::Connect -- ::connect function return SOCKET_ERROR
2013-08-12 08:23:40 lv1:MS:socket err:10061 -- CGACDConnector::OnError -- CTcpSocket::Connect -- ::connect function return SOCKET_ERROR
2013-08-12 08:23:45 lv1:MS:socket err:10061 -- CKManagerServerConnector::OnError -- CTcpSocket::Connect -- ::connect function return SOCKET_ERROR
2013-08-12 08:23:45 lv1:MS:socket err:10061 -- CGACDConnector::OnError -- CTcpSocket::Connect -- ::connect function return SOCKET_ERROR
2013-08-12 08:23:50 lv1:MS:socket err:10061 -- CKManagerServerConnector::OnError -- CTcpSocket::Connect -- ::connect function return SOCKET_ERROR
2013-08-12 08:23:50 lv1:MS:socket err:10061 -- CGACDConnector::OnError -- CTcpSocket::Connect -- ::connect function return SOCKET_ERROR
2013-08-12 08:23:55 lv1:MS:socket err:10061 -- CKManagerServerConnector::OnError -- CTcpSocket::Connect -- ::connect function return SOCKET_ERROR
2013-08-12 08:23:55 lv1:MS:socket err:10061 -- CGACDConnector::OnError -- CTcpSocket::Connect -- ::connect function return SOCKET_ERROR
2013-08-12 08:24:00 lv1:MS:socket err:10061 -- CKManagerServerConnector::OnError -- CTcpSocket::Connect -- ::connect function return SOCKET_ERROR
2013-08-12 08:24:00 lv1:MS:socket err:10061 -- CGACDConnector::OnError -- CTcpSocket::Connect -- ::connect function return SOCKET_ERROR
2013-08-12 08:24:05 lv1:MS:socket err:10061 -- CKManagerServerConnector::OnError -- CTcpSocket::Connect -- ::connect function return SOCKET_ERROR
2013-08-12 08:24:05 lv1:MS:socket err:10061 -- CGACDConnector::OnError -- CTcpSocket::Connect -- ::connect function return SOCKET_ERROR
2013-08-12 08:24:10 lv1:MS:socket err:10061 -- CKManagerServerConnector::OnError -- CTcpSocket::Connect -- ::connect function return SOCKET_ERROR
2013-08-12 08:24:10 lv1:MS:socket err:10061 -- CGACDConnector::OnError -- CTcpSocket::Connect -- ::connect function return SOCKET_ERROR
2013-08-12 08:24:15 lv1:MS:socket err:10061 -- CKManagerServerConnector::OnError -- CTcpSocket::Connect -- ::connect function return SOCKET_ERROR
2013-08-12 08:24:15 lv1:MS:socket err:10061 -- CGACDConnector::OnError -- CTcpSocket::Connect -- ::connect function return SOCKET_ERROR
2013-08-12 08:24:20 lv1:MS:socket err:10061 -- CKManagerServerConnector::OnError -- CTcpSocket::Connect -- ::connect function return SOCKET_ERROR
2013-08-12 08:24:20 lv1:MS:socket err:10061 -- CGACDConnector::OnError -- CTcpSocket::Connect -- ::connect function return SOCKET_ERROR
2013-08-12 08:24:25 lv1:MS:socket err:10061 -- CKManagerServerConnector::OnError -- CTcpSocket::Connect -- ::connect function return SOCKET_ERROR
2013-08-12 08:24:25 lv1:MS:socket err:10061 -- CGACDConnector::OnError -- CTcpSocket::Connect -- ::connect function return SOCKET_ERROR
2013-08-12 08:24:30 lv1:MS:socket err:10061 -- CKManagerServerConnector::OnError -- CTcpSocket::Connect -- ::connect function return SOCKET_ERROR
2013-08-12 08:24:30 lv1:MS:socket err:10061 -- CGACDConnector::OnError -- CTcpSocket::Connect -- ::connect function return SOCKET_ERROR
2013-08-12 08:24:35 lv1:MS:socket err:10061 -- CKManagerServerConnector::OnError -- CTcpSocket::Connect -- ::connect function return SOCKET_ERROR
2013-08-12 08:24:35 lv1:MS:socket err:10061 -- CGACDConnector::OnError -- CTcpSocket::Connect -- ::connect function return SOCKET_ERROR
2013-08-12 08:24:40 lv1:MS:socket err:10061 -- CKManagerServerConnector::OnError -- CTcpSocket::Connect -- ::connect function return SOCKET_ERROR
2013-08-12 08:24:40 lv1:MS:socket err:10061 -- CGACDConnector::OnError -- CTcpSocket::Connect -- ::connect function return SOCKET_ERROR
2013-08-12 08:24:45 lv1:MS:socket err:10061 -- CKManagerServerConnector::OnError -- CTcpSocket::Connect -- ::connect function return SOCKET_ERROR
2013-08-12 08:24:45 lv1:MS:socket err:10061 -- CGACDConnector::OnError -- CTcpSocket::Connect -- ::connect function return SOCKET_ERROR
2013-08-12 08:24:50 lv1:MS:socket err:10061 -- CGACDConnector::OnError -- CTcpSocket::Connect -- ::connect function return SOCKET_ERROR
2013-08-12 08:24:50 lv1:MS:socket err:10061 -- CKManagerServerConnector::OnError -- CTcpSocket::Connect -- ::connect function return SOCKET_ERROR
2013-08-12 08:24:55 lv1:MS:socket err:10061 -- CKManagerServerConnector::OnError -- CTcpSocket::Connect -- ::connect function return SOCKET_ERROR
2013-08-12 08:24:55 lv1:MS:socket err:10061 -- CGACDConnector::OnError -- CTcpSocket::Connect -- ::connect function return SOCKET_ERROR
2013-08-12 08:25:00 lv1:MS:socket err:10061 -- CKManagerServerConnector::OnError -- CTcpSocket::Connect -- ::connect function return SOCKET_ERROR
2013-08-12 08:25:00 lv1:MS:socket err:10061 -- CGACDConnector::OnError -- CTcpSocket::Connect -- ::connect function return SOCKET_ERROR
2013-08-12 08:25:05 lv1:MS:socket err:10061 -- CKManagerServerConnector::OnError -- CTcpSocket::Connect -- ::connect function return SOCKET_ERROR
2013-08-12 08:25:05 lv1:MS:socket err:10061 -- CGACDConnector::OnError -- CTcpSocket::Connect -- ::connect function return SOCKET_ERROR
2013-08-12 08:25:10 lv1:MS:socket err:10061 -- CKManagerServerConnector::OnError -- CTcpSocket::Connect -- ::connect function return SOCKET_ERROR
2013-08-12 08:25:10 lv1:MS:socket err:10061 -- CGACDConnector::OnError -- CTcpSocket::Connect -- ::connect function return SOCKET_ERROR
2013-08-12 08:25:12 lv2:MS:socket err:64 -- CGameServerSession::OnError -- CIOCPSession::OnIOCompleteFailed
2013-08-12 08:25:12 lv3:MS:Session IsClose Line[4]
2013-08-12 08:25:12 lv2:MS:err:64 CGateServerSession::OnError -- CIOCPSession::OnIOCompleteFailed
2013-08-12 08:25:12 lv2:MS:Gate: 1 disconnect
2013-08-12 08:25:12 lv2:MS:err:64 CLocalServerSession::OnError -- CIOCPSession::OnIOCompleteFailed
