2013-08-13 10:00:23 lv2:LS:socket err:11004 -- CLogsrvConnector::OnError -- SetAddress failed! Addr:(ubuntu) Port:9008
2013-08-13 10:00:28 lv2:LS:socket err:11004 -- CLogsrvConnector::OnError -- SetAddress failed! Addr:(ubuntu) Port:9008
2013-08-13 10:00:33 lv2:LS:socket err:11004 -- CLogsrvConnector::OnError -- SetAddress failed! Addr:(ubuntu) Port:9008
2013-08-13 10:00:38 lv2:LS:socket err:11004 -- CLogsrvConnector::OnError -- SetAddress failed! Addr:(ubuntu) Port:9008
2013-08-13 10:00:43 lv2:LS:socket err:11004 -- CLogsrvConnector::OnError -- SetAddress failed! Addr:(ubuntu) Port:9008
2013-08-13 10:00:48 lv2:LS:socket err:11004 -- CLogsrvConnector::OnError -- SetAddress failed! Addr:(ubuntu) Port:9008
2013-08-13 10:00:53 lv2:LS:socket err:11004 -- CLogsrvConnector::OnError -- SetAddress failed! Addr:(ubuntu) Port:9008
2013-08-13 10:00:58 lv2:LS:socket err:11004 -- CLogsrvConnector::OnError -- SetAddress failed! Addr:(ubuntu) Port:9008
2013-08-13 10:01:03 lv2:LS:socket err:11004 -- CLogsrvConnector::OnError -- SetAddress failed! Addr:(ubuntu) Port:9008
2013-08-13 10:01:08 lv2:LS:socket err:11004 -- CLogsrvConnector::OnError -- SetAddress failed! Addr:(ubuntu) Port:9008
2013-08-13 10:01:13 lv2:LS:socket err:11004 -- CLogsrvConnector::OnError -- SetAddress failed! Addr:(ubuntu) Port:9008
2013-08-13 10:01:18 lv2:LS:socket err:11004 -- CLogsrvConnector::OnError -- SetAddress failed! Addr:(ubuntu) Port:9008
2013-08-13 10:01:23 lv2:LS:socket err:11004 -- CLogsrvConnector::OnError -- SetAddress failed! Addr:(ubuntu) Port:9008
2013-08-13 10:01:28 lv2:LS:socket err:11004 -- CLogsrvConnector::OnError -- SetAddress failed! Addr:(ubuntu) Port:9008
2013-08-13 10:01:33 lv2:LS:socket err:11004 -- CLogsrvConnector::OnError -- SetAddress failed! Addr:(ubuntu) Port:9008
2013-08-13 10:01:38 lv2:LS:socket err:11004 -- CLogsrvConnector::OnError -- SetAddress failed! Addr:(ubuntu) Port:9008
2013-08-13 10:01:43 lv2:LS:socket err:11004 -- CLogsrvConnector::OnError -- SetAddress failed! Addr:(ubuntu) Port:9008
2013-08-13 10:01:48 lv2:LS:socket err:11004 -- CLogsrvConnector::OnError -- SetAddress failed! Addr:(ubuntu) Port:9008
2013-08-13 10:01:53 lv2:LS:socket err:11004 -- CLogsrvConnector::OnError -- SetAddress failed! Addr:(ubuntu) Port:9008
2013-08-13 10:01:58 lv2:LS:socket err:11004 -- CLogsrvConnector::OnError -- SetAddress failed! Addr:(ubuntu) Port:9008
2013-08-13 10:02:03 lv2:LS:socket err:11004 -- CLogsrvConnector::OnError -- SetAddress failed! Addr:(ubuntu) Port:9008
2013-08-13 10:02:08 lv2:LS:socket err:11004 -- CLogsrvConnector::OnError -- SetAddress failed! Addr:(ubuntu) Port:9008
2013-08-13 10:02:13 lv2:LS:socket err:11004 -- CLogsrvConnector::OnError -- SetAddress failed! Addr:(ubuntu) Port:9008
2013-08-13 10:02:18 lv2:LS:socket err:11004 -- CLogsrvConnector::OnError -- SetAddress failed! Addr:(ubuntu) Port:9008
2013-08-13 10:02:23 lv2:LS:socket err:11004 -- CLogsrvConnector::OnError -- SetAddress failed! Addr:(ubuntu) Port:9008
2013-08-13 10:02:28 lv2:LS:socket err:11004 -- CLogsrvConnector::OnError -- SetAddress failed! Addr:(ubuntu) Port:9008
2013-08-13 10:02:33 lv2:LS:socket err:11004 -- CLogsrvConnector::OnError -- SetAddress failed! Addr:(ubuntu) Port:9008
2013-08-13 10:02:38 lv2:LS:socket err:11004 -- CLogsrvConnector::OnError -- SetAddress failed! Addr:(ubuntu) Port:9008
2013-08-13 10:02:43 lv2:LS:socket err:11004 -- CLogsrvConnector::OnError -- SetAddress failed! Addr:(ubuntu) Port:9008
2013-08-13 10:02:48 lv2:LS:socket err:11004 -- CLogsrvConnector::OnError -- SetAddress failed! Addr:(ubuntu) Port:9008
2013-08-13 10:02:53 lv2:LS:socket err:11004 -- CLogsrvConnector::OnError -- SetAddress failed! Addr:(ubuntu) Port:9008
2013-08-13 10:02:58 lv2:LS:socket err:11004 -- CLogsrvConnector::OnError -- SetAddress failed! Addr:(ubuntu) Port:9008
2013-08-13 10:03:03 lv2:LS:socket err:11004 -- CLogsrvConnector::OnError -- SetAddress failed! Addr:(ubuntu) Port:9008
2013-08-13 10:03:08 lv2:LS:socket err:11004 -- CLogsrvConnector::OnError -- SetAddress failed! Addr:(ubuntu) Port:9008
2013-08-13 10:03:13 lv2:LS:socket err:11004 -- CLogsrvConnector::OnError -- SetAddress failed! Addr:(ubuntu) Port:9008
2013-08-13 10:03:18 lv2:LS:socket err:11004 -- CLogsrvConnector::OnError -- SetAddress failed! Addr:(ubuntu) Port:9008
2013-08-13 10:03:23 lv2:LS:socket err:11004 -- CLogsrvConnector::OnError -- SetAddress failed! Addr:(ubuntu) Port:9008
2013-08-13 10:03:28 lv2:LS:socket err:11004 -- CLogsrvConnector::OnError -- SetAddress failed! Addr:(ubuntu) Port:9008
2013-08-13 10:03:33 lv2:LS:socket err:11004 -- CLogsrvConnector::OnError -- SetAddress failed! Addr:(ubuntu) Port:9008
2013-08-13 10:03:38 lv2:LS:socket err:11004 -- CLogsrvConnector::OnError -- SetAddress failed! Addr:(ubuntu) Port:9008
2013-08-13 10:03:41 lv4:LS:Send SaveCharacter 14

2013-08-13 10:03:43 lv2:LS:socket err:11004 -- CLogsrvConnector::OnError -- SetAddress failed! Addr:(ubuntu) Port:9008
2013-08-13 10:03:48 lv2:LS:socket err:11004 -- CLogsrvConnector::OnError -- SetAddress failed! Addr:(ubuntu) Port:9008
2013-08-13 10:03:53 lv2:LS:socket err:11004 -- CLogsrvConnector::OnError -- SetAddress failed! Addr:(ubuntu) Port:9008
2013-08-13 10:03:58 lv2:LS:socket err:11004 -- CLogsrvConnector::OnError -- SetAddress failed! Addr:(ubuntu) Port:9008
2013-08-13 10:04:03 lv2:LS:socket err:11004 -- CLogsrvConnector::OnError -- SetAddress failed! Addr:(ubuntu) Port:9008
2013-08-13 10:04:08 lv2:LS:socket err:11004 -- CLogsrvConnector::OnError -- SetAddress failed! Addr:(ubuntu) Port:9008
2013-08-13 10:04:13 lv2:LS:socket err:11004 -- CLogsrvConnector::OnError -- SetAddress failed! Addr:(ubuntu) Port:9008
2013-08-13 10:04:18 lv2:LS:socket err:11004 -- CLogsrvConnector::OnError -- SetAddress failed! Addr:(ubuntu) Port:9008
2013-08-13 10:04:23 lv2:LS:socket err:11004 -- CLogsrvConnector::OnError -- SetAddress failed! Addr:(ubuntu) Port:9008
2013-08-13 10:04:28 lv2:LS:socket err:11004 -- CLogsrvConnector::OnError -- SetAddress failed! Addr:(ubuntu) Port:9008
2013-08-13 10:04:33 lv2:LS:socket err:11004 -- CLogsrvConnector::OnError -- SetAddress failed! Addr:(ubuntu) Port:9008
2013-08-13 10:04:38 lv2:LS:socket err:11004 -- CLogsrvConnector::OnError -- SetAddress failed! Addr:(ubuntu) Port:9008
2013-08-13 10:04:43 lv2:LS:socket err:11004 -- CLogsrvConnector::OnError -- SetAddress failed! Addr:(ubuntu) Port:9008
2013-08-13 10:04:48 lv2:LS:socket err:11004 -- CLogsrvConnector::OnError -- SetAddress failed! Addr:(ubuntu) Port:9008
2013-08-13 10:04:53 lv2:LS:socket err:11004 -- CLogsrvConnector::OnError -- SetAddress failed! Addr:(ubuntu) Port:9008
2013-08-13 10:04:58 lv2:LS:socket err:11004 -- CLogsrvConnector::OnError -- SetAddress failed! Addr:(ubuntu) Port:9008
2013-08-13 10:05:04 lv2:LS:socket err:11004 -- CLogsrvConnector::OnError -- SetAddress failed! Addr:(ubuntu) Port:9008
2013-08-13 10:05:09 lv2:LS:socket err:11004 -- CLogsrvConnector::OnError -- SetAddress failed! Addr:(ubuntu) Port:9008
2013-08-13 10:05:14 lv2:LS:socket err:11004 -- CLogsrvConnector::OnError -- SetAddress failed! Addr:(ubuntu) Port:9008
2013-08-13 10:05:19 lv2:LS:socket err:11004 -- CLogsrvConnector::OnError -- SetAddress failed! Addr:(ubuntu) Port:9008
2013-08-13 10:05:24 lv2:LS:socket err:11004 -- CLogsrvConnector::OnError -- SetAddress failed! Addr:(ubuntu) Port:9008
2013-08-13 10:05:29 lv2:LS:socket err:11004 -- CLogsrvConnector::OnError -- SetAddress failed! Addr:(ubuntu) Port:9008
2013-08-13 10:05:34 lv2:LS:socket err:11004 -- CLogsrvConnector::OnError -- SetAddress failed! Addr:(ubuntu) Port:9008
2013-08-13 10:05:39 lv2:LS:socket err:11004 -- CLogsrvConnector::OnError -- SetAddress failed! Addr:(ubuntu) Port:9008
2013-08-13 10:05:44 lv2:LS:socket err:11004 -- CLogsrvConnector::OnError -- SetAddress failed! Addr:(ubuntu) Port:9008
2013-08-13 10:05:49 lv2:LS:socket err:11004 -- CLogsrvConnector::OnError -- SetAddress failed! Addr:(ubuntu) Port:9008
2013-08-13 10:05:54 lv2:LS:socket err:11004 -- CLogsrvConnector::OnError -- SetAddress failed! Addr:(ubuntu) Port:9008
2013-08-13 10:05:59 lv2:LS:socket err:11004 -- CLogsrvConnector::OnError -- SetAddress failed! Addr:(ubuntu) Port:9008
2013-08-13 10:06:04 lv2:LS:socket err:11004 -- CLogsrvConnector::OnError -- SetAddress failed! Addr:(ubuntu) Port:9008
2013-08-13 10:06:09 lv2:LS:socket err:11004 -- CLogsrvConnector::OnError -- SetAddress failed! Addr:(ubuntu) Port:9008
2013-08-13 10:06:14 lv2:LS:socket err:11004 -- CLogsrvConnector::OnError -- SetAddress failed! Addr:(ubuntu) Port:9008
2013-08-13 10:06:19 lv2:LS:socket err:11004 -- CLogsrvConnector::OnError -- SetAddress failed! Addr:(ubuntu) Port:9008
2013-08-13 10:06:24 lv2:LS:socket err:11004 -- CLogsrvConnector::OnError -- SetAddress failed! Addr:(ubuntu) Port:9008
2013-08-13 10:06:29 lv2:LS:socket err:11004 -- CLogsrvConnector::OnError -- SetAddress failed! Addr:(ubuntu) Port:9008
2013-08-13 10:06:34 lv2:LS:socket err:11004 -- CLogsrvConnector::OnError -- SetAddress failed! Addr:(ubuntu) Port:9008
2013-08-13 10:06:39 lv2:LS:socket err:11004 -- CLogsrvConnector::OnError -- SetAddress failed! Addr:(ubuntu) Port:9008
2013-08-13 10:06:44 lv2:LS:socket err:11004 -- CLogsrvConnector::OnError -- SetAddress failed! Addr:(ubuntu) Port:9008
2013-08-13 10:06:49 lv2:LS:socket err:11004 -- CLogsrvConnector::OnError -- SetAddress failed! Addr:(ubuntu) Port:9008
2013-08-13 10:06:54 lv2:LS:socket err:11004 -- CLogsrvConnector::OnError -- SetAddress failed! Addr:(ubuntu) Port:9008
2013-08-13 10:06:59 lv2:LS:socket err:11004 -- CLogsrvConnector::OnError -- SetAddress failed! Addr:(ubuntu) Port:9008
2013-08-13 10:07:04 lv2:LS:socket err:11004 -- CLogsrvConnector::OnError -- SetAddress failed! Addr:(ubuntu) Port:9008
2013-08-13 10:07:09 lv2:LS:socket err:11004 -- CLogsrvConnector::OnError -- SetAddress failed! Addr:(ubuntu) Port:9008
2013-08-13 10:07:14 lv2:LS:socket err:11004 -- CLogsrvConnector::OnError -- SetAddress failed! Addr:(ubuntu) Port:9008
2013-08-13 10:07:19 lv2:LS:socket err:11004 -- CLogsrvConnector::OnError -- SetAddress failed! Addr:(ubuntu) Port:9008
2013-08-13 10:07:24 lv2:LS:socket err:11004 -- CLogsrvConnector::OnError -- SetAddress failed! Addr:(ubuntu) Port:9008
2013-08-13 10:07:29 lv2:LS:socket err:11004 -- CLogsrvConnector::OnError -- SetAddress failed! Addr:(ubuntu) Port:9008
2013-08-13 10:07:34 lv2:LS:socket err:11004 -- CLogsrvConnector::OnError -- SetAddress failed! Addr:(ubuntu) Port:9008
2013-08-13 10:07:39 lv2:LS:socket err:11004 -- CLogsrvConnector::OnError -- SetAddress failed! Addr:(ubuntu) Port:9008
2013-08-13 10:07:44 lv2:LS:socket err:11004 -- CLogsrvConnector::OnError -- SetAddress failed! Addr:(ubuntu) Port:9008
2013-08-13 10:07:49 lv2:LS:socket err:11004 -- CLogsrvConnector::OnError -- SetAddress failed! Addr:(ubuntu) Port:9008
2013-08-13 10:07:54 lv2:LS:socket err:11004 -- CLogsrvConnector::OnError -- SetAddress failed! Addr:(ubuntu) Port:9008
2013-08-13 10:07:59 lv2:LS:socket err:11004 -- CLogsrvConnector::OnError -- SetAddress failed! Addr:(ubuntu) Port:9008
2013-08-13 10:08:04 lv2:LS:socket err:11004 -- CLogsrvConnector::OnError -- SetAddress failed! Addr:(ubuntu) Port:9008
2013-08-13 10:08:09 lv2:LS:socket err:11004 -- CLogsrvConnector::OnError -- SetAddress failed! Addr:(ubuntu) Port:9008
2013-08-13 10:08:14 lv2:LS:socket err:11004 -- CLogsrvConnector::OnError -- SetAddress failed! Addr:(ubuntu) Port:9008
2013-08-13 10:08:19 lv2:LS:socket err:11004 -- CLogsrvConnector::OnError -- SetAddress failed! Addr:(ubuntu) Port:9008
2013-08-13 10:08:24 lv2:LS:socket err:11004 -- CLogsrvConnector::OnError -- SetAddress failed! Addr:(ubuntu) Port:9008
2013-08-13 10:08:29 lv2:LS:socket err:11004 -- CLogsrvConnector::OnError -- SetAddress failed! Addr:(ubuntu) Port:9008
2013-08-13 10:08:34 lv2:LS:socket err:11004 -- CLogsrvConnector::OnError -- SetAddress failed! Addr:(ubuntu) Port:9008
2013-08-13 10:08:39 lv2:LS:socket err:11004 -- CLogsrvConnector::OnError -- SetAddress failed! Addr:(ubuntu) Port:9008
2013-08-13 10:08:41 lv4:LS:Send SaveCharacter 14

2013-08-13 10:08:44 lv2:LS:socket err:11004 -- CLogsrvConnector::OnError -- SetAddress failed! Addr:(ubuntu) Port:9008
2013-08-13 10:08:49 lv2:LS:socket err:11004 -- CLogsrvConnector::OnError -- SetAddress failed! Addr:(ubuntu) Port:9008
2013-08-13 10:08:54 lv2:LS:socket err:11004 -- CLogsrvConnector::OnError -- SetAddress failed! Addr:(ubuntu) Port:9008
2013-08-13 10:08:59 lv2:LS:socket err:11004 -- CLogsrvConnector::OnError -- SetAddress failed! Addr:(ubuntu) Port:9008
2013-08-13 10:09:04 lv2:LS:socket err:11004 -- CLogsrvConnector::OnError -- SetAddress failed! Addr:(ubuntu) Port:9008
2013-08-13 10:09:09 lv2:LS:socket err:11004 -- CLogsrvConnector::OnError -- SetAddress failed! Addr:(ubuntu) Port:9008
2013-08-13 10:09:14 lv2:LS:socket err:11004 -- CLogsrvConnector::OnError -- SetAddress failed! Addr:(ubuntu) Port:9008
2013-08-13 10:09:19 lv2:LS:socket err:11004 -- CLogsrvConnector::OnError -- SetAddress failed! Addr:(ubuntu) Port:9008
2013-08-13 10:09:24 lv2:LS:socket err:11004 -- CLogsrvConnector::OnError -- SetAddress failed! Addr:(ubuntu) Port:9008
2013-08-13 10:09:29 lv2:LS:socket err:11004 -- CLogsrvConnector::OnError -- SetAddress failed! Addr:(ubuntu) Port:9008
2013-08-13 10:09:34 lv2:LS:socket err:11004 -- CLogsrvConnector::OnError -- SetAddress failed! Addr:(ubuntu) Port:9008
2013-08-13 10:09:39 lv2:LS:socket err:11004 -- CLogsrvConnector::OnError -- SetAddress failed! Addr:(ubuntu) Port:9008
2013-08-13 10:09:44 lv2:LS:socket err:11004 -- CLogsrvConnector::OnError -- SetAddress failed! Addr:(ubuntu) Port:9008
2013-08-13 10:09:49 lv2:LS:socket err:11004 -- CLogsrvConnector::OnError -- SetAddress failed! Addr:(ubuntu) Port:9008
2013-08-13 10:09:54 lv2:LS:socket err:11004 -- CLogsrvConnector::OnError -- SetAddress failed! Addr:(ubuntu) Port:9008
2013-08-13 10:09:59 lv2:LS:socket err:11004 -- CLogsrvConnector::OnError -- SetAddress failed! Addr:(ubuntu) Port:9008
2013-08-13 10:10:04 lv2:LS:socket err:11004 -- CLogsrvConnector::OnError -- SetAddress failed! Addr:(ubuntu) Port:9008
2013-08-13 10:10:09 lv2:LS:socket err:11004 -- CLogsrvConnector::OnError -- SetAddress failed! Addr:(ubuntu) Port:9008
2013-08-13 10:10:14 lv2:LS:socket err:11004 -- CLogsrvConnector::OnError -- SetAddress failed! Addr:(ubuntu) Port:9008
2013-08-13 10:10:19 lv2:LS:socket err:11004 -- CLogsrvConnector::OnError -- SetAddress failed! Addr:(ubuntu) Port:9008
2013-08-13 10:10:24 lv2:LS:socket err:11004 -- CLogsrvConnector::OnError -- SetAddress failed! Addr:(ubuntu) Port:9008
2013-08-13 10:10:29 lv2:LS:socket err:11004 -- CLogsrvConnector::OnError -- SetAddress failed! Addr:(ubuntu) Port:9008
2013-08-13 10:10:34 lv2:LS:socket err:11004 -- CLogsrvConnector::OnError -- SetAddress failed! Addr:(ubuntu) Port:9008
2013-08-13 10:10:39 lv2:LS:socket err:11004 -- CLogsrvConnector::OnError -- SetAddress failed! Addr:(ubuntu) Port:9008
2013-08-13 10:10:44 lv2:LS:socket err:11004 -- CLogsrvConnector::OnError -- SetAddress failed! Addr:(ubuntu) Port:9008
2013-08-13 10:10:49 lv2:LS:socket err:11004 -- CLogsrvConnector::OnError -- SetAddress failed! Addr:(ubuntu) Port:9008
2013-08-13 10:10:54 lv2:LS:socket err:11004 -- CLogsrvConnector::OnError -- SetAddress failed! Addr:(ubuntu) Port:9008
2013-08-13 10:10:59 lv2:LS:socket err:11004 -- CLogsrvConnector::OnError -- SetAddress failed! Addr:(ubuntu) Port:9008
2013-08-13 10:11:04 lv2:LS:socket err:11004 -- CLogsrvConnector::OnError -- SetAddress failed! Addr:(ubuntu) Port:9008
2013-08-13 10:11:09 lv2:LS:socket err:11004 -- CLogsrvConnector::OnError -- SetAddress failed! Addr:(ubuntu) Port:9008
2013-08-13 10:11:14 lv2:LS:socket err:11004 -- CLogsrvConnector::OnError -- SetAddress failed! Addr:(ubuntu) Port:9008
2013-08-13 10:11:19 lv2:LS:socket err:11004 -- CLogsrvConnector::OnError -- SetAddress failed! Addr:(ubuntu) Port:9008
2013-08-13 10:11:24 lv2:LS:socket err:11004 -- CLogsrvConnector::OnError -- SetAddress failed! Addr:(ubuntu) Port:9008
2013-08-13 10:11:29 lv2:LS:socket err:11004 -- CLogsrvConnector::OnError -- SetAddress failed! Addr:(ubuntu) Port:9008
2013-08-13 10:11:34 lv2:LS:socket err:11004 -- CLogsrvConnector::OnError -- SetAddress failed! Addr:(ubuntu) Port:9008
2013-08-13 10:11:39 lv2:LS:socket err:11004 -- CLogsrvConnector::OnError -- SetAddress failed! Addr:(ubuntu) Port:9008
2013-08-13 10:11:44 lv2:LS:socket err:11004 -- CLogsrvConnector::OnError -- SetAddress failed! Addr:(ubuntu) Port:9008
2013-08-13 10:11:49 lv2:LS:socket err:11004 -- CLogsrvConnector::OnError -- SetAddress failed! Addr:(ubuntu) Port:9008
2013-08-13 10:11:54 lv2:LS:socket err:11004 -- CLogsrvConnector::OnError -- SetAddress failed! Addr:(ubuntu) Port:9008
2013-08-13 10:11:59 lv2:LS:socket err:11004 -- CLogsrvConnector::OnError -- SetAddress failed! Addr:(ubuntu) Port:9008
2013-08-13 10:12:04 lv2:LS:socket err:11004 -- CLogsrvConnector::OnError -- SetAddress failed! Addr:(ubuntu) Port:9008
2013-08-13 10:12:09 lv2:LS:socket err:11004 -- CLogsrvConnector::OnError -- SetAddress failed! Addr:(ubuntu) Port:9008
2013-08-13 10:12:14 lv2:LS:socket err:11004 -- CLogsrvConnector::OnError -- SetAddress failed! Addr:(ubuntu) Port:9008
2013-08-13 10:12:19 lv2:LS:socket err:11004 -- CLogsrvConnector::OnError -- SetAddress failed! Addr:(ubuntu) Port:9008
2013-08-13 10:12:24 lv2:LS:socket err:11004 -- CLogsrvConnector::OnError -- SetAddress failed! Addr:(ubuntu) Port:9008
2013-08-13 10:12:29 lv2:LS:socket err:11004 -- CLogsrvConnector::OnError -- SetAddress failed! Addr:(ubuntu) Port:9008
2013-08-13 10:12:34 lv2:LS:socket err:11004 -- CLogsrvConnector::OnError -- SetAddress failed! Addr:(ubuntu) Port:9008
2013-08-13 10:12:39 lv2:LS:socket err:11004 -- CLogsrvConnector::OnError -- SetAddress failed! Addr:(ubuntu) Port:9008
2013-08-13 10:12:44 lv2:LS:socket err:11004 -- CLogsrvConnector::OnError -- SetAddress failed! Addr:(ubuntu) Port:9008
2013-08-13 10:12:49 lv2:LS:socket err:11004 -- CLogsrvConnector::OnError -- SetAddress failed! Addr:(ubuntu) Port:9008
2013-08-13 10:12:54 lv2:LS:socket err:11004 -- CLogsrvConnector::OnError -- SetAddress failed! Addr:(ubuntu) Port:9008
2013-08-13 10:12:59 lv2:LS:socket err:11004 -- CLogsrvConnector::OnError -- SetAddress failed! Addr:(ubuntu) Port:9008
2013-08-13 10:13:04 lv2:LS:socket err:11004 -- CLogsrvConnector::OnError -- SetAddress failed! Addr:(ubuntu) Port:9008
2013-08-13 10:13:09 lv2:LS:socket err:11004 -- CLogsrvConnector::OnError -- SetAddress failed! Addr:(ubuntu) Port:9008
2013-08-13 10:13:14 lv2:LS:socket err:11004 -- CLogsrvConnector::OnError -- SetAddress failed! Addr:(ubuntu) Port:9008
2013-08-13 10:13:19 lv2:LS:socket err:11004 -- CLogsrvConnector::OnError -- SetAddress failed! Addr:(ubuntu) Port:9008
2013-08-13 10:13:24 lv2:LS:socket err:11004 -- CLogsrvConnector::OnError -- SetAddress failed! Addr:(ubuntu) Port:9008
2013-08-13 10:13:29 lv2:LS:socket err:11004 -- CLogsrvConnector::OnError -- SetAddress failed! Addr:(ubuntu) Port:9008
2013-08-13 10:13:34 lv2:LS:socket err:11004 -- CLogsrvConnector::OnError -- SetAddress failed! Addr:(ubuntu) Port:9008
2013-08-13 10:13:39 lv2:LS:socket err:11004 -- CLogsrvConnector::OnError -- SetAddress failed! Addr:(ubuntu) Port:9008
2013-08-13 10:13:41 lv4:LS:Send SaveCharacter 14

2013-08-13 10:13:44 lv2:LS:socket err:11004 -- CLogsrvConnector::OnError -- SetAddress failed! Addr:(ubuntu) Port:9008
2013-08-13 10:13:49 lv2:LS:socket err:11004 -- CLogsrvConnector::OnError -- SetAddress failed! Addr:(ubuntu) Port:9008
2013-08-13 10:13:54 lv2:LS:socket err:11004 -- CLogsrvConnector::OnError -- SetAddress failed! Addr:(ubuntu) Port:9008
2013-08-13 10:13:59 lv2:LS:socket err:11004 -- CLogsrvConnector::OnError -- SetAddress failed! Addr:(ubuntu) Port:9008
2013-08-13 10:14:04 lv2:LS:socket err:11004 -- CLogsrvConnector::OnError -- SetAddress failed! Addr:(ubuntu) Port:9008
2013-08-13 10:14:09 lv2:LS:socket err:11004 -- CLogsrvConnector::OnError -- SetAddress failed! Addr:(ubuntu) Port:9008
2013-08-13 10:14:14 lv2:LS:socket err:11004 -- CLogsrvConnector::OnError -- SetAddress failed! Addr:(ubuntu) Port:9008
2013-08-13 10:14:19 lv2:LS:socket err:11004 -- CLogsrvConnector::OnError -- SetAddress failed! Addr:(ubuntu) Port:9008
2013-08-13 10:14:24 lv2:LS:socket err:11004 -- CLogsrvConnector::OnError -- SetAddress failed! Addr:(ubuntu) Port:9008
2013-08-13 10:14:29 lv2:LS:socket err:11004 -- CLogsrvConnector::OnError -- SetAddress failed! Addr:(ubuntu) Port:9008
2013-08-13 10:14:34 lv2:LS:socket err:11004 -- CLogsrvConnector::OnError -- SetAddress failed! Addr:(ubuntu) Port:9008
2013-08-13 10:14:39 lv2:LS:socket err:11004 -- CLogsrvConnector::OnError -- SetAddress failed! Addr:(ubuntu) Port:9008
2013-08-13 10:14:44 lv2:LS:socket err:11004 -- CLogsrvConnector::OnError -- SetAddress failed! Addr:(ubuntu) Port:9008
2013-08-13 10:14:49 lv2:LS:socket err:11004 -- CLogsrvConnector::OnError -- SetAddress failed! Addr:(ubuntu) Port:9008
2013-08-13 10:14:54 lv2:LS:socket err:11004 -- CLogsrvConnector::OnError -- SetAddress failed! Addr:(ubuntu) Port:9008
2013-08-13 10:14:59 lv2:LS:socket err:11004 -- CLogsrvConnector::OnError -- SetAddress failed! Addr:(ubuntu) Port:9008
2013-08-13 10:15:04 lv2:LS:socket err:11004 -- CLogsrvConnector::OnError -- SetAddress failed! Addr:(ubuntu) Port:9008
2013-08-13 10:15:09 lv2:LS:socket err:11004 -- CLogsrvConnector::OnError -- SetAddress failed! Addr:(ubuntu) Port:9008
2013-08-13 10:15:14 lv2:LS:socket err:11004 -- CLogsrvConnector::OnError -- SetAddress failed! Addr:(ubuntu) Port:9008
2013-08-13 10:15:19 lv2:LS:socket err:11004 -- CLogsrvConnector::OnError -- SetAddress failed! Addr:(ubuntu) Port:9008
2013-08-13 10:15:24 lv2:LS:socket err:11004 -- CLogsrvConnector::OnError -- SetAddress failed! Addr:(ubuntu) Port:9008
2013-08-13 10:15:29 lv2:LS:socket err:11004 -- CLogsrvConnector::OnError -- SetAddress failed! Addr:(ubuntu) Port:9008
2013-08-13 10:15:34 lv2:LS:socket err:11004 -- CLogsrvConnector::OnError -- SetAddress failed! Addr:(ubuntu) Port:9008
2013-08-13 10:15:39 lv2:LS:socket err:11004 -- CLogsrvConnector::OnError -- SetAddress failed! Addr:(ubuntu) Port:9008
2013-08-13 10:15:44 lv2:LS:socket err:11004 -- CLogsrvConnector::OnError -- SetAddress failed! Addr:(ubuntu) Port:9008
2013-08-13 10:15:49 lv2:LS:socket err:11004 -- CLogsrvConnector::OnError -- SetAddress failed! Addr:(ubuntu) Port:9008
2013-08-13 10:15:54 lv2:LS:socket err:11004 -- CLogsrvConnector::OnError -- SetAddress failed! Addr:(ubuntu) Port:9008
2013-08-13 10:15:59 lv2:LS:socket err:11004 -- CLogsrvConnector::OnError -- SetAddress failed! Addr:(ubuntu) Port:9008
2013-08-13 10:16:04 lv2:LS:socket err:11004 -- CLogsrvConnector::OnError -- SetAddress failed! Addr:(ubuntu) Port:9008
2013-08-13 10:16:09 lv2:LS:socket err:11004 -- CLogsrvConnector::OnError -- SetAddress failed! Addr:(ubuntu) Port:9008
2013-08-13 10:16:14 lv2:LS:socket err:11004 -- CLogsrvConnector::OnError -- SetAddress failed! Addr:(ubuntu) Port:9008
2013-08-13 10:16:19 lv2:LS:socket err:11004 -- CLogsrvConnector::OnError -- SetAddress failed! Addr:(ubuntu) Port:9008
2013-08-13 10:16:24 lv2:LS:socket err:11004 -- CLogsrvConnector::OnError -- SetAddress failed! Addr:(ubuntu) Port:9008
2013-08-13 10:16:29 lv2:LS:socket err:11004 -- CLogsrvConnector::OnError -- SetAddress failed! Addr:(ubuntu) Port:9008
2013-08-13 10:16:34 lv2:LS:socket err:11004 -- CLogsrvConnector::OnError -- SetAddress failed! Addr:(ubuntu) Port:9008
2013-08-13 10:16:39 lv2:LS:socket err:11004 -- CLogsrvConnector::OnError -- SetAddress failed! Addr:(ubuntu) Port:9008
2013-08-13 10:16:44 lv2:LS:socket err:11004 -- CLogsrvConnector::OnError -- SetAddress failed! Addr:(ubuntu) Port:9008
2013-08-13 10:16:49 lv2:LS:socket err:11004 -- CLogsrvConnector::OnError -- SetAddress failed! Addr:(ubuntu) Port:9008
2013-08-13 10:16:54 lv2:LS:socket err:11004 -- CLogsrvConnector::OnError -- SetAddress failed! Addr:(ubuntu) Port:9008
2013-08-13 10:16:59 lv2:LS:socket err:11004 -- CLogsrvConnector::OnError -- SetAddress failed! Addr:(ubuntu) Port:9008
2013-08-13 10:17:04 lv2:LS:socket err:11004 -- CLogsrvConnector::OnError -- SetAddress failed! Addr:(ubuntu) Port:9008
2013-08-13 10:17:09 lv2:LS:socket err:11004 -- CLogsrvConnector::OnError -- SetAddress failed! Addr:(ubuntu) Port:9008
2013-08-13 10:17:14 lv2:LS:socket err:11004 -- CLogsrvConnector::OnError -- SetAddress failed! Addr:(ubuntu) Port:9008
2013-08-13 10:17:19 lv2:LS:socket err:11004 -- CLogsrvConnector::OnError -- SetAddress failed! Addr:(ubuntu) Port:9008
2013-08-13 10:17:24 lv2:LS:socket err:11004 -- CLogsrvConnector::OnError -- SetAddress failed! Addr:(ubuntu) Port:9008
2013-08-13 10:17:29 lv2:LS:socket err:11004 -- CLogsrvConnector::OnError -- SetAddress failed! Addr:(ubuntu) Port:9008
2013-08-13 10:17:34 lv2:LS:socket err:11004 -- CLogsrvConnector::OnError -- SetAddress failed! Addr:(ubuntu) Port:9008
2013-08-13 10:17:39 lv2:LS:socket err:11004 -- CLogsrvConnector::OnError -- SetAddress failed! Addr:(ubuntu) Port:9008
2013-08-13 10:17:44 lv2:LS:socket err:11004 -- CLogsrvConnector::OnError -- SetAddress failed! Addr:(ubuntu) Port:9008
2013-08-13 10:17:49 lv2:LS:socket err:11004 -- CLogsrvConnector::OnError -- SetAddress failed! Addr:(ubuntu) Port:9008
2013-08-13 10:17:54 lv2:LS:socket err:11004 -- CLogsrvConnector::OnError -- SetAddress failed! Addr:(ubuntu) Port:9008
2013-08-13 10:17:59 lv2:LS:socket err:11004 -- CLogsrvConnector::OnError -- SetAddress failed! Addr:(ubuntu) Port:9008
2013-08-13 10:18:04 lv2:LS:socket err:11004 -- CLogsrvConnector::OnError -- SetAddress failed! Addr:(ubuntu) Port:9008
2013-08-13 10:18:09 lv2:LS:socket err:11004 -- CLogsrvConnector::OnError -- SetAddress failed! Addr:(ubuntu) Port:9008
2013-08-13 10:18:14 lv2:LS:socket err:11004 -- CLogsrvConnector::OnError -- SetAddress failed! Addr:(ubuntu) Port:9008
2013-08-13 10:18:19 lv2:LS:socket err:11004 -- CLogsrvConnector::OnError -- SetAddress failed! Addr:(ubuntu) Port:9008
2013-08-13 10:18:24 lv2:LS:socket err:11004 -- CLogsrvConnector::OnError -- SetAddress failed! Addr:(ubuntu) Port:9008
2013-08-13 10:18:29 lv2:LS:socket err:11004 -- CLogsrvConnector::OnError -- SetAddress failed! Addr:(ubuntu) Port:9008
2013-08-13 10:18:34 lv2:LS:socket err:11004 -- CLogsrvConnector::OnError -- SetAddress failed! Addr:(ubuntu) Port:9008
2013-08-13 10:18:39 lv2:LS:socket err:11004 -- CLogsrvConnector::OnError -- SetAddress failed! Addr:(ubuntu) Port:9008
2013-08-13 10:18:41 lv4:LS:Send SaveCharacter 14

2013-08-13 10:18:44 lv2:LS:socket err:11004 -- CLogsrvConnector::OnError -- SetAddress failed! Addr:(ubuntu) Port:9008
2013-08-13 10:18:49 lv2:LS:socket err:11004 -- CLogsrvConnector::OnError -- SetAddress failed! Addr:(ubuntu) Port:9008
2013-08-13 10:18:54 lv2:LS:socket err:11004 -- CLogsrvConnector::OnError -- SetAddress failed! Addr:(ubuntu) Port:9008
2013-08-13 10:18:59 lv2:LS:socket err:11004 -- CLogsrvConnector::OnError -- SetAddress failed! Addr:(ubuntu) Port:9008
2013-08-13 10:19:04 lv2:LS:socket err:11004 -- CLogsrvConnector::OnError -- SetAddress failed! Addr:(ubuntu) Port:9008
2013-08-13 10:19:09 lv2:LS:socket err:11004 -- CLogsrvConnector::OnError -- SetAddress failed! Addr:(ubuntu) Port:9008
2013-08-13 10:19:14 lv2:LS:socket err:11004 -- CLogsrvConnector::OnError -- SetAddress failed! Addr:(ubuntu) Port:9008
2013-08-13 10:19:19 lv2:LS:socket err:11004 -- CLogsrvConnector::OnError -- SetAddress failed! Addr:(ubuntu) Port:9008
2013-08-13 10:19:24 lv2:LS:socket err:11004 -- CLogsrvConnector::OnError -- SetAddress failed! Addr:(ubuntu) Port:9008
2013-08-13 10:19:29 lv2:LS:socket err:11004 -- CLogsrvConnector::OnError -- SetAddress failed! Addr:(ubuntu) Port:9008
2013-08-13 10:19:34 lv2:LS:socket err:11004 -- CLogsrvConnector::OnError -- SetAddress failed! Addr:(ubuntu) Port:9008
2013-08-13 10:19:39 lv2:LS:socket err:11004 -- CLogsrvConnector::OnError -- SetAddress failed! Addr:(ubuntu) Port:9008
2013-08-13 10:19:44 lv2:LS:socket err:11004 -- CLogsrvConnector::OnError -- SetAddress failed! Addr:(ubuntu) Port:9008
2013-08-13 10:19:49 lv2:LS:socket err:11004 -- CLogsrvConnector::OnError -- SetAddress failed! Addr:(ubuntu) Port:9008
2013-08-13 10:19:54 lv2:LS:socket err:11004 -- CLogsrvConnector::OnError -- SetAddress failed! Addr:(ubuntu) Port:9008
2013-08-13 10:19:59 lv2:LS:socket err:11004 -- CLogsrvConnector::OnError -- SetAddress failed! Addr:(ubuntu) Port:9008
2013-08-13 10:20:04 lv2:LS:socket err:11004 -- CLogsrvConnector::OnError -- SetAddress failed! Addr:(ubuntu) Port:9008
2013-08-13 10:20:09 lv2:LS:socket err:11004 -- CLogsrvConnector::OnError -- SetAddress failed! Addr:(ubuntu) Port:9008
2013-08-13 10:20:14 lv2:LS:socket err:11004 -- CLogsrvConnector::OnError -- SetAddress failed! Addr:(ubuntu) Port:9008
2013-08-13 10:20:19 lv2:LS:socket err:11004 -- CLogsrvConnector::OnError -- SetAddress failed! Addr:(ubuntu) Port:9008
2013-08-13 10:20:24 lv2:LS:socket err:11004 -- CLogsrvConnector::OnError -- SetAddress failed! Addr:(ubuntu) Port:9008
2013-08-13 10:20:29 lv2:LS:socket err:11004 -- CLogsrvConnector::OnError -- SetAddress failed! Addr:(ubuntu) Port:9008
2013-08-13 10:20:34 lv2:LS:socket err:11004 -- CLogsrvConnector::OnError -- SetAddress failed! Addr:(ubuntu) Port:9008
2013-08-13 10:20:39 lv2:LS:socket err:11004 -- CLogsrvConnector::OnError -- SetAddress failed! Addr:(ubuntu) Port:9008
2013-08-13 10:20:44 lv2:LS:socket err:11004 -- CLogsrvConnector::OnError -- SetAddress failed! Addr:(ubuntu) Port:9008
2013-08-13 10:20:49 lv2:LS:socket err:11004 -- CLogsrvConnector::OnError -- SetAddress failed! Addr:(ubuntu) Port:9008
2013-08-13 10:20:54 lv2:LS:socket err:11004 -- CLogsrvConnector::OnError -- SetAddress failed! Addr:(ubuntu) Port:9008
2013-08-13 10:20:59 lv2:LS:socket err:11004 -- CLogsrvConnector::OnError -- SetAddress failed! Addr:(ubuntu) Port:9008
2013-08-13 10:21:04 lv2:LS:socket err:11004 -- CLogsrvConnector::OnError -- SetAddress failed! Addr:(ubuntu) Port:9008
2013-08-13 10:21:09 lv2:LS:socket err:11004 -- CLogsrvConnector::OnError -- SetAddress failed! Addr:(ubuntu) Port:9008
2013-08-13 10:21:14 lv2:LS:socket err:11004 -- CLogsrvConnector::OnError -- SetAddress failed! Addr:(ubuntu) Port:9008
2013-08-13 10:21:19 lv2:LS:socket err:11004 -- CLogsrvConnector::OnError -- SetAddress failed! Addr:(ubuntu) Port:9008
2013-08-13 10:21:24 lv2:LS:socket err:11004 -- CLogsrvConnector::OnError -- SetAddress failed! Addr:(ubuntu) Port:9008
2013-08-13 10:21:29 lv2:LS:socket err:11004 -- CLogsrvConnector::OnError -- SetAddress failed! Addr:(ubuntu) Port:9008
2013-08-13 10:21:34 lv2:LS:socket err:11004 -- CLogsrvConnector::OnError -- SetAddress failed! Addr:(ubuntu) Port:9008
2013-08-13 10:21:39 lv2:LS:socket err:11004 -- CLogsrvConnector::OnError -- SetAddress failed! Addr:(ubuntu) Port:9008
2013-08-13 10:21:44 lv2:LS:socket err:11004 -- CLogsrvConnector::OnError -- SetAddress failed! Addr:(ubuntu) Port:9008
2013-08-13 10:21:49 lv2:LS:socket err:11004 -- CLogsrvConnector::OnError -- SetAddress failed! Addr:(ubuntu) Port:9008
2013-08-13 10:21:54 lv2:LS:socket err:11004 -- CLogsrvConnector::OnError -- SetAddress failed! Addr:(ubuntu) Port:9008
2013-08-13 10:21:59 lv2:LS:socket err:11004 -- CLogsrvConnector::OnError -- SetAddress failed! Addr:(ubuntu) Port:9008
2013-08-13 10:22:04 lv2:LS:socket err:11004 -- CLogsrvConnector::OnError -- SetAddress failed! Addr:(ubuntu) Port:9008
2013-08-13 10:22:09 lv2:LS:socket err:11004 -- CLogsrvConnector::OnError -- SetAddress failed! Addr:(ubuntu) Port:9008
2013-08-13 10:22:14 lv2:LS:socket err:11004 -- CLogsrvConnector::OnError -- SetAddress failed! Addr:(ubuntu) Port:9008
2013-08-13 10:22:19 lv2:LS:socket err:11004 -- CLogsrvConnector::OnError -- SetAddress failed! Addr:(ubuntu) Port:9008
2013-08-13 10:22:24 lv2:LS:socket err:11004 -- CLogsrvConnector::OnError -- SetAddress failed! Addr:(ubuntu) Port:9008
2013-08-13 10:22:29 lv2:LS:socket err:11004 -- CLogsrvConnector::OnError -- SetAddress failed! Addr:(ubuntu) Port:9008
2013-08-13 10:22:34 lv2:LS:socket err:11004 -- CLogsrvConnector::OnError -- SetAddress failed! Addr:(ubuntu) Port:9008
2013-08-13 10:22:39 lv2:LS:socket err:11004 -- CLogsrvConnector::OnError -- SetAddress failed! Addr:(ubuntu) Port:9008
2013-08-13 10:22:44 lv2:LS:socket err:11004 -- CLogsrvConnector::OnError -- SetAddress failed! Addr:(ubuntu) Port:9008
2013-08-13 10:22:49 lv2:LS:socket err:11004 -- CLogsrvConnector::OnError -- SetAddress failed! Addr:(ubuntu) Port:9008
2013-08-13 10:22:54 lv2:LS:socket err:11004 -- CLogsrvConnector::OnError -- SetAddress failed! Addr:(ubuntu) Port:9008
2013-08-13 10:22:59 lv2:LS:socket err:11004 -- CLogsrvConnector::OnError -- SetAddress failed! Addr:(ubuntu) Port:9008
2013-08-13 10:23:04 lv2:LS:socket err:11004 -- CLogsrvConnector::OnError -- SetAddress failed! Addr:(ubuntu) Port:9008
2013-08-13 10:23:09 lv2:LS:socket err:11004 -- CLogsrvConnector::OnError -- SetAddress failed! Addr:(ubuntu) Port:9008
2013-08-13 10:23:14 lv2:LS:socket err:11004 -- CLogsrvConnector::OnError -- SetAddress failed! Addr:(ubuntu) Port:9008
2013-08-13 10:23:19 lv2:LS:socket err:11004 -- CLogsrvConnector::OnError -- SetAddress failed! Addr:(ubuntu) Port:9008
2013-08-13 10:23:24 lv2:LS:socket err:11004 -- CLogsrvConnector::OnError -- SetAddress failed! Addr:(ubuntu) Port:9008
2013-08-13 10:23:29 lv2:LS:socket err:11004 -- CLogsrvConnector::OnError -- SetAddress failed! Addr:(ubuntu) Port:9008
2013-08-13 10:23:34 lv2:LS:socket err:11004 -- CLogsrvConnector::OnError -- SetAddress failed! Addr:(ubuntu) Port:9008
2013-08-13 10:23:39 lv2:LS:socket err:11004 -- CLogsrvConnector::OnError -- SetAddress failed! Addr:(ubuntu) Port:9008
2013-08-13 10:23:41 lv4:LS:Send SaveCharacter 14

2013-08-13 10:23:44 lv2:LS:socket err:11004 -- CLogsrvConnector::OnError -- SetAddress failed! Addr:(ubuntu) Port:9008
2013-08-13 10:23:49 lv2:LS:socket err:11004 -- CLogsrvConnector::OnError -- SetAddress failed! Addr:(ubuntu) Port:9008
2013-08-13 10:23:54 lv2:LS:socket err:11004 -- CLogsrvConnector::OnError -- SetAddress failed! Addr:(ubuntu) Port:9008
2013-08-13 10:23:59 lv2:LS:socket err:11004 -- CLogsrvConnector::OnError -- SetAddress failed! Addr:(ubuntu) Port:9008
2013-08-13 10:24:04 lv2:LS:socket err:11004 -- CLogsrvConnector::OnError -- SetAddress failed! Addr:(ubuntu) Port:9008
2013-08-13 10:24:09 lv2:LS:socket err:11004 -- CLogsrvConnector::OnError -- SetAddress failed! Addr:(ubuntu) Port:9008
2013-08-13 10:24:14 lv2:LS:socket err:11004 -- CLogsrvConnector::OnError -- SetAddress failed! Addr:(ubuntu) Port:9008
2013-08-13 10:24:19 lv2:LS:socket err:11004 -- CLogsrvConnector::OnError -- SetAddress failed! Addr:(ubuntu) Port:9008
2013-08-13 10:24:24 lv2:LS:socket err:11004 -- CLogsrvConnector::OnError -- SetAddress failed! Addr:(ubuntu) Port:9008
2013-08-13 10:24:29 lv2:LS:socket err:11004 -- CLogsrvConnector::OnError -- SetAddress failed! Addr:(ubuntu) Port:9008
2013-08-13 10:24:34 lv2:LS:socket err:11004 -- CLogsrvConnector::OnError -- SetAddress failed! Addr:(ubuntu) Port:9008
2013-08-13 10:24:39 lv2:LS:socket err:11004 -- CLogsrvConnector::OnError -- SetAddress failed! Addr:(ubuntu) Port:9008
2013-08-13 10:24:44 lv2:LS:socket err:11004 -- CLogsrvConnector::OnError -- SetAddress failed! Addr:(ubuntu) Port:9008
2013-08-13 10:24:49 lv2:LS:socket err:11004 -- CLogsrvConnector::OnError -- SetAddress failed! Addr:(ubuntu) Port:9008
2013-08-13 10:24:54 lv2:LS:socket err:11004 -- CLogsrvConnector::OnError -- SetAddress failed! Addr:(ubuntu) Port:9008
2013-08-13 10:24:59 lv2:LS:socket err:11004 -- CLogsrvConnector::OnError -- SetAddress failed! Addr:(ubuntu) Port:9008
2013-08-13 10:25:04 lv2:LS:socket err:11004 -- CLogsrvConnector::OnError -- SetAddress failed! Addr:(ubuntu) Port:9008
2013-08-13 10:25:09 lv2:LS:socket err:11004 -- CLogsrvConnector::OnError -- SetAddress failed! Addr:(ubuntu) Port:9008
2013-08-13 10:25:14 lv2:LS:socket err:11004 -- CLogsrvConnector::OnError -- SetAddress failed! Addr:(ubuntu) Port:9008
2013-08-13 10:25:19 lv2:LS:socket err:11004 -- CLogsrvConnector::OnError -- SetAddress failed! Addr:(ubuntu) Port:9008
2013-08-13 10:25:24 lv2:LS:socket err:11004 -- CLogsrvConnector::OnError -- SetAddress failed! Addr:(ubuntu) Port:9008
2013-08-13 10:25:29 lv2:LS:socket err:11004 -- CLogsrvConnector::OnError -- SetAddress failed! Addr:(ubuntu) Port:9008
2013-08-13 10:25:34 lv2:LS:socket err:11004 -- CLogsrvConnector::OnError -- SetAddress failed! Addr:(ubuntu) Port:9008
2013-08-13 10:25:39 lv2:LS:socket err:11004 -- CLogsrvConnector::OnError -- SetAddress failed! Addr:(ubuntu) Port:9008
2013-08-13 10:25:44 lv2:LS:socket err:11004 -- CLogsrvConnector::OnError -- SetAddress failed! Addr:(ubuntu) Port:9008
2013-08-13 10:25:49 lv2:LS:socket err:11004 -- CLogsrvConnector::OnError -- SetAddress failed! Addr:(ubuntu) Port:9008
2013-08-13 10:25:50 lv3:LS:Player Offline ID : [14].

2013-08-13 10:25:50 lv4:LS:Send SaveCharacter 14

2013-08-13 10:25:51 lv3:LS:Save Success ID : [14].

2013-08-13 10:25:51 lv3:LS:Wait for Ack List Size : [0].

2013-08-13 10:25:54 lv2:LS:socket err:11004 -- CLogsrvConnector::OnError -- SetAddress failed! Addr:(ubuntu) Port:9008
2013-08-13 10:25:59 lv2:LS:socket err:11004 -- CLogsrvConnector::OnError -- SetAddress failed! Addr:(ubuntu) Port:9008
2013-08-13 10:26:04 lv2:LS:socket err:11004 -- CLogsrvConnector::OnError -- SetAddress failed! Addr:(ubuntu) Port:9008
2013-08-13 10:26:09 lv2:LS:socket err:11004 -- CLogsrvConnector::OnError -- SetAddress failed! Addr:(ubuntu) Port:9008
2013-08-13 10:26:14 lv2:LS:socket err:11004 -- CLogsrvConnector::OnError -- SetAddress failed! Addr:(ubuntu) Port:9008
2013-08-13 10:26:19 lv2:LS:socket err:11004 -- CLogsrvConnector::OnError -- SetAddress failed! Addr:(ubuntu) Port:9008
2013-08-13 10:26:24 lv2:LS:socket err:11004 -- CLogsrvConnector::OnError -- SetAddress failed! Addr:(ubuntu) Port:9008
2013-08-13 10:26:29 lv2:LS:socket err:11004 -- CLogsrvConnector::OnError -- SetAddress failed! Addr:(ubuntu) Port:9008
2013-08-13 10:26:34 lv2:LS:socket err:11004 -- CLogsrvConnector::OnError -- SetAddress failed! Addr:(ubuntu) Port:9008
2013-08-13 10:26:39 lv2:LS:socket err:11004 -- CLogsrvConnector::OnError -- SetAddress failed! Addr:(ubuntu) Port:9008
2013-08-13 10:26:44 lv2:LS:socket err:11004 -- CLogsrvConnector::OnError -- SetAddress failed! Addr:(ubuntu) Port:9008
2013-08-13 10:26:49 lv2:LS:socket err:11004 -- CLogsrvConnector::OnError -- SetAddress failed! Addr:(ubuntu) Port:9008
2013-08-13 10:26:54 lv2:LS:socket err:11004 -- CLogsrvConnector::OnError -- SetAddress failed! Addr:(ubuntu) Port:9008
2013-08-13 10:26:59 lv2:LS:socket err:11004 -- CLogsrvConnector::OnError -- SetAddress failed! Addr:(ubuntu) Port:9008
2013-08-13 10:27:04 lv2:LS:socket err:11004 -- CLogsrvConnector::OnError -- SetAddress failed! Addr:(ubuntu) Port:9008
2013-08-13 10:27:09 lv2:LS:socket err:11004 -- CLogsrvConnector::OnError -- SetAddress failed! Addr:(ubuntu) Port:9008
2013-08-13 10:27:14 lv2:LS:socket err:11004 -- CLogsrvConnector::OnError -- SetAddress failed! Addr:(ubuntu) Port:9008
2013-08-13 10:27:19 lv2:LS:socket err:11004 -- CLogsrvConnector::OnError -- SetAddress failed! Addr:(ubuntu) Port:9008
2013-08-13 10:27:24 lv2:LS:socket err:11004 -- CLogsrvConnector::OnError -- SetAddress failed! Addr:(ubuntu) Port:9008
2013-08-13 10:27:29 lv2:LS:socket err:11004 -- CLogsrvConnector::OnError -- SetAddress failed! Addr:(ubuntu) Port:9008
2013-08-13 10:27:34 lv2:LS:socket err:11004 -- CLogsrvConnector::OnError -- SetAddress failed! Addr:(ubuntu) Port:9008
2013-08-13 10:27:39 lv2:LS:socket err:11004 -- CLogsrvConnector::OnError -- SetAddress failed! Addr:(ubuntu) Port:9008
2013-08-13 10:27:44 lv2:LS:socket err:11004 -- CLogsrvConnector::OnError -- SetAddress failed! Addr:(ubuntu) Port:9008
2013-08-13 10:27:49 lv2:LS:socket err:11004 -- CLogsrvConnector::OnError -- SetAddress failed! Addr:(ubuntu) Port:9008
2013-08-13 10:27:54 lv2:LS:socket err:11004 -- CLogsrvConnector::OnError -- SetAddress failed! Addr:(ubuntu) Port:9008
2013-08-13 10:27:59 lv2:LS:socket err:11004 -- CLogsrvConnector::OnError -- SetAddress failed! Addr:(ubuntu) Port:9008
2013-08-13 10:28:04 lv2:LS:socket err:11004 -- CLogsrvConnector::OnError -- SetAddress failed! Addr:(ubuntu) Port:9008
2013-08-13 10:28:09 lv2:LS:socket err:11004 -- CLogsrvConnector::OnError -- SetAddress failed! Addr:(ubuntu) Port:9008
2013-08-13 10:28:14 lv2:LS:socket err:11004 -- CLogsrvConnector::OnError -- SetAddress failed! Addr:(ubuntu) Port:9008
2013-08-13 10:28:19 lv2:LS:socket err:11004 -- CLogsrvConnector::OnError -- SetAddress failed! Addr:(ubuntu) Port:9008
2013-08-13 10:28:24 lv2:LS:socket err:11004 -- CLogsrvConnector::OnError -- SetAddress failed! Addr:(ubuntu) Port:9008
2013-08-13 10:28:29 lv2:LS:socket err:11004 -- CLogsrvConnector::OnError -- SetAddress failed! Addr:(ubuntu) Port:9008
2013-08-13 10:28:34 lv2:LS:socket err:11004 -- CLogsrvConnector::OnError -- SetAddress failed! Addr:(ubuntu) Port:9008
2013-08-13 10:28:39 lv2:LS:socket err:11004 -- CLogsrvConnector::OnError -- SetAddress failed! Addr:(ubuntu) Port:9008
2013-08-13 10:28:44 lv2:LS:socket err:11004 -- CLogsrvConnector::OnError -- SetAddress failed! Addr:(ubuntu) Port:9008
2013-08-13 10:28:49 lv2:LS:socket err:11004 -- CLogsrvConnector::OnError -- SetAddress failed! Addr:(ubuntu) Port:9008
2013-08-13 10:28:54 lv2:LS:socket err:11004 -- CLogsrvConnector::OnError -- SetAddress failed! Addr:(ubuntu) Port:9008
2013-08-13 10:28:59 lv2:LS:socket err:11004 -- CLogsrvConnector::OnError -- SetAddress failed! Addr:(ubuntu) Port:9008
2013-08-13 10:29:04 lv2:LS:socket err:11004 -- CLogsrvConnector::OnError -- SetAddress failed! Addr:(ubuntu) Port:9008
2013-08-13 10:29:09 lv2:LS:socket err:11004 -- CLogsrvConnector::OnError -- SetAddress failed! Addr:(ubuntu) Port:9008
2013-08-13 10:29:14 lv2:LS:socket err:11004 -- CLogsrvConnector::OnError -- SetAddress failed! Addr:(ubuntu) Port:9008
2013-08-13 10:29:19 lv2:LS:socket err:11004 -- CLogsrvConnector::OnError -- SetAddress failed! Addr:(ubuntu) Port:9008
2013-08-13 10:29:24 lv2:LS:socket err:11004 -- CLogsrvConnector::OnError -- SetAddress failed! Addr:(ubuntu) Port:9008
2013-08-13 10:29:29 lv2:LS:socket err:11004 -- CLogsrvConnector::OnError -- SetAddress failed! Addr:(ubuntu) Port:9008
2013-08-13 10:29:34 lv2:LS:socket err:11004 -- CLogsrvConnector::OnError -- SetAddress failed! Addr:(ubuntu) Port:9008
2013-08-13 10:29:39 lv2:LS:socket err:11004 -- CLogsrvConnector::OnError -- SetAddress failed! Addr:(ubuntu) Port:9008
2013-08-13 10:29:44 lv2:LS:socket err:11004 -- CLogsrvConnector::OnError -- SetAddress failed! Addr:(ubuntu) Port:9008
2013-08-13 10:29:49 lv2:LS:socket err:11004 -- CLogsrvConnector::OnError -- SetAddress failed! Addr:(ubuntu) Port:9008
2013-08-13 10:29:54 lv2:LS:socket err:11004 -- CLogsrvConnector::OnError -- SetAddress failed! Addr:(ubuntu) Port:9008
2013-08-13 10:29:59 lv2:LS:socket err:11004 -- CLogsrvConnector::OnError -- SetAddress failed! Addr:(ubuntu) Port:9008
2013-08-13 10:30:04 lv2:LS:socket err:11004 -- CLogsrvConnector::OnError -- SetAddress failed! Addr:(ubuntu) Port:9008
2013-08-13 10:30:09 lv2:LS:socket err:11004 -- CLogsrvConnector::OnError -- SetAddress failed! Addr:(ubuntu) Port:9008
2013-08-13 10:30:14 lv2:LS:socket err:11004 -- CLogsrvConnector::OnError -- SetAddress failed! Addr:(ubuntu) Port:9008
2013-08-13 10:30:19 lv2:LS:socket err:11004 -- CLogsrvConnector::OnError -- SetAddress failed! Addr:(ubuntu) Port:9008
2013-08-13 10:30:24 lv2:LS:socket err:11004 -- CLogsrvConnector::OnError -- SetAddress failed! Addr:(ubuntu) Port:9008
2013-08-13 10:30:29 lv2:LS:socket err:11004 -- CLogsrvConnector::OnError -- SetAddress failed! Addr:(ubuntu) Port:9008
2013-08-13 10:30:34 lv2:LS:socket err:11004 -- CLogsrvConnector::OnError -- SetAddress failed! Addr:(ubuntu) Port:9008
2013-08-13 10:30:39 lv2:LS:socket err:11004 -- CLogsrvConnector::OnError -- SetAddress failed! Addr:(ubuntu) Port:9008
2013-08-13 10:30:44 lv2:LS:socket err:11004 -- CLogsrvConnector::OnError -- SetAddress failed! Addr:(ubuntu) Port:9008
2013-08-13 10:30:49 lv2:LS:socket err:11004 -- CLogsrvConnector::OnError -- SetAddress failed! Addr:(ubuntu) Port:9008
2013-08-13 10:30:54 lv2:LS:socket err:11004 -- CLogsrvConnector::OnError -- SetAddress failed! Addr:(ubuntu) Port:9008
2013-08-13 10:30:59 lv2:LS:socket err:11004 -- CLogsrvConnector::OnError -- SetAddress failed! Addr:(ubuntu) Port:9008
2013-08-13 10:31:05 lv2:LS:socket err:11004 -- CLogsrvConnector::OnError -- SetAddress failed! Addr:(ubuntu) Port:9008
2013-08-13 10:31:09 lv2:LS:socket err:11004 -- CLogsrvConnector::OnError -- SetAddress failed! Addr:(ubuntu) Port:9008
2013-08-13 10:31:15 lv2:LS:socket err:11004 -- CLogsrvConnector::OnError -- SetAddress failed! Addr:(ubuntu) Port:9008
2013-08-13 10:31:20 lv2:LS:socket err:11004 -- CLogsrvConnector::OnError -- SetAddress failed! Addr:(ubuntu) Port:9008
2013-08-13 10:31:25 lv2:LS:socket err:11004 -- CLogsrvConnector::OnError -- SetAddress failed! Addr:(ubuntu) Port:9008
2013-08-13 10:31:30 lv2:LS:socket err:11004 -- CLogsrvConnector::OnError -- SetAddress failed! Addr:(ubuntu) Port:9008
2013-08-13 10:31:35 lv2:LS:socket err:11004 -- CLogsrvConnector::OnError -- SetAddress failed! Addr:(ubuntu) Port:9008
2013-08-13 10:31:40 lv2:LS:socket err:11004 -- CLogsrvConnector::OnError -- SetAddress failed! Addr:(ubuntu) Port:9008
2013-08-13 10:31:45 lv2:LS:socket err:11004 -- CLogsrvConnector::OnError -- SetAddress failed! Addr:(ubuntu) Port:9008
2013-08-13 10:31:50 lv2:LS:socket err:11004 -- CLogsrvConnector::OnError -- SetAddress failed! Addr:(ubuntu) Port:9008
2013-08-13 10:31:55 lv2:LS:socket err:11004 -- CLogsrvConnector::OnError -- SetAddress failed! Addr:(ubuntu) Port:9008
2013-08-13 10:32:00 lv2:LS:socket err:11004 -- CLogsrvConnector::OnError -- SetAddress failed! Addr:(ubuntu) Port:9008
2013-08-13 10:32:05 lv2:LS:socket err:11004 -- CLogsrvConnector::OnError -- SetAddress failed! Addr:(ubuntu) Port:9008
2013-08-13 10:32:10 lv2:LS:socket err:11004 -- CLogsrvConnector::OnError -- SetAddress failed! Addr:(ubuntu) Port:9008
2013-08-13 10:32:15 lv2:LS:socket err:11004 -- CLogsrvConnector::OnError -- SetAddress failed! Addr:(ubuntu) Port:9008
2013-08-13 10:32:20 lv2:LS:socket err:11004 -- CLogsrvConnector::OnError -- SetAddress failed! Addr:(ubuntu) Port:9008
2013-08-13 10:32:25 lv2:LS:socket err:11004 -- CLogsrvConnector::OnError -- SetAddress failed! Addr:(ubuntu) Port:9008
2013-08-13 10:32:30 lv2:LS:socket err:11004 -- CLogsrvConnector::OnError -- SetAddress failed! Addr:(ubuntu) Port:9008
2013-08-13 10:32:35 lv2:LS:socket err:11004 -- CLogsrvConnector::OnError -- SetAddress failed! Addr:(ubuntu) Port:9008
2013-08-13 10:32:40 lv2:LS:socket err:11004 -- CLogsrvConnector::OnError -- SetAddress failed! Addr:(ubuntu) Port:9008
2013-08-13 10:32:45 lv2:LS:socket err:11004 -- CLogsrvConnector::OnError -- SetAddress failed! Addr:(ubuntu) Port:9008
2013-08-13 10:32:50 lv2:LS:socket err:11004 -- CLogsrvConnector::OnError -- SetAddress failed! Addr:(ubuntu) Port:9008
2013-08-13 10:32:55 lv2:LS:socket err:11004 -- CLogsrvConnector::OnError -- SetAddress failed! Addr:(ubuntu) Port:9008
2013-08-13 10:33:00 lv2:LS:socket err:11004 -- CLogsrvConnector::OnError -- SetAddress failed! Addr:(ubuntu) Port:9008
2013-08-13 10:33:05 lv2:LS:socket err:11004 -- CLogsrvConnector::OnError -- SetAddress failed! Addr:(ubuntu) Port:9008
2013-08-13 10:33:10 lv2:LS:socket err:11004 -- CLogsrvConnector::OnError -- SetAddress failed! Addr:(ubuntu) Port:9008
2013-08-13 10:33:15 lv2:LS:socket err:11004 -- CLogsrvConnector::OnError -- SetAddress failed! Addr:(ubuntu) Port:9008
2013-08-13 10:33:20 lv2:LS:socket err:11004 -- CLogsrvConnector::OnError -- SetAddress failed! Addr:(ubuntu) Port:9008
2013-08-13 10:33:25 lv2:LS:socket err:11004 -- CLogsrvConnector::OnError -- SetAddress failed! Addr:(ubuntu) Port:9008
2013-08-13 10:33:30 lv2:LS:socket err:11004 -- CLogsrvConnector::OnError -- SetAddress failed! Addr:(ubuntu) Port:9008
2013-08-13 10:33:35 lv2:LS:socket err:11004 -- CLogsrvConnector::OnError -- SetAddress failed! Addr:(ubuntu) Port:9008
2013-08-13 10:33:40 lv2:LS:socket err:11004 -- CLogsrvConnector::OnError -- SetAddress failed! Addr:(ubuntu) Port:9008
2013-08-13 10:33:45 lv2:LS:socket err:11004 -- CLogsrvConnector::OnError -- SetAddress failed! Addr:(ubuntu) Port:9008
2013-08-13 10:33:50 lv2:LS:socket err:11004 -- CLogsrvConnector::OnError -- SetAddress failed! Addr:(ubuntu) Port:9008
2013-08-13 10:33:55 lv2:LS:socket err:11004 -- CLogsrvConnector::OnError -- SetAddress failed! Addr:(ubuntu) Port:9008
2013-08-13 10:34:00 lv2:LS:socket err:11004 -- CLogsrvConnector::OnError -- SetAddress failed! Addr:(ubuntu) Port:9008
2013-08-13 10:34:05 lv2:LS:socket err:11004 -- CLogsrvConnector::OnError -- SetAddress failed! Addr:(ubuntu) Port:9008
2013-08-13 10:34:10 lv2:LS:socket err:11004 -- CLogsrvConnector::OnError -- SetAddress failed! Addr:(ubuntu) Port:9008
2013-08-13 10:34:15 lv2:LS:socket err:11004 -- CLogsrvConnector::OnError -- SetAddress failed! Addr:(ubuntu) Port:9008
2013-08-13 10:34:20 lv2:LS:socket err:11004 -- CLogsrvConnector::OnError -- SetAddress failed! Addr:(ubuntu) Port:9008
2013-08-13 10:34:25 lv2:LS:socket err:11004 -- CLogsrvConnector::OnError -- SetAddress failed! Addr:(ubuntu) Port:9008
2013-08-13 10:34:30 lv2:LS:socket err:11004 -- CLogsrvConnector::OnError -- SetAddress failed! Addr:(ubuntu) Port:9008
2013-08-13 10:34:35 lv2:LS:socket err:11004 -- CLogsrvConnector::OnError -- SetAddress failed! Addr:(ubuntu) Port:9008
2013-08-13 10:34:40 lv2:LS:socket err:11004 -- CLogsrvConnector::OnError -- SetAddress failed! Addr:(ubuntu) Port:9008
2013-08-13 10:34:45 lv2:LS:socket err:11004 -- CLogsrvConnector::OnError -- SetAddress failed! Addr:(ubuntu) Port:9008
2013-08-13 10:34:50 lv2:LS:socket err:11004 -- CLogsrvConnector::OnError -- SetAddress failed! Addr:(ubuntu) Port:9008
2013-08-13 10:34:55 lv2:LS:socket err:11004 -- CLogsrvConnector::OnError -- SetAddress failed! Addr:(ubuntu) Port:9008
2013-08-13 10:35:00 lv2:LS:socket err:11004 -- CLogsrvConnector::OnError -- SetAddress failed! Addr:(ubuntu) Port:9008
2013-08-13 10:35:05 lv2:LS:socket err:11004 -- CLogsrvConnector::OnError -- SetAddress failed! Addr:(ubuntu) Port:9008
2013-08-13 10:35:10 lv2:LS:socket err:11004 -- CLogsrvConnector::OnError -- SetAddress failed! Addr:(ubuntu) Port:9008
2013-08-13 10:35:15 lv2:LS:socket err:11004 -- CLogsrvConnector::OnError -- SetAddress failed! Addr:(ubuntu) Port:9008
2013-08-13 10:35:20 lv2:LS:socket err:11004 -- CLogsrvConnector::OnError -- SetAddress failed! Addr:(ubuntu) Port:9008
2013-08-13 10:35:25 lv2:LS:socket err:11004 -- CLogsrvConnector::OnError -- SetAddress failed! Addr:(ubuntu) Port:9008
2013-08-13 10:35:30 lv2:LS:socket err:11004 -- CLogsrvConnector::OnError -- SetAddress failed! Addr:(ubuntu) Port:9008
2013-08-13 10:35:35 lv2:LS:socket err:11004 -- CLogsrvConnector::OnError -- SetAddress failed! Addr:(ubuntu) Port:9008
2013-08-13 10:35:40 lv2:LS:socket err:11004 -- CLogsrvConnector::OnError -- SetAddress failed! Addr:(ubuntu) Port:9008
2013-08-13 10:35:45 lv2:LS:socket err:11004 -- CLogsrvConnector::OnError -- SetAddress failed! Addr:(ubuntu) Port:9008
2013-08-13 10:35:50 lv2:LS:socket err:11004 -- CLogsrvConnector::OnError -- SetAddress failed! Addr:(ubuntu) Port:9008
2013-08-13 10:35:55 lv2:LS:socket err:11004 -- CLogsrvConnector::OnError -- SetAddress failed! Addr:(ubuntu) Port:9008
2013-08-13 10:36:00 lv2:LS:socket err:11004 -- CLogsrvConnector::OnError -- SetAddress failed! Addr:(ubuntu) Port:9008
2013-08-13 10:36:05 lv2:LS:socket err:11004 -- CLogsrvConnector::OnError -- SetAddress failed! Addr:(ubuntu) Port:9008
2013-08-13 10:36:10 lv2:LS:socket err:11004 -- CLogsrvConnector::OnError -- SetAddress failed! Addr:(ubuntu) Port:9008
2013-08-13 10:36:15 lv2:LS:socket err:11004 -- CLogsrvConnector::OnError -- SetAddress failed! Addr:(ubuntu) Port:9008
2013-08-13 10:36:20 lv2:LS:socket err:11004 -- CLogsrvConnector::OnError -- SetAddress failed! Addr:(ubuntu) Port:9008
2013-08-13 10:36:25 lv2:LS:socket err:11004 -- CLogsrvConnector::OnError -- SetAddress failed! Addr:(ubuntu) Port:9008
2013-08-13 10:36:30 lv2:LS:socket err:11004 -- CLogsrvConnector::OnError -- SetAddress failed! Addr:(ubuntu) Port:9008
2013-08-13 10:36:35 lv2:LS:socket err:11004 -- CLogsrvConnector::OnError -- SetAddress failed! Addr:(ubuntu) Port:9008
2013-08-13 10:36:40 lv2:LS:socket err:11004 -- CLogsrvConnector::OnError -- SetAddress failed! Addr:(ubuntu) Port:9008
2013-08-13 10:36:45 lv2:LS:socket err:11004 -- CLogsrvConnector::OnError -- SetAddress failed! Addr:(ubuntu) Port:9008
2013-08-13 10:36:50 lv2:LS:socket err:11004 -- CLogsrvConnector::OnError -- SetAddress failed! Addr:(ubuntu) Port:9008
2013-08-13 10:36:55 lv2:LS:socket err:11004 -- CLogsrvConnector::OnError -- SetAddress failed! Addr:(ubuntu) Port:9008
2013-08-13 10:37:00 lv2:LS:socket err:11004 -- CLogsrvConnector::OnError -- SetAddress failed! Addr:(ubuntu) Port:9008
2013-08-13 10:37:05 lv2:LS:socket err:11004 -- CLogsrvConnector::OnError -- SetAddress failed! Addr:(ubuntu) Port:9008
2013-08-13 10:37:10 lv2:LS:socket err:11004 -- CLogsrvConnector::OnError -- SetAddress failed! Addr:(ubuntu) Port:9008
2013-08-13 10:37:15 lv2:LS:socket err:11004 -- CLogsrvConnector::OnError -- SetAddress failed! Addr:(ubuntu) Port:9008
2013-08-13 10:37:20 lv2:LS:socket err:11004 -- CLogsrvConnector::OnError -- SetAddress failed! Addr:(ubuntu) Port:9008
2013-08-13 10:37:25 lv2:LS:socket err:11004 -- CLogsrvConnector::OnError -- SetAddress failed! Addr:(ubuntu) Port:9008
2013-08-13 10:37:30 lv2:LS:socket err:11004 -- CLogsrvConnector::OnError -- SetAddress failed! Addr:(ubuntu) Port:9008
2013-08-13 10:37:35 lv2:LS:socket err:11004 -- CLogsrvConnector::OnError -- SetAddress failed! Addr:(ubuntu) Port:9008
2013-08-13 10:37:40 lv2:LS:socket err:11004 -- CLogsrvConnector::OnError -- SetAddress failed! Addr:(ubuntu) Port:9008
2013-08-13 10:37:45 lv2:LS:socket err:11004 -- CLogsrvConnector::OnError -- SetAddress failed! Addr:(ubuntu) Port:9008
2013-08-13 10:37:50 lv2:LS:socket err:11004 -- CLogsrvConnector::OnError -- SetAddress failed! Addr:(ubuntu) Port:9008
2013-08-13 10:37:55 lv2:LS:socket err:11004 -- CLogsrvConnector::OnError -- SetAddress failed! Addr:(ubuntu) Port:9008
2013-08-13 10:38:00 lv2:LS:socket err:11004 -- CLogsrvConnector::OnError -- SetAddress failed! Addr:(ubuntu) Port:9008
2013-08-13 10:38:05 lv2:LS:socket err:11004 -- CLogsrvConnector::OnError -- SetAddress failed! Addr:(ubuntu) Port:9008
2013-08-13 10:38:10 lv2:LS:socket err:11004 -- CLogsrvConnector::OnError -- SetAddress failed! Addr:(ubuntu) Port:9008
2013-08-13 10:38:15 lv2:LS:socket err:11004 -- CLogsrvConnector::OnError -- SetAddress failed! Addr:(ubuntu) Port:9008
2013-08-13 10:38:20 lv2:LS:socket err:11004 -- CLogsrvConnector::OnError -- SetAddress failed! Addr:(ubuntu) Port:9008
2013-08-13 10:38:25 lv2:LS:socket err:11004 -- CLogsrvConnector::OnError -- SetAddress failed! Addr:(ubuntu) Port:9008
2013-08-13 10:38:30 lv2:LS:socket err:11004 -- CLogsrvConnector::OnError -- SetAddress failed! Addr:(ubuntu) Port:9008
2013-08-13 10:38:35 lv2:LS:socket err:11004 -- CLogsrvConnector::OnError -- SetAddress failed! Addr:(ubuntu) Port:9008
2013-08-13 10:38:40 lv2:LS:socket err:11004 -- CLogsrvConnector::OnError -- SetAddress failed! Addr:(ubuntu) Port:9008
2013-08-13 10:38:45 lv2:LS:socket err:11004 -- CLogsrvConnector::OnError -- SetAddress failed! Addr:(ubuntu) Port:9008
2013-08-13 10:38:50 lv2:LS:socket err:11004 -- CLogsrvConnector::OnError -- SetAddress failed! Addr:(ubuntu) Port:9008
2013-08-13 10:38:55 lv2:LS:socket err:11004 -- CLogsrvConnector::OnError -- SetAddress failed! Addr:(ubuntu) Port:9008
2013-08-13 10:39:00 lv2:LS:socket err:11004 -- CLogsrvConnector::OnError -- SetAddress failed! Addr:(ubuntu) Port:9008
2013-08-13 10:39:05 lv2:LS:socket err:11004 -- CLogsrvConnector::OnError -- SetAddress failed! Addr:(ubuntu) Port:9008
2013-08-13 10:39:10 lv2:LS:socket err:11004 -- CLogsrvConnector::OnError -- SetAddress failed! Addr:(ubuntu) Port:9008
2013-08-13 10:39:15 lv2:LS:socket err:11004 -- CLogsrvConnector::OnError -- SetAddress failed! Addr:(ubuntu) Port:9008
2013-08-13 10:39:20 lv2:LS:socket err:11004 -- CLogsrvConnector::OnError -- SetAddress failed! Addr:(ubuntu) Port:9008
2013-08-13 10:39:25 lv2:LS:socket err:11004 -- CLogsrvConnector::OnError -- SetAddress failed! Addr:(ubuntu) Port:9008
2013-08-13 10:39:30 lv2:LS:socket err:11004 -- CLogsrvConnector::OnError -- SetAddress failed! Addr:(ubuntu) Port:9008
2013-08-13 10:39:35 lv2:LS:socket err:11004 -- CLogsrvConnector::OnError -- SetAddress failed! Addr:(ubuntu) Port:9008
2013-08-13 10:39:40 lv2:LS:socket err:11004 -- CLogsrvConnector::OnError -- SetAddress failed! Addr:(ubuntu) Port:9008
2013-08-13 10:39:45 lv2:LS:socket err:11004 -- CLogsrvConnector::OnError -- SetAddress failed! Addr:(ubuntu) Port:9008
2013-08-13 10:39:50 lv2:LS:socket err:11004 -- CLogsrvConnector::OnError -- SetAddress failed! Addr:(ubuntu) Port:9008
2013-08-13 10:39:55 lv2:LS:socket err:11004 -- CLogsrvConnector::OnError -- SetAddress failed! Addr:(ubuntu) Port:9008
2013-08-13 10:40:00 lv2:LS:socket err:11004 -- CLogsrvConnector::OnError -- SetAddress failed! Addr:(ubuntu) Port:9008
2013-08-13 10:40:05 lv2:LS:socket err:11004 -- CLogsrvConnector::OnError -- SetAddress failed! Addr:(ubuntu) Port:9008
2013-08-13 10:40:10 lv2:LS:socket err:11004 -- CLogsrvConnector::OnError -- SetAddress failed! Addr:(ubuntu) Port:9008
2013-08-13 10:40:15 lv2:LS:socket err:11004 -- CLogsrvConnector::OnError -- SetAddress failed! Addr:(ubuntu) Port:9008
2013-08-13 10:40:20 lv2:LS:socket err:11004 -- CLogsrvConnector::OnError -- SetAddress failed! Addr:(ubuntu) Port:9008
2013-08-13 10:40:25 lv2:LS:socket err:11004 -- CLogsrvConnector::OnError -- SetAddress failed! Addr:(ubuntu) Port:9008
2013-08-13 10:40:30 lv2:LS:socket err:11004 -- CLogsrvConnector::OnError -- SetAddress failed! Addr:(ubuntu) Port:9008
2013-08-13 10:40:35 lv2:LS:socket err:11004 -- CLogsrvConnector::OnError -- SetAddress failed! Addr:(ubuntu) Port:9008
2013-08-13 10:40:40 lv2:LS:socket err:11004 -- CLogsrvConnector::OnError -- SetAddress failed! Addr:(ubuntu) Port:9008
2013-08-13 10:40:45 lv2:LS:socket err:11004 -- CLogsrvConnector::OnError -- SetAddress failed! Addr:(ubuntu) Port:9008
2013-08-13 10:40:50 lv2:LS:socket err:11004 -- CLogsrvConnector::OnError -- SetAddress failed! Addr:(ubuntu) Port:9008
2013-08-13 10:40:55 lv2:LS:socket err:11004 -- CLogsrvConnector::OnError -- SetAddress failed! Addr:(ubuntu) Port:9008
2013-08-13 10:41:00 lv2:LS:socket err:11004 -- CLogsrvConnector::OnError -- SetAddress failed! Addr:(ubuntu) Port:9008
2013-08-13 10:41:05 lv2:LS:socket err:11004 -- CLogsrvConnector::OnError -- SetAddress failed! Addr:(ubuntu) Port:9008
2013-08-13 10:41:10 lv2:LS:socket err:11004 -- CLogsrvConnector::OnError -- SetAddress failed! Addr:(ubuntu) Port:9008
2013-08-13 10:41:15 lv2:LS:socket err:11004 -- CLogsrvConnector::OnError -- SetAddress failed! Addr:(ubuntu) Port:9008
2013-08-13 10:41:20 lv2:LS:socket err:11004 -- CLogsrvConnector::OnError -- SetAddress failed! Addr:(ubuntu) Port:9008
2013-08-13 10:41:25 lv2:LS:socket err:11004 -- CLogsrvConnector::OnError -- SetAddress failed! Addr:(ubuntu) Port:9008
2013-08-13 10:41:30 lv2:LS:socket err:11004 -- CLogsrvConnector::OnError -- SetAddress failed! Addr:(ubuntu) Port:9008
2013-08-13 10:41:35 lv2:LS:socket err:11004 -- CLogsrvConnector::OnError -- SetAddress failed! Addr:(ubuntu) Port:9008
2013-08-13 10:41:40 lv2:LS:socket err:11004 -- CLogsrvConnector::OnError -- SetAddress failed! Addr:(ubuntu) Port:9008
2013-08-13 10:41:45 lv2:LS:socket err:11004 -- CLogsrvConnector::OnError -- SetAddress failed! Addr:(ubuntu) Port:9008
2013-08-13 10:41:50 lv2:LS:socket err:11004 -- CLogsrvConnector::OnError -- SetAddress failed! Addr:(ubuntu) Port:9008
2013-08-13 10:41:55 lv2:LS:socket err:11004 -- CLogsrvConnector::OnError -- SetAddress failed! Addr:(ubuntu) Port:9008
2013-08-13 10:42:00 lv2:LS:socket err:11004 -- CLogsrvConnector::OnError -- SetAddress failed! Addr:(ubuntu) Port:9008
2013-08-13 10:42:05 lv2:LS:socket err:11004 -- CLogsrvConnector::OnError -- SetAddress failed! Addr:(ubuntu) Port:9008
2013-08-13 10:42:10 lv2:LS:socket err:11004 -- CLogsrvConnector::OnError -- SetAddress failed! Addr:(ubuntu) Port:9008
2013-08-13 10:42:15 lv2:LS:socket err:11004 -- CLogsrvConnector::OnError -- SetAddress failed! Addr:(ubuntu) Port:9008
2013-08-13 10:42:20 lv2:LS:socket err:11004 -- CLogsrvConnector::OnError -- SetAddress failed! Addr:(ubuntu) Port:9008
2013-08-13 10:42:25 lv2:LS:socket err:11004 -- CLogsrvConnector::OnError -- SetAddress failed! Addr:(ubuntu) Port:9008
2013-08-13 10:42:30 lv2:LS:socket err:11004 -- CLogsrvConnector::OnError -- SetAddress failed! Addr:(ubuntu) Port:9008
2013-08-13 10:42:35 lv2:LS:socket err:11004 -- CLogsrvConnector::OnError -- SetAddress failed! Addr:(ubuntu) Port:9008
2013-08-13 10:42:40 lv2:LS:socket err:11004 -- CLogsrvConnector::OnError -- SetAddress failed! Addr:(ubuntu) Port:9008
2013-08-13 10:42:45 lv2:LS:socket err:11004 -- CLogsrvConnector::OnError -- SetAddress failed! Addr:(ubuntu) Port:9008
2013-08-13 10:42:50 lv2:LS:socket err:11004 -- CLogsrvConnector::OnError -- SetAddress failed! Addr:(ubuntu) Port:9008
2013-08-13 10:42:55 lv2:LS:socket err:11004 -- CLogsrvConnector::OnError -- SetAddress failed! Addr:(ubuntu) Port:9008
2013-08-13 10:43:00 lv2:LS:socket err:11004 -- CLogsrvConnector::OnError -- SetAddress failed! Addr:(ubuntu) Port:9008
2013-08-13 10:43:05 lv2:LS:socket err:11004 -- CLogsrvConnector::OnError -- SetAddress failed! Addr:(ubuntu) Port:9008
2013-08-13 10:43:10 lv2:LS:socket err:11004 -- CLogsrvConnector::OnError -- SetAddress failed! Addr:(ubuntu) Port:9008
2013-08-13 10:43:15 lv2:LS:socket err:11004 -- CLogsrvConnector::OnError -- SetAddress failed! Addr:(ubuntu) Port:9008
2013-08-13 10:43:20 lv2:LS:socket err:11004 -- CLogsrvConnector::OnError -- SetAddress failed! Addr:(ubuntu) Port:9008
2013-08-13 10:43:25 lv2:LS:socket err:11004 -- CLogsrvConnector::OnError -- SetAddress failed! Addr:(ubuntu) Port:9008
2013-08-13 10:43:30 lv2:LS:socket err:11004 -- CLogsrvConnector::OnError -- SetAddress failed! Addr:(ubuntu) Port:9008
2013-08-13 10:43:35 lv2:LS:socket err:11004 -- CLogsrvConnector::OnError -- SetAddress failed! Addr:(ubuntu) Port:9008
2013-08-13 10:43:40 lv2:LS:socket err:11004 -- CLogsrvConnector::OnError -- SetAddress failed! Addr:(ubuntu) Port:9008
2013-08-13 10:43:45 lv2:LS:socket err:11004 -- CLogsrvConnector::OnError -- SetAddress failed! Addr:(ubuntu) Port:9008
2013-08-13 10:43:50 lv2:LS:socket err:11004 -- CLogsrvConnector::OnError -- SetAddress failed! Addr:(ubuntu) Port:9008
2013-08-13 10:43:55 lv2:LS:socket err:11004 -- CLogsrvConnector::OnError -- SetAddress failed! Addr:(ubuntu) Port:9008
2013-08-13 10:44:00 lv2:LS:socket err:11004 -- CLogsrvConnector::OnError -- SetAddress failed! Addr:(ubuntu) Port:9008
2013-08-13 10:44:05 lv2:LS:socket err:11004 -- CLogsrvConnector::OnError -- SetAddress failed! Addr:(ubuntu) Port:9008
2013-08-13 10:44:10 lv2:LS:socket err:11004 -- CLogsrvConnector::OnError -- SetAddress failed! Addr:(ubuntu) Port:9008
2013-08-13 10:44:15 lv2:LS:socket err:11004 -- CLogsrvConnector::OnError -- SetAddress failed! Addr:(ubuntu) Port:9008
2013-08-13 10:44:20 lv2:LS:socket err:11004 -- CLogsrvConnector::OnError -- SetAddress failed! Addr:(ubuntu) Port:9008
2013-08-13 10:44:25 lv2:LS:socket err:11004 -- CLogsrvConnector::OnError -- SetAddress failed! Addr:(ubuntu) Port:9008
2013-08-13 10:44:30 lv2:LS:socket err:11004 -- CLogsrvConnector::OnError -- SetAddress failed! Addr:(ubuntu) Port:9008
2013-08-13 10:44:35 lv2:LS:socket err:11004 -- CLogsrvConnector::OnError -- SetAddress failed! Addr:(ubuntu) Port:9008
2013-08-13 10:44:40 lv2:LS:socket err:11004 -- CLogsrvConnector::OnError -- SetAddress failed! Addr:(ubuntu) Port:9008
2013-08-13 10:44:45 lv2:LS:socket err:11004 -- CLogsrvConnector::OnError -- SetAddress failed! Addr:(ubuntu) Port:9008
2013-08-13 10:44:50 lv2:LS:socket err:11004 -- CLogsrvConnector::OnError -- SetAddress failed! Addr:(ubuntu) Port:9008
2013-08-13 10:44:55 lv2:LS:socket err:11004 -- CLogsrvConnector::OnError -- SetAddress failed! Addr:(ubuntu) Port:9008
2013-08-13 10:45:00 lv2:LS:socket err:11004 -- CLogsrvConnector::OnError -- SetAddress failed! Addr:(ubuntu) Port:9008
2013-08-13 10:45:05 lv2:LS:socket err:11004 -- CLogsrvConnector::OnError -- SetAddress failed! Addr:(ubuntu) Port:9008
2013-08-13 10:45:11 lv2:LS:socket err:11004 -- CLogsrvConnector::OnError -- SetAddress failed! Addr:(ubuntu) Port:9008
2013-08-13 10:45:15 lv2:LS:socket err:11004 -- CLogsrvConnector::OnError -- SetAddress failed! Addr:(ubuntu) Port:9008
2013-08-13 10:45:20 lv2:LS:socket err:11004 -- CLogsrvConnector::OnError -- SetAddress failed! Addr:(ubuntu) Port:9008
2013-08-13 10:45:25 lv2:LS:socket err:11004 -- CLogsrvConnector::OnError -- SetAddress failed! Addr:(ubuntu) Port:9008
2013-08-13 10:45:30 lv2:LS:socket err:11004 -- CLogsrvConnector::OnError -- SetAddress failed! Addr:(ubuntu) Port:9008
2013-08-13 10:45:35 lv2:LS:socket err:11004 -- CLogsrvConnector::OnError -- SetAddress failed! Addr:(ubuntu) Port:9008
2013-08-13 10:45:40 lv2:LS:socket err:11004 -- CLogsrvConnector::OnError -- SetAddress failed! Addr:(ubuntu) Port:9008
2013-08-13 10:45:45 lv2:LS:socket err:11004 -- CLogsrvConnector::OnError -- SetAddress failed! Addr:(ubuntu) Port:9008
2013-08-13 10:45:51 lv2:LS:socket err:11004 -- CLogsrvConnector::OnError -- SetAddress failed! Addr:(ubuntu) Port:9008
2013-08-13 10:45:55 lv2:LS:socket err:11004 -- CLogsrvConnector::OnError -- SetAddress failed! Addr:(ubuntu) Port:9008
2013-08-13 10:46:01 lv2:LS:socket err:11004 -- CLogsrvConnector::OnError -- SetAddress failed! Addr:(ubuntu) Port:9008
2013-08-13 10:46:06 lv2:LS:socket err:11004 -- CLogsrvConnector::OnError -- SetAddress failed! Addr:(ubuntu) Port:9008
2013-08-13 10:46:11 lv2:LS:socket err:11004 -- CLogsrvConnector::OnError -- SetAddress failed! Addr:(ubuntu) Port:9008
2013-08-13 10:46:16 lv2:LS:socket err:11004 -- CLogsrvConnector::OnError -- SetAddress failed! Addr:(ubuntu) Port:9008
2013-08-13 10:46:21 lv2:LS:socket err:11004 -- CLogsrvConnector::OnError -- SetAddress failed! Addr:(ubuntu) Port:9008
2013-08-13 10:46:26 lv2:LS:socket err:11004 -- CLogsrvConnector::OnError -- SetAddress failed! Addr:(ubuntu) Port:9008
2013-08-13 10:46:31 lv2:LS:socket err:11004 -- CLogsrvConnector::OnError -- SetAddress failed! Addr:(ubuntu) Port:9008
2013-08-13 10:46:36 lv2:LS:socket err:11004 -- CLogsrvConnector::OnError -- SetAddress failed! Addr:(ubuntu) Port:9008
2013-08-13 10:46:41 lv2:LS:socket err:11004 -- CLogsrvConnector::OnError -- SetAddress failed! Addr:(ubuntu) Port:9008
2013-08-13 10:46:46 lv2:LS:socket err:11004 -- CLogsrvConnector::OnError -- SetAddress failed! Addr:(ubuntu) Port:9008
2013-08-13 10:46:51 lv2:LS:socket err:11004 -- CLogsrvConnector::OnError -- SetAddress failed! Addr:(ubuntu) Port:9008
2013-08-13 10:46:56 lv2:LS:socket err:11004 -- CLogsrvConnector::OnError -- SetAddress failed! Addr:(ubuntu) Port:9008
2013-08-13 10:47:01 lv2:LS:socket err:11004 -- CLogsrvConnector::OnError -- SetAddress failed! Addr:(ubuntu) Port:9008
2013-08-13 10:47:06 lv2:LS:socket err:11004 -- CLogsrvConnector::OnError -- SetAddress failed! Addr:(ubuntu) Port:9008
2013-08-13 10:47:11 lv2:LS:socket err:11004 -- CLogsrvConnector::OnError -- SetAddress failed! Addr:(ubuntu) Port:9008
2013-08-13 10:47:16 lv2:LS:socket err:11004 -- CLogsrvConnector::OnError -- SetAddress failed! Addr:(ubuntu) Port:9008
2013-08-13 10:47:21 lv2:LS:socket err:11004 -- CLogsrvConnector::OnError -- SetAddress failed! Addr:(ubuntu) Port:9008
2013-08-13 10:47:26 lv2:LS:socket err:11004 -- CLogsrvConnector::OnError -- SetAddress failed! Addr:(ubuntu) Port:9008
2013-08-13 10:47:31 lv2:LS:socket err:11004 -- CLogsrvConnector::OnError -- SetAddress failed! Addr:(ubuntu) Port:9008
2013-08-13 10:47:36 lv2:LS:socket err:11004 -- CLogsrvConnector::OnError -- SetAddress failed! Addr:(ubuntu) Port:9008
2013-08-13 10:47:41 lv2:LS:socket err:11004 -- CLogsrvConnector::OnError -- SetAddress failed! Addr:(ubuntu) Port:9008
2013-08-13 10:47:46 lv2:LS:socket err:11004 -- CLogsrvConnector::OnError -- SetAddress failed! Addr:(ubuntu) Port:9008
2013-08-13 10:47:51 lv2:LS:socket err:11004 -- CLogsrvConnector::OnError -- SetAddress failed! Addr:(ubuntu) Port:9008
2013-08-13 10:47:56 lv2:LS:socket err:11004 -- CLogsrvConnector::OnError -- SetAddress failed! Addr:(ubuntu) Port:9008
2013-08-13 10:48:01 lv2:LS:socket err:11004 -- CLogsrvConnector::OnError -- SetAddress failed! Addr:(ubuntu) Port:9008
2013-08-13 10:48:06 lv2:LS:socket err:11004 -- CLogsrvConnector::OnError -- SetAddress failed! Addr:(ubuntu) Port:9008
2013-08-13 10:48:11 lv2:LS:socket err:11004 -- CLogsrvConnector::OnError -- SetAddress failed! Addr:(ubuntu) Port:9008
2013-08-13 10:48:16 lv2:LS:socket err:11004 -- CLogsrvConnector::OnError -- SetAddress failed! Addr:(ubuntu) Port:9008
2013-08-13 10:48:21 lv2:LS:socket err:11004 -- CLogsrvConnector::OnError -- SetAddress failed! Addr:(ubuntu) Port:9008
2013-08-13 10:48:26 lv2:LS:socket err:11004 -- CLogsrvConnector::OnError -- SetAddress failed! Addr:(ubuntu) Port:9008
2013-08-13 10:48:31 lv2:LS:socket err:11004 -- CLogsrvConnector::OnError -- SetAddress failed! Addr:(ubuntu) Port:9008
2013-08-13 10:48:36 lv2:LS:socket err:11004 -- CLogsrvConnector::OnError -- SetAddress failed! Addr:(ubuntu) Port:9008
2013-08-13 10:48:41 lv2:LS:socket err:11004 -- CLogsrvConnector::OnError -- SetAddress failed! Addr:(ubuntu) Port:9008
2013-08-13 10:48:46 lv2:LS:socket err:11004 -- CLogsrvConnector::OnError -- SetAddress failed! Addr:(ubuntu) Port:9008
2013-08-13 10:48:51 lv2:LS:socket err:11004 -- CLogsrvConnector::OnError -- SetAddress failed! Addr:(ubuntu) Port:9008
2013-08-13 10:48:56 lv2:LS:socket err:11004 -- CLogsrvConnector::OnError -- SetAddress failed! Addr:(ubuntu) Port:9008
2013-08-13 10:49:01 lv2:LS:socket err:11004 -- CLogsrvConnector::OnError -- SetAddress failed! Addr:(ubuntu) Port:9008
2013-08-13 10:49:06 lv2:LS:socket err:11004 -- CLogsrvConnector::OnError -- SetAddress failed! Addr:(ubuntu) Port:9008
2013-08-13 10:49:11 lv2:LS:socket err:11004 -- CLogsrvConnector::OnError -- SetAddress failed! Addr:(ubuntu) Port:9008
2013-08-13 10:49:16 lv2:LS:socket err:11004 -- CLogsrvConnector::OnError -- SetAddress failed! Addr:(ubuntu) Port:9008
2013-08-13 10:49:21 lv2:LS:socket err:11004 -- CLogsrvConnector::OnError -- SetAddress failed! Addr:(ubuntu) Port:9008
2013-08-13 10:49:26 lv2:LS:socket err:11004 -- CLogsrvConnector::OnError -- SetAddress failed! Addr:(ubuntu) Port:9008
2013-08-13 10:49:31 lv2:LS:socket err:11004 -- CLogsrvConnector::OnError -- SetAddress failed! Addr:(ubuntu) Port:9008
2013-08-13 10:49:36 lv2:LS:socket err:11004 -- CLogsrvConnector::OnError -- SetAddress failed! Addr:(ubuntu) Port:9008
2013-08-13 10:49:41 lv2:LS:socket err:11004 -- CLogsrvConnector::OnError -- SetAddress failed! Addr:(ubuntu) Port:9008
2013-08-13 10:49:46 lv2:LS:socket err:11004 -- CLogsrvConnector::OnError -- SetAddress failed! Addr:(ubuntu) Port:9008
2013-08-13 10:49:51 lv2:LS:socket err:11004 -- CLogsrvConnector::OnError -- SetAddress failed! Addr:(ubuntu) Port:9008
2013-08-13 10:49:56 lv2:LS:socket err:11004 -- CLogsrvConnector::OnError -- SetAddress failed! Addr:(ubuntu) Port:9008
2013-08-13 10:50:01 lv2:LS:socket err:11004 -- CLogsrvConnector::OnError -- SetAddress failed! Addr:(ubuntu) Port:9008
2013-08-13 10:50:06 lv2:LS:socket err:11004 -- CLogsrvConnector::OnError -- SetAddress failed! Addr:(ubuntu) Port:9008
2013-08-13 10:50:11 lv2:LS:socket err:11004 -- CLogsrvConnector::OnError -- SetAddress failed! Addr:(ubuntu) Port:9008
2013-08-13 10:50:16 lv2:LS:socket err:11004 -- CLogsrvConnector::OnError -- SetAddress failed! Addr:(ubuntu) Port:9008
2013-08-13 10:50:21 lv2:LS:socket err:11004 -- CLogsrvConnector::OnError -- SetAddress failed! Addr:(ubuntu) Port:9008
2013-08-13 10:50:26 lv2:LS:socket err:11004 -- CLogsrvConnector::OnError -- SetAddress failed! Addr:(ubuntu) Port:9008
2013-08-13 10:50:31 lv2:LS:socket err:11004 -- CLogsrvConnector::OnError -- SetAddress failed! Addr:(ubuntu) Port:9008
2013-08-13 10:50:36 lv2:LS:socket err:11004 -- CLogsrvConnector::OnError -- SetAddress failed! Addr:(ubuntu) Port:9008
2013-08-13 10:50:41 lv2:LS:socket err:11004 -- CLogsrvConnector::OnError -- SetAddress failed! Addr:(ubuntu) Port:9008
2013-08-13 10:50:46 lv2:LS:socket err:11004 -- CLogsrvConnector::OnError -- SetAddress failed! Addr:(ubuntu) Port:9008
2013-08-13 10:50:51 lv2:LS:socket err:11004 -- CLogsrvConnector::OnError -- SetAddress failed! Addr:(ubuntu) Port:9008
2013-08-13 10:50:56 lv2:LS:socket err:11004 -- CLogsrvConnector::OnError -- SetAddress failed! Addr:(ubuntu) Port:9008
2013-08-13 10:51:01 lv2:LS:socket err:11004 -- CLogsrvConnector::OnError -- SetAddress failed! Addr:(ubuntu) Port:9008
2013-08-13 10:51:07 lv2:LS:socket err:11004 -- CLogsrvConnector::OnError -- SetAddress failed! Addr:(ubuntu) Port:9008
2013-08-13 10:51:11 lv2:LS:socket err:11004 -- CLogsrvConnector::OnError -- SetAddress failed! Addr:(ubuntu) Port:9008
2013-08-13 10:51:16 lv2:LS:socket err:11004 -- CLogsrvConnector::OnError -- SetAddress failed! Addr:(ubuntu) Port:9008
2013-08-13 10:51:21 lv2:LS:socket err:11004 -- CLogsrvConnector::OnError -- SetAddress failed! Addr:(ubuntu) Port:9008
2013-08-13 10:51:26 lv2:LS:socket err:11004 -- CLogsrvConnector::OnError -- SetAddress failed! Addr:(ubuntu) Port:9008
2013-08-13 10:51:31 lv2:LS:socket err:11004 -- CLogsrvConnector::OnError -- SetAddress failed! Addr:(ubuntu) Port:9008
2013-08-13 10:51:36 lv2:LS:socket err:11004 -- CLogsrvConnector::OnError -- SetAddress failed! Addr:(ubuntu) Port:9008
2013-08-13 10:51:41 lv2:LS:socket err:11004 -- CLogsrvConnector::OnError -- SetAddress failed! Addr:(ubuntu) Port:9008
2013-08-13 10:51:46 lv2:LS:socket err:11004 -- CLogsrvConnector::OnError -- SetAddress failed! Addr:(ubuntu) Port:9008
2013-08-13 10:51:51 lv2:LS:socket err:11004 -- CLogsrvConnector::OnError -- SetAddress failed! Addr:(ubuntu) Port:9008
2013-08-13 10:51:56 lv2:LS:socket err:11004 -- CLogsrvConnector::OnError -- SetAddress failed! Addr:(ubuntu) Port:9008
2013-08-13 10:52:01 lv2:LS:socket err:11004 -- CLogsrvConnector::OnError -- SetAddress failed! Addr:(ubuntu) Port:9008
2013-08-13 10:52:06 lv2:LS:socket err:11004 -- CLogsrvConnector::OnError -- SetAddress failed! Addr:(ubuntu) Port:9008
2013-08-13 10:52:11 lv2:LS:socket err:11004 -- CLogsrvConnector::OnError -- SetAddress failed! Addr:(ubuntu) Port:9008
2013-08-13 10:52:16 lv2:LS:socket err:11004 -- CLogsrvConnector::OnError -- SetAddress failed! Addr:(ubuntu) Port:9008
2013-08-13 10:52:21 lv2:LS:socket err:11004 -- CLogsrvConnector::OnError -- SetAddress failed! Addr:(ubuntu) Port:9008
2013-08-13 10:52:26 lv2:LS:socket err:11004 -- CLogsrvConnector::OnError -- SetAddress failed! Addr:(ubuntu) Port:9008
2013-08-13 10:52:31 lv2:LS:socket err:11004 -- CLogsrvConnector::OnError -- SetAddress failed! Addr:(ubuntu) Port:9008
2013-08-13 10:52:36 lv2:LS:socket err:11004 -- CLogsrvConnector::OnError -- SetAddress failed! Addr:(ubuntu) Port:9008
2013-08-13 10:52:41 lv2:LS:socket err:11004 -- CLogsrvConnector::OnError -- SetAddress failed! Addr:(ubuntu) Port:9008
2013-08-13 10:52:46 lv2:LS:socket err:11004 -- CLogsrvConnector::OnError -- SetAddress failed! Addr:(ubuntu) Port:9008
2013-08-13 10:52:51 lv2:LS:socket err:11004 -- CLogsrvConnector::OnError -- SetAddress failed! Addr:(ubuntu) Port:9008
2013-08-13 10:52:56 lv2:LS:socket err:11004 -- CLogsrvConnector::OnError -- SetAddress failed! Addr:(ubuntu) Port:9008
2013-08-13 10:53:01 lv2:LS:socket err:11004 -- CLogsrvConnector::OnError -- SetAddress failed! Addr:(ubuntu) Port:9008
2013-08-13 10:53:06 lv2:LS:socket err:11004 -- CLogsrvConnector::OnError -- SetAddress failed! Addr:(ubuntu) Port:9008
2013-08-13 10:53:11 lv2:LS:socket err:11004 -- CLogsrvConnector::OnError -- SetAddress failed! Addr:(ubuntu) Port:9008
2013-08-13 10:53:16 lv2:LS:socket err:11004 -- CLogsrvConnector::OnError -- SetAddress failed! Addr:(ubuntu) Port:9008
2013-08-13 10:53:21 lv2:LS:socket err:11004 -- CLogsrvConnector::OnError -- SetAddress failed! Addr:(ubuntu) Port:9008
2013-08-13 10:53:26 lv2:LS:socket err:11004 -- CLogsrvConnector::OnError -- SetAddress failed! Addr:(ubuntu) Port:9008
2013-08-13 10:53:31 lv2:LS:socket err:11004 -- CLogsrvConnector::OnError -- SetAddress failed! Addr:(ubuntu) Port:9008
2013-08-13 10:53:36 lv2:LS:socket err:11004 -- CLogsrvConnector::OnError -- SetAddress failed! Addr:(ubuntu) Port:9008
2013-08-13 10:53:41 lv2:LS:socket err:11004 -- CLogsrvConnector::OnError -- SetAddress failed! Addr:(ubuntu) Port:9008
2013-08-13 10:53:46 lv2:LS:socket err:11004 -- CLogsrvConnector::OnError -- SetAddress failed! Addr:(ubuntu) Port:9008
2013-08-13 10:53:51 lv2:LS:socket err:11004 -- CLogsrvConnector::OnError -- SetAddress failed! Addr:(ubuntu) Port:9008
2013-08-13 10:53:57 lv2:LS:socket err:11004 -- CLogsrvConnector::OnError -- SetAddress failed! Addr:(ubuntu) Port:9008
2013-08-13 10:54:02 lv2:LS:socket err:11004 -- CLogsrvConnector::OnError -- SetAddress failed! Addr:(ubuntu) Port:9008
2013-08-13 10:54:07 lv2:LS:socket err:11004 -- CLogsrvConnector::OnError -- SetAddress failed! Addr:(ubuntu) Port:9008
2013-08-13 10:54:12 lv2:LS:socket err:11004 -- CLogsrvConnector::OnError -- SetAddress failed! Addr:(ubuntu) Port:9008
2013-08-13 10:54:17 lv2:LS:socket err:11004 -- CLogsrvConnector::OnError -- SetAddress failed! Addr:(ubuntu) Port:9008
2013-08-13 10:54:22 lv2:LS:socket err:11004 -- CLogsrvConnector::OnError -- SetAddress failed! Addr:(ubuntu) Port:9008
2013-08-13 10:54:27 lv2:LS:socket err:11004 -- CLogsrvConnector::OnError -- SetAddress failed! Addr:(ubuntu) Port:9008
2013-08-13 10:54:32 lv2:LS:socket err:11004 -- CLogsrvConnector::OnError -- SetAddress failed! Addr:(ubuntu) Port:9008
2013-08-13 10:54:37 lv2:LS:socket err:11004 -- CLogsrvConnector::OnError -- SetAddress failed! Addr:(ubuntu) Port:9008
2013-08-13 10:54:42 lv2:LS:socket err:11004 -- CLogsrvConnector::OnError -- SetAddress failed! Addr:(ubuntu) Port:9008
2013-08-13 10:54:47 lv2:LS:socket err:11004 -- CLogsrvConnector::OnError -- SetAddress failed! Addr:(ubuntu) Port:9008
2013-08-13 10:54:52 lv2:LS:socket err:11004 -- CLogsrvConnector::OnError -- SetAddress failed! Addr:(ubuntu) Port:9008
2013-08-13 10:54:57 lv2:LS:socket err:11004 -- CLogsrvConnector::OnError -- SetAddress failed! Addr:(ubuntu) Port:9008
2013-08-13 10:55:02 lv2:LS:socket err:11004 -- CLogsrvConnector::OnError -- SetAddress failed! Addr:(ubuntu) Port:9008
2013-08-13 10:55:07 lv2:LS:socket err:11004 -- CLogsrvConnector::OnError -- SetAddress failed! Addr:(ubuntu) Port:9008
2013-08-13 10:55:12 lv2:LS:socket err:11004 -- CLogsrvConnector::OnError -- SetAddress failed! Addr:(ubuntu) Port:9008
2013-08-13 10:55:17 lv2:LS:socket err:11004 -- CLogsrvConnector::OnError -- SetAddress failed! Addr:(ubuntu) Port:9008
2013-08-13 10:55:22 lv2:LS:socket err:11004 -- CLogsrvConnector::OnError -- SetAddress failed! Addr:(ubuntu) Port:9008
2013-08-13 10:55:27 lv2:LS:socket err:11004 -- CLogsrvConnector::OnError -- SetAddress failed! Addr:(ubuntu) Port:9008
2013-08-13 10:55:32 lv2:LS:socket err:11004 -- CLogsrvConnector::OnError -- SetAddress failed! Addr:(ubuntu) Port:9008
2013-08-13 10:55:37 lv2:LS:socket err:11004 -- CLogsrvConnector::OnError -- SetAddress failed! Addr:(ubuntu) Port:9008
2013-08-13 10:55:42 lv2:LS:socket err:11004 -- CLogsrvConnector::OnError -- SetAddress failed! Addr:(ubuntu) Port:9008
2013-08-13 10:55:47 lv2:LS:socket err:11004 -- CLogsrvConnector::OnError -- SetAddress failed! Addr:(ubuntu) Port:9008
2013-08-13 10:55:52 lv2:LS:socket err:11004 -- CLogsrvConnector::OnError -- SetAddress failed! Addr:(ubuntu) Port:9008
2013-08-13 10:55:57 lv2:LS:socket err:11004 -- CLogsrvConnector::OnError -- SetAddress failed! Addr:(ubuntu) Port:9008
2013-08-13 10:56:02 lv2:LS:socket err:11004 -- CLogsrvConnector::OnError -- SetAddress failed! Addr:(ubuntu) Port:9008
2013-08-13 10:56:07 lv2:LS:socket err:11004 -- CLogsrvConnector::OnError -- SetAddress failed! Addr:(ubuntu) Port:9008
2013-08-13 10:56:12 lv2:LS:socket err:11004 -- CLogsrvConnector::OnError -- SetAddress failed! Addr:(ubuntu) Port:9008
2013-08-13 10:56:17 lv2:LS:socket err:11004 -- CLogsrvConnector::OnError -- SetAddress failed! Addr:(ubuntu) Port:9008
2013-08-13 10:56:22 lv2:LS:socket err:11004 -- CLogsrvConnector::OnError -- SetAddress failed! Addr:(ubuntu) Port:9008
2013-08-13 10:56:27 lv2:LS:socket err:11004 -- CLogsrvConnector::OnError -- SetAddress failed! Addr:(ubuntu) Port:9008
2013-08-13 10:56:32 lv2:LS:socket err:11004 -- CLogsrvConnector::OnError -- SetAddress failed! Addr:(ubuntu) Port:9008
2013-08-13 10:56:37 lv2:LS:socket err:11004 -- CLogsrvConnector::OnError -- SetAddress failed! Addr:(ubuntu) Port:9008
2013-08-13 10:56:42 lv2:LS:socket err:11004 -- CLogsrvConnector::OnError -- SetAddress failed! Addr:(ubuntu) Port:9008
2013-08-13 10:56:47 lv2:LS:socket err:11004 -- CLogsrvConnector::OnError -- SetAddress failed! Addr:(ubuntu) Port:9008
2013-08-13 10:56:52 lv2:LS:socket err:11004 -- CLogsrvConnector::OnError -- SetAddress failed! Addr:(ubuntu) Port:9008
2013-08-13 10:56:57 lv2:LS:socket err:11004 -- CLogsrvConnector::OnError -- SetAddress failed! Addr:(ubuntu) Port:9008
2013-08-13 10:57:02 lv2:LS:socket err:11004 -- CLogsrvConnector::OnError -- SetAddress failed! Addr:(ubuntu) Port:9008
2013-08-13 10:57:07 lv2:LS:socket err:11004 -- CLogsrvConnector::OnError -- SetAddress failed! Addr:(ubuntu) Port:9008
2013-08-13 10:57:12 lv2:LS:socket err:11004 -- CLogsrvConnector::OnError -- SetAddress failed! Addr:(ubuntu) Port:9008
2013-08-13 10:57:17 lv2:LS:socket err:11004 -- CLogsrvConnector::OnError -- SetAddress failed! Addr:(ubuntu) Port:9008
2013-08-13 10:57:22 lv2:LS:socket err:11004 -- CLogsrvConnector::OnError -- SetAddress failed! Addr:(ubuntu) Port:9008
2013-08-13 10:57:27 lv2:LS:socket err:11004 -- CLogsrvConnector::OnError -- SetAddress failed! Addr:(ubuntu) Port:9008
2013-08-13 10:57:32 lv2:LS:socket err:11004 -- CLogsrvConnector::OnError -- SetAddress failed! Addr:(ubuntu) Port:9008
2013-08-13 10:57:37 lv2:LS:socket err:11004 -- CLogsrvConnector::OnError -- SetAddress failed! Addr:(ubuntu) Port:9008
2013-08-13 10:57:42 lv2:LS:socket err:11004 -- CLogsrvConnector::OnError -- SetAddress failed! Addr:(ubuntu) Port:9008
2013-08-13 10:57:47 lv2:LS:socket err:11004 -- CLogsrvConnector::OnError -- SetAddress failed! Addr:(ubuntu) Port:9008
2013-08-13 10:57:52 lv2:LS:socket err:11004 -- CLogsrvConnector::OnError -- SetAddress failed! Addr:(ubuntu) Port:9008
2013-08-13 10:57:57 lv2:LS:socket err:11004 -- CLogsrvConnector::OnError -- SetAddress failed! Addr:(ubuntu) Port:9008
2013-08-13 10:58:02 lv2:LS:socket err:11004 -- CLogsrvConnector::OnError -- SetAddress failed! Addr:(ubuntu) Port:9008
2013-08-13 10:58:07 lv2:LS:socket err:11004 -- CLogsrvConnector::OnError -- SetAddress failed! Addr:(ubuntu) Port:9008
2013-08-13 10:58:12 lv2:LS:socket err:11004 -- CLogsrvConnector::OnError -- SetAddress failed! Addr:(ubuntu) Port:9008
2013-08-13 10:58:17 lv2:LS:socket err:11004 -- CLogsrvConnector::OnError -- SetAddress failed! Addr:(ubuntu) Port:9008
2013-08-13 10:58:22 lv2:LS:socket err:11004 -- CLogsrvConnector::OnError -- SetAddress failed! Addr:(ubuntu) Port:9008
2013-08-13 10:58:27 lv2:LS:socket err:11004 -- CLogsrvConnector::OnError -- SetAddress failed! Addr:(ubuntu) Port:9008
2013-08-13 10:58:32 lv2:LS:socket err:11004 -- CLogsrvConnector::OnError -- SetAddress failed! Addr:(ubuntu) Port:9008
2013-08-13 10:58:37 lv2:LS:socket err:11004 -- CLogsrvConnector::OnError -- SetAddress failed! Addr:(ubuntu) Port:9008
2013-08-13 10:58:42 lv2:LS:socket err:11004 -- CLogsrvConnector::OnError -- SetAddress failed! Addr:(ubuntu) Port:9008
2013-08-13 10:58:47 lv2:LS:socket err:11004 -- CLogsrvConnector::OnError -- SetAddress failed! Addr:(ubuntu) Port:9008
2013-08-13 10:58:52 lv2:LS:socket err:11004 -- CLogsrvConnector::OnError -- SetAddress failed! Addr:(ubuntu) Port:9008
2013-08-13 10:58:57 lv2:LS:socket err:11004 -- CLogsrvConnector::OnError -- SetAddress failed! Addr:(ubuntu) Port:9008
2013-08-13 10:59:02 lv2:LS:socket err:11004 -- CLogsrvConnector::OnError -- SetAddress failed! Addr:(ubuntu) Port:9008
2013-08-13 10:59:07 lv2:LS:socket err:11004 -- CLogsrvConnector::OnError -- SetAddress failed! Addr:(ubuntu) Port:9008
2013-08-13 10:59:12 lv2:LS:socket err:11004 -- CLogsrvConnector::OnError -- SetAddress failed! Addr:(ubuntu) Port:9008
2013-08-13 10:59:17 lv2:LS:socket err:11004 -- CLogsrvConnector::OnError -- SetAddress failed! Addr:(ubuntu) Port:9008
2013-08-13 10:59:22 lv2:LS:socket err:11004 -- CLogsrvConnector::OnError -- SetAddress failed! Addr:(ubuntu) Port:9008
2013-08-13 10:59:27 lv2:LS:socket err:11004 -- CLogsrvConnector::OnError -- SetAddress failed! Addr:(ubuntu) Port:9008
2013-08-13 10:59:32 lv2:LS:socket err:11004 -- CLogsrvConnector::OnError -- SetAddress failed! Addr:(ubuntu) Port:9008
2013-08-13 10:59:37 lv2:LS:socket err:11004 -- CLogsrvConnector::OnError -- SetAddress failed! Addr:(ubuntu) Port:9008
2013-08-13 10:59:42 lv2:LS:socket err:11004 -- CLogsrvConnector::OnError -- SetAddress failed! Addr:(ubuntu) Port:9008
2013-08-13 10:59:47 lv2:LS:socket err:11004 -- CLogsrvConnector::OnError -- SetAddress failed! Addr:(ubuntu) Port:9008
2013-08-13 10:59:52 lv2:LS:socket err:11004 -- CLogsrvConnector::OnError -- SetAddress failed! Addr:(ubuntu) Port:9008
2013-08-13 10:59:57 lv2:LS:socket err:11004 -- CLogsrvConnector::OnError -- SetAddress failed! Addr:(ubuntu) Port:9008
2013-08-13 11:00:02 lv2:LS:socket err:11004 -- CLogsrvConnector::OnError -- SetAddress failed! Addr:(ubuntu) Port:9008
2013-08-13 11:00:07 lv2:LS:socket err:11004 -- CLogsrvConnector::OnError -- SetAddress failed! Addr:(ubuntu) Port:9008
2013-08-13 11:00:13 lv2:LS:socket err:11004 -- CLogsrvConnector::OnError -- SetAddress failed! Addr:(ubuntu) Port:9008
2013-08-13 11:00:17 lv2:LS:socket err:11004 -- CLogsrvConnector::OnError -- SetAddress failed! Addr:(ubuntu) Port:9008
2013-08-13 11:00:22 lv2:LS:socket err:11004 -- CLogsrvConnector::OnError -- SetAddress failed! Addr:(ubuntu) Port:9008
2013-08-13 11:00:27 lv2:LS:socket err:11004 -- CLogsrvConnector::OnError -- SetAddress failed! Addr:(ubuntu) Port:9008
2013-08-13 11:00:33 lv2:LS:socket err:11004 -- CLogsrvConnector::OnError -- SetAddress failed! Addr:(ubuntu) Port:9008
2013-08-13 11:00:37 lv2:LS:socket err:11004 -- CLogsrvConnector::OnError -- SetAddress failed! Addr:(ubuntu) Port:9008
